#
# A fatal error has been detected by the Java Runtime Environment:
#
#  EXCEPTION_ACCESS_VIOLATION (0xc0000005) at pc=0x00007ffe45e28d0d, pid=17884, tid=27692
#
# JRE version: Java(TM) SE Runtime Environment (8.0_66-b18) (build 1.8.0_66-b18)
# Java VM: Java HotSpot(TM) 64-Bit Server VM (25.66-b18 mixed mode windows-amd64 compressed oops)
# Problematic frame:
# C  0x00007ffe45e28d0d
#
# Failed to write core dump. Minidumps are not enabled by default on client versions of Windows
#
# If you would like to submit a bug report, please visit:
#   http://bugreport.java.com/bugreport/crash.jsp
# The crash happened outside the Java Virtual Machine in native code.
# See problematic frame for where to report the bug.
#

---------------  T H R E A D  ---------------

Current thread (0x00000232bd152800):  JavaThread "AWT-EventQueue-1" [_thread_in_native, id=27692, stack(0x000000a3ed700000,0x000000a3edc00000)]

siginfo: ExceptionCode=0xc0000005, reading address 0xffffffffffffffff

Registers:
RAX=0x000000a3edbfbd58, RBX=0x0000023322b2d710, RCX=0x00000233099d6cf0, RDX=0x0000000000000029
RSP=0x000000a3edbfbcc0, RBP=0x0000000000000000, RSI=0x00000233099d6cf0, RDI=0x505f53505f740101
R8 =0x0000000000000000, R9 =0x0000000000000000, R10=0x00000232eea0f260, R11=0x00000232eea018c0
R12=0x0000000000000000, R13=0x0000000700dda2c8, R14=0x0000000000000000, R15=0x00000232bd152800
RIP=0x00007ffe45e28d0d, EFLAGS=0x0000000000010206

Top of Stack: (sp=0x000000a3edbfbcc0)
0x000000a3edbfbcc0:   000000a3edbfbd58 000000a3edbfbd58
0x000000a3edbfbcd0:   0000000000000000 0000000000000000
0x000000a3edbfbce0:   fffffffffffffffe 0000000000000000
0x000000a3edbfbcf0:   000000a3edbfbe90 0000023322b2d710
0x000000a3edbfbd00:   000002328143a4e0 00007ffe45e68d8d
0x000000a3edbfbd10:   000000070173e5c8 0000023200000029
0x000000a3edbfbd20:   0000023322b2d710 000000a3edbfbea0
0x000000a3edbfbd30:   fffffffffffffffe ffffffffffffffff
0x000000a3edbfbd40:   00000000000033e0 00007ffe231f79ec
0x000000a3edbfbd50:   0000000000000029 0000023200000029
0x000000a3edbfbd60:   00000232bd152800 00000007010d0c88
0x000000a3edbfbd70:   00000000000033e0 00007ffe233c312f
0x000000a3edbfbd80:   000000070184d6e8 00000007014b7fb0
0x000000a3edbfbd90:   00000007bd7b50c0 e004744800000000
0x000000a3edbfbda0:   00000232bd1529f8 000000070814f9a0
0x000000a3edbfbdb0:   fffffffffffffffe 000000000000003f 

Instructions: (pc=0x00007ffe45e28d0d)
0x00007ffe45e28ced:   c7 44 24 20 fe ff ff ff 48 89 5c 24 60 48 89 6c
0x00007ffe45e28cfd:   24 68 41 0f b6 e9 45 8b f0 48 8b f1 48 8b 79 08
0x00007ffe45e28d0d:   48 8b 5f 08 80 7b 19 00 75 2d 66 0f 1f 84 00 00
0x00007ffe45e28d1d:   00 00 00 48 8d 4b 20 48 8d 54 24 58 e8 62 8d ff 


Register to memory mapping:

RAX=0x000000a3edbfbd58 is pointing into the stack for thread: 0x00000232bd152800
RBX=0x0000023322b2d710 is an unknown value
RCX=0x00000233099d6cf0 is an unknown value
RDX=0x0000000000000029 is an unknown value
RSP=0x000000a3edbfbcc0 is pointing into the stack for thread: 0x00000232bd152800
RBP=0x0000000000000000 is an unknown value
RSI=0x00000233099d6cf0 is an unknown value
RDI=0x505f53505f740101 is an unknown value
R8 =0x0000000000000000 is an unknown value
R9 =0x0000000000000000 is an unknown value
R10=0x00000232eea0f260 is an unknown value
R11=0x00000232eea018c0 is an unknown value
R12=0x0000000000000000 is an unknown value
R13=0x0000000700dda2c8 is an oop
ui.views.P.r 
 - klass: 'ui/views/P/r'
R14=0x0000000000000000 is an unknown value
R15=0x00000232bd152800 is a thread


Stack: [0x000000a3ed700000,0x000000a3edc00000],  sp=0x000000a3edbfbcc0,  free space=5103k
Native frames: (J=compiled Java code, j=interpreted, Vv=VM code, C=native code)

Java frames: (J=compiled Java code, j=interpreted, Vv=VM code)
J 19227  ui.data.labtools.lthwdatai.HWDevice_isXicomCfgMemSupported(J)Z (0 bytes) @ 0x00000232be871ac1 [0x00000232be871a80+0x41]
J 19614 C1 ui.views.c.n.d.a.bb()Z (44 bytes) @ 0x00000232bda680c4 [0x00000232bda67f60+0x164]
J 19613 C1 ui.views.c.n.d.d.l(Lui/views/P/e;)Z (5 bytes) @ 0x00000232c001fc74 [0x00000232c001fb80+0xf4]
J 22867 C2 ui.views.P.b.m.H(Lui/views/P/r;)Z (51 bytes) @ 0x00000232c11075b0 [0x00000232c1107100+0x4b0]
J 14814 C2 ui.views.P.b.e.getTreeCellRendererComponent(Ljavax/swing/JTree;Ljava/lang/Object;ZZZIZ)Ljava/awt/Component; (421 bytes) @ 0x00000232bfe71ab4 [0x00000232bfe6f5a0+0x2514]
J 18277 C2 org.jdesktop.swingx.JXTree$DelegatingRenderer.getTreeCellRendererComponent(Ljavax/swing/JTree;Ljava/lang/Object;ZZZIZ)Ljava/awt/Component; (75 bytes) @ 0x00000232c05b1bac [0x00000232c05b1b40+0x6c]
J 18677 C2 javax.swing.tree.VariableHeightLayoutCache$TreeStateNode.expand(Z)V (532 bytes) @ 0x00000232c061f914 [0x00000232c061eee0+0xa34]
J 24307 C2 javax.swing.plaf.basic.BasicTreeUI.updateExpandedDescendants(Ljavax/swing/tree/TreePath;)V (73 bytes) @ 0x00000232c16ae374 [0x00000232c16ae200+0x174]
J 24379 C2 javax.swing.JTree.fireTreeExpanded(Ljavax/swing/tree/TreePath;)V (107 bytes) @ 0x00000232bf7b70f0 [0x00000232bf7b6fe0+0x110]
J 23270 C2 javax.swing.JTree.setExpandedState(Ljavax/swing/tree/TreePath;Z)V (422 bytes) @ 0x00000232c11d7c10 [0x00000232c11d7180+0xa90]
J 20940 C1 ui.g.n.x.K.X(Ljava/util/List;)V (72 bytes) @ 0x00000232c008b20c [0x00000232c0089ce0+0x152c]
J 23587 C1 ui.views.P.b.t.update()V (48 bytes) @ 0x00000232c11e2094 [0x00000232c11e0e20+0x1274]
J 19637 C1 ui.bf.R()V (88 bytes) @ 0x00000232c089eb94 [0x00000232c089e8c0+0x2d4]
j  ui.views.S.C.documentComponentOpened(Lcom/jidesoft/document/DocumentComponentEvent;)V+10
j  com.jidesoft.document.DocumentComponent.a(I)V+530
j  com.jidesoft.document.DocumentPane$a_.loadLayoutFrom(Ljava/io/InputStream;)Z+502
j  com.jidesoft.swing.AbstractLayoutPersistence.setLayoutRawData([B)V+38
j  ui.views.N.eIL()V+114
j  ui.views.N.p(Lui/views/cr;)V+336
j  ui.views.P.r.ai(Lui/views/cr;)V+51
j  ui.views.P.r.s(Lui/views/P/e;)V+78
j  ui.views.P.r.fYG()V+52
j  ui.views.P.K.b(Lui/project/a;Z)V+53
j  ui.views.P.K.ag(ZZ)V+34
j  ui.views.P.K.b(ZLui/frmwork/J;ZZ)V+48
j  ui.views.P.r.a(ZLui/frmwork/J;ZZ)V+16
j  ui.ci.run()V+49
j  ui.ch.run()V+247
j  ui.cR.run()V+89
j  ui.views.P.U.a(Ljava/lang/String;ZLjava/lang/Runnable;Ljava/lang/Runnable;)Z+252
j  ui.cR.b(ZLjava/lang/Runnable;)V+232
j  ui.cR.a(Lui/cR;ZLjava/lang/Runnable;)V+3
j  ui.PlanAhead.a(ZLjava/lang/Runnable;)V+13
j  ui.cd.bE()V+42
j  ui.bf.bE()V+0
j  ui.bh.windowClosing(Ljava/awt/event/WindowEvent;)V+179
j  java.awt.AWTEventMulticaster.windowClosing(Ljava/awt/event/WindowEvent;)V+21
j  java.awt.AWTEventMulticaster.windowClosing(Ljava/awt/event/WindowEvent;)V+8
j  java.awt.AWTEventMulticaster.windowClosing(Ljava/awt/event/WindowEvent;)V+8
j  java.awt.AWTEventMulticaster.windowClosing(Ljava/awt/event/WindowEvent;)V+8
J 19458 C1 java.awt.Window.processWindowEvent(Ljava/awt/event/WindowEvent;)V (127 bytes) @ 0x00000232bfbb65dc [0x00000232bfbb5fc0+0x61c]
J 23901 C1 javax.swing.JFrame.processWindowEvent(Ljava/awt/event/WindowEvent;)V (71 bytes) @ 0x00000232be84b974 [0x00000232be84b8e0+0x94]
J 18273 C1 java.awt.Window.processEvent(Ljava/awt/AWTEvent;)V (101 bytes) @ 0x00000232c059cb8c [0x00000232c059c480+0x70c]
J 23421 C2 java.awt.Component.dispatchEventImpl(Ljava/awt/AWTEvent;)V (883 bytes) @ 0x00000232c13e3ef0 [0x00000232c13e3220+0xcd0]
J 23395 C2 java.awt.Container.dispatchEventImpl(Ljava/awt/AWTEvent;)V (129 bytes) @ 0x00000232bed393c8 [0x00000232bed39240+0x188]
J 22220 C2 java.awt.Window.dispatchEventImpl(Ljava/awt/AWTEvent;)V (23 bytes) @ 0x00000232c0f5ca4c [0x00000232c0f5ca00+0x4c]
J 9194 C2 java.awt.EventQueue$3.run()Ljava/lang/Object; (5 bytes) @ 0x00000232bdcebb0c [0x00000232bdceb700+0x40c]
v  ~StubRoutines::call_stub
J 1685  java.security.AccessController.doPrivileged(Ljava/security/PrivilegedAction;Ljava/security/AccessControlContext;)Ljava/lang/Object; (0 bytes) @ 0x00000232bd8a7fe6 [0x00000232bd8a7f80+0x66]
J 11336 C2 java.awt.EventQueue$4.run()Ljava/lang/Object; (5 bytes) @ 0x00000232bf482c34 [0x00000232bf482aa0+0x194]
v  ~StubRoutines::call_stub
J 1685  java.security.AccessController.doPrivileged(Ljava/security/PrivilegedAction;Ljava/security/AccessControlContext;)Ljava/lang/Object; (0 bytes) @ 0x00000232bd8a7fe6 [0x00000232bd8a7f80+0x66]
J 9056 C2 ui.frmwork.a.d.dispatchEvent(Ljava/awt/AWTEvent;)V (30 bytes) @ 0x00000232bedcf434 [0x00000232bedcf180+0x2b4]
J 11454 C2 java.awt.EventDispatchThread.pumpOneEventForFilters(I)V (295 bytes) @ 0x00000232bf523ea0 [0x00000232bf5238e0+0x5c0]
J 18078% C2 java.awt.EventDispatchThread.pumpEventsForFilter(ILjava/awt/Conditional;Ljava/awt/EventFilter;)V (47 bytes) @ 0x00000232bd9963e0 [0x00000232bd9962e0+0x100]
j  java.awt.EventDispatchThread.pumpEventsForHierarchy(ILjava/awt/Conditional;Ljava/awt/Component;)V+11
j  java.awt.EventDispatchThread.pumpEvents(ILjava/awt/Conditional;)V+4
j  java.awt.EventDispatchThread.pumpEvents(Ljava/awt/Conditional;)V+3
j  java.awt.EventDispatchThread.run()V+9
v  ~StubRoutines::call_stub

---------------  P R O C E S S  ---------------

Java Threads: ( => current thread )
  0x00000233280d6000 JavaThread "Image Fetcher 0" daemon [_thread_blocked, id=16692, stack(0x000000aa5c500000,0x000000aa5ca00000)]
  0x0000023328e98800 JavaThread "Timer-0" daemon [_thread_blocked, id=21700, stack(0x000000a706a00000,0x000000a706f00000)]
  0x00000233284ee000 JavaThread "RunnableQueue-0" daemon [_thread_blocked, id=21772, stack(0x000000a706500000,0x000000a706a00000)]
  0x00000232e86c1800 JavaThread "Thread-262" [_thread_in_native, id=10176, stack(0x000000a3b5c00000,0x000000a3b5d00000)]
  0x0000023305017800 JavaThread "Batik CleanerThread" daemon [_thread_blocked, id=25052, stack(0x000000a3a2100000,0x000000a3a2600000)]
  0x00000232e9400800 JavaThread "Swing-Shell" daemon [_thread_blocked, id=24240, stack(0x000000a3f6e00000,0x000000a3f7300000)]
  0x00000232d8c49000 JavaThread "hw_ila_monitor" [_thread_blocked, id=22740, stack(0x000000a3f1900000,0x000000a3f1e00000)]
  0x00000232d980b800 JavaThread "Update Runs Swing Worker" [_thread_blocked, id=15504, stack(0x000000a3f1400000,0x000000a3f1900000)]
  0x00000232d6fdd800 JavaThread "Refresh Filesets Swing Worker" [_thread_in_native, id=12496, stack(0x000000a3f0f00000,0x000000a3f1400000)]
  0x00000232d9ac2000 JavaThread "Monitor File Timestamp Swing Worker" [_thread_blocked, id=29444, stack(0x000000a3eeb00000,0x000000a3ef000000)]
=>0x00000232bd152800 JavaThread "AWT-EventQueue-1" [_thread_in_native, id=27692, stack(0x000000a3ed700000,0x000000a3edc00000)]
  0x00000232bd155000 JavaThread "Process Messages" [_thread_blocked, id=27408, stack(0x000000a3ed200000,0x000000a3ed700000)]
  0x00000232bd15b000 JavaThread "Thread-3" [_thread_in_native, id=30336, stack(0x000000a3e7500000,0x000000a3e8900000)]
  0x00000232d6dc4800 JavaThread "AWT-EventQueue-0" [_thread_blocked, id=5364, stack(0x000000a3ecd00000,0x000000a3ed200000)]
  0x00000232d4c55000 JavaThread "AWT-Windows" daemon [_thread_in_native, id=9988, stack(0x000000a3ec300000,0x000000a3ec800000)]
  0x00000232d4c51800 JavaThread "AWT-Shutdown" [_thread_blocked, id=8460, stack(0x000000a3ebe00000,0x000000a3ec300000)]
  0x00000232d4c30800 JavaThread "Java2D Disposer" daemon [_thread_blocked, id=18792, stack(0x000000a3eb900000,0x000000a3ebe00000)]
  0x00000232d50a5800 JavaThread "TimerQueue" daemon [_thread_blocked, id=3664, stack(0x000000a3eb400000,0x000000a3eb900000)]
  0x00000232d4625800 JavaThread "Service Thread" daemon [_thread_blocked, id=28248, stack(0x000000a3eae00000,0x000000a3eb300000)]
  0x00000232d45c5800 JavaThread "C1 CompilerThread3" daemon [_thread_blocked, id=26864, stack(0x000000a3ead00000,0x000000a3eae00000)]
  0x00000232d45c7000 JavaThread "C2 CompilerThread2" daemon [_thread_blocked, id=9312, stack(0x000000a3eac00000,0x000000a3ead00000)]
  0x00000232d45c8800 JavaThread "C2 CompilerThread1" daemon [_thread_blocked, id=31680, stack(0x000000a3eab00000,0x000000a3eac00000)]
  0x00000232d45ca000 JavaThread "C2 CompilerThread0" daemon [_thread_blocked, id=5856, stack(0x000000a3eaa00000,0x000000a3eab00000)]
  0x00000232d45cc000 JavaThread "Attach Listener" daemon [_thread_blocked, id=17524, stack(0x000000a3ea500000,0x000000a3eaa00000)]
  0x00000232d45cd800 JavaThread "Signal Dispatcher" daemon [_thread_blocked, id=29176, stack(0x000000a3ea000000,0x000000a3ea500000)]
  0x00000232d423b000 JavaThread "Finalizer" daemon [_thread_blocked, id=29940, stack(0x000000a3e9b00000,0x000000a3ea000000)]
  0x00000232d4231000 JavaThread "Reference Handler" daemon [_thread_blocked, id=30192, stack(0x000000a3e9600000,0x000000a3e9b00000)]
  0x00000232bd126000 JavaThread "main" [_thread_blocked, id=15952, stack(0x000000a3e8c00000,0x000000a3e8d00000)]

Other Threads:
  0x00000232d41c1000 VMThread [stack: 0x000000a3e9500000,0x000000a3e9600000] [id=29944]
  0x00000232d4725800 WatcherThread [stack: 0x000000a3eb300000,0x000000a3eb400000] [id=14676]

VM state:not at safepoint (normal execution)

VM Mutex/Monitor currently owned by a thread: None

Heap:
 PSYoungGen      total 57344K, used 23826K [0x00000007bc400000, 0x00000007c0000000, 0x00000007c0000000)
  eden space 53248K, 39% used [0x00000007bc400000,0x00000007bd8b5748,0x00000007bf800000)
  from space 4096K, 63% used [0x00000007bfc00000,0x00000007bfe8f388,0x00000007c0000000)
  to   space 4096K, 0% used [0x00000007bf800000,0x00000007bf800000,0x00000007bfc00000)
 ParOldGen       total 300032K, used 139071K [0x0000000700000000, 0x0000000712500000, 0x00000007bc400000)
  object space 300032K, 46% used [0x0000000700000000,0x00000007087cfd88,0x0000000712500000)
 Metaspace       used 87918K, capacity 88673K, committed 89344K, reserved 1126400K
  class space    used 13079K, capacity 13223K, committed 13312K, reserved 1048576K

Card table byte_map: [0x00000232cc6b0000,0x00000232cccc0000] byte_map_base: 0x00000232c8eb0000

Marking Bits: (ParMarkBitMap*) 0x000000005f82a5b0
 Begin Bits: [0x00000232cd2b0000, 0x00000232d02b0000)
 End Bits:   [0x00000232d02b0000, 0x00000232d32b0000)

Polling page: 0x00000232b8ba0000

CodeCache: size=245760Kb used=69054Kb max_used=69085Kb free=176705Kb
 bounds [0x00000232bd2f0000, 0x00000232c16f0000, 0x00000232cc2f0000]
 total_blobs=18957 nmethods=17891 adapters=968
 compilation: enabled

Compilation events (10 events):
Event: 75305.955 Thread 0x00000232d45ca000 nmethod 24457 0x00000232becca990 code [0x00000232beccab80, 0x00000232beccb520]
Event: 75305.987 Thread 0x00000232d45c8800 nmethod 24458 0x00000232c16e8f90 code [0x00000232c16e92e0, 0x00000232c16eb7b8]
Event: 75305.994 Thread 0x00000232d45c5800 24459       3       com.jidesoft.docking.DockableFrame::b (27 bytes)
Event: 75306.001 Thread 0x00000232d45c5800 nmethod 24459 0x00000232bd938990 code [0x00000232bd938b00, 0x00000232bd938f50]
Event: 75306.009 Thread 0x00000232d45c5800 24460       1       com.jidesoft.docking.DefaultDockingManager::isContinuousLayout (5 bytes)
Event: 75306.010 Thread 0x00000232d45c5800 nmethod 24460 0x00000232bd73aa50 code [0x00000232bd73aba0, 0x00000232bd73acb8]
Event: 75306.012 Thread 0x00000232d45c5800 24461       1       com.jidesoft.docking.DefaultDockingManager::isProportionalSplits (5 bytes)
Event: 75306.012 Thread 0x00000232d45c5800 nmethod 24461 0x00000232bde11c50 code [0x00000232bde11da0, 0x00000232bde11eb8]
Event: 75306.013 Thread 0x00000232d45c5800 24462       1       com.jidesoft.docking.DefaultDockingManager::isShowDividerGripper (5 bytes)
Event: 75306.013 Thread 0x00000232d45c5800 nmethod 24462 0x00000232be479190 code [0x00000232be4792e0, 0x00000232be4793f8]

GC Heap History (10 events):
Event: 75106.801 GC heap before
{Heap before GC invocations=624 (full 42):
 PSYoungGen      total 57344K, used 54420K [0x00000007bc400000, 0x00000007c0000000, 0x00000007c0000000)
  eden space 53248K, 100% used [0x00000007bc400000,0x00000007bf800000,0x00000007bf800000)
  from space 4096K, 28% used [0x00000007bf800000,0x00000007bf9250d0,0x00000007bfc00000)
  to   space 4096K, 0% used [0x00000007bfc00000,0x00000007bfc00000,0x00000007c0000000)
 ParOldGen       total 300032K, used 139071K [0x0000000700000000, 0x0000000712500000, 0x00000007bc400000)
  object space 300032K, 46% used [0x0000000700000000,0x00000007087cfd88,0x0000000712500000)
 Metaspace       used 87765K, capacity 88571K, committed 89344K, reserved 1126400K
  class space    used 13042K, capacity 13190K, committed 13312K, reserved 1048576K
Event: 75106.833 GC heap after
Heap after GC invocations=624 (full 42):
 PSYoungGen      total 57344K, used 1214K [0x00000007bc400000, 0x00000007c0000000, 0x00000007c0000000)
  eden space 53248K, 0% used [0x00000007bc400000,0x00000007bc400000,0x00000007bf800000)
  from space 4096K, 29% used [0x00000007bfc00000,0x00000007bfd2f900,0x00000007c0000000)
  to   space 4096K, 0% used [0x00000007bf800000,0x00000007bf800000,0x00000007bfc00000)
 ParOldGen       total 300032K, used 139071K [0x0000000700000000, 0x0000000712500000, 0x00000007bc400000)
  object space 300032K, 46% used [0x0000000700000000,0x00000007087cfd88,0x0000000712500000)
 Metaspace       used 87765K, capacity 88571K, committed 89344K, reserved 1126400K
  class space    used 13042K, capacity 13190K, committed 13312K, reserved 1048576K
}
Event: 75118.611 GC heap before
{Heap before GC invocations=625 (full 42):
 PSYoungGen      total 57344K, used 54462K [0x00000007bc400000, 0x00000007c0000000, 0x00000007c0000000)
  eden space 53248K, 100% used [0x00000007bc400000,0x00000007bf800000,0x00000007bf800000)
  from space 4096K, 29% used [0x00000007bfc00000,0x00000007bfd2f900,0x00000007c0000000)
  to   space 4096K, 0% used [0x00000007bf800000,0x00000007bf800000,0x00000007bfc00000)
 ParOldGen       total 300032K, used 139071K [0x0000000700000000, 0x0000000712500000, 0x00000007bc400000)
  object space 300032K, 46% used [0x0000000700000000,0x00000007087cfd88,0x0000000712500000)
 Metaspace       used 87886K, capacity 88667K, committed 89344K, reserved 1126400K
  class space    used 13077K, capacity 13222K, committed 13312K, reserved 1048576K
Event: 75118.616 GC heap after
Heap after GC invocations=625 (full 42):
 PSYoungGen      total 57344K, used 2219K [0x00000007bc400000, 0x00000007c0000000, 0x00000007c0000000)
  eden space 53248K, 0% used [0x00000007bc400000,0x00000007bc400000,0x00000007bf800000)
  from space 4096K, 54% used [0x00000007bf800000,0x00000007bfa2af48,0x00000007bfc00000)
  to   space 4096K, 0% used [0x00000007bfc00000,0x00000007bfc00000,0x00000007c0000000)
 ParOldGen       total 300032K, used 139071K [0x0000000700000000, 0x0000000712500000, 0x00000007bc400000)
  object space 300032K, 46% used [0x0000000700000000,0x00000007087cfd88,0x0000000712500000)
 Metaspace       used 87886K, capacity 88667K, committed 89344K, reserved 1126400K
  class space    used 13077K, capacity 13222K, committed 13312K, reserved 1048576K
}
Event: 75259.748 GC heap before
{Heap before GC invocations=626 (full 42):
 PSYoungGen      total 57344K, used 55467K [0x00000007bc400000, 0x00000007c0000000, 0x00000007c0000000)
  eden space 53248K, 100% used [0x00000007bc400000,0x00000007bf800000,0x00000007bf800000)
  from space 4096K, 54% used [0x00000007bf800000,0x00000007bfa2af48,0x00000007bfc00000)
  to   space 4096K, 0% used [0x00000007bfc00000,0x00000007bfc00000,0x00000007c0000000)
 ParOldGen       total 300032K, used 139071K [0x0000000700000000, 0x0000000712500000, 0x00000007bc400000)
  object space 300032K, 46% used [0x0000000700000000,0x00000007087cfd88,0x0000000712500000)
 Metaspace       used 87886K, capacity 88667K, committed 89344K, reserved 1126400K
  class space    used 13077K, capacity 13222K, committed 13312K, reserved 1048576K
Event: 75259.755 GC heap after
Heap after GC invocations=626 (full 42):
 PSYoungGen      total 57344K, used 2418K [0x00000007bc400000, 0x00000007c0000000, 0x00000007c0000000)
  eden space 53248K, 0% used [0x00000007bc400000,0x00000007bc400000,0x00000007bf800000)
  from space 4096K, 59% used [0x00000007bfc00000,0x00000007bfe5c870,0x00000007c0000000)
  to   space 4096K, 0% used [0x00000007bf800000,0x00000007bf800000,0x00000007bfc00000)
 ParOldGen       total 300032K, used 139071K [0x0000000700000000, 0x0000000712500000, 0x00000007bc400000)
  object space 300032K, 46% used [0x0000000700000000,0x00000007087cfd88,0x0000000712500000)
 Metaspace       used 87886K, capacity 88667K, committed 89344K, reserved 1126400K
  class space    used 13077K, capacity 13222K, committed 13312K, reserved 1048576K
}
Event: 75288.998 GC heap before
{Heap before GC invocations=627 (full 42):
 PSYoungGen      total 57344K, used 55666K [0x00000007bc400000, 0x00000007c0000000, 0x00000007c0000000)
  eden space 53248K, 100% used [0x00000007bc400000,0x00000007bf800000,0x00000007bf800000)
  from space 4096K, 59% used [0x00000007bfc00000,0x00000007bfe5c870,0x00000007c0000000)
  to   space 4096K, 0% used [0x00000007bf800000,0x00000007bf800000,0x00000007bfc00000)
 ParOldGen       total 300032K, used 139071K [0x0000000700000000, 0x0000000712500000, 0x00000007bc400000)
  object space 300032K, 46% used [0x0000000700000000,0x00000007087cfd88,0x0000000712500000)
 Metaspace       used 87888K, capacity 88667K, committed 89344K, reserved 1126400K
  class space    used 13077K, capacity 13222K, committed 13312K, reserved 1048576K
Event: 75289.004 GC heap after
Heap after GC invocations=627 (full 42):
 PSYoungGen      total 57344K, used 2388K [0x00000007bc400000, 0x00000007c0000000, 0x00000007c0000000)
  eden space 53248K, 0% used [0x00000007bc400000,0x00000007bc400000,0x00000007bf800000)
  from space 4096K, 58% used [0x00000007bf800000,0x00000007bfa55368,0x00000007bfc00000)
  to   space 4096K, 0% used [0x00000007bfc00000,0x00000007bfc00000,0x00000007c0000000)
 ParOldGen       total 300032K, used 139071K [0x0000000700000000, 0x0000000712500000, 0x00000007bc400000)
  object space 300032K, 46% used [0x0000000700000000,0x00000007087cfd88,0x0000000712500000)
 Metaspace       used 87888K, capacity 88667K, committed 89344K, reserved 1126400K
  class space    used 13077K, capacity 13222K, committed 13312K, reserved 1048576K
}
Event: 75298.684 GC heap before
{Heap before GC invocations=628 (full 42):
 PSYoungGen      total 57344K, used 55636K [0x00000007bc400000, 0x00000007c0000000, 0x00000007c0000000)
  eden space 53248K, 100% used [0x00000007bc400000,0x00000007bf800000,0x00000007bf800000)
  from space 4096K, 58% used [0x00000007bf800000,0x00000007bfa55368,0x00000007bfc00000)
  to   space 4096K, 0% used [0x00000007bfc00000,0x00000007bfc00000,0x00000007c0000000)
 ParOldGen       total 300032K, used 139071K [0x0000000700000000, 0x0000000712500000, 0x00000007bc400000)
  object space 300032K, 46% used [0x0000000700000000,0x00000007087cfd88,0x0000000712500000)
 Metaspace       used 87903K, capacity 88667K, committed 89344K, reserved 1126400K
  class space    used 13077K, capacity 13222K, committed 13312K, reserved 1048576K
Event: 75298.690 GC heap after
Heap after GC invocations=628 (full 42):
 PSYoungGen      total 57344K, used 2620K [0x00000007bc400000, 0x00000007c0000000, 0x00000007c0000000)
  eden space 53248K, 0% used [0x00000007bc400000,0x00000007bc400000,0x00000007bf800000)
  from space 4096K, 63% used [0x00000007bfc00000,0x00000007bfe8f388,0x00000007c0000000)
  to   space 4096K, 0% used [0x00000007bf800000,0x00000007bf800000,0x00000007bfc00000)
 ParOldGen       total 300032K, used 139071K [0x0000000700000000, 0x0000000712500000, 0x00000007bc400000)
  object space 300032K, 46% used [0x0000000700000000,0x00000007087cfd88,0x0000000712500000)
 Metaspace       used 87903K, capacity 88667K, committed 89344K, reserved 1126400K
  class space    used 13077K, capacity 13222K, committed 13312K, reserved 1048576K
}

Deoptimization events (10 events):
Event: 72763.679 Thread 0x00000232bd152800 Uncommon trap: reason=class_check action=maybe_recompile pc=0x00000232c164bcbc method=ui.frmwork.a.dIk()Z @ 14
Event: 72935.420 Thread 0x00000232bd152800 Uncommon trap: reason=unstable_if action=reinterpret pc=0x00000232bded1718 method=java.util.WeakHashMap.keySet()Ljava/util/Set; @ 6
Event: 72935.421 Thread 0x00000232bd152800 Uncommon trap: reason=unstable_if action=reinterpret pc=0x00000232bf1e9a9c method=sun.awt.Win32GraphicsDevice.getDefaultConfiguration()Ljava/awt/GraphicsConfiguration; @ 4
Event: 72936.038 Thread 0x00000232bd152800 Uncommon trap: reason=unstable_if action=reinterpret pc=0x00000232bdd9221c method=java.awt.geom.AffineTransform.equals(Ljava/lang/Object;)Z @ 71
Event: 72936.057 Thread 0x00000233284ee000 Uncommon trap: reason=null_check action=make_not_entrant pc=0x00000232c10a5f58 method=sun.font.StandardGlyphVector.clearCaches(I)V @ 43
Event: 72936.057 Thread 0x00000233284ee000 Uncommon trap: reason=null_check action=make_not_entrant pc=0x00000232bf2b3d4c method=sun.font.StandardGlyphVector.clearCaches(I)V @ 43
Event: 73109.814 Thread 0x00000232bd152800 Uncommon trap: reason=unstable_if action=reinterpret pc=0x00000232c0cc3af8 method=java.awt.MouseInfo.areScreenDevicesIndependent([Ljava/awt/GraphicsDevice;)Z @ 5
Event: 75116.459 Thread 0x00000232bd152800 Uncommon trap: reason=class_check action=maybe_recompile pc=0x00000232be3c4118 method=java.awt.Component.addMouseListener(Ljava/awt/event/MouseListener;)V @ 26
Event: 75262.359 Thread 0x00000232bd152800 Uncommon trap: reason=unstable_if action=reinterpret pc=0x00000232bedc1904 method=java.awt.EventQueue.removeSourceEvents(Ljava/lang/Object;Z)V @ 99
Event: 75294.572 Thread 0x00000232bd152800 Uncommon trap: reason=unstable_if action=reinterpret pc=0x00000232c1262d44 method=com.jidesoft.plaf.basic.BasicDockableFrameTitlePane$NoFocusButton.paintComponent(Ljava/awt/Graphics;)V @ 1129

Internal exceptions (10 events):
Event: 72936.057 Thread 0x00000233284ee000 Implicit null exception at 0x00000232c10a36d2 to 0x00000232c10a5f21
Event: 72936.057 Thread 0x00000233284ee000 Implicit null exception at 0x00000232bf2b3bc3 to 0x00000232bf2b3d3d
Event: 75117.512 Thread 0x00000232ee7f4800 Exception <a 'ui/frmwork/CommandFailedException'> (0x00000007bdc58910) thrown at [C:\re\workspace\8-2-build-windows-amd64-cygwin\jdk8u66\5298\hotspot\src\share\vm\prims\jni.cpp, line 709]
Event: 75259.703 Thread 0x00000233284ef800 Exception <a 'ui/frmwork/CommandFailedException'> (0x00000007be77a020) thrown at [C:\re\workspace\8-2-build-windows-amd64-cygwin\jdk8u66\5298\hotspot\src\share\vm\prims\jni.cpp, line 709]
Event: 75262.313 Thread 0x00000233284ea000 Exception <a 'ui/frmwork/CommandFailedException'> (0x00000007bc833600) thrown at [C:\re\workspace\8-2-build-windows-amd64-cygwin\jdk8u66\5298\hotspot\src\share\vm\prims\jni.cpp, line 709]
Event: 75288.956 Thread 0x00000233284ef800 Exception <a 'ui/frmwork/CommandFailedException'> (0x00000007be8f4b68) thrown at [C:\re\workspace\8-2-build-windows-amd64-cygwin\jdk8u66\5298\hotspot\src\share\vm\prims\jni.cpp, line 709]
Event: 75292.966 Thread 0x00000233284ef800 Exception <a 'ui/frmwork/CommandFailedException'> (0x00000007bc91cfe8) thrown at [C:\re\workspace\8-2-build-windows-amd64-cygwin\jdk8u66\5298\hotspot\src\share\vm\prims\jni.cpp, line 709]
Event: 75298.473 Thread 0x000002331f61b800 Exception <a 'ui/frmwork/CommandFailedException'> (0x00000007be70efc0) thrown at [C:\re\workspace\8-2-build-windows-amd64-cygwin\jdk8u66\5298\hotspot\src\share\vm\prims\jni.cpp, line 709]
Event: 75305.887 Thread 0x00000232bd152800 Exception <a 'sun/nio/fs/WindowsException'> (0x00000007bd248d18) thrown at [C:\re\workspace\8-2-build-windows-amd64-cygwin\jdk8u66\5298\hotspot\src\share\vm\prims\jni.cpp, line 709]
Event: 75305.887 Thread 0x00000232bd152800 Exception <a 'sun/nio/fs/WindowsException'> (0x00000007bd2495a8) thrown at [C:\re\workspace\8-2-build-windows-amd64-cygwin\jdk8u66\5298\hotspot\src\share\vm\prims\jni.cpp, line 709]

Events (10 events):
Event: 75305.886 loading class ui/ci
Event: 75305.886 loading class ui/ci done
Event: 75305.940 Thread 0x00000232bd152800 DEOPT PACKING pc=0x00000232be47b52e sp=0x000000a3edbfc370
Event: 75305.940 Thread 0x00000232bd152800 DEOPT UNPACKING pc=0x00000232bd337887 sp=0x000000a3edbfc0b8 mode 0
Event: 75305.941 Thread 0x00000232bd152800 DEOPT PACKING pc=0x00000232be47b52e sp=0x000000a3edbfb450
Event: 75305.941 Thread 0x00000232bd152800 DEOPT UNPACKING pc=0x00000232bd337887 sp=0x000000a3edbfb198 mode 0
Event: 75305.942 Thread 0x00000232bd152800 DEOPT PACKING pc=0x00000232be47b52e sp=0x000000a3edbfad10
Event: 75305.942 Thread 0x00000232bd152800 DEOPT UNPACKING pc=0x00000232bd337887 sp=0x000000a3edbfaa58 mode 0
Event: 75305.988 Thread 0x00000232d45c8800 flushing nmethod 0x00000232bdb0e490
Event: 75306.012 Thread 0x00000232d45c5800 flushing nmethod 0x00000232bde17b10


Dynamic libraries:
0x00007ff76bf00000 - 0x00007ff76bf30000 	C:\Xilinx\Vivado\2016.3\bin\unwrapped\win64.o\vivado.exe
0x00007ffe8a2e0000 - 0x00007ffe8a4bb000 	C:\WINDOWS\SYSTEM32\ntdll.dll
0x00007ffe896d0000 - 0x00007ffe8977e000 	C:\WINDOWS\System32\KERNEL32.DLL
0x00007ffe87430000 - 0x00007ffe87679000 	C:\WINDOWS\System32\KERNELBASE.dll
0x000000000a900000 - 0x000000000a98d000 	C:\Xilinx\Vivado\2016.3\lib\win64.o\SHSMP64.dll
0x00007ffe530b0000 - 0x00007ffe53b59000 	C:\Xilinx\Vivado\2016.3\lib\win64.o\librdi_common.dll
0x00007ffe8a0f0000 - 0x00007ffe8a23a000 	C:\WINDOWS\System32\USER32.dll
0x00007ffe78670000 - 0x00007ffe78681000 	C:\Xilinx\Vivado\2016.3\lib\win64.o\librdi_commonmain.dll
0x00007ffe78610000 - 0x00007ffe78623000 	C:\Xilinx\Vivado\2016.3\lib\win64.o\libboost_signals.dll
0x00007ffe86a30000 - 0x00007ffe86a4e000 	C:\WINDOWS\System32\win32u.dll
0x00007ffe88fa0000 - 0x00007ffe88fa8000 	C:\WINDOWS\System32\PSAPI.DLL
0x00007ffe87840000 - 0x00007ffe88c76000 	C:\WINDOWS\System32\SHELL32.dll
0x00007ffe890b0000 - 0x00007ffe890d7000 	C:\WINDOWS\System32\GDI32.dll
0x00007ffe76f40000 - 0x00007ffe77014000 	C:\WINDOWS\SYSTEM32\MSVCR110.dll
0x00007ffe76930000 - 0x00007ffe769d7000 	C:\WINDOWS\SYSTEM32\MSVCP110.dll
0x00007ffe872a0000 - 0x00007ffe87427000 	C:\WINDOWS\System32\gdi32full.dll
0x00007ffe8a240000 - 0x00007ffe8a2dd000 	C:\WINDOWS\System32\msvcrt.dll
0x00007ffe87200000 - 0x00007ffe8729a000 	C:\WINDOWS\System32\msvcp_win.dll
0x00007ffe876f0000 - 0x00007ffe87739000 	C:\WINDOWS\System32\cfgmgr32.dll
0x00007ffe87740000 - 0x00007ffe87836000 	C:\WINDOWS\System32\ucrtbase.dll
0x00007ffe89c00000 - 0x00007ffe89caa000 	C:\WINDOWS\System32\shcore.dll
0x00007ffe5abd0000 - 0x00007ffe5adef000 	C:\Xilinx\Vivado\2016.3\lib\win64.o\libXil_lmgr11.dll
0x00007ffe5b8a0000 - 0x00007ffe5bc0e000 	C:\Xilinx\Vivado\2016.3\lib\win64.o\libCOIN-all.dll
0x00007ffe89840000 - 0x00007ffe898e1000 	C:\WINDOWS\System32\ADVAPI32.dll
0x00007ffe895a0000 - 0x00007ffe896c5000 	C:\WINDOWS\System32\RPCRT4.dll
0x00007ffe89540000 - 0x00007ffe89599000 	C:\WINDOWS\System32\sechost.dll
0x00007ffe890e0000 - 0x00007ffe893d9000 	C:\WINDOWS\System32\combase.dll
0x00007ffe898f0000 - 0x00007ffe899f8000 	C:\WINDOWS\System32\COMDLG32.dll
0x00007ffe87680000 - 0x00007ffe876ea000 	C:\WINDOWS\System32\bcryptPrimitives.dll
0x00007ffe785b0000 - 0x00007ffe785c0000 	C:\Xilinx\Vivado\2016.3\lib\win64.o\libboost_date_time.dll
0x00007ffe78090000 - 0x00007ffe780b4000 	C:\Xilinx\Vivado\2016.3\lib\win64.o\libboost_filesystem.dll
0x00007ffe88fb0000 - 0x00007ffe89001000 	C:\WINDOWS\System32\SHLWAPI.dll
0x00007ffe86b00000 - 0x00007ffe871f1000 	C:\WINDOWS\System32\windows.storage.dll
0x00007ffe86770000 - 0x00007ffe86781000 	C:\WINDOWS\System32\kernel.appcore.dll
0x00007ffe867b0000 - 0x00007ffe867fc000 	C:\WINDOWS\System32\powrprof.dll
0x00007ffe69460000 - 0x00007ffe694d7000 	C:\Xilinx\Vivado\2016.3\lib\win64.o\libboost_program_options.dll
0x00007ffe89780000 - 0x00007ffe89840000 	C:\WINDOWS\System32\OLEAUT32.dll
0x00007ffe5c370000 - 0x00007ffe5c476000 	C:\Xilinx\Vivado\2016.3\lib\win64.o\libboost_regex.dll
0x00007ffe86790000 - 0x00007ffe867a5000 	C:\WINDOWS\System32\profapi.dll
0x00007ffe88ce0000 - 0x00007ffe88e25000 	C:\WINDOWS\System32\ole32.dll
0x00007ffe86800000 - 0x00007ffe86856000 	C:\WINDOWS\System32\WINTRUST.dll
0x00007ffe78550000 - 0x00007ffe78559000 	C:\Xilinx\Vivado\2016.3\lib\win64.o\libboost_system.dll
0x00007ffe86750000 - 0x00007ffe86761000 	C:\WINDOWS\System32\MSASN1.dll
0x00007ffe78480000 - 0x00007ffe7849d000 	C:\Xilinx\Vivado\2016.3\lib\win64.o\libboost_thread.dll
0x00007ffe86860000 - 0x00007ffe86a29000 	C:\WINDOWS\System32\CRYPT32.dll
0x00007ffe77fd0000 - 0x00007ffe77fdb000 	C:\Xilinx\Vivado\2016.3\lib\win64.o\libboost_xilinx.dll
0x00007ffe68df0000 - 0x00007ffe68e70000 	C:\Xilinx\Vivado\2016.3\lib\win64.o\libhdlpsolve.dll
0x00007ffe62d10000 - 0x00007ffe62daa000 	C:\Xilinx\Vivado\2016.3\lib\win64.o\libhdxml.dll
0x00007ffe52ce0000 - 0x00007ffe530a9000 	C:\Xilinx\Vivado\2016.3\lib\win64.o\libisl_iostreams.dll
0x00007ffe6f780000 - 0x00007ffe6f7aa000 	C:\Xilinx\Vivado\2016.3\lib\win64.o\libisl_sysinfo.dll
0x00007ffe89040000 - 0x00007ffe890ac000 	C:\WINDOWS\System32\WS2_32.dll
0x000000005f020000 - 0x000000005f8a9000 	C:\Xilinx\Vivado\2016.3\tps\win64\jre\bin\server\jvm.dll
0x00007ffe6f760000 - 0x00007ffe6f775000 	C:\Xilinx\Vivado\2016.3\lib\win64.o\pthreadVC2.dll
0x00007ffe6cc60000 - 0x00007ffe6ccb3000 	C:\Xilinx\Vivado\2016.3\lib\win64.o\librdi_commonxillic.dll
0x00007ffe785c0000 - 0x00007ffe785c9000 	C:\Xilinx\Vivado\2016.3\lib\win64.o\librdi_commonversion.dll
0x00007ffe5c050000 - 0x00007ffe5c180000 	C:\Xilinx\Vivado\2016.3\lib\win64.o\librdi_curl.dll
0x00007ffe6cc20000 - 0x00007ffe6cc38000 	C:\Xilinx\Vivado\2016.3\lib\win64.o\librdiconfig.dll
0x000000005f8b0000 - 0x000000005f9d7000 	C:\Xilinx\Vivado\2016.3\lib\win64.o\tcl85t.dll
0x00007ffe6cbb0000 - 0x00007ffe6cbd3000 	C:\Xilinx\Vivado\2016.3\lib\win64.o\librdizlib.dll
0x00007ffe77e20000 - 0x00007ffe77ef7000 	C:\WINDOWS\SYSTEM32\WINHTTP.dll
0x00007ffe74fb0000 - 0x00007ffe752de000 	C:\WINDOWS\SYSTEM32\WININET.dll
0x00007ffe78ab0000 - 0x00007ffe78c77000 	C:\WINDOWS\SYSTEM32\urlmon.dll
0x0000000012000000 - 0x0000000012263000 	C:\Xilinx\Vivado\2016.3\lib\win64.o\xerces-c_3_1.dll
0x00007ffe73300000 - 0x00007ffe73317000 	C:\WINDOWS\SYSTEM32\NETAPI32.dll
0x00007ffe82030000 - 0x00007ffe8203a000 	C:\WINDOWS\SYSTEM32\VERSION.dll
0x00007ffe81f80000 - 0x00007ffe82026000 	C:\WINDOWS\WinSxS\amd64_microsoft.windows.common-controls_6595b64144ccf1df_5.82.15063.413_none_0e0f5dcc67adff4e\COMCTL32.dll
0x00007ffe84390000 - 0x00007ffe84399000 	C:\WINDOWS\SYSTEM32\WSOCK32.dll
0x00007ffe6b790000 - 0x00007ffe6b7b3000 	C:\WINDOWS\SYSTEM32\VCOMP110.DLL
0x00007ffe77f70000 - 0x00007ffe77f7b000 	C:\Xilinx\Vivado\2016.3\lib\win64.o\libboost_chrono.dll
0x00007ffe6c630000 - 0x00007ffe6c646000 	C:\Xilinx\Vivado\2016.3\lib\win64.o\libboost_iostreams.dll
0x00007ffe6b760000 - 0x00007ffe6b783000 	C:\Xilinx\Vivado\2016.3\lib\win64.o\libisl_iosutils.dll
0x00007ffe83030000 - 0x00007ffe83053000 	C:\WINDOWS\SYSTEM32\WINMM.dll
0x000000005ef40000 - 0x000000005f012000 	C:\WINDOWS\SYSTEM32\MSVCR100.dll
0x00007ffe7b530000 - 0x00007ffe7b7ba000 	C:\WINDOWS\SYSTEM32\iertutil.dll
0x00007ffe83000000 - 0x00007ffe8302b000 	C:\WINDOWS\SYSTEM32\WINMMBASE.dll
0x00007ffe86220000 - 0x00007ffe8622b000 	C:\WINDOWS\SYSTEM32\CRYPTBASE.DLL
0x00007ffe89510000 - 0x00007ffe8953d000 	C:\WINDOWS\System32\IMM32.DLL
0x00007ffe52890000 - 0x00007ffe52cdf000 	C:\Xilinx\Vivado\2016.3\lib\win64.o\librdi_commontasks.dll
0x00007ffe58250000 - 0x00007ffe58456000 	C:\Xilinx\Vivado\2016.3\lib\win64.o\librdi_sio.dll
0x00007ffe85e00000 - 0x00007ffe85e37000 	C:\WINDOWS\SYSTEM32\IPHLPAPI.DLL
0x00007ffe3fc60000 - 0x00007ffe419c4000 	C:\Xilinx\Vivado\2016.3\lib\win64.o\librdi_tcltasks.dll
0x00007ffe52570000 - 0x00007ffe52888000 	C:\Xilinx\Vivado\2016.3\lib\win64.o\librdi_bitstream.dll
0x00007ffe689b0000 - 0x00007ffe68a16000 	C:\Xilinx\Vivado\2016.3\lib\win64.o\librdi_boarddep.dll
0x00007ffe520c0000 - 0x00007ffe522f5000 	C:\Xilinx\Vivado\2016.3\lib\win64.o\librdi_chipscope.dll
0x00007ffe5b050000 - 0x00007ffe5b1ae000 	C:\Xilinx\Vivado\2016.3\lib\win64.o\librdi_board.dll
0x00007ffe28ca0000 - 0x00007ffe29f6e000 	C:\Xilinx\Vivado\2016.3\lib\win64.o\librdi_constraints.dll
0x00007ffe5b2e0000 - 0x00007ffe5b3c3000 	C:\Xilinx\Vivado\2016.3\lib\win64.o\librdi_containers.dll
0x00007ffe367e0000 - 0x00007ffe39466000 	C:\Xilinx\Vivado\2016.3\lib\win64.o\librdi_coregen.dll
0x00007ffe32eb0000 - 0x00007ffe367da000 	C:\Xilinx\Vivado\2016.3\lib\win64.o\librdi_designutils.dll
0x00007ffe29f70000 - 0x00007ffe32ea6000 	C:\Xilinx\Vivado\2016.3\lib\win64.o\librdi_device.dll
0x00007ffe51870000 - 0x00007ffe51aa6000 	C:\Xilinx\Vivado\2016.3\lib\win64.o\librdi_dlyest.dll
0x00007ffe4be40000 - 0x00007ffe4c376000 	C:\Xilinx\Vivado\2016.3\lib\win64.o\librdi_drc.dll
0x00007ffe46f90000 - 0x00007ffe475cd000 	C:\Xilinx\Vivado\2016.3\lib\win64.o\librdi_filemgmt.dll
0x00007ffe5b5a0000 - 0x00007ffe5b661000 	C:\Xilinx\Vivado\2016.3\lib\win64.o\librdi_dsp.dll
0x00007ffe4c640000 - 0x00007ffe4c889000 	C:\Xilinx\Vivado\2016.3\lib\win64.o\librdi_guitools.dll
0x00007ffe48230000 - 0x00007ffe487e7000 	C:\Xilinx\Vivado\2016.3\lib\win64.o\librdi_memdata.dll
0x00007ffe4b9e0000 - 0x00007ffe4be32000 	C:\Xilinx\Vivado\2016.3\lib\win64.o\librdi_netlist.dll
0x00007ffe6b670000 - 0x00007ffe6b6ab000 	C:\Xilinx\Vivado\2016.3\lib\win64.o\librdi_pfi.dll
0x00007ffe26bb0000 - 0x00007ffe28673000 	C:\Xilinx\Vivado\2016.3\lib\win64.o\librdi_place.dll
0x00007ffe28680000 - 0x00007ffe28c97000 	C:\Xilinx\Vivado\2016.3\lib\win64.o\librdi_power.dll
0x00007ffe3f6d0000 - 0x00007ffe3fc52000 	C:\Xilinx\Vivado\2016.3\lib\win64.o\librdi_psta.dll
0x00007ffe3a200000 - 0x00007ffe3a6bb000 	C:\Xilinx\Vivado\2016.3\lib\win64.o\librdi_project.dll
0x00007ffe25ef0000 - 0x00007ffe26ba2000 	C:\Xilinx\Vivado\2016.3\lib\win64.o\librdi_route.dll
0x00007ffe258c0000 - 0x00007ffe25eea000 	C:\Xilinx\Vivado\2016.3\lib\win64.o\librdi_rsb.dll
0x00007ffe47a50000 - 0x00007ffe47d7e000 	C:\Xilinx\Vivado\2016.3\lib\win64.o\librdi_runs.dll
0x00007ffe6a7a0000 - 0x00007ffe6a7fc000 	C:\Xilinx\Vivado\2016.3\lib\win64.o\librdi_runsbase.dll
0x00007ffe24d90000 - 0x00007ffe258b6000 	C:\Xilinx\Vivado\2016.3\lib\win64.o\librdi_timing.dll
0x00007ffe550d0000 - 0x00007ffe55270000 	C:\Xilinx\Vivado\2016.3\lib\win64.o\librdi_simdata.dll
0x00007ffe68890000 - 0x00007ffe688f3000 	C:\Xilinx\Vivado\2016.3\lib\win64.o\liblmx6.0.dll
0x00007ffe6a010000 - 0x00007ffe6a044000 	C:\Xilinx\Vivado\2016.3\lib\win64.o\libnoc_ntf_reader.dll
0x00007ffe23d20000 - 0x00007ffe243d4000 	C:\Xilinx\Vivado\2016.3\lib\win64.o\librdi_coregenipxact.dll
0x00007ffe6a2a0000 - 0x00007ffe6a2e7000 	C:\Xilinx\Vivado\2016.3\lib\win64.o\libboost_serialization.dll
0x00007ffe243e0000 - 0x00007ffe24d85000 	C:\Xilinx\Vivado\2016.3\lib\win64.o\libverific.dll
0x00007ffe237e0000 - 0x00007ffe23d20000 	C:\Xilinx\Vivado\2016.3\lib\win64.o\librdi_xdm.dll
0x00007ffe5c7f0000 - 0x00007ffe5c887000 	C:\Xilinx\Vivado\2016.3\lib\win64.o\libise.dll
0x00007ffe42400000 - 0x00007ffe427d3000 	C:\Xilinx\Vivado\2016.3\lib\win64.o\librdi_wavedata.dll
0x00007ffe69f20000 - 0x00007ffe69f5c000 	C:\Xilinx\Vivado\2016.3\lib\win64.o\librdi_wavedata_SimpleApi.dll
0x00007ffe51120000 - 0x00007ffe51318000 	C:\Xilinx\Vivado\2016.3\lib\win64.o\librdi_hsm.dll
0x00007ffe69d70000 - 0x00007ffe69db3000 	C:\Xilinx\Vivado\2016.3\lib\win64.o\librdi_hdf.dll
0x00007ffe21080000 - 0x00007ffe2163c000 	C:\Xilinx\Vivado\2016.3\lib\win64.o\librdi_abc_nomp.dll
0x00007ffe6c5b0000 - 0x00007ffe6c5c9000 	C:\Xilinx\Vivado\2016.3\lib\win64.o\librdi_hmetis.dll
0x00007ffe1f820000 - 0x00007ffe21071000 	C:\Xilinx\Vivado\2016.3\lib\win64.o\librdi_mig.dll
0x00007ffe23110000 - 0x00007ffe237dd000 	C:\Xilinx\Vivado\2016.3\lib\win64.o\librdi_labtools.dll
0x00007ffe69360000 - 0x00007ffe693ad000 	C:\Xilinx\Vivado\2016.3\lib\win64.o\librdi_projectbase.dll
0x00007ffe21640000 - 0x00007ffe23104000 	C:\Xilinx\Vivado\2016.3\lib\win64.o\librdi_synth.dll
0x00007ffe5ab10000 - 0x00007ffe5abc5000 	C:\Xilinx\Vivado\2016.3\lib\win64.o\librdi_hwh.dll
0x00007ffe5c630000 - 0x00007ffe5c6b2000 	C:\Xilinx\Vivado\2016.3\lib\win64.o\librdi_simbridge_kernel.dll
0x00007ffe41d50000 - 0x00007ffe42016000 	C:\Xilinx\Vivado\2016.3\lib\win64.o\librdi_ippcw.dll

VM Arguments:
jvm_args: -Dsun.java2d.pmoffscreen=false -Dsun.java2d.d3d=false -Dsun.awt.nopixfmt=true -Xverify:none -Dswing.aatext=true -XX:-UsePerfData -Djdk.map.althashing.threshold=512 -XX:StringTableSize=4072 -XX:NewSize=60m -XX:MaxNewSize=60m -Xms128m -Xmx3072m -Xss5m 
java_command: <unknown>
java_class_path (initial): C:/Xilinx/Vivado/2016.3\lib\classes\alloy.jar;C:/Xilinx/Vivado/2016.3\lib\classes\batik-anim.jar;C:/Xilinx/Vivado/2016.3\lib\classes\batik-awt-util.jar;C:/Xilinx/Vivado/2016.3\lib\classes\batik-bridge.jar;C:/Xilinx/Vivado/2016.3\lib\classes\batik-codec.jar;C:/Xilinx/Vivado/2016.3\lib\classes\batik-css.jar;C:/Xilinx/Vivado/2016.3\lib\classes\batik-dom.jar;C:/Xilinx/Vivado/2016.3\lib\classes\batik-ext.jar;C:/Xilinx/Vivado/2016.3\lib\classes\batik-gui-util.jar;C:/Xilinx/Vivado/2016.3\lib\classes\batik-gvt.jar;C:/Xilinx/Vivado/2016.3\lib\classes\batik-parser.jar;C:/Xilinx/Vivado/2016.3\lib\classes\batik-script.jar;C:/Xilinx/Vivado/2016.3\lib\classes\batik-svg-dom.jar;C:/Xilinx/Vivado/2016.3\lib\classes\batik-swing.jar;C:/Xilinx/Vivado/2016.3\lib\classes\batik-transcoder.jar;C:/Xilinx/Vivado/2016.3\lib\classes\batik-util.jar;C:/Xilinx/Vivado/2016.3\lib\classes\batik-xml.jar;C:/Xilinx/Vivado/2016.3\lib\classes\commons-math-2.2.jar;C:/Xilinx/Vivado/2016.3\lib\classes\dom4j-1.6.1.jar;C:/Xilinx/Vivado/2016.3\lib\classes\forms.jar;C:/Xilinx/Vivado/2016.3\lib\classes\guava-18.0.jar;C:/Xilinx/Vivado/2016.3\lib\classes\help.jar;C:/Xilinx/Vivado/2016.3\lib\classes\hsqldb.jar;C:/Xilinx/Vivado/2016.3\lib\classes\jh.jar;C:/Xilinx/Vivado/2016.3\lib\classes\jide-action.jar;C:/Xilinx/Vivado/2016.3\lib\classes\jide-charts.jar;C:/Xilinx/Vivado/2016.3\lib\classes\jide-common.jar;C:/Xilinx/Vivado/2016.3\lib\classes\jide-components.jar;C:/Xilinx/Vivado/2016.3\lib\classes\jide-dashboard.jar;C:/Xilinx/Vivado/2016.3\lib\classes\jide-data.jar;C:/Xilinx/Vivado/2016.3\lib\classes\jide-dialogs.jar;C:/Xilinx/Vivado/2016.3\lib\classes\jide-diff.jar;C:/Xilinx/Vivado/2016.3\lib\classes\jide-dock.jar;C:/Xilinx/Vivado/2016.3\lib\classes\jide-editor.jar;C:/Xilinx/Vivado/2016.3\lib\classes\jide-gantt.jar;C:/Xilinx/Vivado/2016.3\lib\classes\jide-grids.jar;C:/Xilinx/Vivado/2016.3\lib\classes\jide-pivot.jar;C:/Xilinx/Vivado/2016.3\lib\classes\jide-plaf-jdk7.jar;C:/Xilinx/Vivado/2
Launcher Type: generic

Environment Variables:
PATH=C:/Xilinx/Vivado/2016.3/bin;C:/Xilinx/Vivado/2016.3/lib/win64.o;C:/Xilinx/Vivado/2016.3/tps/win64/jre/bin/server;C:/Xilinx/Vivado/2016.3/tps/win64/jre/bin;C:/Xilinx/SDK/2016.3/bin;C:/Xilinx/Vivado/2016.3/ids_lite/ISE/bin/nt64;C:/Xilinx/Vivado/2016.3/ids_lite/ISE/lib/nt64;C:/Xilinx/Vivado_HLS/2016.3/bin;C:\Program Files\SlickEdit Pro 21.0.3\win\;C:\Perl64\site\bin;C:\Perl64\bin;C:\ProgramData\Oracle\Java\javapath;C:\Windows\system32;C:\Windows;C:\Windows\System32\Wbem;C:\Windows\System32\WindowsPowerShell\v1.0\;C:\Program Files (x86)\NVIDIA Corporation\PhysX\Common;C:\MinGW\bin;C:\Python27;C:\Program Files\Intel\WiFi\bin\;C:\Program Files\Common Files\Intel\WirelessCommon\;C:\Users\Mihir Shah\AppData\Local\Microsoft\WindowsApps;C:\intelFPGA\16.1\modelsim_ase\win32aloem;
USERNAME=Mihir Shah
OS=Windows_NT
PROCESSOR_IDENTIFIER=Intel64 Family 6 Model 94 Stepping 3, GenuineIntel



---------------  S Y S T E M  ---------------

OS: Windows 10.0 , 64 bit Build 15063 (10.0.15063.296)

CPU:total 8 (4 cores per cpu, 2 threads per core) family 6 model 94 stepping 3, cmov, cx8, fxsr, mmx, sse, sse2, sse3, ssse3, sse4.1, sse4.2, popcnt, avx, avx2, aes, clmul, erms, rtm, 3dnowpref, lzcnt, ht, tsc, tscinvbit, bmi1, bmi2, adx

Memory: 4k page, physical 8258516k(2620912k free), swap 21196964k(8605808k free)

vm_info: Java HotSpot(TM) 64-Bit Server VM (25.66-b18) for windows-amd64 JRE (1.8.0_66-b18), built on Nov  9 2015 10:51:13 by "java_re" with MS VC++ 10.0 (VS2010)

time: Sat Nov 04 21:40:00 2017
elapsed time: 75306 seconds (0d 20h 55m 6s)

