#
# A fatal error has been detected by the Java Runtime Environment:
#
#  Internal Error (0xc000000d), pid=3640, tid=12960
#
# JRE version: Java(TM) SE Runtime Environment (8.0_66-b18) (build 1.8.0_66-b18)
# Java VM: Java HotSpot(TM) 64-Bit Server VM (25.66-b18 mixed mode windows-amd64 compressed oops)
# Problematic frame:
# C  [ntdll.dll+0x105a50]
#
# Failed to write core dump. Minidumps are not enabled by default on client versions of Windows
#
# If you would like to submit a bug report, please visit:
#   http://bugreport.java.com/bugreport/crash.jsp
#

---------------  T H R E A D  ---------------

Current thread (0x0000000014089000):  VMThread [stack: 0x0000000015d80000,0x0000000015e80000] [id=12960]

siginfo: ExceptionCode=0xc000000d

Registers:
RAX=0x0000ef0214beddc0, RBX=0xfffffffffffffffe, RCX=0x0000000000000003, RDX=0x0000000015e7f040
RSP=0x0000000015e7f470, RBP=0x00007ffce9977408, RSI=0x0000000000000000, RDI=0x000000000000127c
R8 =0x00007ffcf7170d98, R9 =0x0000000000000000, R10=0x0000000015e7ef68, R11=0x0000000015e7ef71
R12=0x0000000029e01c40, R13=0x000000001d664f00, R14=0x0000000029e01d48, R15=0x0000000015e7f5e8
RIP=0x00007ffcf7255a50, EFLAGS=0x0000000000000202

Top of Stack: (sp=0x0000000015e7f470)
0x0000000015e7f470:   0000000000000057 fffffffffffffffe
0x0000000015e7f480:   0000000000000000 000000000000127c
0x0000000015e7f490:   00000000c000000d 0000000000000000
0x0000000015e7f4a0:   00007ffcf7255a50 0000000000000000
0x0000000015e7f4b0:   0000000000000000 0000000000000000
0x0000000015e7f4c0:   0000000000000000 0000000000000000
0x0000000015e7f4d0:   0000000000000000 0000000000000000
0x0000000015e7f4e0:   0000000000000000 0000000000000000
0x0000000015e7f4f0:   0000000000000000 0000000000000000
0x0000000015e7f500:   0000000000000000 0000000000000000
0x0000000015e7f510:   0000000000000000 0000000000000000
0x0000000015e7f520:   0000000000000000 0000000000000101
0x0000000015e7f530:   0000ef0214bec7e0 0000000000000758
0x0000000015e7f540:   0000000042000745 00007ffcf720c829
0x0000000015e7f550:   0000000001950000 0000000000000000
0x0000000015e7f560:   0000000100000115 0000000000000080 

Instructions: (pc=0x00007ffcf7255a50)
0x00007ffcf7255a30:   64 fa ff c7 44 24 20 0d 00 00 c0 b9 57 00 00 00
0x00007ffcf7255a40:   e8 eb 4b f5 ff 90 48 8d 4c 24 20 e8 f0 fa f0 ff
0x00007ffcf7255a50:   eb 00 48 8b 8c 24 c0 00 00 00 48 33 cc e8 1e 05
0x00007ffcf7255a60:   f9 ff 48 81 c4 d8 00 00 00 c3 40 55 48 83 ec 20 


Register to memory mapping:

RAX=0x0000ef0214beddc0 is an unknown value
RBX=0xfffffffffffffffe is an unknown value
RCX=0x0000000000000003 is an unknown value
RDX=0x0000000015e7f040 is an unknown value
RSP=0x0000000015e7f470 is an unknown value
RBP=0x00007ffce9977408 is an unknown value
RSI=0x0000000000000000 is an unknown value
RDI=0x000000000000127c is an unknown value
R8 =0x00007ffcf7170d98 is an unknown value
R9 =0x0000000000000000 is an unknown value
R10=0x0000000015e7ef68 is an unknown value
R11=0x0000000015e7ef71 is an unknown value
R12=0x0000000029e01c40 is an unknown value
R13=0x000000001d664f00 is an unknown value
R14=0x0000000029e01d48 is an unknown value
R15=0x0000000015e7f5e8 is an unknown value


Stack: [0x0000000015d80000,0x0000000015e80000],  sp=0x0000000015e7f470,  free space=1021k
Native frames: (J=compiled Java code, j=interpreted, Vv=VM code, C=native code)
C  [ntdll.dll+0x105a50]
C  [ntdll.dll+0xbc829]
C  [KERNEL32.DLL+0x1e6fa]
C  [MSVCR110.dll+0x752d]
C  [MSVCR110.dll+0x73c6]
C  [MSVCR110.dll+0x14cca]
C  [MSVCR110.dll+0x13edc]
C  [MSVCR110.dll+0x239e]
C  [MSVCR110.dll+0xaf9e]
C  [MSVCP110.dll+0x397b9]
C  [librdi_common.dll+0x183a66]
C  [librdi_common.dll+0x1826fb]
C  0x00007ffce37c2400
C  0x00007ffce37c2682
C  [ntdll.dll+0x2485f]
C  [ntdll.dll+0x4d43c]
C  [ntdll.dll+0x4d2f4]
C  [KERNEL32.DLL+0x1c0da]
C  [MSVCR100.dll+0x20ccd]
V  [jvm.dll+0x210cc5]
V  [jvm.dll+0x249897]
V  [jvm.dll+0x248b36]
V  [jvm.dll+0x248fd1]
V  [jvm.dll+0x2491ee]
V  [jvm.dll+0x29a0fa]
C  [MSVCR100.dll+0x21d9f]
C  [MSVCR100.dll+0x21e3b]
C  [KERNEL32.DLL+0x12774]
C  [ntdll.dll+0x70d51]

VM_Operation (0x000000000014f4c0): Exit, mode: safepoint, requested by thread 0x000000000281e000


---------------  P R O C E S S  ---------------

Java Threads: ( => current thread )
  0x000000001b031000 JavaThread "TCF Channel Transmitter" daemon [_thread_blocked, id=15144, stack(0x0000000062910000,0x0000000062a10000)]
  0x000000001b030000 JavaThread "TCF Channel Receiver" daemon [_thread_in_native, id=1320, stack(0x0000000062810000,0x0000000062910000)]
  0x0000000021d88000 JavaThread "Thread-29" daemon [_thread_blocked, id=13296, stack(0x000000002a9f0000,0x000000002aaf0000)]
  0x000000002384d000 JavaThread "TCF Channel Transmitter" daemon [_thread_blocked, id=9172, stack(0x00000000296f0000,0x00000000297f0000)]
  0x0000000023854000 JavaThread "TCF Channel Receiver" daemon [_thread_in_native, id=6752, stack(0x00000000295f0000,0x00000000296f0000)]
  0x000000002384c800 JavaThread "Process monitor" daemon [_thread_in_native, id=4060, stack(0x00000000290f0000,0x00000000291f0000)]
  0x0000000023851800 JavaThread "Input Stream Monitor" daemon [_thread_blocked, id=10056, stack(0x0000000028ff0000,0x00000000290f0000)]
  0x0000000023851000 JavaThread "Output Stream Monitor" daemon [_thread_in_native, id=4768, stack(0x0000000028ef0000,0x0000000028ff0000)]
  0x0000000023850000 JavaThread "Output Stream Monitor" daemon [_thread_in_native, id=12720, stack(0x0000000028df0000,0x0000000028ef0000)]
  0x000000002384b000 JavaThread "TCF Locator DNS Lookup" daemon [_thread_blocked, id=7472, stack(0x0000000026730000,0x0000000026830000)]
  0x000000002384a000 JavaThread "TCF Locator Timer" daemon [_thread_blocked, id=11792, stack(0x0000000026630000,0x0000000026730000)]
  0x0000000023849800 JavaThread "TCF Locator Receiver" daemon [_thread_in_native, id=7636, stack(0x0000000026530000,0x0000000026630000)]
  0x0000000018c13000 JavaThread "TCF Timer Dispatcher" daemon [_thread_blocked, id=1160, stack(0x0000000026330000,0x0000000026430000)]
  0x0000000018c16800 JavaThread "EMF Reference Cleaner" daemon [_thread_blocked, id=10408, stack(0x000000001a550000,0x000000001a650000)]
  0x0000000016238000 JavaThread "Service Thread" daemon [_thread_blocked, id=2728, stack(0x0000000016b70000,0x0000000016c70000)]
  0x00000000161aa800 JavaThread "C1 CompilerThread3" daemon [_thread_blocked, id=12728, stack(0x0000000016a70000,0x0000000016b70000)]
  0x00000000161a4800 JavaThread "C2 CompilerThread2" daemon [_thread_blocked, id=1416, stack(0x0000000016970000,0x0000000016a70000)]
  0x000000001619d000 JavaThread "C2 CompilerThread1" daemon [_thread_blocked, id=7736, stack(0x0000000016870000,0x0000000016970000)]
  0x000000001619a000 JavaThread "C2 CompilerThread0" daemon [_thread_blocked, id=5816, stack(0x0000000016770000,0x0000000016870000)]
  0x0000000016198800 JavaThread "Attach Listener" daemon [_thread_blocked, id=6168, stack(0x0000000016670000,0x0000000016770000)]
  0x0000000016197000 JavaThread "Signal Dispatcher" daemon [_thread_blocked, id=2092, stack(0x0000000016570000,0x0000000016670000)]
  0x00000000027b9800 JavaThread "Finalizer" daemon [_thread_blocked, id=11504, stack(0x0000000015f80000,0x0000000016080000)]
  0x000000001408d800 JavaThread "Reference Handler" daemon [_thread_blocked, id=1880, stack(0x0000000015e80000,0x0000000015f80000)]
  0x000000000281e000 JavaThread "main" [_thread_blocked, id=13672, stack(0x0000000000050000,0x0000000000150000)]

Other Threads:
=>0x0000000014089000 VMThread [stack: 0x0000000015d80000,0x0000000015e80000] [id=12960]

VM state:at safepoint (shutting down)

VM Mutex/Monitor currently owned by a thread:  ([mutex/lock_event])
[0x000000000281d3d0] Threads_lock - owner thread: 0x0000000014089000

Heap:
 PSYoungGen      total 162304K, used 119057K [0x00000000f5580000, 0x0000000100000000, 0x0000000100000000)
  eden space 150016K, 73% used [0x00000000f5580000,0x00000000fc123680,0x00000000fe800000)
  from space 12288K, 71% used [0x00000000ff400000,0x00000000ffca0f68,0x0000000100000000)
  to   space 12288K, 0% used [0x00000000fe800000,0x00000000fe800000,0x00000000ff400000)
 ParOldGen       total 135680K, used 86407K [0x00000000e0000000, 0x00000000e8480000, 0x00000000f5580000)
  object space 135680K, 63% used [0x00000000e0000000,0x00000000e5461e18,0x00000000e8480000)
 Metaspace       used 106971K, capacity 114632K, committed 114712K, reserved 1148928K
  class space    used 12200K, capacity 14611K, committed 14640K, reserved 1048576K

Card table byte_map: [0x0000000011be0000,0x0000000011cf0000] byte_map_base: 0x00000000114e0000

Marking Bits: (ParMarkBitMap*) 0x000000005264a5b0
 Begin Bits: [0x00000000125a0000, 0x0000000012da0000)
 End Bits:   [0x0000000012da0000, 0x00000000135a0000)

Polling page: 0x00000000005b0000

CodeCache: size=245760Kb used=85440Kb max_used=85729Kb free=160319Kb
 bounds [0x0000000002820000, 0x0000000007c90000, 0x0000000011820000]
 total_blobs=21960 nmethods=21032 adapters=832
 compilation: enabled

Compilation events (10 events):
Event: 143339.974 Thread 0x00000000161aa800 28978       3       java.util.concurrent.atomic.AtomicReference::getAndSet (12 bytes)
Event: 143339.974 Thread 0x00000000161aa800 nmethod 28978 0x0000000004ffe550 code [0x0000000004ffe6a0, 0x0000000004ffe810]
Event: 143339.974 Thread 0x00000000161aa800 28979       3       sun.misc.Unsafe::getAndSetObject (24 bytes)
Event: 143339.974 Thread 0x00000000161aa800 nmethod 28979 0x0000000005d65450 code [0x0000000005d655c0, 0x0000000005d657d0]
Event: 143339.974 Thread 0x00000000161aa800 28980       3       org.eclipse.osgi.internal.framework.EquinoxContainerAdaptor::invalidateWiring (186 bytes)
Event: 143339.978 Thread 0x00000000161aa800 nmethod 28980 0x000000000703f350 code [0x000000000703f720, 0x0000000007042098]
Event: 143339.978 Thread 0x00000000161aa800 28981   !   3       org.eclipse.osgi.container.ModuleDatabase::getRevisionsTimestamp (25 bytes)
Event: 143339.979 Thread 0x00000000161aa800 nmethod 28981 0x00000000032ade50 code [0x00000000032ae060, 0x00000000032aed98]
Event: 143339.979 Thread 0x00000000161aa800 28983       3       org.eclipse.osgi.internal.framework.EquinoxContainerAdaptor::clearManifestCache (84 bytes)
Event: 143339.981 Thread 0x00000000161aa800 nmethod 28983 0x000000000414b4d0 code [0x000000000414b720, 0x000000000414ce38]

GC Heap History (10 events):
Event: 142686.915 GC heap before
{Heap before GC invocations=639 (full 147):
 PSYoungGen      total 164864K, used 164842K [0x00000000f5580000, 0x0000000100000000, 0x0000000100000000)
  eden space 155136K, 100% used [0x00000000f5580000,0x00000000fed00000,0x00000000fed00000)
  from space 9728K, 99% used [0x00000000fed00000,0x00000000ff67aa58,0x00000000ff680000)
  to   space 9728K, 0% used [0x00000000ff680000,0x00000000ff680000,0x0000000100000000)
 ParOldGen       total 135680K, used 86191K [0x00000000e0000000, 0x00000000e8480000, 0x00000000f5580000)
  object space 135680K, 63% used [0x00000000e0000000,0x00000000e542be18,0x00000000e8480000)
 Metaspace       used 106353K, capacity 114130K, committed 114328K, reserved 1148928K
  class space    used 12138K, capacity 14448K, committed 14512K, reserved 1048576K
Event: 142686.934 GC heap after
Heap after GC invocations=639 (full 147):
 PSYoungGen      total 161792K, used 7122K [0x00000000f5580000, 0x0000000100000000, 0x0000000100000000)
  eden space 152064K, 0% used [0x00000000f5580000,0x00000000f5580000,0x00000000fea00000)
  from space 9728K, 73% used [0x00000000ff680000,0x00000000ffd74b28,0x0000000100000000)
  to   space 11264K, 0% used [0x00000000fea00000,0x00000000fea00000,0x00000000ff500000)
 ParOldGen       total 135680K, used 86191K [0x00000000e0000000, 0x00000000e8480000, 0x00000000f5580000)
  object space 135680K, 63% used [0x00000000e0000000,0x00000000e542be18,0x00000000e8480000)
 Metaspace       used 106353K, capacity 114130K, committed 114328K, reserved 1148928K
  class space    used 12138K, capacity 14448K, committed 14512K, reserved 1048576K
}
Event: 142854.087 GC heap before
{Heap before GC invocations=640 (full 147):
 PSYoungGen      total 161792K, used 159186K [0x00000000f5580000, 0x0000000100000000, 0x0000000100000000)
  eden space 152064K, 100% used [0x00000000f5580000,0x00000000fea00000,0x00000000fea00000)
  from space 9728K, 73% used [0x00000000ff680000,0x00000000ffd74b28,0x0000000100000000)
  to   space 11264K, 0% used [0x00000000fea00000,0x00000000fea00000,0x00000000ff500000)
 ParOldGen       total 135680K, used 86191K [0x00000000e0000000, 0x00000000e8480000, 0x00000000f5580000)
  object space 135680K, 63% used [0x00000000e0000000,0x00000000e542be18,0x00000000e8480000)
 Metaspace       used 106477K, capacity 114194K, committed 114328K, reserved 1148928K
  class space    used 12149K, capacity 14448K, committed 14512K, reserved 1048576K
Event: 142854.102 GC heap after
Heap after GC invocations=640 (full 147):
 PSYoungGen      total 161280K, used 8931K [0x00000000f5580000, 0x0000000100000000, 0x0000000100000000)
  eden space 152064K, 0% used [0x00000000f5580000,0x00000000f5580000,0x00000000fea00000)
  from space 9216K, 96% used [0x00000000fea00000,0x00000000ff2b8dc0,0x00000000ff300000)
  to   space 11776K, 0% used [0x00000000ff480000,0x00000000ff480000,0x0000000100000000)
 ParOldGen       total 135680K, used 86199K [0x00000000e0000000, 0x00000000e8480000, 0x00000000f5580000)
  object space 135680K, 63% used [0x00000000e0000000,0x00000000e542de18,0x00000000e8480000)
 Metaspace       used 106477K, capacity 114194K, committed 114328K, reserved 1148928K
  class space    used 12149K, capacity 14448K, committed 14512K, reserved 1048576K
}
Event: 142901.812 GC heap before
{Heap before GC invocations=641 (full 147):
 PSYoungGen      total 161280K, used 160995K [0x00000000f5580000, 0x0000000100000000, 0x0000000100000000)
  eden space 152064K, 100% used [0x00000000f5580000,0x00000000fea00000,0x00000000fea00000)
  from space 9216K, 96% used [0x00000000fea00000,0x00000000ff2b8dc0,0x00000000ff300000)
  to   space 11776K, 0% used [0x00000000ff480000,0x00000000ff480000,0x0000000100000000)
 ParOldGen       total 135680K, used 86199K [0x00000000e0000000, 0x00000000e8480000, 0x00000000f5580000)
  object space 135680K, 63% used [0x00000000e0000000,0x00000000e542de18,0x00000000e8480000)
 Metaspace       used 106509K, capacity 114194K, committed 114328K, reserved 1148928K
  class space    used 12149K, capacity 14448K, committed 14512K, reserved 1048576K
Event: 142901.823 GC heap after
Heap after GC invocations=641 (full 147):
 PSYoungGen      total 161792K, used 9411K [0x00000000f5580000, 0x0000000100000000, 0x0000000100000000)
  eden space 150016K, 0% used [0x00000000f5580000,0x00000000f5580000,0x00000000fe800000)
  from space 11776K, 79% used [0x00000000ff480000,0x00000000ffdb0e68,0x0000000100000000)
  to   space 12288K, 0% used [0x00000000fe800000,0x00000000fe800000,0x00000000ff400000)
 ParOldGen       total 135680K, used 86207K [0x00000000e0000000, 0x00000000e8480000, 0x00000000f5580000)
  object space 135680K, 63% used [0x00000000e0000000,0x00000000e542fe18,0x00000000e8480000)
 Metaspace       used 106509K, capacity 114194K, committed 114328K, reserved 1148928K
  class space    used 12149K, capacity 14448K, committed 14512K, reserved 1048576K
}
Event: 143117.972 GC heap before
{Heap before GC invocations=642 (full 147):
 PSYoungGen      total 161792K, used 159427K [0x00000000f5580000, 0x0000000100000000, 0x0000000100000000)
  eden space 150016K, 100% used [0x00000000f5580000,0x00000000fe800000,0x00000000fe800000)
  from space 11776K, 79% used [0x00000000ff480000,0x00000000ffdb0e68,0x0000000100000000)
  to   space 12288K, 0% used [0x00000000fe800000,0x00000000fe800000,0x00000000ff400000)
 ParOldGen       total 135680K, used 86207K [0x00000000e0000000, 0x00000000e8480000, 0x00000000f5580000)
  object space 135680K, 63% used [0x00000000e0000000,0x00000000e542fe18,0x00000000e8480000)
 Metaspace       used 106514K, capacity 114194K, committed 114328K, reserved 1148928K
  class space    used 12149K, capacity 14448K, committed 14512K, reserved 1048576K
Event: 143117.980 GC heap after
Heap after GC invocations=642 (full 147):
 PSYoungGen      total 162304K, used 8883K [0x00000000f5580000, 0x0000000100000000, 0x0000000100000000)
  eden space 150016K, 0% used [0x00000000f5580000,0x00000000f5580000,0x00000000fe800000)
  from space 12288K, 72% used [0x00000000fe800000,0x00000000ff0acfc8,0x00000000ff400000)
  to   space 12288K, 0% used [0x00000000ff400000,0x00000000ff400000,0x0000000100000000)
 ParOldGen       total 135680K, used 86279K [0x00000000e0000000, 0x00000000e8480000, 0x00000000f5580000)
  object space 135680K, 63% used [0x00000000e0000000,0x00000000e5441e18,0x00000000e8480000)
 Metaspace       used 106514K, capacity 114194K, committed 114328K, reserved 1148928K
  class space    used 12149K, capacity 14448K, committed 14512K, reserved 1048576K
}
Event: 143184.167 GC heap before
{Heap before GC invocations=643 (full 147):
 PSYoungGen      total 162304K, used 158899K [0x00000000f5580000, 0x0000000100000000, 0x0000000100000000)
  eden space 150016K, 100% used [0x00000000f5580000,0x00000000fe800000,0x00000000fe800000)
  from space 12288K, 72% used [0x00000000fe800000,0x00000000ff0acfc8,0x00000000ff400000)
  to   space 12288K, 0% used [0x00000000ff400000,0x00000000ff400000,0x0000000100000000)
 ParOldGen       total 135680K, used 86279K [0x00000000e0000000, 0x00000000e8480000, 0x00000000f5580000)
  object space 135680K, 63% used [0x00000000e0000000,0x00000000e5441e18,0x00000000e8480000)
 Metaspace       used 106520K, capacity 114194K, committed 114328K, reserved 1148928K
  class space    used 12149K, capacity 14448K, committed 14512K, reserved 1048576K
Event: 143184.174 GC heap after
Heap after GC invocations=643 (full 147):
 PSYoungGen      total 162304K, used 8835K [0x00000000f5580000, 0x0000000100000000, 0x0000000100000000)
  eden space 150016K, 0% used [0x00000000f5580000,0x00000000f5580000,0x00000000fe800000)
  from space 12288K, 71% used [0x00000000ff400000,0x00000000ffca0f68,0x0000000100000000)
  to   space 12288K, 0% used [0x00000000fe800000,0x00000000fe800000,0x00000000ff400000)
 ParOldGen       total 135680K, used 86407K [0x00000000e0000000, 0x00000000e8480000, 0x00000000f5580000)
  object space 135680K, 63% used [0x00000000e0000000,0x00000000e5461e18,0x00000000e8480000)
 Metaspace       used 106520K, capacity 114194K, committed 114328K, reserved 1148928K
  class space    used 12149K, capacity 14448K, committed 14512K, reserved 1048576K
}

Deoptimization events (10 events):
Event: 143339.228 Thread 0x0000000021d8e800 Uncommon trap: reason=unstable_if action=reinterpret pc=0x00000000046fc9e4 method=org.eclipse.osgi.internal.framework.FilterImpl.compare_Long(IJLjava/lang/Object;)Z @ 146
Event: 143339.253 Thread 0x0000000021d8e800 Uncommon trap: reason=unstable_if action=reinterpret pc=0x00000000046baf30 method=java.lang.Class.getDeclaredMethod(Ljava/lang/String;[Ljava/lang/Class;)Ljava/lang/reflect/Method; @ 21
Event: 143339.371 Thread 0x0000000018c13800 Uncommon trap: reason=unstable_if action=reinterpret pc=0x0000000006b58150 method=org.eclipse.tcf.EventQueue.run()V @ 13
Event: 143339.500 Thread 0x0000000018c11800 Uncommon trap: reason=unstable_if action=reinterpret pc=0x000000000626a5a0 method=org.eclipse.osgi.framework.eventmgr.EventManager$EventThread.getNextEvent()Lorg/eclipse/osgi/framework/eventmgr/EventManager$EventThread$Queued; @ 15
Event: 143339.543 Thread 0x000000001b031800 Uncommon trap: reason=unstable_if action=reinterpret pc=0x0000000006905210 method=org.eclipse.core.internal.jobs.WorkerPool.startJob(Lorg/eclipse/core/internal/jobs/Worker;)Lorg/eclipse/core/internal/jobs/InternalJob; @ 177
Event: 143339.543 Thread 0x000000001b037000 Uncommon trap: reason=unstable_if action=reinterpret pc=0x0000000006905210 method=org.eclipse.core.internal.jobs.WorkerPool.startJob(Lorg/eclipse/core/internal/jobs/Worker;)Lorg/eclipse/core/internal/jobs/InternalJob; @ 177
Event: 143339.543 Thread 0x000000001b02a000 Uncommon trap: reason=unstable_if action=reinterpret pc=0x0000000006905210 method=org.eclipse.core.internal.jobs.WorkerPool.startJob(Lorg/eclipse/core/internal/jobs/Worker;)Lorg/eclipse/core/internal/jobs/InternalJob; @ 177
Event: 143339.543 Thread 0x0000000023853000 Uncommon trap: reason=unstable_if action=reinterpret pc=0x0000000006905210 method=org.eclipse.core.internal.jobs.WorkerPool.startJob(Lorg/eclipse/core/internal/jobs/Worker;)Lorg/eclipse/core/internal/jobs/InternalJob; @ 177
Event: 143339.543 Thread 0x000000001b034000 Uncommon trap: reason=unstable_if action=reinterpret pc=0x0000000006905210 method=org.eclipse.core.internal.jobs.WorkerPool.startJob(Lorg/eclipse/core/internal/jobs/Worker;)Lorg/eclipse/core/internal/jobs/InternalJob; @ 177
Event: 143339.918 Thread 0x0000000018c16000 Uncommon trap: reason=unstable_if action=reinterpret pc=0x000000000626a5a0 method=org.eclipse.osgi.framework.eventmgr.EventManager$EventThread.getNextEvent()Lorg/eclipse/osgi/framework/eventmgr/EventManager$EventThread$Queued; @ 15

Internal exceptions (10 events):
Event: 143337.069 Thread 0x000000000281e000 Exception <a 'java/io/FileNotFoundException'> (0x00000000fb5fdfb0) thrown at [C:\re\workspace\8-2-build-windows-amd64-cygwin\jdk8u66\5298\hotspot\src\share\vm\prims\jni.cpp, line 709]
Event: 143337.069 Thread 0x000000000281e000 Exception <a 'java/io/FileNotFoundException'> (0x00000000fb5ffc80) thrown at [C:\re\workspace\8-2-build-windows-amd64-cygwin\jdk8u66\5298\hotspot\src\share\vm\prims\jni.cpp, line 709]
Event: 143337.069 Thread 0x000000000281e000 Exception <a 'java/io/FileNotFoundException'> (0x00000000fb601958) thrown at [C:\re\workspace\8-2-build-windows-amd64-cygwin\jdk8u66\5298\hotspot\src\share\vm\prims\jni.cpp, line 709]
Event: 143337.070 Thread 0x000000000281e000 Exception <a 'java/io/FileNotFoundException'> (0x00000000fb603790) thrown at [C:\re\workspace\8-2-build-windows-amd64-cygwin\jdk8u66\5298\hotspot\src\share\vm\prims\jni.cpp, line 709]
Event: 143337.590 Thread 0x0000000023854800 Exception <a 'java/lang/InterruptedException'> (0x00000000fbac76f0) thrown at [C:\re\workspace\8-2-build-windows-amd64-cygwin\jdk8u66\5298\hotspot\src\share\vm\runtime\objectMonitor.cpp, line 1683]
Event: 143337.712 Thread 0x0000000021d8e800 Implicit null exception at 0x0000000003ffee2a to 0x000000000400047e
Event: 143339.500 Thread 0x0000000018c11800 Exception <a 'java/lang/InterruptedException'> (0x00000000fb658a20) thrown at [C:\re\workspace\8-2-build-windows-amd64-cygwin\jdk8u66\5298\hotspot\src\share\vm\runtime\objectMonitor.cpp, line 1683]
Event: 143339.567 Thread 0x00000000188b0800 Exception <a 'java/lang/InterruptedException'> (0x00000000fbecbf38) thrown at [C:\re\workspace\8-2-build-windows-amd64-cygwin\jdk8u66\5298\hotspot\src\share\vm\runtime\objectMonitor.cpp, line 1683]
Event: 143339.918 Thread 0x0000000018c16000 Exception <a 'java/lang/InterruptedException'> (0x00000000f8a27648) thrown at [C:\re\workspace\8-2-build-windows-amd64-cygwin\jdk8u66\5298\hotspot\src\share\vm\runtime\objectMonitor.cpp, line 1683]
Event: 143339.920 Thread 0x0000000018a67800 Exception <a 'java/lang/InterruptedException'> (0x00000000fc0679b8) thrown at [C:\re\workspace\8-2-build-windows-amd64-cygwin\jdk8u66\5298\hotspot\src\share\vm\runtime\objectMonitor.cpp, line 1683]

Events (10 events):
Event: 143340.092 loading class java/util/IdentityHashMap$KeyIterator done
Event: 143340.092 Thread 0x0000000021d90000 Thread added: 0x0000000021d90000
Event: 143340.093 Executing VM operation: RevokeBias
Event: 143340.093 Executing VM operation: RevokeBias done
Event: 143340.093 Executing VM operation: RevokeBias
Event: 143340.093 Executing VM operation: RevokeBias done
Event: 143340.093 Executing VM operation: RevokeBias
Event: 143340.093 Executing VM operation: RevokeBias done
Event: 143340.093 Thread 0x0000000021d90000 Thread exited: 0x0000000021d90000
Event: 143340.130 Executing VM operation: Exit


Dynamic libraries:
0x0000000000400000 - 0x000000000044f000 	C:\Xilinx\SDK\2016.3\eclipse\win64.o\eclipse.exe
0x00007ffcf7150000 - 0x00007ffcf732b000 	C:\WINDOWS\SYSTEM32\ntdll.dll
0x00007ffcf6280000 - 0x00007ffcf632e000 	C:\WINDOWS\System32\KERNEL32.DLL
0x00007ffcf3900000 - 0x00007ffcf3b49000 	C:\WINDOWS\System32\KERNELBASE.dll
0x00007ffcf66d0000 - 0x00007ffcf681a000 	C:\WINDOWS\System32\USER32.dll
0x00007ffcf3d90000 - 0x00007ffcf3dae000 	C:\WINDOWS\System32\win32u.dll
0x00007ffcf6510000 - 0x00007ffcf6537000 	C:\WINDOWS\System32\GDI32.dll
0x00007ffcf3670000 - 0x00007ffcf37f7000 	C:\WINDOWS\System32\gdi32full.dll
0x00007ffcf4510000 - 0x00007ffcf45aa000 	C:\WINDOWS\System32\msvcp_win.dll
0x00007ffcf45b0000 - 0x00007ffcf46a6000 	C:\WINDOWS\System32\ucrtbase.dll
0x00007ffcf5f40000 - 0x00007ffcf5fdd000 	C:\WINDOWS\System32\msvcrt.dll
0x00007ffceb990000 - 0x00007ffcebbf7000 	C:\WINDOWS\WinSxS\amd64_microsoft.windows.common-controls_6595b64144ccf1df_6.0.15063.483_none_26002d27e7c744a2\COMCTL32.dll
0x00007ffcf6970000 - 0x00007ffcf6c69000 	C:\WINDOWS\System32\combase.dll
0x00007ffcf63e0000 - 0x00007ffcf6505000 	C:\WINDOWS\System32\RPCRT4.dll
0x00007ffcf3d20000 - 0x00007ffcf3d8a000 	C:\WINDOWS\System32\bcryptPrimitives.dll
0x00007ffcf4a50000 - 0x00007ffcf4a7d000 	C:\WINDOWS\System32\IMM32.DLL
0x0000000072000000 - 0x0000000072012000 	C:\Xilinx\SDK\2016.3\eclipse\win64.o\plugins\org.eclipse.equinox.launcher.win32.win32.x86_64_1.1.300.v20150602-1417\eclipse_1611.dll
0x00007ffcf6540000 - 0x00007ffcf65e1000 	C:\WINDOWS\System32\ADVAPI32.dll
0x00007ffcf6670000 - 0x00007ffcf66c9000 	C:\WINDOWS\System32\sechost.dll
0x00007ffce8b70000 - 0x00007ffce8b7a000 	C:\WINDOWS\SYSTEM32\VERSION.dll
0x00007ffcf1da0000 - 0x00007ffcf1e35000 	C:\WINDOWS\system32\uxtheme.dll
0x00007ffcf46b0000 - 0x00007ffcf4816000 	C:\WINDOWS\System32\MSCTF.dll
0x00007ffcf5fe0000 - 0x00007ffcf60a0000 	C:\WINDOWS\System32\OLEAUT32.dll
0x00007ffcd4270000 - 0x00007ffcd4311000 	C:\Program Files\Common Files\microsoft shared\ink\tiptsf.dll
0x0000000051e40000 - 0x00000000526c9000 	C:\Xilinx\SDK\2016.3\tps\win64\jre\bin\server\jvm.dll
0x00007ffcf48a0000 - 0x00007ffcf48a8000 	C:\WINDOWS\System32\PSAPI.DLL
0x00007ffcef5f0000 - 0x00007ffcef5f9000 	C:\WINDOWS\SYSTEM32\WSOCK32.dll
0x00007ffcec9b0000 - 0x00007ffcec9d3000 	C:\WINDOWS\SYSTEM32\WINMM.dll
0x0000000052a30000 - 0x0000000052b02000 	C:\WINDOWS\SYSTEM32\MSVCR100.dll
0x00007ffcf60a0000 - 0x00007ffcf610c000 	C:\WINDOWS\System32\WS2_32.dll
0x00007ffcec980000 - 0x00007ffcec9ab000 	C:\WINDOWS\SYSTEM32\WINMMBASE.dll
0x00007ffcf38b0000 - 0x00007ffcf38f9000 	C:\WINDOWS\System32\cfgmgr32.dll
0x0000000051d00000 - 0x0000000051d0f000 	C:\Xilinx\SDK\2016.3\tps\win64\jre\bin\verify.dll
0x0000000051cd0000 - 0x0000000051cf9000 	C:\Xilinx\SDK\2016.3\tps\win64\jre\bin\java.dll
0x0000000051cb0000 - 0x0000000051cc6000 	C:\Xilinx\SDK\2016.3\tps\win64\jre\bin\zip.dll
0x00007ffcf4a90000 - 0x00007ffcf5ec6000 	C:\WINDOWS\System32\SHELL32.dll
0x00007ffcf6330000 - 0x00007ffcf63da000 	C:\WINDOWS\System32\shcore.dll
0x00007ffcf3db0000 - 0x00007ffcf44a1000 	C:\WINDOWS\System32\windows.storage.dll
0x00007ffcf6110000 - 0x00007ffcf6161000 	C:\WINDOWS\System32\shlwapi.dll
0x00007ffcf3650000 - 0x00007ffcf3661000 	C:\WINDOWS\System32\kernel.appcore.dll
0x00007ffcf3600000 - 0x00007ffcf364c000 	C:\WINDOWS\System32\powrprof.dll
0x00007ffcf35c0000 - 0x00007ffcf35d5000 	C:\WINDOWS\System32\profapi.dll
0x00007ffcf3070000 - 0x00007ffcf3087000 	C:\WINDOWS\SYSTEM32\CRYPTSP.dll
0x00007ffcf2af0000 - 0x00007ffcf2b24000 	C:\WINDOWS\system32\rsaenh.dll
0x00007ffcf3180000 - 0x00007ffcf31a5000 	C:\WINDOWS\SYSTEM32\bcrypt.dll
0x00007ffcf34f0000 - 0x00007ffcf3519000 	C:\WINDOWS\SYSTEM32\USERENV.dll
0x00007ffcf3090000 - 0x00007ffcf309b000 	C:\WINDOWS\SYSTEM32\CRYPTBASE.dll
0x0000000051c90000 - 0x0000000051caa000 	C:\Xilinx\SDK\2016.3\tps\win64\jre\bin\net.dll
0x00007ffcf2ed0000 - 0x00007ffcf2f2c000 	C:\WINDOWS\system32\mswsock.dll
0x00007ffcf2c70000 - 0x00007ffcf2ca7000 	C:\WINDOWS\SYSTEM32\IPHLPAPI.DLL
0x00007ffcf5f30000 - 0x00007ffcf5f38000 	C:\WINDOWS\System32\NSI.dll
0x00007ffcedbc0000 - 0x00007ffcedbd6000 	C:\WINDOWS\SYSTEM32\dhcpcsvc6.DLL
0x00007ffcedba0000 - 0x00007ffcedbba000 	C:\WINDOWS\SYSTEM32\dhcpcsvc.DLL
0x0000000051c70000 - 0x0000000051c81000 	C:\Xilinx\SDK\2016.3\tps\win64\jre\bin\nio.dll
0x00007ffcd7f70000 - 0x00007ffcd7ff2000 	C:\WINDOWS\System32\TextInputFramework.dll
0x00007ffcdb4a0000 - 0x00007ffcdb772000 	C:\WINDOWS\System32\CoreUIComponents.dll
0x00007ffcf0be0000 - 0x00007ffcf0cc3000 	C:\WINDOWS\System32\CoreMessaging.dll
0x00007ffcf2810000 - 0x00007ffcf2841000 	C:\WINDOWS\SYSTEM32\ntmarta.dll
0x00007ffcefc00000 - 0x00007ffcefc15000 	C:\WINDOWS\SYSTEM32\usermgrcli.dll
0x00007ffcf16d0000 - 0x00007ffcf1809000 	C:\WINDOWS\SYSTEM32\wintypes.dll
0x00007ffce9210000 - 0x00007ffce923a000 	C:\WINDOWS\system32\dwmapi.dll
0x00007ffcf70b0000 - 0x00007ffcf714e000 	C:\WINDOWS\System32\clbcatq.dll
0x00007ffcd40a0000 - 0x00007ffcd4265000 	C:\Windows\System32\uiautomationcore.dll
0x00007ffcf3420000 - 0x00007ffcf34ba000 	C:\WINDOWS\SYSTEM32\sxs.dll
0x00007ffce91a0000 - 0x00007ffce920b000 	C:\Windows\System32\OLEACC.dll
0x00007ffcd36e0000 - 0x00007ffcd36f6000 	C:\WINDOWS\system32\napinsp.dll
0x00007ffcd38b0000 - 0x00007ffcd38ca000 	C:\WINDOWS\system32\pnrpnsp.dll
0x00007ffcefd30000 - 0x00007ffcefd48000 	C:\WINDOWS\system32\NLAapi.dll
0x00007ffcf2cb0000 - 0x00007ffcf2d54000 	C:\WINDOWS\SYSTEM32\DNSAPI.dll
0x00007ffcd4f00000 - 0x00007ffcd4f0e000 	C:\WINDOWS\System32\winrnr.dll
0x00007ffcef760000 - 0x00007ffcef775000 	C:\WINDOWS\System32\wshbth.dll
0x00007ffcea910000 - 0x00007ffcea91a000 	C:\Windows\System32\rasadhlp.dll
0x00007ffcec420000 - 0x00007ffcec48b000 	C:\WINDOWS\System32\fwpuclnt.dll
0x00007ffcf6820000 - 0x00007ffcf6965000 	C:\WINDOWS\System32\ole32.dll
0x000000001a250000 - 0x000000001a2f8000 	C:\Users\Mihir Shah\.Xilinx\SDK\2016.3\org.eclipse.osgi\319\0\.cp\swt-win32-4527.dll
0x00007ffcf6170000 - 0x00007ffcf6278000 	C:\WINDOWS\System32\comdlg32.dll
0x00007ffcf3b50000 - 0x00007ffcf3d19000 	C:\WINDOWS\System32\CRYPT32.dll
0x00007ffcf35e0000 - 0x00007ffcf35f1000 	C:\WINDOWS\System32\MSASN1.dll
0x00007ffceb8d0000 - 0x00007ffceb95a000 	C:\WINDOWS\SYSTEM32\WINSPOOL.DRV
0x00007ffcc5300000 - 0x00007ffcc5319000 	C:\WINDOWS\SYSTEM32\USP10.dll
0x00007ffce8210000 - 0x00007ffce853e000 	C:\WINDOWS\SYSTEM32\WININET.dll
0x00007ffceeed0000 - 0x00007ffcef066000 	C:\WINDOWS\SYSTEM32\propsys.dll
0x000000001a890000 - 0x000000001a8ae000 	C:\Users\Mihir Shah\.Xilinx\SDK\2016.3\org.eclipse.osgi\319\0\.cp\swt-gdip-win32-4527.dll
0x00007ffceb730000 - 0x00007ffceb8c5000 	C:\WINDOWS\WinSxS\amd64_microsoft.windows.gdiplus_6595b64144ccf1df_1.1.15063.608_none_56f0266b425534e9\gdiplus.dll
0x00007ffcdc0d0000 - 0x00007ffcdc27c000 	C:\WINDOWS\SYSTEM32\WindowsCodecs.dll
0x0000000180000000 - 0x0000000180012000 	C:\Users\Mihir Shah\.Xilinx\SDK\2016.3\org.eclipse.osgi\133\0\.cp\os\win32\x86_64\localfile_1_0_0.dll
0x00007ffcf2040000 - 0x00007ffcf21b0000 	C:\WINDOWS\system32\twinapi.appcore.dll
0x00007ffcebc00000 - 0x00007ffcebc07000 	C:\WINDOWS\SYSTEM32\msimg32.dll
0x00007ffcefdc0000 - 0x00007ffcefdd1000 	C:\Users\Mihir Shah\.Xilinx\SDK\2016.3\org.eclipse.osgi\136\0\.cp\jWinHttp-1.0.0.dll
0x00007ffceb180000 - 0x00007ffceb257000 	C:\WINDOWS\SYSTEM32\WINHTTP.dll
0x00007ffcf1490000 - 0x00007ffcf149f000 	C:\Xilinx\SDK\2016.3\lib\win64.o\librdi_repo_manager.dll
0x00007ffce37d0000 - 0x00007ffce37fa000 	C:\Xilinx\SDK\2016.3\lib\win64.o\libisl_sysinfo.dll
0x00007ffc77580000 - 0x00007ffc78029000 	C:\Xilinx\SDK\2016.3\lib\win64.o\librdi_common.dll
0x00007ffcdcf80000 - 0x00007ffcdcfd3000 	C:\Xilinx\SDK\2016.3\lib\win64.o\librdi_commonxillic.dll
0x00007ffce9970000 - 0x00007ffce9a44000 	C:\WINDOWS\SYSTEM32\MSVCR110.dll
0x00007ffcb4150000 - 0x00007ffcb4348000 	C:\Xilinx\SDK\2016.3\lib\win64.o\librdi_hsm.dll
0x00007ffce98c0000 - 0x00007ffce9967000 	C:\WINDOWS\SYSTEM32\MSVCP110.dll
0x00007ffc88980000 - 0x00007ffc88cee000 	C:\Xilinx\SDK\2016.3\lib\win64.o\libCOIN-all.dll
0x00007ffcf1410000 - 0x00007ffcf1420000 	C:\Xilinx\SDK\2016.3\lib\win64.o\libboost_date_time.dll
0x00007ffcdcf50000 - 0x00007ffcdcf74000 	C:\Xilinx\SDK\2016.3\lib\win64.o\libboost_filesystem.dll
0x00007ffcb0580000 - 0x00007ffcb079f000 	C:\Xilinx\SDK\2016.3\lib\win64.o\libXil_lmgr11.dll
0x00007ffcf44b0000 - 0x00007ffcf4506000 	C:\WINDOWS\System32\WINTRUST.dll
0x00007ffcdcc60000 - 0x00007ffcdcd66000 	C:\Xilinx\SDK\2016.3\lib\win64.o\libboost_regex.dll
0x00007ffcdced0000 - 0x00007ffcdcf47000 	C:\Xilinx\SDK\2016.3\lib\win64.o\libboost_program_options.dll
0x00007ffce35b0000 - 0x00007ffce35c3000 	C:\Xilinx\SDK\2016.3\lib\win64.o\libboost_signals.dll
0x00007ffcefe80000 - 0x00007ffcefe89000 	C:\Xilinx\SDK\2016.3\lib\win64.o\libboost_system.dll
0x00007ffcefe60000 - 0x00007ffcefe6b000 	C:\Xilinx\SDK\2016.3\lib\win64.o\libboost_xilinx.dll
0x00007ffce2d20000 - 0x00007ffce2d3d000 	C:\Xilinx\SDK\2016.3\lib\win64.o\libboost_thread.dll
0x00007ffcdcbe0000 - 0x00007ffcdcc60000 	C:\Xilinx\SDK\2016.3\lib\win64.o\libhdlpsolve.dll
0x00007ffcc21b0000 - 0x00007ffcc224a000 	C:\Xilinx\SDK\2016.3\lib\win64.o\libhdxml.dll
0x00007ffce25d0000 - 0x00007ffce25e5000 	C:\Xilinx\SDK\2016.3\lib\win64.o\pthreadVC2.dll
0x00007ffc82990000 - 0x00007ffc82d59000 	C:\Xilinx\SDK\2016.3\lib\win64.o\libisl_iostreams.dll
0x00007ffcbc8d0000 - 0x00007ffcbca00000 	C:\Xilinx\SDK\2016.3\lib\win64.o\librdi_curl.dll
0x00007ffcdcea0000 - 0x00007ffcdcec3000 	C:\Xilinx\SDK\2016.3\lib\win64.o\librdizlib.dll
0x0000000051d10000 - 0x0000000051e37000 	C:\Xilinx\SDK\2016.3\lib\win64.o\tcl85t.dll
0x00007ffce4940000 - 0x00007ffce4b07000 	C:\WINDOWS\SYSTEM32\urlmon.dll
0x00007ffce2650000 - 0x00007ffce2673000 	C:\WINDOWS\SYSTEM32\VCOMP110.DLL
0x00007ffcdcbc0000 - 0x00007ffcdcbd8000 	C:\Xilinx\SDK\2016.3\lib\win64.o\librdiconfig.dll
0x00007ffcd6030000 - 0x00007ffcd6073000 	C:\Xilinx\SDK\2016.3\lib\win64.o\librdi_hdf.dll
0x00007ffc826c0000 - 0x00007ffc82986000 	C:\Xilinx\SDK\2016.3\lib\win64.o\librdi_ippcw.dll
0x00007ffce3f50000 - 0x00007ffce3f67000 	C:\WINDOWS\SYSTEM32\NETAPI32.dll
0x00007ffcefe00000 - 0x00007ffcefe0b000 	C:\Xilinx\SDK\2016.3\lib\win64.o\libboost_chrono.dll
0x00007ffce4250000 - 0x00007ffce44da000 	C:\WINDOWS\SYSTEM32\iertutil.dll
0x00007ffcd6000000 - 0x00007ffcd6023000 	C:\Xilinx\SDK\2016.3\lib\win64.o\libisl_iosutils.dll
0x00007ffccd560000 - 0x00007ffccd576000 	C:\Xilinx\SDK\2016.3\lib\win64.o\libboost_iostreams.dll
0x0000000025d60000 - 0x0000000025fc3000 	C:\Xilinx\SDK\2016.3\lib\win64.o\xerces-c_3_1.dll
0x00007ffccc8c0000 - 0x00007ffccc904000 	C:\WINDOWS\SYSTEM32\edputil.dll
0x00007ffcefd70000 - 0x00007ffcefd7a000 	C:\Xilinx\SDK\2016.3\lib\win64.o\librdi_jtag_settings.dll

VM Arguments:
jvm_args: -Dcom.xilinx.sdk.args.hwspec=C:/JPEG_Thesis/DARC_DCT_App/DARC_DCT_App.sdk/DARC_DCT_Design_wrapper.hdf -Xms64m -Xmx512m & 
java_command: <unknown>
java_class_path (initial): C:\Xilinx\SDK\2016.3\eclipse\win64.o\\plugins/org.eclipse.equinox.launcher_1.3.100.v20150511-1540.jar
Launcher Type: generic

Environment Variables:
PATH=C:/Xilinx/SDK/2016.3/tps/win64/jre/bin/server;C:/Xilinx/SDK/2016.3/tps/win64/jre/bin;C:/Xilinx/SDK/2016.3/tps/win64/jre/lib/amd64;C:\Xilinx\SDK\2016.3\gnuwin\bin;C:\Xilinx\SDK\2016.3\gnu\microblaze\nt\bin;C:\Xilinx\SDK\2016.3\gnu\microblaze\linux_toolchain\nt64_le\bin;C:\Xilinx\SDK\2016.3\gnu\microblaze\linux_toolchain\nt64_be\bin;C:\Xilinx\SDK\2016.3\gnu\arm\nt\bin;C:\Xilinx\SDK\2016.3\gnu\aarch64\nt\aarch64-none\bin;C:\Xilinx\SDK\2016.3\gnu\aarch64\nt\aarch64-linux\bin;C:\Xilinx\SDK\2016.3\gnu\armr5\nt\gcc-arm-none-eabi\bin;C:\Xilinx\SDK\2016.3\gnu\aarch32\nt\gcc-arm-none-eabi\bin;C:\Xilinx\SDK\2016.3\gnu\aarch32\nt\gcc-arm-linux-gnueabi\bin;C:\Xilinx\SDK\2016.3\tps\win64\cmake-3.3.2\bin;;C:\Xilinx\SDK\2016.3\bin;C:\Xilinx\SDK\2016.3\lib\win64.o;C:\Xilinx\SDK\2016.3\tps\win64\jre\bin\server;C:\Xilinx\SDK\2016.3\tps\win64\jre\bin;C:\Xilinx\Vivado\2016.3\ids_lite\ISE\bin\nt64;C:\Xilinx\Vivado\2016.3\ids_lite\ISE\lib\nt64;C:\Xilinx\Vivado\2016.3\bin;C:\Xilinx\Vivado\2016.3\lib\win64.o;C:\Xilinx\Vivado\2016.3\tps\win64\jre\bin\server;C:\Xilinx\Vivado\2016.3\tps\win64\jre\bin;C:\Xilinx\Vivado_HLS\2016.3\bin;C:\Program Files\SlickEdit Pro 21.0.3\win\;C:\Perl64\site\bin;C:\Perl64\bin;C:\ProgramData\Oracle\Java\javapath;C:\Windows\system32;C:\Windows;C:\Windows\System32\Wbem;C:\Windows\System32\WindowsPowerShell\v1.0\;C:\Program Files (x86)\NVIDIA Corporation\PhysX\Common;C:\MinGW\bin;C:\Python27;C:\Program Files\Intel\WiFi\bin\;C:\Program Files\Common Files\Intel\WirelessCommon\;C:\Users\Mihir Shah\AppData\Local\Microsoft\WindowsApps;C:\intelFPGA\16.1\modelsim_ase\win32aloem;;c:\JPEG_Thesis\DARC_DCT_App;
USERNAME=Mihir Shah
OS=Windows_NT
PROCESSOR_IDENTIFIER=Intel64 Family 6 Model 94 Stepping 3, GenuineIntel



---------------  S Y S T E M  ---------------

OS: Windows 10.0 , 64 bit Build 15063 (10.0.15063.296)

CPU:total 8 (4 cores per cpu, 2 threads per core) family 6 model 94 stepping 3, cmov, cx8, fxsr, mmx, sse, sse2, sse3, ssse3, sse4.1, sse4.2, popcnt, avx, avx2, aes, clmul, erms, rtm, 3dnowpref, lzcnt, ht, tsc, tscinvbit, bmi1, bmi2, adx

Memory: 4k page, physical 8258516k(2866500k free), swap 20841428k(10514260k free)

vm_info: Java HotSpot(TM) 64-Bit Server VM (25.66-b18) for windows-amd64 JRE (1.8.0_66-b18), built on Nov  9 2015 10:51:13 by "java_re" with MS VC++ 10.0 (VS2010)

time: Sat Oct 28 00:03:59 2017
elapsed time: 143345 seconds (1d 15h 49m 5s)

