#
# A fatal error has been detected by the Java Runtime Environment:
#
#  Internal Error (0xc000000d), pid=15220, tid=4816
#
# JRE version: Java(TM) SE Runtime Environment (8.0_66-b18) (build 1.8.0_66-b18)
# Java VM: Java HotSpot(TM) 64-Bit Server VM (25.66-b18 mixed mode windows-amd64 compressed oops)
# Problematic frame:
# C  [ntdll.dll+0x105a50]
#
# Failed to write core dump. Minidumps are not enabled by default on client versions of Windows
#
# If you would like to submit a bug report, please visit:
#   http://bugreport.java.com/bugreport/crash.jsp
#

---------------  T H R E A D  ---------------

Current thread (0x00000000140a8800):  VMThread [stack: 0x0000000015d90000,0x0000000015e90000] [id=4816]

siginfo: ExceptionCode=0xc000000d

Registers:
RAX=0x0000a9a72b16a237, RBX=0xfffffffffffffffe, RCX=0x0000000000000000, RDX=0x0000000000000000
RSP=0x0000000015e8f270, RBP=0x00007ffce4427408, RSI=0x0000000000000000, RDI=0x0000000000001070
R8 =0x00007ffcf5c5f236, R9 =0x00000000c0150008, R10=0x0000000000000000, R11=0x0000000000000000
R12=0x00000000006feec0, R13=0x00000000205dd0f0, R14=0x00000000006fefc8, R15=0x0000000015e8f3e8
RIP=0x00007ffcf5d45a50, EFLAGS=0x0000000000000206

Top of Stack: (sp=0x0000000015e8f270)
0x0000000015e8f270:   0000000000000057 fffffffffffffffe
0x0000000015e8f280:   0000000000000000 0000000000001070
0x0000000015e8f290:   00000000c000000d 0000000000000000
0x0000000015e8f2a0:   00007ffcf5d45a50 0000000000000000
0x0000000015e8f2b0:   0000000000000000 0000000000000000
0x0000000015e8f2c0:   0000000000000000 0000000000000000
0x0000000015e8f2d0:   0000000000000000 0000000000000000
0x0000000015e8f2e0:   0000000000000000 0000000000000000
0x0000000015e8f2f0:   0000000000000000 0000000000000000
0x0000000015e8f300:   0000000000000000 0000000000000000
0x0000000015e8f310:   0000000000000000 0000000000000000
0x0000000015e8f320:   0000000000000000 00007ffcf5d8700c
0x0000000015e8f330:   0000a9a72b16bb87 0000000000000000
0x0000000015e8f340:   0000000000000000 00007ffcf5cfc829
0x0000000015e8f350:   0000000000000101 0000000000000000
0x0000000015e8f360:   00000000005c4050 00007ffcf5c552cc 

Instructions: (pc=0x00007ffcf5d45a50)
0x00007ffcf5d45a30:   64 fa ff c7 44 24 20 0d 00 00 c0 b9 57 00 00 00
0x00007ffcf5d45a40:   e8 eb 4b f5 ff 90 48 8d 4c 24 20 e8 f0 fa f0 ff
0x00007ffcf5d45a50:   eb 00 48 8b 8c 24 c0 00 00 00 48 33 cc e8 1e 05
0x00007ffcf5d45a60:   f9 ff 48 81 c4 d8 00 00 00 c3 40 55 48 83 ec 20 


Register to memory mapping:

RAX=0x0000a9a72b16a237 is an unknown value
RBX=0xfffffffffffffffe is an unknown value
RCX=0x0000000000000000 is an unknown value
RDX=0x0000000000000000 is an unknown value
RSP=0x0000000015e8f270 is an unknown value
RBP=0x00007ffce4427408 is an unknown value
RSI=0x0000000000000000 is an unknown value
RDI=0x0000000000001070 is an unknown value
R8 =0x00007ffcf5c5f236 is an unknown value
R9 =0x00000000c0150008 is an unknown value
R10=0x0000000000000000 is an unknown value
R11=0x0000000000000000 is an unknown value
R12=0x00000000006feec0 is an unknown value
R13=0x00000000205dd0f0 is an unknown value
R14=0x00000000006fefc8 is an unknown value
R15=0x0000000015e8f3e8 is an unknown value


Stack: [0x0000000015d90000,0x0000000015e90000],  sp=0x0000000015e8f270,  free space=1020k
Native frames: (J=compiled Java code, j=interpreted, Vv=VM code, C=native code)
C  [ntdll.dll+0x105a50]
C  [ntdll.dll+0xbc829]
C  [KERNEL32.DLL+0x1e6fa]
C  [MSVCR110.dll+0x752d]
C  [MSVCR110.dll+0x73c6]
C  [MSVCR110.dll+0x14cca]
C  [MSVCR110.dll+0x13edc]
C  [MSVCR110.dll+0x239e]
C  [MSVCR110.dll+0xaf9e]
C  [MSVCP110.dll+0x397b9]
C  [librdi_common.dll+0x183a66]
C  [librdi_common.dll+0x1826fb]
C  0x00007ffcdd152400
C  0x00007ffcdd152682
C  [ntdll.dll+0x2485f]
C  [ntdll.dll+0x4d43c]
C  [ntdll.dll+0x4d2f4]
C  [KERNEL32.DLL+0x1c0da]
C  [MSVCR100.dll+0x20ccd]
V  [jvm.dll+0x210cc5]
V  [jvm.dll+0x249897]
V  [jvm.dll+0x248b36]
V  [jvm.dll+0x248fd1]
V  [jvm.dll+0x2491ee]
V  [jvm.dll+0x29a0fa]
C  [MSVCR100.dll+0x21d9f]
C  [MSVCR100.dll+0x21e3b]
C  [KERNEL32.DLL+0x12774]
C  [ntdll.dll+0x70d51]

VM_Operation (0x000000000014f4c0): Exit, mode: safepoint, requested by thread 0x000000000059e000


---------------  P R O C E S S  ---------------

Java Threads: ( => current thread )
  0x000000001d08e800 JavaThread "Thread-32" daemon [_thread_blocked, id=7108, stack(0x000000002c5f0000,0x000000002c6f0000)]
  0x000000001c732800 JavaThread "TCF Channel Transmitter" daemon [_thread_blocked, id=2332, stack(0x000000002a5f0000,0x000000002a6f0000)]
  0x000000001c72d000 JavaThread "TCF Channel Receiver" daemon [_thread_in_native, id=4124, stack(0x000000002a4f0000,0x000000002a5f0000)]
  0x0000000023b06800 JavaThread "Process monitor" daemon [_thread_in_native, id=3028, stack(0x00000000278f0000,0x00000000279f0000)]
  0x0000000023b07000 JavaThread "Input Stream Monitor" daemon [_thread_blocked, id=6280, stack(0x00000000277f0000,0x00000000278f0000)]
  0x0000000023b08800 JavaThread "Output Stream Monitor" daemon [_thread_in_native, id=3252, stack(0x00000000276f0000,0x00000000277f0000)]
  0x0000000023aff000 JavaThread "Output Stream Monitor" daemon [_thread_in_native, id=12420, stack(0x00000000275f0000,0x00000000276f0000)]
  0x0000000023aff800 JavaThread "TCF Locator DNS Lookup" daemon [_thread_blocked, id=788, stack(0x0000000025d10000,0x0000000025e10000)]
  0x0000000023afc800 JavaThread "TCF Locator Timer" daemon [_thread_blocked, id=1088, stack(0x0000000025c10000,0x0000000025d10000)]
  0x0000000023afd800 JavaThread "TCF Locator Receiver" daemon [_thread_in_native, id=8424, stack(0x0000000025b10000,0x0000000025c10000)]
  0x0000000023afe000 JavaThread "TCF Timer Dispatcher" daemon [_thread_blocked, id=6140, stack(0x0000000025910000,0x0000000025a10000)]
  0x0000000018987000 JavaThread "EMF Reference Cleaner" daemon [_thread_blocked, id=1964, stack(0x000000001a540000,0x000000001a640000)]
  0x00000000161d5000 JavaThread "Service Thread" daemon [_thread_blocked, id=4152, stack(0x0000000016b80000,0x0000000016c80000)]
  0x00000000161b4800 JavaThread "C1 CompilerThread3" daemon [_thread_blocked, id=7388, stack(0x0000000016a80000,0x0000000016b80000)]
  0x00000000161b0800 JavaThread "C2 CompilerThread2" daemon [_thread_blocked, id=9240, stack(0x0000000016980000,0x0000000016a80000)]
  0x00000000161ae800 JavaThread "C2 CompilerThread1" daemon [_thread_blocked, id=2880, stack(0x0000000016880000,0x0000000016980000)]
  0x00000000161ad000 JavaThread "C2 CompilerThread0" daemon [_thread_blocked, id=2988, stack(0x0000000016780000,0x0000000016880000)]
  0x00000000161ac000 JavaThread "Attach Listener" daemon [_thread_blocked, id=11880, stack(0x0000000016680000,0x0000000016780000)]
  0x00000000140bd800 JavaThread "Signal Dispatcher" daemon [_thread_blocked, id=11088, stack(0x0000000016580000,0x0000000016680000)]
  0x00000000140ad800 JavaThread "Finalizer" daemon [_thread_blocked, id=10596, stack(0x0000000015f90000,0x0000000016090000)]
  0x00000000140ac000 JavaThread "Reference Handler" daemon [_thread_blocked, id=12480, stack(0x0000000015e90000,0x0000000015f90000)]
  0x000000000059e000 JavaThread "main" [_thread_blocked, id=7124, stack(0x0000000000050000,0x0000000000150000)]

Other Threads:
=>0x00000000140a8800 VMThread [stack: 0x0000000015d90000,0x0000000015e90000] [id=4816]

VM state:at safepoint (shutting down)

VM Mutex/Monitor currently owned by a thread:  ([mutex/lock_event])
[0x000000000059da40] Threads_lock - owner thread: 0x00000000140a8800

Heap:
 PSYoungGen      total 166400K, used 121436K [0x00000000f5580000, 0x0000000100000000, 0x0000000100000000)
  eden space 158208K, 72% used [0x00000000f5580000,0x00000000fc5aacc0,0x00000000ff000000)
  from space 8192K, 80% used [0x00000000ff000000,0x00000000ff66c448,0x00000000ff800000)
  to   space 8192K, 0% used [0x00000000ff800000,0x00000000ff800000,0x0000000100000000)
 ParOldGen       total 159744K, used 147300K [0x00000000e0000000, 0x00000000e9c00000, 0x00000000f5580000)
  object space 159744K, 92% used [0x00000000e0000000,0x00000000e8fd9300,0x00000000e9c00000)
 Metaspace       used 103423K, capacity 111170K, committed 111384K, reserved 1146880K
  class space    used 11462K, capacity 13785K, committed 13848K, reserved 1048576K

Card table byte_map: [0x0000000011c00000,0x0000000011d10000] byte_map_base: 0x0000000011500000

Marking Bits: (ParMarkBitMap*) 0x0000000069f0a5b0
 Begin Bits: [0x00000000125c0000, 0x0000000012dc0000)
 End Bits:   [0x0000000012dc0000, 0x00000000135c0000)

Polling page: 0x0000000000570000

CodeCache: size=245760Kb used=94024Kb max_used=95553Kb free=151735Kb
 bounds [0x0000000002840000, 0x0000000008650000, 0x0000000011840000]
 total_blobs=23311 nmethods=22393 adapters=825
 compilation: enabled

Compilation events (10 events):
Event: 67590.479 Thread 0x00000000161b4800 30914       3       sun.misc.Unsafe::getAndSetObject (24 bytes)
Event: 67590.479 Thread 0x00000000161b4800 nmethod 30914 0x0000000005c93f90 code [0x0000000005c94100, 0x0000000005c94310]
Event: 67590.479 Thread 0x00000000161b4800 30915       3       org.eclipse.osgi.internal.framework.EquinoxContainerAdaptor::invalidateWiring (186 bytes)
Event: 67590.481 Thread 0x00000000161b4800 nmethod 30915 0x0000000007869690 code [0x0000000007869a60, 0x000000000786c3d8]
Event: 67590.481 Thread 0x00000000161b4800 30916   !   3       org.eclipse.osgi.container.ModuleDatabase::getRevisionsTimestamp (25 bytes)
Event: 67590.482 Thread 0x00000000161b4800 nmethod 30916 0x0000000004612950 code [0x0000000004612b60, 0x0000000004613898]
Event: 67590.482 Thread 0x00000000161b4800 30918       3       org.eclipse.osgi.internal.framework.EquinoxContainerAdaptor::clearManifestCache (84 bytes)
Event: 67590.483 Thread 0x00000000161b4800 nmethod 30918 0x0000000006bc0890 code [0x0000000006bc0ae0, 0x0000000006bc21f8]
Event: 67590.483 Thread 0x00000000161b4800 30919   !   3       org.eclipse.osgi.storage.BundleInfo$Generation::clearManifestCache (30 bytes)
Event: 67590.483 Thread 0x00000000161b4800 nmethod 30919 0x00000000032bb390 code [0x00000000032bb520, 0x00000000032bbb68]

GC Heap History (10 events):
Event: 66975.225 GC heap before
{Heap before GC invocations=686 (full 5):
 PSYoungGen      total 166400K, used 164632K [0x00000000f5580000, 0x0000000100000000, 0x0000000100000000)
  eden space 158208K, 100% used [0x00000000f5580000,0x00000000ff000000,0x00000000ff000000)
  from space 8192K, 78% used [0x00000000ff800000,0x00000000ffe462a0,0x0000000100000000)
  to   space 8192K, 0% used [0x00000000ff000000,0x00000000ff000000,0x00000000ff800000)
 ParOldGen       total 159744K, used 146756K [0x00000000e0000000, 0x00000000e9c00000, 0x00000000f5580000)
  object space 159744K, 91% used [0x00000000e0000000,0x00000000e8f51290,0x00000000e9c00000)
 Metaspace       used 102806K, capacity 110380K, committed 110616K, reserved 1146880K
  class space    used 11398K, capacity 13718K, committed 13848K, reserved 1048576K
Event: 66975.233 GC heap after
Heap after GC invocations=686 (full 5):
 PSYoungGen      total 166400K, used 5416K [0x00000000f5580000, 0x0000000100000000, 0x0000000100000000)
  eden space 158208K, 0% used [0x00000000f5580000,0x00000000f5580000,0x00000000ff000000)
  from space 8192K, 66% used [0x00000000ff000000,0x00000000ff54a2d8,0x00000000ff800000)
  to   space 8192K, 0% used [0x00000000ff800000,0x00000000ff800000,0x0000000100000000)
 ParOldGen       total 159744K, used 146948K [0x00000000e0000000, 0x00000000e9c00000, 0x00000000f5580000)
  object space 159744K, 91% used [0x00000000e0000000,0x00000000e8f81290,0x00000000e9c00000)
 Metaspace       used 102806K, capacity 110380K, committed 110616K, reserved 1146880K
  class space    used 11398K, capacity 13718K, committed 13848K, reserved 1048576K
}
Event: 67032.715 GC heap before
{Heap before GC invocations=687 (full 5):
 PSYoungGen      total 166400K, used 163624K [0x00000000f5580000, 0x0000000100000000, 0x0000000100000000)
  eden space 158208K, 100% used [0x00000000f5580000,0x00000000ff000000,0x00000000ff000000)
  from space 8192K, 66% used [0x00000000ff000000,0x00000000ff54a2d8,0x00000000ff800000)
  to   space 8192K, 0% used [0x00000000ff800000,0x00000000ff800000,0x0000000100000000)
 ParOldGen       total 159744K, used 146948K [0x00000000e0000000, 0x00000000e9c00000, 0x00000000f5580000)
  object space 159744K, 91% used [0x00000000e0000000,0x00000000e8f81290,0x00000000e9c00000)
 Metaspace       used 102816K, capacity 110508K, committed 110872K, reserved 1146880K
  class space    used 11398K, capacity 13718K, committed 13848K, reserved 1048576K
Event: 67032.724 GC heap after
Heap after GC invocations=687 (full 5):
 PSYoungGen      total 166400K, used 6376K [0x00000000f5580000, 0x0000000100000000, 0x0000000100000000)
  eden space 158208K, 0% used [0x00000000f5580000,0x00000000f5580000,0x00000000ff000000)
  from space 8192K, 77% used [0x00000000ff800000,0x00000000ffe3a2b8,0x0000000100000000)
  to   space 8192K, 0% used [0x00000000ff000000,0x00000000ff000000,0x00000000ff800000)
 ParOldGen       total 159744K, used 147172K [0x00000000e0000000, 0x00000000e9c00000, 0x00000000f5580000)
  object space 159744K, 92% used [0x00000000e0000000,0x00000000e8fb9300,0x00000000e9c00000)
 Metaspace       used 102816K, capacity 110508K, committed 110872K, reserved 1146880K
  class space    used 11398K, capacity 13718K, committed 13848K, reserved 1048576K
}
Event: 67232.192 GC heap before
{Heap before GC invocations=688 (full 5):
 PSYoungGen      total 166400K, used 164584K [0x00000000f5580000, 0x0000000100000000, 0x0000000100000000)
  eden space 158208K, 100% used [0x00000000f5580000,0x00000000ff000000,0x00000000ff000000)
  from space 8192K, 77% used [0x00000000ff800000,0x00000000ffe3a2b8,0x0000000100000000)
  to   space 8192K, 0% used [0x00000000ff000000,0x00000000ff000000,0x00000000ff800000)
 ParOldGen       total 159744K, used 147172K [0x00000000e0000000, 0x00000000e9c00000, 0x00000000f5580000)
  object space 159744K, 92% used [0x00000000e0000000,0x00000000e8fb9300,0x00000000e9c00000)
 Metaspace       used 102822K, capacity 110508K, committed 110872K, reserved 1146880K
  class space    used 11398K, capacity 13718K, committed 13848K, reserved 1048576K
Event: 67232.201 GC heap after
Heap after GC invocations=688 (full 5):
 PSYoungGen      total 166400K, used 6680K [0x00000000f5580000, 0x0000000100000000, 0x0000000100000000)
  eden space 158208K, 0% used [0x00000000f5580000,0x00000000f5580000,0x00000000ff000000)
  from space 8192K, 81% used [0x00000000ff000000,0x00000000ff6862e8,0x00000000ff800000)
  to   space 8192K, 0% used [0x00000000ff800000,0x00000000ff800000,0x0000000100000000)
 ParOldGen       total 159744K, used 147196K [0x00000000e0000000, 0x00000000e9c00000, 0x00000000f5580000)
  object space 159744K, 92% used [0x00000000e0000000,0x00000000e8fbf300,0x00000000e9c00000)
 Metaspace       used 102822K, capacity 110508K, committed 110872K, reserved 1146880K
  class space    used 11398K, capacity 13718K, committed 13848K, reserved 1048576K
}
Event: 67309.814 GC heap before
{Heap before GC invocations=689 (full 5):
 PSYoungGen      total 166400K, used 164888K [0x00000000f5580000, 0x0000000100000000, 0x0000000100000000)
  eden space 158208K, 100% used [0x00000000f5580000,0x00000000ff000000,0x00000000ff000000)
  from space 8192K, 81% used [0x00000000ff000000,0x00000000ff6862e8,0x00000000ff800000)
  to   space 8192K, 0% used [0x00000000ff800000,0x00000000ff800000,0x0000000100000000)
 ParOldGen       total 159744K, used 147196K [0x00000000e0000000, 0x00000000e9c00000, 0x00000000f5580000)
  object space 159744K, 92% used [0x00000000e0000000,0x00000000e8fbf300,0x00000000e9c00000)
 Metaspace       used 102825K, capacity 110572K, committed 110872K, reserved 1146880K
  class space    used 11398K, capacity 13718K, committed 13848K, reserved 1048576K
Event: 67309.822 GC heap after
Heap after GC invocations=689 (full 5):
 PSYoungGen      total 166400K, used 6001K [0x00000000f5580000, 0x0000000100000000, 0x0000000100000000)
  eden space 158208K, 0% used [0x00000000f5580000,0x00000000f5580000,0x00000000ff000000)
  from space 8192K, 73% used [0x00000000ff800000,0x00000000ffddc448,0x0000000100000000)
  to   space 8192K, 0% used [0x00000000ff000000,0x00000000ff000000,0x00000000ff800000)
 ParOldGen       total 159744K, used 147244K [0x00000000e0000000, 0x00000000e9c00000, 0x00000000f5580000)
  object space 159744K, 92% used [0x00000000e0000000,0x00000000e8fcb300,0x00000000e9c00000)
 Metaspace       used 102825K, capacity 110572K, committed 110872K, reserved 1146880K
  class space    used 11398K, capacity 13718K, committed 13848K, reserved 1048576K
}
Event: 67378.848 GC heap before
{Heap before GC invocations=690 (full 5):
 PSYoungGen      total 166400K, used 164209K [0x00000000f5580000, 0x0000000100000000, 0x0000000100000000)
  eden space 158208K, 100% used [0x00000000f5580000,0x00000000ff000000,0x00000000ff000000)
  from space 8192K, 73% used [0x00000000ff800000,0x00000000ffddc448,0x0000000100000000)
  to   space 8192K, 0% used [0x00000000ff000000,0x00000000ff000000,0x00000000ff800000)
 ParOldGen       total 159744K, used 147244K [0x00000000e0000000, 0x00000000e9c00000, 0x00000000f5580000)
  object space 159744K, 92% used [0x00000000e0000000,0x00000000e8fcb300,0x00000000e9c00000)
 Metaspace       used 102845K, capacity 110572K, committed 110872K, reserved 1146880K
  class space    used 11398K, capacity 13718K, committed 13848K, reserved 1048576K
Event: 67378.860 GC heap after
Heap after GC invocations=690 (full 5):
 PSYoungGen      total 166400K, used 6577K [0x00000000f5580000, 0x0000000100000000, 0x0000000100000000)
  eden space 158208K, 0% used [0x00000000f5580000,0x00000000f5580000,0x00000000ff000000)
  from space 8192K, 80% used [0x00000000ff000000,0x00000000ff66c448,0x00000000ff800000)
  to   space 8192K, 0% used [0x00000000ff800000,0x00000000ff800000,0x0000000100000000)
 ParOldGen       total 159744K, used 147300K [0x00000000e0000000, 0x00000000e9c00000, 0x00000000f5580000)
  object space 159744K, 92% used [0x00000000e0000000,0x00000000e8fd9300,0x00000000e9c00000)
 Metaspace       used 102845K, capacity 110572K, committed 110872K, reserved 1146880K
  class space    used 11398K, capacity 13718K, committed 13848K, reserved 1048576K
}

Deoptimization events (10 events):
Event: 67590.402 Thread 0x0000000018985800 Uncommon trap: reason=unstable_if action=reinterpret pc=0x00000000060f5400 method=java.lang.ThreadGroup.threadTerminated(Ljava/lang/Thread;)V @ 24
Event: 67590.404 Thread 0x0000000025251800 Uncommon trap: reason=unstable_if action=reinterpret pc=0x0000000006602794 method=org.eclipse.core.internal.jobs.WorkerPool.startJob(Lorg/eclipse/core/internal/jobs/Worker;)Lorg/eclipse/core/internal/jobs/InternalJob; @ 177
Event: 67590.404 Thread 0x0000000021e22000 Uncommon trap: reason=unstable_if action=reinterpret pc=0x0000000006602794 method=org.eclipse.core.internal.jobs.WorkerPool.startJob(Lorg/eclipse/core/internal/jobs/Worker;)Lorg/eclipse/core/internal/jobs/InternalJob; @ 177
Event: 67590.404 Thread 0x000000001d08b800 Uncommon trap: reason=unstable_if action=reinterpret pc=0x0000000006602794 method=org.eclipse.core.internal.jobs.WorkerPool.startJob(Lorg/eclipse/core/internal/jobs/Worker;)Lorg/eclipse/core/internal/jobs/InternalJob; @ 177
Event: 67590.404 Thread 0x0000000021e25000 Uncommon trap: reason=unstable_if action=reinterpret pc=0x0000000006602794 method=org.eclipse.core.internal.jobs.WorkerPool.startJob(Lorg/eclipse/core/internal/jobs/Worker;)Lorg/eclipse/core/internal/jobs/InternalJob; @ 177
Event: 67590.404 Thread 0x0000000021e2b000 Uncommon trap: reason=unstable_if action=reinterpret pc=0x0000000006602794 method=org.eclipse.core.internal.jobs.WorkerPool.startJob(Lorg/eclipse/core/internal/jobs/Worker;)Lorg/eclipse/core/internal/jobs/InternalJob; @ 177
Event: 67590.405 Thread 0x000000001d097000 Uncommon trap: reason=unstable_if action=reinterpret pc=0x0000000006602794 method=org.eclipse.core.internal.jobs.WorkerPool.startJob(Lorg/eclipse/core/internal/jobs/Worker;)Lorg/eclipse/core/internal/jobs/InternalJob; @ 177
Event: 67590.405 Thread 0x000000001d094000 Uncommon trap: reason=unstable_if action=reinterpret pc=0x0000000006602794 method=org.eclipse.core.internal.jobs.WorkerPool.startJob(Lorg/eclipse/core/internal/jobs/Worker;)Lorg/eclipse/core/internal/jobs/InternalJob; @ 177
Event: 67590.405 Thread 0x000000001d096000 Uncommon trap: reason=unstable_if action=reinterpret pc=0x0000000006602794 method=org.eclipse.core.internal.jobs.WorkerPool.startJob(Lorg/eclipse/core/internal/jobs/Worker;)Lorg/eclipse/core/internal/jobs/InternalJob; @ 177
Event: 67590.472 Thread 0x0000000018984000 Uncommon trap: reason=unstable_if action=reinterpret pc=0x0000000006937c60 method=org.eclipse.osgi.framework.eventmgr.EventManager$EventThread.getNextEvent()Lorg/eclipse/osgi/framework/eventmgr/EventManager$EventThread$Queued; @ 15

Internal exceptions (10 events):
Event: 67588.986 Thread 0x000000000059e000 Exception <a 'java/io/FileNotFoundException'> (0x00000000fbad1178) thrown at [C:\re\workspace\8-2-build-windows-amd64-cygwin\jdk8u66\5298\hotspot\src\share\vm\prims\jni.cpp, line 709]
Event: 67589.093 Thread 0x000000001c733000 Exception <a 'java/lang/InterruptedException'> (0x00000000fbfc6698) thrown at [C:\re\workspace\8-2-build-windows-amd64-cygwin\jdk8u66\5298\hotspot\src\share\vm\runtime\objectMonitor.cpp, line 1683]
Event: 67589.110 Thread 0x0000000021e23800 Implicit null exception at 0x000000000697a5c8 to 0x000000000697b5a6
Event: 67589.111 Thread 0x0000000021e23800 Implicit null exception at 0x00000000048d467c to 0x00000000048d545d
Event: 67589.111 Thread 0x0000000021e23800 Implicit null exception at 0x0000000007d1d5bc to 0x0000000007d1ebb2
Event: 67589.112 Thread 0x0000000021e23800 Implicit null exception at 0x000000000521602c to 0x0000000005216421
Event: 67590.402 Thread 0x0000000018985800 Exception <a 'java/lang/InterruptedException'> (0x00000000fbb8ec88) thrown at [C:\re\workspace\8-2-build-windows-amd64-cygwin\jdk8u66\5298\hotspot\src\share\vm\runtime\objectMonitor.cpp, line 1683]
Event: 67590.434 Thread 0x0000000017517800 Exception <a 'java/lang/InterruptedException'> (0x00000000fc34fa70) thrown at [C:\re\workspace\8-2-build-windows-amd64-cygwin\jdk8u66\5298\hotspot\src\share\vm\runtime\objectMonitor.cpp, line 1683]
Event: 67590.472 Thread 0x0000000018984000 Exception <a 'java/lang/InterruptedException'> (0x00000000f9583e40) thrown at [C:\re\workspace\8-2-build-windows-amd64-cygwin\jdk8u66\5298\hotspot\src\share\vm\runtime\objectMonitor.cpp, line 1683]
Event: 67590.472 Thread 0x0000000018a7d000 Exception <a 'java/lang/InterruptedException'> (0x00000000fc4e4c00) thrown at [C:\re\workspace\8-2-build-windows-amd64-cygwin\jdk8u66\5298\hotspot\src\share\vm\runtime\objectMonitor.cpp, line 1683]

Events (10 events):
Event: 67590.477 Thread 0x00000000161b4800 flushing nmethod 0x0000000008570410
Event: 67590.477 Thread 0x00000000161b4800 flushing nmethod 0x00000000085a7dd0
Event: 67590.478 Thread 0x00000000161b4800 flushing nmethod 0x00000000085b0110
Event: 67590.478 Thread 0x00000000161b4800 flushing nmethod 0x00000000085bd810
Event: 67590.497 loading class java/util/IdentityHashMap$IdentityHashMapIterator
Event: 67590.509 loading class java/util/IdentityHashMap$IdentityHashMapIterator done
Event: 67590.509 loading class java/util/IdentityHashMap$KeyIterator done
Event: 67590.509 Thread 0x0000000021e22000 Thread added: 0x0000000021e22000
Event: 67590.509 Thread 0x0000000021e22000 Thread exited: 0x0000000021e22000
Event: 67590.532 Executing VM operation: Exit


Dynamic libraries:
0x0000000000400000 - 0x000000000044f000 	C:\Xilinx\SDK\2016.3\eclipse\win64.o\eclipse.exe
0x00007ffcf5c40000 - 0x00007ffcf5e1b000 	C:\WINDOWS\SYSTEM32\ntdll.dll
0x00007ffcf3200000 - 0x00007ffcf32ae000 	C:\WINDOWS\System32\KERNEL32.DLL
0x00007ffcf29d0000 - 0x00007ffcf2c19000 	C:\WINDOWS\System32\KERNELBASE.dll
0x00007ffcf4510000 - 0x00007ffcf465a000 	C:\WINDOWS\System32\USER32.dll
0x00007ffcf2f90000 - 0x00007ffcf2fae000 	C:\WINDOWS\System32\win32u.dll
0x00007ffcf3f60000 - 0x00007ffcf3f87000 	C:\WINDOWS\System32\GDI32.dll
0x00007ffcf3010000 - 0x00007ffcf3197000 	C:\WINDOWS\System32\gdi32full.dll
0x00007ffcf2ef0000 - 0x00007ffcf2f8a000 	C:\WINDOWS\System32\msvcp_win.dll
0x00007ffcf2c20000 - 0x00007ffcf2d16000 	C:\WINDOWS\System32\ucrtbase.dll
0x00007ffcf3f90000 - 0x00007ffcf402d000 	C:\WINDOWS\System32\msvcrt.dll
0x00007ffceaa30000 - 0x00007ffceac97000 	C:\WINDOWS\WinSxS\amd64_microsoft.windows.common-controls_6595b64144ccf1df_6.0.15063.483_none_26002d27e7c744a2\COMCTL32.dll
0x00007ffcf35c0000 - 0x00007ffcf38b9000 	C:\WINDOWS\System32\combase.dll
0x00007ffcf4030000 - 0x00007ffcf4155000 	C:\WINDOWS\System32\RPCRT4.dll
0x00007ffcf2910000 - 0x00007ffcf297a000 	C:\WINDOWS\System32\bcryptPrimitives.dll
0x00007ffcf41e0000 - 0x00007ffcf420d000 	C:\WINDOWS\System32\IMM32.DLL
0x0000000072000000 - 0x0000000072012000 	C:\Xilinx\SDK\2016.3\eclipse\win64.o\plugins\org.eclipse.equinox.launcher.win32.win32.x86_64_1.1.300.v20150602-1417\eclipse_1611.dll
0x00007ffcf4280000 - 0x00007ffcf4321000 	C:\WINDOWS\System32\ADVAPI32.dll
0x00007ffcf44b0000 - 0x00007ffcf4509000 	C:\WINDOWS\System32\sechost.dll
0x00007ffcec880000 - 0x00007ffcec88a000 	C:\WINDOWS\SYSTEM32\VERSION.dll
0x00007ffcf09a0000 - 0x00007ffcf0a35000 	C:\WINDOWS\system32\uxtheme.dll
0x00007ffcf4330000 - 0x00007ffcf4496000 	C:\WINDOWS\System32\MSCTF.dll
0x00007ffcf32b0000 - 0x00007ffcf3370000 	C:\WINDOWS\System32\OLEAUT32.dll
0x00007ffcd3c20000 - 0x00007ffcd3cc1000 	C:\Program Files\Common Files\microsoft shared\ink\tiptsf.dll
0x0000000069700000 - 0x0000000069f89000 	C:\Xilinx\SDK\2016.3\tps\win64\jre\bin\server\jvm.dll
0x00007ffcf3480000 - 0x00007ffcf3488000 	C:\WINDOWS\System32\PSAPI.DLL
0x00007ffcee380000 - 0x00007ffcee389000 	C:\WINDOWS\SYSTEM32\WSOCK32.dll
0x000000006a340000 - 0x000000006a412000 	C:\WINDOWS\SYSTEM32\MSVCR100.dll
0x00007ffceda20000 - 0x00007ffceda43000 	C:\WINDOWS\SYSTEM32\WINMM.dll
0x00007ffcf4210000 - 0x00007ffcf427c000 	C:\WINDOWS\System32\WS2_32.dll
0x00007ffced9f0000 - 0x00007ffceda1b000 	C:\WINDOWS\SYSTEM32\WINMMBASE.dll
0x00007ffcf2980000 - 0x00007ffcf29c9000 	C:\WINDOWS\System32\cfgmgr32.dll
0x00000000695c0000 - 0x00000000695cf000 	C:\Xilinx\SDK\2016.3\tps\win64\jre\bin\verify.dll
0x0000000069590000 - 0x00000000695b9000 	C:\Xilinx\SDK\2016.3\tps\win64\jre\bin\java.dll
0x0000000069570000 - 0x0000000069586000 	C:\Xilinx\SDK\2016.3\tps\win64\jre\bin\zip.dll
0x00007ffcf4800000 - 0x00007ffcf5c36000 	C:\WINDOWS\System32\SHELL32.dll
0x00007ffcf3e50000 - 0x00007ffcf3efa000 	C:\WINDOWS\System32\shcore.dll
0x00007ffcf2160000 - 0x00007ffcf2851000 	C:\WINDOWS\System32\windows.storage.dll
0x00007ffcf3f00000 - 0x00007ffcf3f51000 	C:\WINDOWS\System32\shlwapi.dll
0x00007ffcf2140000 - 0x00007ffcf2151000 	C:\WINDOWS\System32\kernel.appcore.dll
0x00007ffcf20d0000 - 0x00007ffcf211c000 	C:\WINDOWS\System32\powrprof.dll
0x00007ffcf20b0000 - 0x00007ffcf20c5000 	C:\WINDOWS\System32\profapi.dll
0x00007ffcf1b60000 - 0x00007ffcf1b77000 	C:\WINDOWS\SYSTEM32\CRYPTSP.dll
0x00007ffcf15e0000 - 0x00007ffcf1614000 	C:\WINDOWS\system32\rsaenh.dll
0x00007ffcf1c70000 - 0x00007ffcf1c95000 	C:\WINDOWS\SYSTEM32\bcrypt.dll
0x00007ffcf1fe0000 - 0x00007ffcf2009000 	C:\WINDOWS\SYSTEM32\USERENV.dll
0x00007ffcf1b80000 - 0x00007ffcf1b8b000 	C:\WINDOWS\SYSTEM32\CRYPTBASE.dll
0x0000000069550000 - 0x000000006956a000 	C:\Xilinx\SDK\2016.3\tps\win64\jre\bin\net.dll
0x00007ffcf19c0000 - 0x00007ffcf1a1c000 	C:\WINDOWS\system32\mswsock.dll
0x00007ffcf1760000 - 0x00007ffcf1797000 	C:\WINDOWS\SYSTEM32\IPHLPAPI.DLL
0x00007ffcf44a0000 - 0x00007ffcf44a8000 	C:\WINDOWS\System32\NSI.dll
0x00007ffcee0a0000 - 0x00007ffcee0b6000 	C:\WINDOWS\SYSTEM32\dhcpcsvc6.DLL
0x00007ffcee080000 - 0x00007ffcee09a000 	C:\WINDOWS\SYSTEM32\dhcpcsvc.DLL
0x0000000069530000 - 0x0000000069541000 	C:\Xilinx\SDK\2016.3\tps\win64\jre\bin\nio.dll
0x00007ffce7ed0000 - 0x00007ffce7f52000 	C:\WINDOWS\System32\TextInputFramework.dll
0x00007ffceb830000 - 0x00007ffcebb02000 	C:\WINDOWS\System32\CoreUIComponents.dll
0x00007ffcefc10000 - 0x00007ffcefcf3000 	C:\WINDOWS\System32\CoreMessaging.dll
0x00007ffcf12b0000 - 0x00007ffcf12e1000 	C:\WINDOWS\SYSTEM32\ntmarta.dll
0x00007ffcef030000 - 0x00007ffcef045000 	C:\WINDOWS\SYSTEM32\usermgrcli.dll
0x00007ffceeb70000 - 0x00007ffceeca9000 	C:\WINDOWS\SYSTEM32\wintypes.dll
0x00007ffced100000 - 0x00007ffced12a000 	C:\WINDOWS\system32\dwmapi.dll
0x00007ffcf3370000 - 0x00007ffcf340e000 	C:\WINDOWS\System32\clbcatq.dll
0x00007ffcd3a50000 - 0x00007ffcd3c15000 	C:\Windows\System32\uiautomationcore.dll
0x00007ffcf1f10000 - 0x00007ffcf1faa000 	C:\WINDOWS\SYSTEM32\sxs.dll
0x00007ffcec520000 - 0x00007ffcec58b000 	C:\Windows\System32\OLEACC.dll
0x00007ffcd24e0000 - 0x00007ffcd24f6000 	C:\WINDOWS\system32\napinsp.dll
0x00007ffcd24c0000 - 0x00007ffcd24da000 	C:\WINDOWS\system32\pnrpnsp.dll
0x00007ffcef2b0000 - 0x00007ffcef2c8000 	C:\WINDOWS\system32\NLAapi.dll
0x00007ffcf17a0000 - 0x00007ffcf1844000 	C:\WINDOWS\SYSTEM32\DNSAPI.dll
0x00007ffcd22f0000 - 0x00007ffcd22fe000 	C:\WINDOWS\System32\winrnr.dll
0x00007ffceddf0000 - 0x00007ffcede05000 	C:\WINDOWS\System32\wshbth.dll
0x00007ffce5b00000 - 0x00007ffce5b0a000 	C:\Windows\System32\rasadhlp.dll
0x00007ffceb4d0000 - 0x00007ffceb53b000 	C:\WINDOWS\System32\fwpuclnt.dll
0x00007ffcf3d00000 - 0x00007ffcf3e45000 	C:\WINDOWS\System32\ole32.dll
0x000000001a240000 - 0x000000001a2e8000 	C:\Users\Mihir Shah\.Xilinx\SDK\2016.3\org.eclipse.osgi\319\0\.cp\swt-win32-4527.dll
0x00007ffcf3490000 - 0x00007ffcf3598000 	C:\WINDOWS\System32\comdlg32.dll
0x00007ffcf2d20000 - 0x00007ffcf2ee9000 	C:\WINDOWS\System32\CRYPT32.dll
0x00007ffcf2120000 - 0x00007ffcf2131000 	C:\WINDOWS\System32\MSASN1.dll
0x00007ffc98160000 - 0x00007ffc98179000 	C:\WINDOWS\SYSTEM32\USP10.dll
0x00007ffcec590000 - 0x00007ffcec61a000 	C:\WINDOWS\SYSTEM32\WINSPOOL.DRV
0x00007ffce00a0000 - 0x00007ffce03ce000 	C:\WINDOWS\SYSTEM32\WININET.dll
0x00007ffced1b0000 - 0x00007ffced346000 	C:\WINDOWS\SYSTEM32\propsys.dll
0x000000001a880000 - 0x000000001a89e000 	C:\Users\Mihir Shah\.Xilinx\SDK\2016.3\org.eclipse.osgi\319\0\.cp\swt-gdip-win32-4527.dll
0x00007ffcec6e0000 - 0x00007ffcec875000 	C:\WINDOWS\WinSxS\amd64_microsoft.windows.gdiplus_6595b64144ccf1df_1.1.15063.608_none_56f0266b425534e9\gdiplus.dll
0x00007ffcec110000 - 0x00007ffcec2bc000 	C:\WINDOWS\SYSTEM32\WindowsCodecs.dll
0x0000000180000000 - 0x0000000180012000 	C:\Users\Mihir Shah\.Xilinx\SDK\2016.3\org.eclipse.osgi\133\0\.cp\os\win32\x86_64\localfile_1_0_0.dll
0x00007ffcec620000 - 0x00007ffcec627000 	C:\WINDOWS\SYSTEM32\msimg32.dll
0x00007ffcef380000 - 0x00007ffcef391000 	C:\Users\Mihir Shah\.Xilinx\SDK\2016.3\org.eclipse.osgi\136\0\.cp\jWinHttp-1.0.0.dll
0x00007ffce70f0000 - 0x00007ffce71c7000 	C:\WINDOWS\SYSTEM32\WINHTTP.dll
0x00007ffcef470000 - 0x00007ffcef47f000 	C:\Xilinx\SDK\2016.3\lib\win64.o\librdi_repo_manager.dll
0x00007ffce1180000 - 0x00007ffce11aa000 	C:\Xilinx\SDK\2016.3\lib\win64.o\libisl_sysinfo.dll
0x00007ffcda210000 - 0x00007ffcda263000 	C:\Xilinx\SDK\2016.3\lib\win64.o\librdi_commonxillic.dll
0x00007ffc91700000 - 0x00007ffc921a9000 	C:\Xilinx\SDK\2016.3\lib\win64.o\librdi_common.dll
0x00007ffce4370000 - 0x00007ffce4417000 	C:\WINDOWS\SYSTEM32\MSVCP110.dll
0x00007ffce4420000 - 0x00007ffce44f4000 	C:\WINDOWS\SYSTEM32\MSVCR110.dll
0x00007ffc91500000 - 0x00007ffc916f8000 	C:\Xilinx\SDK\2016.3\lib\win64.o\librdi_hsm.dll
0x00007ffce1150000 - 0x00007ffce1174000 	C:\Xilinx\SDK\2016.3\lib\win64.o\libboost_filesystem.dll
0x00007ffc912e0000 - 0x00007ffc914ff000 	C:\Xilinx\SDK\2016.3\lib\win64.o\libXil_lmgr11.dll
0x00007ffcf2fb0000 - 0x00007ffcf3006000 	C:\WINDOWS\System32\WINTRUST.dll
0x00007ffcb6ab0000 - 0x00007ffcb6bb6000 	C:\Xilinx\SDK\2016.3\lib\win64.o\libboost_regex.dll
0x00007ffcef420000 - 0x00007ffcef429000 	C:\Xilinx\SDK\2016.3\lib\win64.o\libboost_system.dll
0x00007ffcef3b0000 - 0x00007ffcef3c0000 	C:\Xilinx\SDK\2016.3\lib\win64.o\libboost_date_time.dll
0x00007ffcc1280000 - 0x00007ffcc12f7000 	C:\Xilinx\SDK\2016.3\lib\win64.o\libboost_program_options.dll
0x00007ffce0f50000 - 0x00007ffce0f63000 	C:\Xilinx\SDK\2016.3\lib\win64.o\libboost_signals.dll
0x00007ffc90f70000 - 0x00007ffc912de000 	C:\Xilinx\SDK\2016.3\lib\win64.o\libCOIN-all.dll
0x00007ffcca0c0000 - 0x00007ffcca0dd000 	C:\Xilinx\SDK\2016.3\lib\win64.o\libboost_thread.dll
0x00007ffceea00000 - 0x00007ffceea0b000 	C:\Xilinx\SDK\2016.3\lib\win64.o\libboost_xilinx.dll
0x00007ffcc0fe0000 - 0x00007ffcc1060000 	C:\Xilinx\SDK\2016.3\lib\win64.o\libhdlpsolve.dll
0x00007ffcc4ce0000 - 0x00007ffcc4cf5000 	C:\Xilinx\SDK\2016.3\lib\win64.o\pthreadVC2.dll
0x00007ffcb64e0000 - 0x00007ffcb6610000 	C:\Xilinx\SDK\2016.3\lib\win64.o\librdi_curl.dll
0x00007ffcc4800000 - 0x00007ffcc4818000 	C:\Xilinx\SDK\2016.3\lib\win64.o\librdiconfig.dll
0x00007ffcc0f40000 - 0x00007ffcc0f63000 	C:\Xilinx\SDK\2016.3\lib\win64.o\librdizlib.dll
0x00007ffc906b0000 - 0x00007ffc90a79000 	C:\Xilinx\SDK\2016.3\lib\win64.o\libisl_iostreams.dll
0x00007ffce2270000 - 0x00007ffce2437000 	C:\WINDOWS\SYSTEM32\urlmon.dll
0x00000000695d0000 - 0x00000000696f7000 	C:\Xilinx\SDK\2016.3\lib\win64.o\tcl85t.dll
0x00007ffcd4580000 - 0x00007ffcd45a3000 	C:\WINDOWS\SYSTEM32\VCOMP110.DLL
0x00007ffcbd1a0000 - 0x00007ffcbd23a000 	C:\Xilinx\SDK\2016.3\lib\win64.o\libhdxml.dll
0x00007ffcbd390000 - 0x00007ffcbd3d3000 	C:\Xilinx\SDK\2016.3\lib\win64.o\librdi_hdf.dll
0x00007ffc903e0000 - 0x00007ffc906a6000 	C:\Xilinx\SDK\2016.3\lib\win64.o\librdi_ippcw.dll
0x00007ffcdf660000 - 0x00007ffcdf677000 	C:\WINDOWS\SYSTEM32\NETAPI32.dll
0x00007ffcc3720000 - 0x00007ffcc3736000 	C:\Xilinx\SDK\2016.3\lib\win64.o\libboost_iostreams.dll
0x00007ffcbd170000 - 0x00007ffcbd193000 	C:\Xilinx\SDK\2016.3\lib\win64.o\libisl_iosutils.dll
0x00007ffcee980000 - 0x00007ffcee98b000 	C:\Xilinx\SDK\2016.3\lib\win64.o\libboost_chrono.dll
0x00007ffce2b70000 - 0x00007ffce2dfa000 	C:\WINDOWS\SYSTEM32\iertutil.dll
0x0000000027180000 - 0x00000000273e3000 	C:\Xilinx\SDK\2016.3\lib\win64.o\xerces-c_3_1.dll
0x00007ffccf310000 - 0x00007ffccf354000 	C:\WINDOWS\SYSTEM32\edputil.dll
0x00007ffcc3570000 - 0x00007ffcc3586000 	C:\Xilinx\SDK\2016.3\eclipse\win64.o\plugins\org.eclipse.cdt.core.win32.x86_64_5.4.0.201509131935\os\win32\x86_64\spawner.dll
0x00007ffcee220000 - 0x00007ffcee22a000 	C:\Xilinx\SDK\2016.3\lib\win64.o\librdi_jtag_settings.dll

VM Arguments:
jvm_args: -Dcom.xilinx.sdk.args.hwspec=C:/JPEG_Thesis/JPEG_PR_Main/PRLab/JPEG/JPEG.sdk/jpeg_design_wrapper.hdf -Xms64m -Xmx512m & 
java_command: <unknown>
java_class_path (initial): C:\Xilinx\SDK\2016.3\eclipse\win64.o\\plugins/org.eclipse.equinox.launcher_1.3.100.v20150511-1540.jar
Launcher Type: generic

Environment Variables:
PATH=C:/Xilinx/SDK/2016.3/tps/win64/jre/bin/server;C:/Xilinx/SDK/2016.3/tps/win64/jre/bin;C:/Xilinx/SDK/2016.3/tps/win64/jre/lib/amd64;C:\Xilinx\SDK\2016.3\gnuwin\bin;C:\Xilinx\SDK\2016.3\gnu\microblaze\nt\bin;C:\Xilinx\SDK\2016.3\gnu\microblaze\linux_toolchain\nt64_le\bin;C:\Xilinx\SDK\2016.3\gnu\microblaze\linux_toolchain\nt64_be\bin;C:\Xilinx\SDK\2016.3\gnu\arm\nt\bin;C:\Xilinx\SDK\2016.3\gnu\aarch64\nt\aarch64-none\bin;C:\Xilinx\SDK\2016.3\gnu\aarch64\nt\aarch64-linux\bin;C:\Xilinx\SDK\2016.3\gnu\armr5\nt\gcc-arm-none-eabi\bin;C:\Xilinx\SDK\2016.3\gnu\aarch32\nt\gcc-arm-none-eabi\bin;C:\Xilinx\SDK\2016.3\gnu\aarch32\nt\gcc-arm-linux-gnueabi\bin;C:\Xilinx\SDK\2016.3\tps\win64\cmake-3.3.2\bin;;C:\Xilinx\SDK\2016.3\bin;C:\Xilinx\SDK\2016.3\lib\win64.o;C:\Xilinx\SDK\2016.3\tps\win64\jre\bin\server;C:\Xilinx\SDK\2016.3\tps\win64\jre\bin;C:\Xilinx\Vivado\2016.3\ids_lite\ISE\bin\nt64;C:\Xilinx\Vivado\2016.3\ids_lite\ISE\lib\nt64;C:\Xilinx\Vivado\2016.3\bin;C:\Xilinx\Vivado\2016.3\lib\win64.o;C:\Xilinx\Vivado\2016.3\tps\win64\jre\bin\server;C:\Xilinx\Vivado\2016.3\tps\win64\jre\bin;C:\Xilinx\Vivado_HLS\2016.3\bin;C:\Program Files\SlickEdit Pro 21.0.3\win\;C:\Perl64\site\bin;C:\Perl64\bin;C:\ProgramData\Oracle\Java\javapath;C:\Windows\system32;C:\Windows;C:\Windows\System32\Wbem;C:\Windows\System32\WindowsPowerShell\v1.0\;C:\Program Files (x86)\NVIDIA Corporation\PhysX\Common;C:\MinGW\bin;C:\Python27;C:\Program Files\Intel\WiFi\bin\;C:\Program Files\Common Files\Intel\WirelessCommon\;C:\Users\Mihir Shah\AppData\Local\Microsoft\WindowsApps;C:\intelFPGA\16.1\modelsim_ase\win32aloem;;C:\JPEG_Thesis\JPEG_PR_Main\PRLab\JPEG;
USERNAME=Mihir Shah
OS=Windows_NT
PROCESSOR_IDENTIFIER=Intel64 Family 6 Model 94 Stepping 3, GenuineIntel



---------------  S Y S T E M  ---------------

OS: Windows 10.0 , 64 bit Build 15063 (10.0.15063.296)

CPU:total 8 (4 cores per cpu, 2 threads per core) family 6 model 94 stepping 3, cmov, cx8, fxsr, mmx, sse, sse2, sse3, ssse3, sse4.1, sse4.2, popcnt, avx, avx2, aes, clmul, erms, rtm, 3dnowpref, lzcnt, ht, tsc, tscinvbit, bmi1, bmi2, adx

Memory: 4k page, physical 8258516k(2906132k free), swap 20841428k(10466996k free)

vm_info: Java HotSpot(TM) 64-Bit Server VM (25.66-b18) for windows-amd64 JRE (1.8.0_66-b18), built on Nov  9 2015 10:51:13 by "java_re" with MS VC++ 10.0 (VS2010)

time: Sat Nov 11 20:19:32 2017
elapsed time: 67593 seconds (0d 18h 46m 33s)

