#
# A fatal error has been detected by the Java Runtime Environment:
#
#  Internal Error (0xc000000d), pid=14024, tid=9140
#
# JRE version: Java(TM) SE Runtime Environment (8.0_66-b18) (build 1.8.0_66-b18)
# Java VM: Java HotSpot(TM) 64-Bit Server VM (25.66-b18 mixed mode windows-amd64 compressed oops)
# Problematic frame:
# C  [ntdll.dll+0x105a50]
#
# Failed to write core dump. Minidumps are not enabled by default on client versions of Windows
#
# If you would like to submit a bug report, please visit:
#   http://bugreport.java.com/bugreport/crash.jsp
#

---------------  T H R E A D  ---------------

Current thread (0x0000000014089800):  VMThread [stack: 0x0000000015d60000,0x0000000015e60000] [id=9140]

siginfo: ExceptionCode=0xc000000d

Registers:
RAX=0x0000ca8c2c124834, RBX=0xfffffffffffffffe, RCX=0x0000000000000003, RDX=0x0000000015e5f040
RSP=0x0000000015e5f470, RBP=0x00007ffce4427408, RSI=0x0000000000000000, RDI=0x00000000000013b0
R8 =0x00007ffcf5c60d98, R9 =0x0000000000000000, R10=0x0000000015e5ef68, R11=0x0000000015e5ef71
R12=0x000000000065dc80, R13=0x000000001aeb5f30, R14=0x000000000065dd88, R15=0x0000000015e5f5e8
RIP=0x00007ffcf5d45a50, EFLAGS=0x0000000000000206

Top of Stack: (sp=0x0000000015e5f470)
0x0000000015e5f470:   0000000000000057 fffffffffffffffe
0x0000000015e5f480:   0000000000000000 00000000000013b0
0x0000000015e5f490:   00000000c000000d 0000000000000000
0x0000000015e5f4a0:   00007ffcf5d45a50 0000000000000000
0x0000000015e5f4b0:   0000000000000000 0000000000000000
0x0000000015e5f4c0:   0000000000000000 0000000000000000
0x0000000015e5f4d0:   0000000000000000 0000000000000000
0x0000000015e5f4e0:   0000000000000000 0000000000000000
0x0000000015e5f4f0:   0000000000000000 0000000000000000
0x0000000015e5f500:   0000000000000000 0000000000000000
0x0000000015e5f510:   0000000000000000 0000000000000000
0x0000000015e5f520:   0000000000000000 0000000000000101
0x0000000015e5f530:   0000ca8c2c125214 0000000000000770
0x0000000015e5f540:   0000000000000000 00007ffcf5cfc829
0x0000000015e5f550:   0000000001950000 0000000000000000
0x0000000015e5f560:   0000000100000115 0000000000000080 

Instructions: (pc=0x00007ffcf5d45a50)
0x00007ffcf5d45a30:   64 fa ff c7 44 24 20 0d 00 00 c0 b9 57 00 00 00
0x00007ffcf5d45a40:   e8 eb 4b f5 ff 90 48 8d 4c 24 20 e8 f0 fa f0 ff
0x00007ffcf5d45a50:   eb 00 48 8b 8c 24 c0 00 00 00 48 33 cc e8 1e 05
0x00007ffcf5d45a60:   f9 ff 48 81 c4 d8 00 00 00 c3 40 55 48 83 ec 20 


Register to memory mapping:

RAX=0x0000ca8c2c124834 is an unknown value
RBX=0xfffffffffffffffe is an unknown value
RCX=0x0000000000000003 is an unknown value
RDX=0x0000000015e5f040 is an unknown value
RSP=0x0000000015e5f470 is an unknown value
RBP=0x00007ffce4427408 is an unknown value
RSI=0x0000000000000000 is an unknown value
RDI=0x00000000000013b0 is an unknown value
R8 =0x00007ffcf5c60d98 is an unknown value
R9 =0x0000000000000000 is an unknown value
R10=0x0000000015e5ef68 is an unknown value
R11=0x0000000015e5ef71 is an unknown value
R12=0x000000000065dc80 is an unknown value
R13=0x000000001aeb5f30 is an unknown value
R14=0x000000000065dd88 is an unknown value
R15=0x0000000015e5f5e8 is an unknown value


Stack: [0x0000000015d60000,0x0000000015e60000],  sp=0x0000000015e5f470,  free space=1021k
Native frames: (J=compiled Java code, j=interpreted, Vv=VM code, C=native code)
C  [ntdll.dll+0x105a50]
C  [ntdll.dll+0xbc829]
C  [KERNEL32.DLL+0x1e6fa]
C  [MSVCR110.dll+0x752d]
C  [MSVCR110.dll+0x73c6]
C  [MSVCR110.dll+0x14cca]
C  [MSVCR110.dll+0x13edc]
C  [MSVCR110.dll+0x239e]
C  [MSVCR110.dll+0xaf9e]
C  [MSVCP110.dll+0x397b9]
C  [librdi_common.dll+0x183a66]
C  [librdi_common.dll+0x1826fb]
C  0x00007ffcda872400
C  0x00007ffcda872682
C  [ntdll.dll+0x2485f]
C  [ntdll.dll+0x4d43c]
C  [ntdll.dll+0x4d2f4]
C  [KERNEL32.DLL+0x1c0da]
C  [MSVCR100.dll+0x20ccd]
V  [jvm.dll+0x210cc5]
V  [jvm.dll+0x249897]
V  [jvm.dll+0x248b36]
V  [jvm.dll+0x248fd1]
V  [jvm.dll+0x2491ee]
V  [jvm.dll+0x29a0fa]
C  [MSVCR100.dll+0x21d9f]
C  [MSVCR100.dll+0x21e3b]
C  [KERNEL32.DLL+0x12774]
C  [ntdll.dll+0x70d51]

VM_Operation (0x000000000014f4c0): Exit, mode: safepoint, requested by thread 0x00000000028ce000


---------------  P R O C E S S  ---------------

Java Threads: ( => current thread )
  0x00000000162d0800 JavaThread "PS Event Handler" [_thread_blocked, id=2616, stack(0x000000005ac50000,0x000000005ad50000)]
  0x00000000162cc000 JavaThread "Timer-13" [_thread_blocked, id=11752, stack(0x000000005a750000,0x000000005a850000)]
  0x00000000162ca800 JavaThread "Timer-12" [_thread_blocked, id=9768, stack(0x000000005a650000,0x000000005a750000)]
  0x00000000162c6800 JavaThread "TMF Statistics, events per type Event Handler" [_thread_blocked, id=7960, stack(0x000000005a350000,0x000000005a450000)]
  0x00000000162c4800 JavaThread "TMF Statistics, event totals Event Handler" [_thread_blocked, id=1956, stack(0x000000005a250000,0x000000005a350000)]
  0x00000000162c5000 JavaThread "Timer-1" [_thread_blocked, id=13952, stack(0x0000000059350000,0x0000000059450000)]
  0x0000000018fb5000 JavaThread "Timer-0" daemon [_thread_blocked, id=7552, stack(0x0000000059250000,0x0000000059350000)]
  0x000000001cf0e000 JavaThread "Thread-29" daemon [_thread_blocked, id=6704, stack(0x0000000029350000,0x0000000029450000)]
  0x000000001cf0f800 JavaThread "TCF Channel Transmitter" daemon [_thread_blocked, id=13084, stack(0x0000000028150000,0x0000000028250000)]
  0x000000001cf09800 JavaThread "Process monitor" daemon [_thread_in_native, id=2852, stack(0x0000000025ae0000,0x0000000025be0000)]
  0x000000001cf02000 JavaThread "Input Stream Monitor" daemon [_thread_blocked, id=8000, stack(0x00000000259e0000,0x0000000025ae0000)]
  0x000000001cf05000 JavaThread "Output Stream Monitor" daemon [_thread_in_native, id=1768, stack(0x00000000253e0000,0x00000000254e0000)]
  0x000000001cf08800 JavaThread "Output Stream Monitor" daemon [_thread_in_native, id=11452, stack(0x00000000252e0000,0x00000000253e0000)]
  0x000000001cf03800 JavaThread "TCF Locator DNS Lookup" daemon [_thread_blocked, id=10428, stack(0x0000000022f80000,0x0000000023080000)]
  0x0000000018fb3800 JavaThread "TCF Timer Dispatcher" daemon [_thread_blocked, id=14264, stack(0x00000000228a0000,0x00000000229a0000)]
  0x0000000018fb6800 JavaThread "EventAdmin Async Event Dispatcher Thread" daemon [_thread_blocked, id=7576, stack(0x0000000021670000,0x0000000021770000)]
  0x0000000018f3b000 JavaThread "EMF Reference Cleaner" daemon [_thread_blocked, id=4868, stack(0x000000001a530000,0x000000001a630000)]
  0x0000000016221800 JavaThread "Service Thread" daemon [_thread_blocked, id=3208, stack(0x0000000016b50000,0x0000000016c50000)]
  0x000000001618f000 JavaThread "C1 CompilerThread3" daemon [_thread_blocked, id=3780, stack(0x0000000016a50000,0x0000000016b50000)]
  0x0000000016186800 JavaThread "C2 CompilerThread2" daemon [_thread_blocked, id=11336, stack(0x0000000016950000,0x0000000016a50000)]
  0x0000000016182800 JavaThread "C2 CompilerThread1" daemon [_thread_blocked, id=1888, stack(0x0000000016850000,0x0000000016950000)]
  0x000000001617f800 JavaThread "C2 CompilerThread0" daemon [_thread_blocked, id=12844, stack(0x0000000016750000,0x0000000016850000)]
  0x000000001617e800 JavaThread "Attach Listener" daemon [_thread_blocked, id=13040, stack(0x0000000016650000,0x0000000016750000)]
  0x000000001617e000 JavaThread "Signal Dispatcher" daemon [_thread_blocked, id=4164, stack(0x0000000016550000,0x0000000016650000)]
  0x00000000027db800 JavaThread "Finalizer" daemon [_thread_blocked, id=5972, stack(0x0000000015f60000,0x0000000016060000)]
  0x00000000027d4000 JavaThread "Reference Handler" daemon [_thread_blocked, id=13044, stack(0x0000000015e60000,0x0000000015f60000)]
  0x00000000028ce000 JavaThread "main" [_thread_blocked, id=4352, stack(0x0000000000050000,0x0000000000150000)]

Other Threads:
=>0x0000000014089800 VMThread [stack: 0x0000000015d60000,0x0000000015e60000] [id=9140]

VM state:at safepoint (shutting down)

VM Mutex/Monitor currently owned by a thread:  ([mutex/lock_event])
[0x00000000028cd8c0] Threads_lock - owner thread: 0x0000000014089800

Heap:
 PSYoungGen      total 168448K, used 22014K [0x00000000f5580000, 0x0000000100000000, 0x0000000100000000)
  eden space 162304K, 12% used [0x00000000f5580000,0x00000000f69f3aa0,0x00000000ff400000)
  from space 6144K, 17% used [0x00000000ffa00000,0x00000000ffb0c010,0x0000000100000000)
  to   space 6144K, 0% used [0x00000000ff400000,0x00000000ff400000,0x00000000ffa00000)
 ParOldGen       total 229888K, used 199539K [0x00000000e0000000, 0x00000000ee080000, 0x00000000f5580000)
  object space 229888K, 86% used [0x00000000e0000000,0x00000000ec2dcf38,0x00000000ee080000)
 Metaspace       used 108115K, capacity 116346K, committed 116632K, reserved 1150976K
  class space    used 12447K, capacity 14968K, committed 15024K, reserved 1048576K

Card table byte_map: [0x0000000011c90000,0x0000000011da0000] byte_map_base: 0x0000000011590000

Marking Bits: (ParMarkBitMap*) 0x0000000069f0a5b0
 Begin Bits: [0x00000000125a0000, 0x0000000012da0000)
 End Bits:   [0x0000000012da0000, 0x00000000135a0000)

Polling page: 0x0000000002150000

CodeCache: size=245760Kb used=82580Kb max_used=82617Kb free=163179Kb
 bounds [0x00000000028d0000, 0x0000000007a40000, 0x00000000118d0000]
 total_blobs=21248 nmethods=20310 adapters=843
 compilation: enabled

Compilation events (10 events):
Event: 10496.549 Thread 0x000000001618f000 nmethod 27084 0x00000000046e8a90 code [0x00000000046e8c40, 0x00000000046e95e8]
Event: 10496.551 Thread 0x000000001618f000 27085       3       org.eclipse.osgi.internal.container.AtomicLazyInitializer::getAndClear (9 bytes)
Event: 10496.551 Thread 0x000000001618f000 nmethod 27085 0x0000000007a17810 code [0x0000000007a17980, 0x0000000007a17bd0]
Event: 10496.552 Thread 0x000000001618f000 27086       3       java.util.concurrent.atomic.AtomicReference::getAndSet (12 bytes)
Event: 10496.553 Thread 0x000000001618f000 nmethod 27086 0x0000000004ede990 code [0x0000000004edeae0, 0x0000000004edec50]
Event: 10496.554 Thread 0x000000001618f000 27087       3       sun.misc.Unsafe::getAndSetObject (24 bytes)
Event: 10496.554 Thread 0x000000001618f000 nmethod 27087 0x00000000049ce290 code [0x00000000049ce400, 0x00000000049ce610]
Event: 10496.556 Thread 0x000000001618f000 27088       3       org.eclipse.osgi.internal.framework.EquinoxContainerAdaptor::invalidateWiring (186 bytes)
Event: 10496.559 Thread 0x000000001618f000 nmethod 27088 0x0000000005246750 code [0x0000000005246b20, 0x0000000005249498]
Event: 10496.618 Thread 0x0000000016182800 nmethod 27058 0x0000000007a2d050 code [0x0000000007a2d580, 0x0000000007a33988]

GC Heap History (10 events):
Event: 10473.913 GC heap before
{Heap before GC invocations=2086 (full 8):
 PSYoungGen      total 168448K, used 163654K [0x00000000f5580000, 0x0000000100000000, 0x0000000100000000)
  eden space 162816K, 100% used [0x00000000f5580000,0x00000000ff480000,0x00000000ff480000)
  from space 5632K, 14% used [0x00000000ff480000,0x00000000ff551b30,0x00000000ffa00000)
  to   space 5632K, 0% used [0x00000000ffa80000,0x00000000ffa80000,0x0000000100000000)
 ParOldGen       total 229888K, used 199299K [0x00000000e0000000, 0x00000000ee080000, 0x00000000f5580000)
  object space 229888K, 86% used [0x00000000e0000000,0x00000000ec2a0f38,0x00000000ee080000)
 Metaspace       used 107683K, capacity 115760K, committed 116120K, reserved 1150976K
  class space    used 12403K, capacity 14903K, committed 15024K, reserved 1048576K
Event: 10473.919 GC heap after
Heap after GC invocations=2086 (full 8):
 PSYoungGen      total 167936K, used 688K [0x00000000f5580000, 0x0000000100000000, 0x0000000100000000)
  eden space 162304K, 0% used [0x00000000f5580000,0x00000000f5580000,0x00000000ff400000)
  from space 5632K, 12% used [0x00000000ffa80000,0x00000000ffb2c010,0x0000000100000000)
  to   space 6144K, 0% used [0x00000000ff400000,0x00000000ff400000,0x00000000ffa00000)
 ParOldGen       total 229888K, used 199355K [0x00000000e0000000, 0x00000000ee080000, 0x00000000f5580000)
  object space 229888K, 86% used [0x00000000e0000000,0x00000000ec2aef38,0x00000000ee080000)
 Metaspace       used 107683K, capacity 115760K, committed 116120K, reserved 1150976K
  class space    used 12403K, capacity 14903K, committed 15024K, reserved 1048576K
}
Event: 10481.314 GC heap before
{Heap before GC invocations=2087 (full 8):
 PSYoungGen      total 167936K, used 162992K [0x00000000f5580000, 0x0000000100000000, 0x0000000100000000)
  eden space 162304K, 100% used [0x00000000f5580000,0x00000000ff400000,0x00000000ff400000)
  from space 5632K, 12% used [0x00000000ffa80000,0x00000000ffb2c010,0x0000000100000000)
  to   space 6144K, 0% used [0x00000000ff400000,0x00000000ff400000,0x00000000ffa00000)
 ParOldGen       total 229888K, used 199355K [0x00000000e0000000, 0x00000000ee080000, 0x00000000f5580000)
  object space 229888K, 86% used [0x00000000e0000000,0x00000000ec2aef38,0x00000000ee080000)
 Metaspace       used 107683K, capacity 115760K, committed 116120K, reserved 1150976K
  class space    used 12403K, capacity 14903K, committed 15024K, reserved 1048576K
Event: 10481.320 GC heap after
Heap after GC invocations=2087 (full 8):
 PSYoungGen      total 168448K, used 624K [0x00000000f5580000, 0x0000000100000000, 0x0000000100000000)
  eden space 162304K, 0% used [0x00000000f5580000,0x00000000f5580000,0x00000000ff400000)
  from space 6144K, 10% used [0x00000000ff400000,0x00000000ff49c010,0x00000000ffa00000)
  to   space 6144K, 0% used [0x00000000ffa00000,0x00000000ffa00000,0x0000000100000000)
 ParOldGen       total 229888K, used 199427K [0x00000000e0000000, 0x00000000ee080000, 0x00000000f5580000)
  object space 229888K, 86% used [0x00000000e0000000,0x00000000ec2c0f38,0x00000000ee080000)
 Metaspace       used 107683K, capacity 115760K, committed 116120K, reserved 1150976K
  class space    used 12403K, capacity 14903K, committed 15024K, reserved 1048576K
}
Event: 10487.233 GC heap before
{Heap before GC invocations=2088 (full 8):
 PSYoungGen      total 168448K, used 162928K [0x00000000f5580000, 0x0000000100000000, 0x0000000100000000)
  eden space 162304K, 100% used [0x00000000f5580000,0x00000000ff400000,0x00000000ff400000)
  from space 6144K, 10% used [0x00000000ff400000,0x00000000ff49c010,0x00000000ffa00000)
  to   space 6144K, 0% used [0x00000000ffa00000,0x00000000ffa00000,0x0000000100000000)
 ParOldGen       total 229888K, used 199427K [0x00000000e0000000, 0x00000000ee080000, 0x00000000f5580000)
  object space 229888K, 86% used [0x00000000e0000000,0x00000000ec2c0f38,0x00000000ee080000)
 Metaspace       used 107683K, capacity 115760K, committed 116120K, reserved 1150976K
  class space    used 12403K, capacity 14903K, committed 15024K, reserved 1048576K
Event: 10487.240 GC heap after
Heap after GC invocations=2088 (full 8):
 PSYoungGen      total 168448K, used 624K [0x00000000f5580000, 0x0000000100000000, 0x0000000100000000)
  eden space 162304K, 0% used [0x00000000f5580000,0x00000000f5580000,0x00000000ff400000)
  from space 6144K, 10% used [0x00000000ffa00000,0x00000000ffa9c010,0x0000000100000000)
  to   space 6144K, 0% used [0x00000000ff400000,0x00000000ff400000,0x00000000ffa00000)
 ParOldGen       total 229888K, used 199427K [0x00000000e0000000, 0x00000000ee080000, 0x00000000f5580000)
  object space 229888K, 86% used [0x00000000e0000000,0x00000000ec2c0f38,0x00000000ee080000)
 Metaspace       used 107683K, capacity 115760K, committed 116120K, reserved 1150976K
  class space    used 12403K, capacity 14903K, committed 15024K, reserved 1048576K
}
Event: 10491.648 GC heap before
{Heap before GC invocations=2089 (full 8):
 PSYoungGen      total 168448K, used 162928K [0x00000000f5580000, 0x0000000100000000, 0x0000000100000000)
  eden space 162304K, 100% used [0x00000000f5580000,0x00000000ff400000,0x00000000ff400000)
  from space 6144K, 10% used [0x00000000ffa00000,0x00000000ffa9c010,0x0000000100000000)
  to   space 6144K, 0% used [0x00000000ff400000,0x00000000ff400000,0x00000000ffa00000)
 ParOldGen       total 229888K, used 199427K [0x00000000e0000000, 0x00000000ee080000, 0x00000000f5580000)
  object space 229888K, 86% used [0x00000000e0000000,0x00000000ec2c0f38,0x00000000ee080000)
 Metaspace       used 107683K, capacity 115760K, committed 116120K, reserved 1150976K
  class space    used 12403K, capacity 14903K, committed 15024K, reserved 1048576K
Event: 10491.652 GC heap after
Heap after GC invocations=2089 (full 8):
 PSYoungGen      total 168448K, used 592K [0x00000000f5580000, 0x0000000100000000, 0x0000000100000000)
  eden space 162304K, 0% used [0x00000000f5580000,0x00000000f5580000,0x00000000ff400000)
  from space 6144K, 9% used [0x00000000ff400000,0x00000000ff494010,0x00000000ffa00000)
  to   space 6144K, 0% used [0x00000000ffa00000,0x00000000ffa00000,0x0000000100000000)
 ParOldGen       total 229888K, used 199483K [0x00000000e0000000, 0x00000000ee080000, 0x00000000f5580000)
  object space 229888K, 86% used [0x00000000e0000000,0x00000000ec2cef38,0x00000000ee080000)
 Metaspace       used 107683K, capacity 115760K, committed 116120K, reserved 1150976K
  class space    used 12403K, capacity 14903K, committed 15024K, reserved 1048576K
}
Event: 10494.619 GC heap before
{Heap before GC invocations=2090 (full 8):
 PSYoungGen      total 168448K, used 162896K [0x00000000f5580000, 0x0000000100000000, 0x0000000100000000)
  eden space 162304K, 100% used [0x00000000f5580000,0x00000000ff400000,0x00000000ff400000)
  from space 6144K, 9% used [0x00000000ff400000,0x00000000ff494010,0x00000000ffa00000)
  to   space 6144K, 0% used [0x00000000ffa00000,0x00000000ffa00000,0x0000000100000000)
 ParOldGen       total 229888K, used 199483K [0x00000000e0000000, 0x00000000ee080000, 0x00000000f5580000)
  object space 229888K, 86% used [0x00000000e0000000,0x00000000ec2cef38,0x00000000ee080000)
 Metaspace       used 107722K, capacity 115792K, committed 116120K, reserved 1150976K
  class space    used 12405K, capacity 14935K, committed 15024K, reserved 1048576K
Event: 10494.624 GC heap after
Heap after GC invocations=2090 (full 8):
 PSYoungGen      total 168448K, used 1072K [0x00000000f5580000, 0x0000000100000000, 0x0000000100000000)
  eden space 162304K, 0% used [0x00000000f5580000,0x00000000f5580000,0x00000000ff400000)
  from space 6144K, 17% used [0x00000000ffa00000,0x00000000ffb0c010,0x0000000100000000)
  to   space 6144K, 0% used [0x00000000ff400000,0x00000000ff400000,0x00000000ffa00000)
 ParOldGen       total 229888K, used 199539K [0x00000000e0000000, 0x00000000ee080000, 0x00000000f5580000)
  object space 229888K, 86% used [0x00000000e0000000,0x00000000ec2dcf38,0x00000000ee080000)
 Metaspace       used 107722K, capacity 115792K, committed 116120K, reserved 1150976K
  class space    used 12405K, capacity 14935K, committed 15024K, reserved 1048576K
}

Deoptimization events (10 events):
Event: 10496.503 Thread 0x0000000016e3d000 Uncommon trap: reason=unstable_if action=reinterpret pc=0x00000000062d6ab0 method=org.eclipse.core.internal.jobs.WorkerPool.startJob(Lorg/eclipse/core/internal/jobs/Worker;)Lorg/eclipse/core/internal/jobs/InternalJob; @ 177
Event: 10496.503 Thread 0x0000000016e38800 Uncommon trap: reason=unstable_if action=reinterpret pc=0x00000000062d6ab0 method=org.eclipse.core.internal.jobs.WorkerPool.startJob(Lorg/eclipse/core/internal/jobs/Worker;)Lorg/eclipse/core/internal/jobs/InternalJob; @ 177
Event: 10496.520 Thread 0x0000000018893000 Uncommon trap: reason=unstable_if action=reinterpret pc=0x0000000006f724a0 method=org.eclipse.osgi.framework.eventmgr.EventManager$EventThread.getNextEvent()Lorg/eclipse/osgi/framework/eventmgr/EventManager$EventThread$Queued; @ 15
Event: 10496.531 Thread 0x0000000018fb6000 Uncommon trap: reason=unstable_if action=reinterpret pc=0x0000000006f724a0 method=org.eclipse.osgi.framework.eventmgr.EventManager$EventThread.getNextEvent()Lorg/eclipse/osgi/framework/eventmgr/EventManager$EventThread$Queued; @ 15
Event: 10498.905 Thread 0x0000000018fb8000 Uncommon trap: reason=unstable_if action=reinterpret pc=0x00000000065ac38c method=org.eclipse.tcf.EventQueue.invokeLater(Ljava/lang/Runnable;)V @ 22
Event: 10498.907 Thread 0x000000001cf0b000 Uncommon trap: reason=unstable_if action=reinterpret pc=0x000000000610d3e4 method=org.eclipse.tcf.EventQueue.invokeLater(Ljava/lang/Runnable;)V @ 22
Event: 10498.908 Thread 0x000000001cf0b000 Uncommon trap: reason=unstable_if action=reinterpret pc=0x0000000002f79a20 method=org.eclipse.osgi.internal.weaving.WeavingHookConfigurator.processClass(Ljava/lang/String;[BLorg/eclipse/osgi/internal/loader/classpath/ClasspathEntry;Lorg/eclipse/osgi/storag4&Ò=tÅƒ@
Event: 10498.908 Thread 0x000000001cf0b000 Uncommon trap: reason=unstable_if action=reinterpret pc=0x000000000311bd54 method=org.eclipse.osgi.internal.weaving.WeavingHookConfigurator.recordClassDefine(Ljava/lang/String;Ljava/lang/Class;[BLorg/eclipse/osgi/internal/loader/classpath/ClasspathEntry;LotÆ—?tÅƒ@
Event: 10498.908 Thread 0x000000001cf0b000 Uncommon trap: reason=unstable_if action=reinterpret pc=0x000000000466dabc method=org.eclipse.tcf.EventQueue.invokeLater(Ljava/lang/Runnable;)V @ 22
Event: 10524.904 Thread 0x00000000028ce000 Uncommon trap: reason=unstable_if action=reinterpret pc=0x0000000006567dec method=org.eclipse.core.internal.jobs.JobManager.endJob(Lorg/eclipse/core/internal/jobs/InternalJob;Lorg/eclipse/core/runtime/IStatus;Z)V @ 106

Internal exceptions (10 events):
Event: 10525.869 Thread 0x00000000028ce000 Exception <a 'java/io/IOException'> (0x00000000f5dfdb58) thrown at [C:\re\workspace\8-2-build-windows-amd64-cygwin\jdk8u66\5298\hotspot\src\share\vm\prims\jni.cpp, line 709]
Event: 10525.869 Thread 0x00000000028ce000 Exception <a 'java/io/IOException'> (0x00000000f5dfe260) thrown at [C:\re\workspace\8-2-build-windows-amd64-cygwin\jdk8u66\5298\hotspot\src\share\vm\prims\jni.cpp, line 709]
Event: 10525.869 Thread 0x00000000028ce000 Exception <a 'java/io/IOException'> (0x00000000f5dfe4f0) thrown at [C:\re\workspace\8-2-build-windows-amd64-cygwin\jdk8u66\5298\hotspot\src\share\vm\prims\jni.cpp, line 709]
Event: 10525.869 Thread 0x00000000028ce000 Exception <a 'java/io/IOException'> (0x00000000f5dfe750) thrown at [C:\re\workspace\8-2-build-windows-amd64-cygwin\jdk8u66\5298\hotspot\src\share\vm\prims\jni.cpp, line 709]
Event: 10525.869 Thread 0x00000000028ce000 Exception <a 'java/io/IOException'> (0x00000000f5dfefe0) thrown at [C:\re\workspace\8-2-build-windows-amd64-cygwin\jdk8u66\5298\hotspot\src\share\vm\prims\jni.cpp, line 709]
Event: 10525.869 Thread 0x00000000028ce000 Exception <a 'java/io/IOException'> (0x00000000f5dff270) thrown at [C:\re\workspace\8-2-build-windows-amd64-cygwin\jdk8u66\5298\hotspot\src\share\vm\prims\jni.cpp, line 709]
Event: 10525.869 Thread 0x00000000028ce000 Exception <a 'java/io/IOException'> (0x00000000f5dff4d0) thrown at [C:\re\workspace\8-2-build-windows-amd64-cygwin\jdk8u66\5298\hotspot\src\share\vm\prims\jni.cpp, line 709]
Event: 10525.869 Thread 0x00000000028ce000 Exception <a 'java/io/IOException'> (0x00000000f5dff7e8) thrown at [C:\re\workspace\8-2-build-windows-amd64-cygwin\jdk8u66\5298\hotspot\src\share\vm\prims\jni.cpp, line 709]
Event: 10525.869 Thread 0x00000000028ce000 Exception <a 'java/io/IOException'> (0x00000000f5dffa78) thrown at [C:\re\workspace\8-2-build-windows-amd64-cygwin\jdk8u66\5298\hotspot\src\share\vm\prims\jni.cpp, line 709]
Event: 10525.869 Thread 0x00000000028ce000 Exception <a 'java/io/IOException'> (0x00000000f5dffcd8) thrown at [C:\re\workspace\8-2-build-windows-amd64-cygwin\jdk8u66\5298\hotspot\src\share\vm\prims\jni.cpp, line 709]

Events (10 events):
Event: 10524.904 Thread 0x00000000028ce000 Uncommon trap: trap_request=0xffffff65 fr.pc=0x0000000006567dec
Event: 10524.904 Thread 0x00000000028ce000 DEOPT PACKING pc=0x0000000006567dec sp=0x000000000014ecb0
Event: 10524.904 Thread 0x00000000028ce000 DEOPT UNPACKING pc=0x000000000291582a sp=0x000000000014ec90 mode 2
Event: 10525.869 loading class java/util/IdentityHashMap$KeyIterator
Event: 10525.869 loading class java/util/IdentityHashMap$IdentityHashMapIterator
Event: 10525.870 loading class java/util/IdentityHashMap$IdentityHashMapIterator done
Event: 10525.870 loading class java/util/IdentityHashMap$KeyIterator done
Event: 10525.870 Thread 0x0000000016e2e800 Thread added: 0x0000000016e2e800
Event: 10525.870 Thread 0x0000000016e2e800 Thread exited: 0x0000000016e2e800
Event: 10525.871 Executing VM operation: Exit


Dynamic libraries:
0x0000000000400000 - 0x000000000044f000 	C:\Xilinx\SDK\2016.3\eclipse\win64.o\eclipse.exe
0x00007ffcf5c40000 - 0x00007ffcf5e1b000 	C:\WINDOWS\SYSTEM32\ntdll.dll
0x00007ffcf3200000 - 0x00007ffcf32ae000 	C:\WINDOWS\System32\KERNEL32.DLL
0x00007ffcf29d0000 - 0x00007ffcf2c19000 	C:\WINDOWS\System32\KERNELBASE.dll
0x00007ffcf4510000 - 0x00007ffcf465a000 	C:\WINDOWS\System32\USER32.dll
0x00007ffcf2f90000 - 0x00007ffcf2fae000 	C:\WINDOWS\System32\win32u.dll
0x00007ffcf3f60000 - 0x00007ffcf3f87000 	C:\WINDOWS\System32\GDI32.dll
0x00007ffcf3010000 - 0x00007ffcf3197000 	C:\WINDOWS\System32\gdi32full.dll
0x00007ffcf2ef0000 - 0x00007ffcf2f8a000 	C:\WINDOWS\System32\msvcp_win.dll
0x00007ffcf2c20000 - 0x00007ffcf2d16000 	C:\WINDOWS\System32\ucrtbase.dll
0x00007ffcf3f90000 - 0x00007ffcf402d000 	C:\WINDOWS\System32\msvcrt.dll
0x00007ffceaa30000 - 0x00007ffceac97000 	C:\WINDOWS\WinSxS\amd64_microsoft.windows.common-controls_6595b64144ccf1df_6.0.15063.483_none_26002d27e7c744a2\COMCTL32.dll
0x00007ffcf35c0000 - 0x00007ffcf38b9000 	C:\WINDOWS\System32\combase.dll
0x00007ffcf4030000 - 0x00007ffcf4155000 	C:\WINDOWS\System32\RPCRT4.dll
0x00007ffcf2910000 - 0x00007ffcf297a000 	C:\WINDOWS\System32\bcryptPrimitives.dll
0x00007ffcf41e0000 - 0x00007ffcf420d000 	C:\WINDOWS\System32\IMM32.DLL
0x0000000072000000 - 0x0000000072012000 	C:\Xilinx\SDK\2016.3\eclipse\win64.o\plugins\org.eclipse.equinox.launcher.win32.win32.x86_64_1.1.300.v20150602-1417\eclipse_1611.dll
0x00007ffcf4280000 - 0x00007ffcf4321000 	C:\WINDOWS\System32\ADVAPI32.dll
0x00007ffcf44b0000 - 0x00007ffcf4509000 	C:\WINDOWS\System32\sechost.dll
0x00007ffcec880000 - 0x00007ffcec88a000 	C:\WINDOWS\SYSTEM32\VERSION.dll
0x00007ffcf09a0000 - 0x00007ffcf0a35000 	C:\WINDOWS\system32\uxtheme.dll
0x00007ffcf4330000 - 0x00007ffcf4496000 	C:\WINDOWS\System32\MSCTF.dll
0x00007ffcf32b0000 - 0x00007ffcf3370000 	C:\WINDOWS\System32\OLEAUT32.dll
0x00007ffcd3c20000 - 0x00007ffcd3cc1000 	C:\Program Files\Common Files\microsoft shared\ink\tiptsf.dll
0x0000000069700000 - 0x0000000069f89000 	C:\Xilinx\SDK\2016.3\tps\win64\jre\bin\server\jvm.dll
0x00007ffcf3480000 - 0x00007ffcf3488000 	C:\WINDOWS\System32\PSAPI.DLL
0x00007ffcee380000 - 0x00007ffcee389000 	C:\WINDOWS\SYSTEM32\WSOCK32.dll
0x00007ffceda20000 - 0x00007ffceda43000 	C:\WINDOWS\SYSTEM32\WINMM.dll
0x000000006a340000 - 0x000000006a412000 	C:\WINDOWS\SYSTEM32\MSVCR100.dll
0x00007ffcf4210000 - 0x00007ffcf427c000 	C:\WINDOWS\System32\WS2_32.dll
0x00007ffced9f0000 - 0x00007ffceda1b000 	C:\WINDOWS\SYSTEM32\winmmbase.dll
0x00007ffcf2980000 - 0x00007ffcf29c9000 	C:\WINDOWS\System32\cfgmgr32.dll
0x00000000695c0000 - 0x00000000695cf000 	C:\Xilinx\SDK\2016.3\tps\win64\jre\bin\verify.dll
0x0000000069590000 - 0x00000000695b9000 	C:\Xilinx\SDK\2016.3\tps\win64\jre\bin\java.dll
0x0000000069570000 - 0x0000000069586000 	C:\Xilinx\SDK\2016.3\tps\win64\jre\bin\zip.dll
0x00007ffcf4800000 - 0x00007ffcf5c36000 	C:\WINDOWS\System32\SHELL32.dll
0x00007ffcf3e50000 - 0x00007ffcf3efa000 	C:\WINDOWS\System32\shcore.dll
0x00007ffcf2160000 - 0x00007ffcf2851000 	C:\WINDOWS\System32\windows.storage.dll
0x00007ffcf3f00000 - 0x00007ffcf3f51000 	C:\WINDOWS\System32\shlwapi.dll
0x00007ffcf2140000 - 0x00007ffcf2151000 	C:\WINDOWS\System32\kernel.appcore.dll
0x00007ffcf20d0000 - 0x00007ffcf211c000 	C:\WINDOWS\System32\powrprof.dll
0x00007ffcf20b0000 - 0x00007ffcf20c5000 	C:\WINDOWS\System32\profapi.dll
0x00007ffcf1b60000 - 0x00007ffcf1b77000 	C:\WINDOWS\SYSTEM32\CRYPTSP.dll
0x00007ffcf15e0000 - 0x00007ffcf1614000 	C:\WINDOWS\system32\rsaenh.dll
0x00007ffcf1c70000 - 0x00007ffcf1c95000 	C:\WINDOWS\SYSTEM32\bcrypt.dll
0x00007ffcf1fe0000 - 0x00007ffcf2009000 	C:\WINDOWS\SYSTEM32\USERENV.dll
0x00007ffcf1b80000 - 0x00007ffcf1b8b000 	C:\WINDOWS\SYSTEM32\CRYPTBASE.dll
0x0000000069550000 - 0x000000006956a000 	C:\Xilinx\SDK\2016.3\tps\win64\jre\bin\net.dll
0x00007ffcf19c0000 - 0x00007ffcf1a1c000 	C:\WINDOWS\system32\mswsock.dll
0x00007ffcf1760000 - 0x00007ffcf1797000 	C:\WINDOWS\SYSTEM32\IPHLPAPI.DLL
0x00007ffcf44a0000 - 0x00007ffcf44a8000 	C:\WINDOWS\System32\NSI.dll
0x00007ffcee0a0000 - 0x00007ffcee0b6000 	C:\WINDOWS\SYSTEM32\dhcpcsvc6.DLL
0x00007ffcee080000 - 0x00007ffcee09a000 	C:\WINDOWS\SYSTEM32\dhcpcsvc.DLL
0x0000000069530000 - 0x0000000069541000 	C:\Xilinx\SDK\2016.3\tps\win64\jre\bin\nio.dll
0x00007ffce7ed0000 - 0x00007ffce7f52000 	C:\WINDOWS\System32\TextInputFramework.dll
0x00007ffcefc10000 - 0x00007ffcefcf3000 	C:\WINDOWS\System32\CoreMessaging.dll
0x00007ffceb830000 - 0x00007ffcebb02000 	C:\WINDOWS\System32\CoreUIComponents.dll
0x00007ffcf12b0000 - 0x00007ffcf12e1000 	C:\WINDOWS\SYSTEM32\ntmarta.dll
0x00007ffceeb70000 - 0x00007ffceeca9000 	C:\WINDOWS\SYSTEM32\wintypes.dll
0x00007ffcef030000 - 0x00007ffcef045000 	C:\WINDOWS\SYSTEM32\usermgrcli.dll
0x00007ffced100000 - 0x00007ffced12a000 	C:\WINDOWS\system32\dwmapi.dll
0x00007ffcf3370000 - 0x00007ffcf340e000 	C:\WINDOWS\System32\clbcatq.dll
0x00007ffcd3a50000 - 0x00007ffcd3c15000 	C:\Windows\System32\uiautomationcore.dll
0x00007ffcf1f10000 - 0x00007ffcf1faa000 	C:\WINDOWS\SYSTEM32\sxs.dll
0x00007ffcec520000 - 0x00007ffcec58b000 	C:\Windows\System32\OLEACC.dll
0x00007ffcd24e0000 - 0x00007ffcd24f6000 	C:\WINDOWS\system32\napinsp.dll
0x00007ffcd24c0000 - 0x00007ffcd24da000 	C:\WINDOWS\system32\pnrpnsp.dll
0x00007ffcef2b0000 - 0x00007ffcef2c8000 	C:\WINDOWS\system32\NLAapi.dll
0x00007ffcf17a0000 - 0x00007ffcf1844000 	C:\WINDOWS\SYSTEM32\DNSAPI.dll
0x00007ffcd22f0000 - 0x00007ffcd22fe000 	C:\WINDOWS\System32\winrnr.dll
0x00007ffceddf0000 - 0x00007ffcede05000 	C:\WINDOWS\System32\wshbth.dll
0x00007ffce5b00000 - 0x00007ffce5b0a000 	C:\Windows\System32\rasadhlp.dll
0x00007ffceb4d0000 - 0x00007ffceb53b000 	C:\WINDOWS\System32\fwpuclnt.dll
0x00007ffcf3d00000 - 0x00007ffcf3e45000 	C:\WINDOWS\System32\ole32.dll
0x000000001a230000 - 0x000000001a2d8000 	C:\Users\Mihir Shah\.Xilinx\SDK\2016.3\org.eclipse.osgi\319\0\.cp\swt-win32-4527.dll
0x00007ffcf3490000 - 0x00007ffcf3598000 	C:\WINDOWS\System32\comdlg32.dll
0x00007ffcf2d20000 - 0x00007ffcf2ee9000 	C:\WINDOWS\System32\CRYPT32.dll
0x00007ffcf2120000 - 0x00007ffcf2131000 	C:\WINDOWS\System32\MSASN1.dll
0x00007ffcec590000 - 0x00007ffcec61a000 	C:\WINDOWS\SYSTEM32\WINSPOOL.DRV
0x00007ffc98160000 - 0x00007ffc98179000 	C:\WINDOWS\SYSTEM32\USP10.dll
0x00007ffce00a0000 - 0x00007ffce03ce000 	C:\WINDOWS\SYSTEM32\WININET.dll
0x00007ffced1b0000 - 0x00007ffced346000 	C:\WINDOWS\SYSTEM32\propsys.dll
0x000000001a870000 - 0x000000001a88e000 	C:\Users\Mihir Shah\.Xilinx\SDK\2016.3\org.eclipse.osgi\319\0\.cp\swt-gdip-win32-4527.dll
0x00007ffcec6e0000 - 0x00007ffcec875000 	C:\WINDOWS\WinSxS\amd64_microsoft.windows.gdiplus_6595b64144ccf1df_1.1.15063.608_none_56f0266b425534e9\gdiplus.dll
0x00007ffcec110000 - 0x00007ffcec2bc000 	C:\WINDOWS\SYSTEM32\WindowsCodecs.dll
0x0000000180000000 - 0x0000000180012000 	C:\Users\Mihir Shah\.Xilinx\SDK\2016.3\org.eclipse.osgi\133\0\.cp\os\win32\x86_64\localfile_1_0_0.dll
0x00007ffcc5610000 - 0x00007ffcc564f000 	C:\WINDOWS\system32\mlang.dll
0x00007ffccf280000 - 0x00007ffccf2c7000 	C:\WINDOWS\system32\dataexchange.dll
0x00007ffcf02d0000 - 0x00007ffcf03f2000 	C:\WINDOWS\system32\dcomp.dll
0x00007ffcef910000 - 0x00007ffcefbef000 	C:\WINDOWS\system32\d3d11.dll
0x00007ffcf0ff0000 - 0x00007ffcf1094000 	C:\WINDOWS\system32\dxgi.dll
0x00007ffcf0a60000 - 0x00007ffcf0bd0000 	C:\WINDOWS\system32\twinapi.appcore.dll
0x00007ffcec620000 - 0x00007ffcec627000 	C:\WINDOWS\SYSTEM32\msimg32.dll
0x00007ffce1190000 - 0x00007ffce11a1000 	C:\Users\Mihir Shah\.Xilinx\SDK\2016.3\org.eclipse.osgi\136\0\.cp\jWinHttp-1.0.0.dll
0x00007ffce70f0000 - 0x00007ffce71c7000 	C:\WINDOWS\SYSTEM32\WINHTTP.dll
0x00007ffcef470000 - 0x00007ffcef47f000 	C:\Xilinx\SDK\2016.3\lib\win64.o\librdi_repo_manager.dll
0x00007ffce1160000 - 0x00007ffce118a000 	C:\Xilinx\SDK\2016.3\lib\win64.o\libisl_sysinfo.dll
0x00007ffcda210000 - 0x00007ffcda263000 	C:\Xilinx\SDK\2016.3\lib\win64.o\librdi_commonxillic.dll
0x00007ffc91500000 - 0x00007ffc916f8000 	C:\Xilinx\SDK\2016.3\lib\win64.o\librdi_hsm.dll
0x00007ffc91700000 - 0x00007ffc921a9000 	C:\Xilinx\SDK\2016.3\lib\win64.o\librdi_common.dll
0x00007ffce4420000 - 0x00007ffce44f4000 	C:\WINDOWS\SYSTEM32\MSVCR110.dll
0x00007ffce4370000 - 0x00007ffce4417000 	C:\WINDOWS\SYSTEM32\MSVCP110.dll
0x00007ffceea00000 - 0x00007ffceea09000 	C:\Xilinx\SDK\2016.3\lib\win64.o\libboost_system.dll
0x00007ffcb6ab0000 - 0x00007ffcb6bb6000 	C:\Xilinx\SDK\2016.3\lib\win64.o\libboost_regex.dll
0x00007ffcc4cd0000 - 0x00007ffcc4cf4000 	C:\Xilinx\SDK\2016.3\lib\win64.o\libboost_filesystem.dll
0x00007ffc912e0000 - 0x00007ffc914ff000 	C:\Xilinx\SDK\2016.3\lib\win64.o\libXil_lmgr11.dll
0x00007ffcf2fb0000 - 0x00007ffcf3006000 	C:\WINDOWS\System32\WINTRUST.dll
0x00000000695d0000 - 0x00000000696f7000 	C:\Xilinx\SDK\2016.3\lib\win64.o\tcl85t.dll
0x00007ffcbce70000 - 0x00007ffcbceb3000 	C:\Xilinx\SDK\2016.3\lib\win64.o\librdi_hdf.dll
0x00007ffc90ca0000 - 0x00007ffc9100e000 	C:\Xilinx\SDK\2016.3\lib\win64.o\libCOIN-all.dll
0x00007ffc91010000 - 0x00007ffc912d6000 	C:\Xilinx\SDK\2016.3\lib\win64.o\librdi_ippcw.dll
0x00007ffcb7b10000 - 0x00007ffcb7b87000 	C:\Xilinx\SDK\2016.3\lib\win64.o\libboost_program_options.dll
0x00007ffccfd90000 - 0x00007ffccfda3000 	C:\Xilinx\SDK\2016.3\lib\win64.o\libboost_signals.dll
0x00007ffcee980000 - 0x00007ffcee990000 	C:\Xilinx\SDK\2016.3\lib\win64.o\libboost_date_time.dll
0x00007ffccfb20000 - 0x00007ffccfb3d000 	C:\Xilinx\SDK\2016.3\lib\win64.o\libboost_thread.dll
0x00007ffcee220000 - 0x00007ffcee22b000 	C:\Xilinx\SDK\2016.3\lib\win64.o\libboost_xilinx.dll
0x00007ffcb71e0000 - 0x00007ffcb7260000 	C:\Xilinx\SDK\2016.3\lib\win64.o\libhdlpsolve.dll
0x00007ffcca0b0000 - 0x00007ffcca0c5000 	C:\Xilinx\SDK\2016.3\lib\win64.o\pthreadVC2.dll
0x00007ffcb64e0000 - 0x00007ffcb6610000 	C:\Xilinx\SDK\2016.3\lib\win64.o\librdi_curl.dll
0x00007ffc908d0000 - 0x00007ffc90c99000 	C:\Xilinx\SDK\2016.3\lib\win64.o\libisl_iostreams.dll
0x00007ffcc4800000 - 0x00007ffcc4818000 	C:\Xilinx\SDK\2016.3\lib\win64.o\librdiconfig.dll
0x00007ffcbc5e0000 - 0x00007ffcbc603000 	C:\Xilinx\SDK\2016.3\lib\win64.o\librdizlib.dll
0x00007ffce2270000 - 0x00007ffce2437000 	C:\WINDOWS\SYSTEM32\urlmon.dll
0x00007ffcd4580000 - 0x00007ffcd45a3000 	C:\WINDOWS\SYSTEM32\VCOMP110.DLL
0x00007ffcdf660000 - 0x00007ffcdf677000 	C:\WINDOWS\SYSTEM32\NETAPI32.dll
0x00007ffcb68c0000 - 0x00007ffcb695a000 	C:\Xilinx\SDK\2016.3\lib\win64.o\libhdxml.dll
0x00007ffce2b70000 - 0x00007ffce2dfa000 	C:\WINDOWS\SYSTEM32\iertutil.dll
0x00007ffce1150000 - 0x00007ffce115b000 	C:\Xilinx\SDK\2016.3\lib\win64.o\libboost_chrono.dll

VM Arguments:
jvm_args: -Dcom.xilinx.sdk.args.hwspec=C:/JPEG_Thesis/JPEG_PR_Main/PRLab/JPEG/JPEG.sdk/jpeg_design_wrapper.hdf -Xms64m -Xmx512m & 
java_command: <unknown>
java_class_path (initial): C:\Xilinx\SDK\2016.3\eclipse\win64.o\\plugins/org.eclipse.equinox.launcher_1.3.100.v20150511-1540.jar
Launcher Type: generic

Environment Variables:
PATH=C:/Xilinx/SDK/2016.3/tps/win64/jre/bin/server;C:/Xilinx/SDK/2016.3/tps/win64/jre/bin;C:/Xilinx/SDK/2016.3/tps/win64/jre/lib/amd64;C:\Xilinx\SDK\2016.3\gnuwin\bin;C:\Xilinx\SDK\2016.3\gnu\microblaze\nt\bin;C:\Xilinx\SDK\2016.3\gnu\microblaze\linux_toolchain\nt64_le\bin;C:\Xilinx\SDK\2016.3\gnu\microblaze\linux_toolchain\nt64_be\bin;C:\Xilinx\SDK\2016.3\gnu\arm\nt\bin;C:\Xilinx\SDK\2016.3\gnu\aarch64\nt\aarch64-none\bin;C:\Xilinx\SDK\2016.3\gnu\aarch64\nt\aarch64-linux\bin;C:\Xilinx\SDK\2016.3\gnu\armr5\nt\gcc-arm-none-eabi\bin;C:\Xilinx\SDK\2016.3\gnu\aarch32\nt\gcc-arm-none-eabi\bin;C:\Xilinx\SDK\2016.3\gnu\aarch32\nt\gcc-arm-linux-gnueabi\bin;C:\Xilinx\SDK\2016.3\tps\win64\cmake-3.3.2\bin;;C:\Xilinx\SDK\2016.3\bin;C:\Xilinx\SDK\2016.3\lib\win64.o;C:\Xilinx\SDK\2016.3\tps\win64\jre\bin\server;C:\Xilinx\SDK\2016.3\tps\win64\jre\bin;C:\Xilinx\Vivado\2016.3\ids_lite\ISE\bin\nt64;C:\Xilinx\Vivado\2016.3\ids_lite\ISE\lib\nt64;C:\Xilinx\Vivado\2016.3\bin;C:\Xilinx\Vivado\2016.3\lib\win64.o;C:\Xilinx\Vivado\2016.3\tps\win64\jre\bin\server;C:\Xilinx\Vivado\2016.3\tps\win64\jre\bin;C:\Xilinx\Vivado_HLS\2016.3\bin;C:\Program Files\SlickEdit Pro 21.0.3\win\;C:\Perl64\site\bin;C:\Perl64\bin;C:\ProgramData\Oracle\Java\javapath;C:\Windows\system32;C:\Windows;C:\Windows\System32\Wbem;C:\Windows\System32\WindowsPowerShell\v1.0\;C:\Program Files (x86)\NVIDIA Corporation\PhysX\Common;C:\MinGW\bin;C:\Python27;C:\Program Files\Intel\WiFi\bin\;C:\Program Files\Common Files\Intel\WirelessCommon\;C:\Users\Mihir Shah\AppData\Local\Microsoft\WindowsApps;C:\intelFPGA\16.1\modelsim_ase\win32aloem;;C:\JPEG_Thesis\JPEG_PR_Main\PRLab\JPEG;
USERNAME=Mihir Shah
OS=Windows_NT
PROCESSOR_IDENTIFIER=Intel64 Family 6 Model 94 Stepping 3, GenuineIntel



---------------  S Y S T E M  ---------------

OS: Windows 10.0 , 64 bit Build 15063 (10.0.15063.296)

CPU:total 8 (4 cores per cpu, 2 threads per core) family 6 model 94 stepping 3, cmov, cx8, fxsr, mmx, sse, sse2, sse3, ssse3, sse4.1, sse4.2, popcnt, avx, avx2, aes, clmul, erms, rtm, 3dnowpref, lzcnt, ht, tsc, tscinvbit, bmi1, bmi2, adx

Memory: 4k page, physical 8258516k(3365920k free), swap 20841428k(13739792k free)

vm_info: Java HotSpot(TM) 64-Bit Server VM (25.66-b18) for windows-amd64 JRE (1.8.0_66-b18), built on Nov  9 2015 10:51:13 by "java_re" with MS VC++ 10.0 (VS2010)

time: Fri Nov 10 20:31:19 2017
elapsed time: 10528 seconds (0d 2h 55m 28s)

