#
# A fatal error has been detected by the Java Runtime Environment:
#
#  Internal Error (0xc000000d), pid=14604, tid=2860
#
# JRE version: Java(TM) SE Runtime Environment (8.0_66-b18) (build 1.8.0_66-b18)
# Java VM: Java HotSpot(TM) 64-Bit Server VM (25.66-b18 mixed mode windows-amd64 compressed oops)
# Problematic frame:
# C  [ntdll.dll+0x105a50]
#
# Failed to write core dump. Minidumps are not enabled by default on client versions of Windows
#
# If you would like to submit a bug report, please visit:
#   http://bugreport.java.com/bugreport/crash.jsp
#

---------------  T H R E A D  ---------------

Current thread (0x0000000014038800):  VMThread [stack: 0x0000000015d20000,0x0000000015e20000] [id=2860]

siginfo: ExceptionCode=0xc000000d

Registers:
RAX=0x0000820212043b4c, RBX=0xfffffffffffffffe, RCX=0x0000000000000000, RDX=0x0000000000000000
RSP=0x0000000015e1f270, RBP=0x00007ffce4427408, RSI=0x0000000000000000, RDI=0x0000000000000aac
R8 =0x00007ffcf5c5f236, R9 =0x00000000c0150008, R10=0x0000000000000000, R11=0x0000000000000000
R12=0x0000000017a6e2c0, R13=0x0000000017a86900, R14=0x0000000017a6e3c8, R15=0x0000000015e1f3e8
RIP=0x00007ffcf5d45a50, EFLAGS=0x0000000000000206

Top of Stack: (sp=0x0000000015e1f270)
0x0000000015e1f270:   0000000000000057 fffffffffffffffe
0x0000000015e1f280:   0000000000000000 0000000000000aac
0x0000000015e1f290:   00000000c000000d 0000000000000000
0x0000000015e1f2a0:   00007ffcf5d45a50 0000000000000000
0x0000000015e1f2b0:   0000000000000000 0000000000000000
0x0000000015e1f2c0:   0000000000000000 0000000000000000
0x0000000015e1f2d0:   0000000000000000 0000000000000000
0x0000000015e1f2e0:   0000000000000000 0000000000000000
0x0000000015e1f2f0:   0000000000000000 0000000000000000
0x0000000015e1f300:   0000000000000000 0000000000000000
0x0000000015e1f310:   0000000000000000 0000000000000000
0x0000000015e1f320:   0000000000000000 00007ffcf5d8700c
0x0000000015e1f330:   00008202120422fc 0000000000000000
0x0000000015e1f340:   0000000000000000 00007ffcf5cfc829
0x0000000015e1f350:   0000000000000101 0000000000000000
0x0000000015e1f360:   0000000000644050 00007ffcf5c552cc 

Instructions: (pc=0x00007ffcf5d45a50)
0x00007ffcf5d45a30:   64 fa ff c7 44 24 20 0d 00 00 c0 b9 57 00 00 00
0x00007ffcf5d45a40:   e8 eb 4b f5 ff 90 48 8d 4c 24 20 e8 f0 fa f0 ff
0x00007ffcf5d45a50:   eb 00 48 8b 8c 24 c0 00 00 00 48 33 cc e8 1e 05
0x00007ffcf5d45a60:   f9 ff 48 81 c4 d8 00 00 00 c3 40 55 48 83 ec 20 


Register to memory mapping:

RAX=0x0000820212043b4c is an unknown value
RBX=0xfffffffffffffffe is an unknown value
RCX=0x0000000000000000 is an unknown value
RDX=0x0000000000000000 is an unknown value
RSP=0x0000000015e1f270 is an unknown value
RBP=0x00007ffce4427408 is an unknown value
RSI=0x0000000000000000 is an unknown value
RDI=0x0000000000000aac is an unknown value
R8 =0x00007ffcf5c5f236 is an unknown value
R9 =0x00000000c0150008 is an unknown value
R10=0x0000000000000000 is an unknown value
R11=0x0000000000000000 is an unknown value
R12=0x0000000017a6e2c0 is an unknown value
R13=0x0000000017a86900 is an unknown value
R14=0x0000000017a6e3c8 is an unknown value
R15=0x0000000015e1f3e8 is an unknown value


Stack: [0x0000000015d20000,0x0000000015e20000],  sp=0x0000000015e1f270,  free space=1020k
Native frames: (J=compiled Java code, j=interpreted, Vv=VM code, C=native code)
C  [ntdll.dll+0x105a50]
C  [ntdll.dll+0xbc829]
C  [KERNEL32.DLL+0x1e6fa]
C  [MSVCR110.dll+0x752d]
C  [MSVCR110.dll+0x73c6]
C  [MSVCR110.dll+0x14cca]
C  [MSVCR110.dll+0x13edc]
C  [MSVCR110.dll+0x239e]
C  [MSVCR110.dll+0xaf9e]
C  [MSVCP110.dll+0x397b9]
C  [librdi_common.dll+0x183a66]
C  [librdi_common.dll+0x1826fb]
C  0x00007ffcdd062400
C  0x00007ffcdd062682
C  [ntdll.dll+0x2485f]
C  [ntdll.dll+0x4d43c]
C  [ntdll.dll+0x4d2f4]
C  [KERNEL32.DLL+0x1c0da]
C  [MSVCR100.dll+0x20ccd]
V  [jvm.dll+0x210cc5]
V  [jvm.dll+0x249897]
V  [jvm.dll+0x248b36]
V  [jvm.dll+0x248fd1]
V  [jvm.dll+0x2491ee]
V  [jvm.dll+0x29a0fa]
C  [MSVCR100.dll+0x21d9f]
C  [MSVCR100.dll+0x21e3b]
C  [KERNEL32.DLL+0x12774]
C  [ntdll.dll+0x70d51]

VM_Operation (0x000000000014f4c0): Exit, mode: safepoint, requested by thread 0x00000000027ce000


---------------  P R O C E S S  ---------------

Java Threads: ( => current thread )
  0x000000001d2cc800 JavaThread "Thread-27" daemon [_thread_blocked, id=13012, stack(0x0000000029fd0000,0x000000002a0d0000)]
  0x000000001d2c2000 JavaThread "TCF Channel Transmitter" daemon [_thread_blocked, id=1652, stack(0x0000000027e00000,0x0000000027f00000)]
  0x000000001d2c4000 JavaThread "TCF Channel Receiver" daemon [_thread_in_native, id=12916, stack(0x0000000027d00000,0x0000000027e00000)]
  0x000000001b789800 JavaThread "Process monitor" daemon [_thread_in_native, id=2836, stack(0x00000000271a0000,0x00000000272a0000)]
  0x000000001b78f800 JavaThread "Input Stream Monitor" daemon [_thread_blocked, id=1312, stack(0x00000000270a0000,0x00000000271a0000)]
  0x000000001b78a800 JavaThread "Output Stream Monitor" daemon [_thread_in_native, id=11452, stack(0x0000000026fa0000,0x00000000270a0000)]
  0x000000001b788000 JavaThread "Output Stream Monitor" daemon [_thread_in_native, id=4312, stack(0x0000000026ea0000,0x0000000026fa0000)]
  0x000000001b780800 JavaThread "TCF Locator DNS Lookup" daemon [_thread_blocked, id=13032, stack(0x0000000025fc0000,0x00000000260c0000)]
  0x000000001b787800 JavaThread "TCF Locator Timer" daemon [_thread_blocked, id=9596, stack(0x0000000025ec0000,0x0000000025fc0000)]
  0x000000001b786800 JavaThread "TCF Locator Receiver" daemon [_thread_in_native, id=11600, stack(0x0000000025b30000,0x0000000025c30000)]
  0x000000001b782000 JavaThread "TCF Timer Dispatcher" daemon [_thread_blocked, id=4728, stack(0x0000000024950000,0x0000000024a50000)]
  0x000000001936f000 JavaThread "EMF Reference Cleaner" daemon [_thread_blocked, id=7364, stack(0x000000001a660000,0x000000001a760000)]
  0x0000000016207000 JavaThread "Service Thread" daemon [_thread_blocked, id=12336, stack(0x0000000016b40000,0x0000000016c40000)]
  0x000000001617e800 JavaThread "C1 CompilerThread3" daemon [_thread_blocked, id=3884, stack(0x0000000016a40000,0x0000000016b40000)]
  0x0000000016177000 JavaThread "C2 CompilerThread2" daemon [_thread_blocked, id=10092, stack(0x0000000016940000,0x0000000016a40000)]
  0x0000000016175800 JavaThread "C2 CompilerThread1" daemon [_thread_blocked, id=10816, stack(0x0000000016840000,0x0000000016940000)]
  0x0000000016172800 JavaThread "C2 CompilerThread0" daemon [_thread_blocked, id=1044, stack(0x0000000016740000,0x0000000016840000)]
  0x0000000016171000 JavaThread "Attach Listener" daemon [_thread_blocked, id=9252, stack(0x0000000016640000,0x0000000016740000)]
  0x0000000016170000 JavaThread "Signal Dispatcher" daemon [_thread_blocked, id=3936, stack(0x0000000016540000,0x0000000016640000)]
  0x000000000279a800 JavaThread "Finalizer" daemon [_thread_blocked, id=10076, stack(0x0000000015f20000,0x0000000016020000)]
  0x000000001403d000 JavaThread "Reference Handler" daemon [_thread_blocked, id=4352, stack(0x0000000015e20000,0x0000000015f20000)]
  0x00000000027ce000 JavaThread "main" [_thread_blocked, id=968, stack(0x0000000000050000,0x0000000000150000)]

Other Threads:
=>0x0000000014038800 VMThread [stack: 0x0000000015d20000,0x0000000015e20000] [id=2860]

VM state:at safepoint (shutting down)

VM Mutex/Monitor currently owned by a thread:  ([mutex/lock_event])
[0x00000000027cd040] Threads_lock - owner thread: 0x0000000014038800

Heap:
 PSYoungGen      total 100352K, used 45214K [0x00000000f5580000, 0x00000000fce80000, 0x0000000100000000)
  eden space 76800K, 58% used [0x00000000f5580000,0x00000000f81a7ac0,0x00000000fa080000)
  from space 23552K, 0% used [0x00000000fb780000,0x00000000fb780000,0x00000000fce80000)
  to   space 23552K, 0% used [0x00000000fa080000,0x00000000fa080000,0x00000000fb780000)
 ParOldGen       total 115200K, used 49423K [0x00000000e0000000, 0x00000000e7080000, 0x00000000f5580000)
  object space 115200K, 42% used [0x00000000e0000000,0x00000000e3043f50,0x00000000e7080000)
 Metaspace       used 74674K, capacity 81120K, committed 81456K, reserved 1120256K
  class space    used 8993K, capacity 11024K, committed 11056K, reserved 1048576K

Card table byte_map: [0x0000000011b90000,0x0000000011ca0000] byte_map_base: 0x0000000011490000

Marking Bits: (ParMarkBitMap*) 0x0000000069f0a5b0
 Begin Bits: [0x0000000012550000, 0x0000000012d50000)
 End Bits:   [0x0000000012d50000, 0x0000000013550000)

Polling page: 0x0000000002670000

CodeCache: size=245760Kb used=25682Kb max_used=26338Kb free=220077Kb
 bounds [0x00000000027d0000, 0x00000000041b0000, 0x00000000117d0000]
 total_blobs=7781 nmethods=6906 adapters=783
 compilation: enabled

Compilation events (10 events):
Event: 84.412 Thread 0x000000001617e800 nmethod 8435 0x0000000002ee2910 code [0x0000000002ee2a80, 0x0000000002ee2ef0]
Event: 84.413 Thread 0x000000001617e800 8436   !   3       org.eclipse.osgi.storage.BundleInfo$Generation::close (34 bytes)
Event: 84.413 Thread 0x000000001617e800 nmethod 8436 0x0000000002ddb690 code [0x0000000002ddb800, 0x0000000002ddbc28]
Event: 84.413 Thread 0x000000001617e800 8437       3       org.eclipse.osgi.container.Module::holdsTransitionEventLock (25 bytes)
Event: 84.414 Thread 0x000000001617e800 nmethod 8437 0x0000000003d69a50 code [0x0000000003d69be0, 0x0000000003d6a308]
Event: 84.414 Thread 0x000000001617e800 8438       3       org.eclipse.osgi.container.ModuleWiring::unload (6 bytes)
Event: 84.414 Thread 0x000000001617e800 nmethod 8438 0x0000000002f7a4d0 code [0x0000000002f7a640, 0x0000000002f7a7c8]
Event: 84.415 Thread 0x000000001617e800 8439       3       org.eclipse.osgi.container.ModuleWiring::invalidate0 (52 bytes)
Event: 84.416 Thread 0x000000001617e800 nmethod 8439 0x0000000002d636d0 code [0x0000000002d63880, 0x0000000002d64228]
Event: 84.416 Thread 0x000000001617e800 8440       3       org.eclipse.osgi.internal.container.AtomicLazyInitializer::getAndClear (9 bytes)

GC Heap History (10 events):
Event: 9.949 GC heap before
{Heap before GC invocations=12 (full 3):
 PSYoungGen      total 79360K, used 17919K [0x00000000f5580000, 0x00000000fc480000, 0x0000000100000000)
  eden space 61440K, 0% used [0x00000000f5580000,0x00000000f5580000,0x00000000f9180000)
  from space 17920K, 99% used [0x00000000f9180000,0x00000000fa2ffd10,0x00000000fa300000)
  to   space 21504K, 0% used [0x00000000faf80000,0x00000000faf80000,0x00000000fc480000)
 ParOldGen       total 78848K, used 28705K [0x00000000e0000000, 0x00000000e4d00000, 0x00000000f5580000)
  object space 78848K, 36% used [0x00000000e0000000,0x00000000e1c08628,0x00000000e4d00000)
 Metaspace       used 54423K, capacity 59088K, committed 59160K, reserved 1101824K
  class space    used 6388K, capacity 7854K, committed 7856K, reserved 1048576K
Event: 10.204 GC heap after
Heap after GC invocations=12 (full 3):
 PSYoungGen      total 79360K, used 0K [0x00000000f5580000, 0x00000000fc480000, 0x0000000100000000)
  eden space 61440K, 0% used [0x00000000f5580000,0x00000000f5580000,0x00000000f9180000)
  from space 17920K, 0% used [0x00000000f9180000,0x00000000f9180000,0x00000000fa300000)
  to   space 21504K, 0% used [0x00000000faf80000,0x00000000faf80000,0x00000000fc480000)
 ParOldGen       total 115200K, used 42502K [0x00000000e0000000, 0x00000000e7080000, 0x00000000f5580000)
  object space 115200K, 36% used [0x00000000e0000000,0x00000000e2981910,0x00000000e7080000)
 Metaspace       used 54423K, capacity 59088K, committed 59160K, reserved 1101824K
  class space    used 6388K, capacity 7854K, committed 7856K, reserved 1048576K
}
Event: 28.606 GC heap before
{Heap before GC invocations=13 (full 3):
 PSYoungGen      total 79360K, used 61440K [0x00000000f5580000, 0x00000000fc480000, 0x0000000100000000)
  eden space 61440K, 100% used [0x00000000f5580000,0x00000000f9180000,0x00000000f9180000)
  from space 17920K, 0% used [0x00000000f9180000,0x00000000f9180000,0x00000000fa300000)
  to   space 21504K, 0% used [0x00000000faf80000,0x00000000faf80000,0x00000000fc480000)
 ParOldGen       total 115200K, used 42502K [0x00000000e0000000, 0x00000000e7080000, 0x00000000f5580000)
  object space 115200K, 36% used [0x00000000e0000000,0x00000000e2981910,0x00000000e7080000)
 Metaspace       used 64832K, capacity 70968K, committed 71088K, reserved 1110016K
  class space    used 7638K, capacity 9544K, committed 9648K, reserved 1048576K
Event: 28.624 GC heap after
Heap after GC invocations=13 (full 3):
 PSYoungGen      total 90624K, used 17097K [0x00000000f5580000, 0x00000000fc700000, 0x0000000100000000)
  eden space 69120K, 0% used [0x00000000f5580000,0x00000000f5580000,0x00000000f9900000)
  from space 21504K, 79% used [0x00000000faf80000,0x00000000fc032458,0x00000000fc480000)
  to   space 23040K, 0% used [0x00000000f9900000,0x00000000f9900000,0x00000000faf80000)
 ParOldGen       total 115200K, used 42510K [0x00000000e0000000, 0x00000000e7080000, 0x00000000f5580000)
  object space 115200K, 36% used [0x00000000e0000000,0x00000000e2983910,0x00000000e7080000)
 Metaspace       used 64832K, capacity 70968K, committed 71088K, reserved 1110016K
  class space    used 7638K, capacity 9544K, committed 9648K, reserved 1048576K
}
Event: 58.095 GC heap before
{Heap before GC invocations=14 (full 3):
 PSYoungGen      total 90624K, used 86217K [0x00000000f5580000, 0x00000000fc700000, 0x0000000100000000)
  eden space 69120K, 100% used [0x00000000f5580000,0x00000000f9900000,0x00000000f9900000)
  from space 21504K, 79% used [0x00000000faf80000,0x00000000fc032458,0x00000000fc480000)
  to   space 23040K, 0% used [0x00000000f9900000,0x00000000f9900000,0x00000000faf80000)
 ParOldGen       total 115200K, used 42510K [0x00000000e0000000, 0x00000000e7080000, 0x00000000f5580000)
  object space 115200K, 36% used [0x00000000e0000000,0x00000000e2983910,0x00000000e7080000)
 Metaspace       used 70161K, capacity 76212K, committed 76464K, reserved 1116160K
  class space    used 8436K, capacity 10330K, committed 10416K, reserved 1048576K
Event: 58.116 GC heap after
Heap after GC invocations=14 (full 3):
 PSYoungGen      total 92160K, used 15794K [0x00000000f5580000, 0x00000000fce80000, 0x0000000100000000)
  eden space 69120K, 0% used [0x00000000f5580000,0x00000000f5580000,0x00000000f9900000)
  from space 23040K, 68% used [0x00000000f9900000,0x00000000fa86ca00,0x00000000faf80000)
  to   space 23552K, 0% used [0x00000000fb780000,0x00000000fb780000,0x00000000fce80000)
 ParOldGen       total 115200K, used 42518K [0x00000000e0000000, 0x00000000e7080000, 0x00000000f5580000)
  object space 115200K, 36% used [0x00000000e0000000,0x00000000e2985910,0x00000000e7080000)
 Metaspace       used 70161K, capacity 76212K, committed 76464K, reserved 1116160K
  class space    used 8436K, capacity 10330K, committed 10416K, reserved 1048576K
}
Event: 72.905 GC heap before
{Heap before GC invocations=15 (full 3):
 PSYoungGen      total 92160K, used 52071K [0x00000000f5580000, 0x00000000fce80000, 0x0000000100000000)
  eden space 69120K, 52% used [0x00000000f5580000,0x00000000f78ed518,0x00000000f9900000)
  from space 23040K, 68% used [0x00000000f9900000,0x00000000fa86ca00,0x00000000faf80000)
  to   space 23552K, 0% used [0x00000000fb780000,0x00000000fb780000,0x00000000fce80000)
 ParOldGen       total 115200K, used 42518K [0x00000000e0000000, 0x00000000e7080000, 0x00000000f5580000)
  object space 115200K, 36% used [0x00000000e0000000,0x00000000e2985910,0x00000000e7080000)
 Metaspace       used 73411K, capacity 79592K, committed 79920K, reserved 1118208K
  class space    used 8878K, capacity 10795K, committed 10800K, reserved 1048576K
Event: 72.928 GC heap after
Heap after GC invocations=15 (full 3):
 PSYoungGen      total 100352K, used 15556K [0x00000000f5580000, 0x00000000fce80000, 0x0000000100000000)
  eden space 76800K, 0% used [0x00000000f5580000,0x00000000f5580000,0x00000000fa080000)
  from space 23552K, 66% used [0x00000000fb780000,0x00000000fc6b1050,0x00000000fce80000)
  to   space 23552K, 0% used [0x00000000fa080000,0x00000000fa080000,0x00000000fb780000)
 ParOldGen       total 115200K, used 42526K [0x00000000e0000000, 0x00000000e7080000, 0x00000000f5580000)
  object space 115200K, 36% used [0x00000000e0000000,0x00000000e2987910,0x00000000e7080000)
 Metaspace       used 73411K, capacity 79592K, committed 79920K, reserved 1118208K
  class space    used 8878K, capacity 10795K, committed 10800K, reserved 1048576K
}
Event: 72.928 GC heap before
{Heap before GC invocations=16 (full 4):
 PSYoungGen      total 100352K, used 15556K [0x00000000f5580000, 0x00000000fce80000, 0x0000000100000000)
  eden space 76800K, 0% used [0x00000000f5580000,0x00000000f5580000,0x00000000fa080000)
  from space 23552K, 66% used [0x00000000fb780000,0x00000000fc6b1050,0x00000000fce80000)
  to   space 23552K, 0% used [0x00000000fa080000,0x00000000fa080000,0x00000000fb780000)
 ParOldGen       total 115200K, used 42526K [0x00000000e0000000, 0x00000000e7080000, 0x00000000f5580000)
  object space 115200K, 36% used [0x00000000e0000000,0x00000000e2987910,0x00000000e7080000)
 Metaspace       used 73411K, capacity 79592K, committed 79920K, reserved 1118208K
  class space    used 8878K, capacity 10795K, committed 10800K, reserved 1048576K
Event: 73.215 GC heap after
Heap after GC invocations=16 (full 4):
 PSYoungGen      total 100352K, used 0K [0x00000000f5580000, 0x00000000fce80000, 0x0000000100000000)
  eden space 76800K, 0% used [0x00000000f5580000,0x00000000f5580000,0x00000000fa080000)
  from space 23552K, 0% used [0x00000000fb780000,0x00000000fb780000,0x00000000fce80000)
  to   space 23552K, 0% used [0x00000000fa080000,0x00000000fa080000,0x00000000fb780000)
 ParOldGen       total 115200K, used 49423K [0x00000000e0000000, 0x00000000e7080000, 0x00000000f5580000)
  object space 115200K, 42% used [0x00000000e0000000,0x00000000e3043f50,0x00000000e7080000)
 Metaspace       used 73411K, capacity 79592K, committed 79920K, reserved 1118208K
  class space    used 8878K, capacity 10795K, committed 10800K, reserved 1048576K
}

Deoptimization events (10 events):
Event: 83.692 Thread 0x000000001b783000 Uncommon trap: reason=unstable_if action=reinterpret pc=0x000000000406d388 method=org.eclipse.e4.ui.internal.workbench.swt.E4Application$1.syncExec(Ljava/lang/Runnable;)V @ 14
Event: 83.710 Thread 0x000000001d2c5800 Uncommon trap: reason=unstable_if action=reinterpret pc=0x00000000040d43cc method=org.eclipse.equinox.internal.event.EventHandlerTracker.getHandlers(Ljava/lang/String;)Ljava/util/Set; @ 28
Event: 83.713 Thread 0x000000001d2c5800 Uncommon trap: reason=class_check action=maybe_recompile pc=0x0000000003921eac method=org.eclipse.e4.core.internal.contexts.TrackableComputationExt.update(Lorg/eclipse/e4/core/internal/contexts/ContextChangeEvent;)Z @ 62
Event: 83.713 Thread 0x000000001d2c5800 Uncommon trap: reason=class_check action=maybe_recompile pc=0x0000000003c33a74 method=org.eclipse.e4.core.internal.contexts.ContextObjectSupplier$ContextInjectionListener.update(Lorg/eclipse/e4/core/contexts/IEclipseContext;I[Ljava/lang/Object;)Z @ 173
Event: 83.713 Thread 0x000000001d2c5800 Uncommon trap: reason=class_check action=maybe_recompile pc=0x0000000003921eac method=org.eclipse.e4.core.internal.contexts.TrackableComputationExt.update(Lorg/eclipse/e4/core/internal/contexts/ContextChangeEvent;)Z @ 62
Event: 83.713 Thread 0x000000001d2c5800 Uncommon trap: reason=class_check action=maybe_recompile pc=0x0000000003c33a74 method=org.eclipse.e4.core.internal.contexts.ContextObjectSupplier$ContextInjectionListener.update(Lorg/eclipse/e4/core/contexts/IEclipseContext;I[Ljava/lang/Object;)Z @ 173
Event: 83.735 Thread 0x000000001d2cb800 Uncommon trap: reason=unstable_if action=reinterpret pc=0x000000000294b2a4 method=sun.nio.cs.SingleByte$Encoder.encode(C)I @ 13
Event: 83.738 Thread 0x000000001d2c5800 Uncommon trap: reason=predicate action=maybe_recompile pc=0x00000000039307b4 method=java.io.OutputStream.write([BII)V @ 62
Event: 84.324 Thread 0x000000001d2c5800 Uncommon trap: reason=unstable_if action=reinterpret pc=0x0000000003881bd0 method=org.eclipse.osgi.internal.hooks.EclipseLazyStarter.shouldActivateFor(Ljava/lang/String;Lorg/eclipse/osgi/container/Module;Lorg/eclipse/osgi/container/ModuleRevision;Lorg/ecliÀ güU@
Event: 84.345 Thread 0x00000000189ad000 Uncommon trap: reason=null_check action=make_not_entrant pc=0x000000000319d3c4 method=org.eclipse.core.internal.runtime.Log.isLoggable(Lorg/osgi/framework/Bundle;Ljava/lang/String;I)Z @ 3

Internal exceptions (10 events):
Event: 83.681 Thread 0x00000000027ce000 Exception <a 'java/io/FileNotFoundException'> (0x00000000f77e2210) thrown at [C:\re\workspace\8-2-build-windows-amd64-cygwin\jdk8u66\5298\hotspot\src\share\vm\prims\jni.cpp, line 709]
Event: 83.681 Thread 0x00000000027ce000 Exception <a 'java/io/FileNotFoundException'> (0x00000000f77e3ef0) thrown at [C:\re\workspace\8-2-build-windows-amd64-cygwin\jdk8u66\5298\hotspot\src\share\vm\prims\jni.cpp, line 709]
Event: 83.681 Thread 0x00000000027ce000 Exception <a 'java/io/FileNotFoundException'> (0x00000000f77e5be0) thrown at [C:\re\workspace\8-2-build-windows-amd64-cygwin\jdk8u66\5298\hotspot\src\share\vm\prims\jni.cpp, line 709]
Event: 83.681 Thread 0x00000000027ce000 Exception <a 'java/io/FileNotFoundException'> (0x00000000f77e7a10) thrown at [C:\re\workspace\8-2-build-windows-amd64-cygwin\jdk8u66\5298\hotspot\src\share\vm\prims\jni.cpp, line 709]
Event: 83.733 Thread 0x000000001d2c2800 Exception <a 'java/lang/InterruptedException'> (0x00000000f7c1b360) thrown at [C:\re\workspace\8-2-build-windows-amd64-cygwin\jdk8u66\5298\hotspot\src\share\vm\runtime\objectMonitor.cpp, line 1683]
Event: 84.345 Thread 0x00000000189ad000 Implicit null exception at 0x000000000319d262 to 0x000000000319d3b5
Event: 84.381 Thread 0x000000001b783000 Exception <a 'java/lang/InterruptedException'> (0x00000000f596d6a0) thrown at [C:\re\workspace\8-2-build-windows-amd64-cygwin\jdk8u66\5298\hotspot\src\share\vm\runtime\objectMonitor.cpp, line 1683]
Event: 84.400 Thread 0x00000000189ad000 Exception <a 'java/lang/InterruptedException'> (0x00000000f7f2f378) thrown at [C:\re\workspace\8-2-build-windows-amd64-cygwin\jdk8u66\5298\hotspot\src\share\vm\runtime\objectMonitor.cpp, line 1683]
Event: 84.412 Thread 0x000000001936c800 Exception <a 'java/lang/InterruptedException'> (0x00000000f5743d00) thrown at [C:\re\workspace\8-2-build-windows-amd64-cygwin\jdk8u66\5298\hotspot\src\share\vm\runtime\objectMonitor.cpp, line 1683]
Event: 84.412 Thread 0x0000000017644000 Exception <a 'java/lang/InterruptedException'> (0x00000000f8145c98) thrown at [C:\re\workspace\8-2-build-windows-amd64-cygwin\jdk8u66\5298\hotspot\src\share\vm\runtime\objectMonitor.cpp, line 1683]

Events (10 events):
Event: 84.414 Thread 0x000000001617e800 flushing nmethod 0x0000000003098250
Event: 84.414 Thread 0x000000001617e800 flushing nmethod 0x00000000030987d0
Event: 84.414 Thread 0x000000001d2c5800 Thread exited: 0x000000001d2c5800
Event: 84.415 loading class java/util/IdentityHashMap$KeyIterator
Event: 84.415 loading class java/util/IdentityHashMap$IdentityHashMapIterator
Event: 84.415 loading class java/util/IdentityHashMap$IdentityHashMapIterator done
Event: 84.415 loading class java/util/IdentityHashMap$KeyIterator done
Event: 84.415 Thread 0x000000001d2c9800 Thread added: 0x000000001d2c9800
Event: 84.416 Thread 0x000000001d2c9800 Thread exited: 0x000000001d2c9800
Event: 84.416 Executing VM operation: Exit


Dynamic libraries:
0x0000000000400000 - 0x000000000044f000 	C:\Xilinx\SDK\2016.3\eclipse\win64.o\eclipse.exe
0x00007ffcf5c40000 - 0x00007ffcf5e1b000 	C:\WINDOWS\SYSTEM32\ntdll.dll
0x00007ffcf3200000 - 0x00007ffcf32ae000 	C:\WINDOWS\System32\KERNEL32.DLL
0x00007ffcf29d0000 - 0x00007ffcf2c19000 	C:\WINDOWS\System32\KERNELBASE.dll
0x00007ffcf4510000 - 0x00007ffcf465a000 	C:\WINDOWS\System32\USER32.dll
0x00007ffcf2f90000 - 0x00007ffcf2fae000 	C:\WINDOWS\System32\win32u.dll
0x00007ffcf3f60000 - 0x00007ffcf3f87000 	C:\WINDOWS\System32\GDI32.dll
0x00007ffcf3010000 - 0x00007ffcf3197000 	C:\WINDOWS\System32\gdi32full.dll
0x00007ffcf2ef0000 - 0x00007ffcf2f8a000 	C:\WINDOWS\System32\msvcp_win.dll
0x00007ffcf2c20000 - 0x00007ffcf2d16000 	C:\WINDOWS\System32\ucrtbase.dll
0x00007ffcf3f90000 - 0x00007ffcf402d000 	C:\WINDOWS\System32\msvcrt.dll
0x00007ffceaa30000 - 0x00007ffceac97000 	C:\WINDOWS\WinSxS\amd64_microsoft.windows.common-controls_6595b64144ccf1df_6.0.15063.483_none_26002d27e7c744a2\COMCTL32.dll
0x00007ffcf35c0000 - 0x00007ffcf38b9000 	C:\WINDOWS\System32\combase.dll
0x00007ffcf4030000 - 0x00007ffcf4155000 	C:\WINDOWS\System32\RPCRT4.dll
0x00007ffcf2910000 - 0x00007ffcf297a000 	C:\WINDOWS\System32\bcryptPrimitives.dll
0x00007ffcf41e0000 - 0x00007ffcf420d000 	C:\WINDOWS\System32\IMM32.DLL
0x0000000072000000 - 0x0000000072012000 	C:\Xilinx\SDK\2016.3\eclipse\win64.o\plugins\org.eclipse.equinox.launcher.win32.win32.x86_64_1.1.300.v20150602-1417\eclipse_1611.dll
0x00007ffcf4280000 - 0x00007ffcf4321000 	C:\WINDOWS\System32\ADVAPI32.dll
0x00007ffcf44b0000 - 0x00007ffcf4509000 	C:\WINDOWS\System32\sechost.dll
0x00007ffcec880000 - 0x00007ffcec88a000 	C:\WINDOWS\SYSTEM32\VERSION.dll
0x00007ffcf09a0000 - 0x00007ffcf0a35000 	C:\WINDOWS\system32\uxtheme.dll
0x00007ffcf4330000 - 0x00007ffcf4496000 	C:\WINDOWS\System32\MSCTF.dll
0x00007ffcf32b0000 - 0x00007ffcf3370000 	C:\WINDOWS\System32\OLEAUT32.dll
0x00007ffcd3c20000 - 0x00007ffcd3cc1000 	C:\Program Files\Common Files\microsoft shared\ink\tiptsf.dll
0x0000000069700000 - 0x0000000069f89000 	C:\Xilinx\SDK\2016.3\tps\win64\jre\bin\server\jvm.dll
0x00007ffcf3480000 - 0x00007ffcf3488000 	C:\WINDOWS\System32\PSAPI.DLL
0x00007ffceda20000 - 0x00007ffceda43000 	C:\WINDOWS\SYSTEM32\WINMM.dll
0x00007ffcee380000 - 0x00007ffcee389000 	C:\WINDOWS\SYSTEM32\WSOCK32.dll
0x000000006a340000 - 0x000000006a412000 	C:\WINDOWS\SYSTEM32\MSVCR100.dll
0x00007ffcf4210000 - 0x00007ffcf427c000 	C:\WINDOWS\System32\WS2_32.dll
0x00007ffced9f0000 - 0x00007ffceda1b000 	C:\WINDOWS\SYSTEM32\WINMMBASE.dll
0x00007ffcf2980000 - 0x00007ffcf29c9000 	C:\WINDOWS\System32\cfgmgr32.dll
0x00000000695c0000 - 0x00000000695cf000 	C:\Xilinx\SDK\2016.3\tps\win64\jre\bin\verify.dll
0x0000000069590000 - 0x00000000695b9000 	C:\Xilinx\SDK\2016.3\tps\win64\jre\bin\java.dll
0x0000000069570000 - 0x0000000069586000 	C:\Xilinx\SDK\2016.3\tps\win64\jre\bin\zip.dll
0x00007ffcf4800000 - 0x00007ffcf5c36000 	C:\WINDOWS\System32\SHELL32.dll
0x00007ffcf3e50000 - 0x00007ffcf3efa000 	C:\WINDOWS\System32\shcore.dll
0x00007ffcf2160000 - 0x00007ffcf2851000 	C:\WINDOWS\System32\windows.storage.dll
0x00007ffcf3f00000 - 0x00007ffcf3f51000 	C:\WINDOWS\System32\shlwapi.dll
0x00007ffcf2140000 - 0x00007ffcf2151000 	C:\WINDOWS\System32\kernel.appcore.dll
0x00007ffcf20d0000 - 0x00007ffcf211c000 	C:\WINDOWS\System32\powrprof.dll
0x00007ffcf20b0000 - 0x00007ffcf20c5000 	C:\WINDOWS\System32\profapi.dll
0x00007ffcf1b60000 - 0x00007ffcf1b77000 	C:\WINDOWS\SYSTEM32\CRYPTSP.dll
0x00007ffcf15e0000 - 0x00007ffcf1614000 	C:\WINDOWS\system32\rsaenh.dll
0x00007ffcf1c70000 - 0x00007ffcf1c95000 	C:\WINDOWS\SYSTEM32\bcrypt.dll
0x00007ffcf1fe0000 - 0x00007ffcf2009000 	C:\WINDOWS\SYSTEM32\USERENV.dll
0x00007ffcf1b80000 - 0x00007ffcf1b8b000 	C:\WINDOWS\SYSTEM32\CRYPTBASE.dll
0x0000000069550000 - 0x000000006956a000 	C:\Xilinx\SDK\2016.3\tps\win64\jre\bin\net.dll
0x00007ffcf19c0000 - 0x00007ffcf1a1c000 	C:\WINDOWS\system32\mswsock.dll
0x00007ffcf1760000 - 0x00007ffcf1797000 	C:\WINDOWS\SYSTEM32\IPHLPAPI.DLL
0x00007ffcf44a0000 - 0x00007ffcf44a8000 	C:\WINDOWS\System32\NSI.dll
0x00007ffcee0a0000 - 0x00007ffcee0b6000 	C:\WINDOWS\SYSTEM32\dhcpcsvc6.DLL
0x00007ffcee080000 - 0x00007ffcee09a000 	C:\WINDOWS\SYSTEM32\dhcpcsvc.DLL
0x0000000069530000 - 0x0000000069541000 	C:\Xilinx\SDK\2016.3\tps\win64\jre\bin\nio.dll
0x00007ffce7ed0000 - 0x00007ffce7f52000 	C:\WINDOWS\System32\TextInputFramework.dll
0x00007ffcefc10000 - 0x00007ffcefcf3000 	C:\WINDOWS\System32\CoreMessaging.dll
0x00007ffceb830000 - 0x00007ffcebb02000 	C:\WINDOWS\System32\CoreUIComponents.dll
0x00007ffcf12b0000 - 0x00007ffcf12e1000 	C:\WINDOWS\SYSTEM32\ntmarta.dll
0x00007ffceeb70000 - 0x00007ffceeca9000 	C:\WINDOWS\SYSTEM32\wintypes.dll
0x00007ffcef030000 - 0x00007ffcef045000 	C:\WINDOWS\SYSTEM32\usermgrcli.dll
0x00007ffced100000 - 0x00007ffced12a000 	C:\WINDOWS\system32\dwmapi.dll
0x00007ffcf3370000 - 0x00007ffcf340e000 	C:\WINDOWS\System32\clbcatq.dll
0x00007ffcd3a50000 - 0x00007ffcd3c15000 	C:\Windows\System32\uiautomationcore.dll
0x00007ffcf1f10000 - 0x00007ffcf1faa000 	C:\WINDOWS\SYSTEM32\sxs.dll
0x00007ffcec520000 - 0x00007ffcec58b000 	C:\Windows\System32\OLEACC.dll
0x00007ffcd24e0000 - 0x00007ffcd24f6000 	C:\WINDOWS\system32\napinsp.dll
0x00007ffcd24c0000 - 0x00007ffcd24da000 	C:\WINDOWS\system32\pnrpnsp.dll
0x00007ffcef2b0000 - 0x00007ffcef2c8000 	C:\WINDOWS\system32\NLAapi.dll
0x00007ffcf17a0000 - 0x00007ffcf1844000 	C:\WINDOWS\SYSTEM32\DNSAPI.dll
0x00007ffcd22f0000 - 0x00007ffcd22fe000 	C:\WINDOWS\System32\winrnr.dll
0x00007ffceddf0000 - 0x00007ffcede05000 	C:\WINDOWS\System32\wshbth.dll
0x00007ffce5b00000 - 0x00007ffce5b0a000 	C:\Windows\System32\rasadhlp.dll
0x00007ffceb4d0000 - 0x00007ffceb53b000 	C:\WINDOWS\System32\fwpuclnt.dll
0x00007ffcf3d00000 - 0x00007ffcf3e45000 	C:\WINDOWS\System32\ole32.dll
0x000000001a360000 - 0x000000001a408000 	C:\Users\Mihir Shah\.Xilinx\SDK\2016.3\org.eclipse.osgi\319\0\.cp\swt-win32-4527.dll
0x00007ffcf3490000 - 0x00007ffcf3598000 	C:\WINDOWS\System32\comdlg32.dll
0x00007ffcf2d20000 - 0x00007ffcf2ee9000 	C:\WINDOWS\System32\CRYPT32.dll
0x00007ffcf2120000 - 0x00007ffcf2131000 	C:\WINDOWS\System32\MSASN1.dll
0x00007ffc98160000 - 0x00007ffc98179000 	C:\WINDOWS\SYSTEM32\USP10.dll
0x00007ffcec590000 - 0x00007ffcec61a000 	C:\WINDOWS\SYSTEM32\WINSPOOL.DRV
0x00007ffce00a0000 - 0x00007ffce03ce000 	C:\WINDOWS\SYSTEM32\WININET.dll
0x00007ffced1b0000 - 0x00007ffced346000 	C:\WINDOWS\SYSTEM32\propsys.dll
0x000000001a9a0000 - 0x000000001a9be000 	C:\Users\Mihir Shah\.Xilinx\SDK\2016.3\org.eclipse.osgi\319\0\.cp\swt-gdip-win32-4527.dll
0x00007ffcec6e0000 - 0x00007ffcec875000 	C:\WINDOWS\WinSxS\amd64_microsoft.windows.gdiplus_6595b64144ccf1df_1.1.15063.608_none_56f0266b425534e9\gdiplus.dll
0x00007ffcec110000 - 0x00007ffcec2bc000 	C:\WINDOWS\SYSTEM32\WindowsCodecs.dll
0x0000000180000000 - 0x0000000180012000 	C:\Users\Mihir Shah\.Xilinx\SDK\2016.3\org.eclipse.osgi\133\0\.cp\os\win32\x86_64\localfile_1_0_0.dll
0x00007ffce1190000 - 0x00007ffce11a6000 	C:\Xilinx\SDK\2016.3\eclipse\win64.o\plugins\org.eclipse.cdt.core.win32.x86_64_5.4.0.201509131935\os\win32\x86_64\spawner.dll
0x00007ffcec620000 - 0x00007ffcec627000 	C:\WINDOWS\SYSTEM32\msimg32.dll
0x00007ffce1170000 - 0x00007ffce1181000 	C:\Users\Mihir Shah\.Xilinx\SDK\2016.3\org.eclipse.osgi\136\0\.cp\jWinHttp-1.0.0.dll
0x00007ffce70f0000 - 0x00007ffce71c7000 	C:\WINDOWS\SYSTEM32\WINHTTP.dll
0x00007ffcef470000 - 0x00007ffcef47f000 	C:\Xilinx\SDK\2016.3\lib\win64.o\librdi_repo_manager.dll
0x00007ffcda240000 - 0x00007ffcda26a000 	C:\Xilinx\SDK\2016.3\lib\win64.o\libisl_sysinfo.dll
0x00007ffc91700000 - 0x00007ffc921a9000 	C:\Xilinx\SDK\2016.3\lib\win64.o\librdi_common.dll
0x00007ffce4370000 - 0x00007ffce4417000 	C:\WINDOWS\SYSTEM32\MSVCP110.dll
0x00007ffce4420000 - 0x00007ffce44f4000 	C:\WINDOWS\SYSTEM32\MSVCR110.dll
0x00007ffcbce60000 - 0x00007ffcbceb3000 	C:\Xilinx\SDK\2016.3\lib\win64.o\librdi_commonxillic.dll
0x00007ffc91500000 - 0x00007ffc916f8000 	C:\Xilinx\SDK\2016.3\lib\win64.o\librdi_hsm.dll
0x00007ffc91190000 - 0x00007ffc914fe000 	C:\Xilinx\SDK\2016.3\lib\win64.o\libCOIN-all.dll
0x00007ffcef3b0000 - 0x00007ffcef3c0000 	C:\Xilinx\SDK\2016.3\lib\win64.o\libboost_date_time.dll
0x00007ffcda210000 - 0x00007ffcda234000 	C:\Xilinx\SDK\2016.3\lib\win64.o\libboost_filesystem.dll
0x00007ffcb6ab0000 - 0x00007ffcb6bb6000 	C:\Xilinx\SDK\2016.3\lib\win64.o\libboost_regex.dll
0x00007ffcb7b10000 - 0x00007ffcb7b87000 	C:\Xilinx\SDK\2016.3\lib\win64.o\libboost_program_options.dll
0x00007ffc90f70000 - 0x00007ffc9118f000 	C:\Xilinx\SDK\2016.3\lib\win64.o\libXil_lmgr11.dll
0x00007ffcf2fb0000 - 0x00007ffcf3006000 	C:\WINDOWS\System32\WINTRUST.dll
0x00007ffce1150000 - 0x00007ffce1163000 	C:\Xilinx\SDK\2016.3\lib\win64.o\libboost_signals.dll
0x00007ffceea00000 - 0x00007ffceea09000 	C:\Xilinx\SDK\2016.3\lib\win64.o\libboost_system.dll
0x00007ffccfd90000 - 0x00007ffccfdad000 	C:\Xilinx\SDK\2016.3\lib\win64.o\libboost_thread.dll
0x00007ffcee980000 - 0x00007ffcee98b000 	C:\Xilinx\SDK\2016.3\lib\win64.o\libboost_xilinx.dll
0x00007ffcb71e0000 - 0x00007ffcb7260000 	C:\Xilinx\SDK\2016.3\lib\win64.o\libhdlpsolve.dll
0x00007ffcb68c0000 - 0x00007ffcb695a000 	C:\Xilinx\SDK\2016.3\lib\win64.o\libhdxml.dll
0x00007ffccfb20000 - 0x00007ffccfb35000 	C:\Xilinx\SDK\2016.3\lib\win64.o\pthreadVC2.dll
0x00007ffcb64e0000 - 0x00007ffcb6610000 	C:\Xilinx\SDK\2016.3\lib\win64.o\librdi_curl.dll
0x00007ffc90ba0000 - 0x00007ffc90f69000 	C:\Xilinx\SDK\2016.3\lib\win64.o\libisl_iostreams.dll
0x00007ffcca0b0000 - 0x00007ffcca0c8000 	C:\Xilinx\SDK\2016.3\lib\win64.o\librdiconfig.dll
0x00007ffcc4cd0000 - 0x00007ffcc4cf3000 	C:\Xilinx\SDK\2016.3\lib\win64.o\librdizlib.dll
0x00007ffce2270000 - 0x00007ffce2437000 	C:\WINDOWS\SYSTEM32\urlmon.dll
0x00007ffcd4580000 - 0x00007ffcd45a3000 	C:\WINDOWS\SYSTEM32\VCOMP110.DLL
0x00000000695d0000 - 0x00000000696f7000 	C:\Xilinx\SDK\2016.3\lib\win64.o\tcl85t.dll
0x00007ffcb9f70000 - 0x00007ffcb9fb3000 	C:\Xilinx\SDK\2016.3\lib\win64.o\librdi_hdf.dll
0x00007ffcdf660000 - 0x00007ffcdf677000 	C:\WINDOWS\SYSTEM32\NETAPI32.dll
0x00007ffc908d0000 - 0x00007ffc90b96000 	C:\Xilinx\SDK\2016.3\lib\win64.o\librdi_ippcw.dll
0x00007ffcee220000 - 0x00007ffcee22b000 	C:\Xilinx\SDK\2016.3\lib\win64.o\libboost_chrono.dll
0x00007ffcbc5e0000 - 0x00007ffcbc603000 	C:\Xilinx\SDK\2016.3\lib\win64.o\libisl_iosutils.dll
0x00007ffce2b70000 - 0x00007ffce2dfa000 	C:\WINDOWS\SYSTEM32\iertutil.dll
0x00007ffcc4800000 - 0x00007ffcc4816000 	C:\Xilinx\SDK\2016.3\lib\win64.o\libboost_iostreams.dll
0x0000000026af0000 - 0x0000000026d53000 	C:\Xilinx\SDK\2016.3\lib\win64.o\xerces-c_3_1.dll
0x00007ffccf310000 - 0x00007ffccf354000 	C:\WINDOWS\SYSTEM32\edputil.dll
0x00007ffcdd150000 - 0x00007ffcdd15a000 	C:\Xilinx\SDK\2016.3\lib\win64.o\librdi_jtag_settings.dll

VM Arguments:
jvm_args: -Dcom.xilinx.sdk.args.hwspec=C:/JPEG_Thesis/JPEG_PR_Main/PRLab/JPEG/JPEG.sdk/jpeg_design_wrapper.hdf -Xms64m -Xmx512m & 
java_command: <unknown>
java_class_path (initial): C:\Xilinx\SDK\2016.3\eclipse\win64.o\\plugins/org.eclipse.equinox.launcher_1.3.100.v20150511-1540.jar
Launcher Type: generic

Environment Variables:
PATH=C:/Xilinx/SDK/2016.3/tps/win64/jre/bin/server;C:/Xilinx/SDK/2016.3/tps/win64/jre/bin;C:/Xilinx/SDK/2016.3/tps/win64/jre/lib/amd64;C:\Xilinx\SDK\2016.3\gnuwin\bin;C:\Xilinx\SDK\2016.3\gnu\microblaze\nt\bin;C:\Xilinx\SDK\2016.3\gnu\microblaze\linux_toolchain\nt64_le\bin;C:\Xilinx\SDK\2016.3\gnu\microblaze\linux_toolchain\nt64_be\bin;C:\Xilinx\SDK\2016.3\gnu\arm\nt\bin;C:\Xilinx\SDK\2016.3\gnu\aarch64\nt\aarch64-none\bin;C:\Xilinx\SDK\2016.3\gnu\aarch64\nt\aarch64-linux\bin;C:\Xilinx\SDK\2016.3\gnu\armr5\nt\gcc-arm-none-eabi\bin;C:\Xilinx\SDK\2016.3\gnu\aarch32\nt\gcc-arm-none-eabi\bin;C:\Xilinx\SDK\2016.3\gnu\aarch32\nt\gcc-arm-linux-gnueabi\bin;C:\Xilinx\SDK\2016.3\tps\win64\cmake-3.3.2\bin;;C:\Xilinx\SDK\2016.3\bin;C:\Xilinx\SDK\2016.3\lib\win64.o;C:\Xilinx\SDK\2016.3\tps\win64\jre\bin\server;C:\Xilinx\SDK\2016.3\tps\win64\jre\bin;C:\Xilinx\Vivado\2016.3\ids_lite\ISE\bin\nt64;C:\Xilinx\Vivado\2016.3\ids_lite\ISE\lib\nt64;C:\Xilinx\Vivado\2016.3\bin;C:\Xilinx\Vivado\2016.3\lib\win64.o;C:\Xilinx\Vivado\2016.3\tps\win64\jre\bin\server;C:\Xilinx\Vivado\2016.3\tps\win64\jre\bin;C:\Xilinx\Vivado_HLS\2016.3\bin;C:\Program Files\SlickEdit Pro 21.0.3\win\;C:\Perl64\site\bin;C:\Perl64\bin;C:\ProgramData\Oracle\Java\javapath;C:\Windows\system32;C:\Windows;C:\Windows\System32\Wbem;C:\Windows\System32\WindowsPowerShell\v1.0\;C:\Program Files (x86)\NVIDIA Corporation\PhysX\Common;C:\MinGW\bin;C:\Python27;C:\Program Files\Intel\WiFi\bin\;C:\Program Files\Common Files\Intel\WirelessCommon\;C:\Users\Mihir Shah\AppData\Local\Microsoft\WindowsApps;C:\intelFPGA\16.1\modelsim_ase\win32aloem;;C:\JPEG_Thesis\JPEG_PR_Main\PRLab\JPEG;
USERNAME=Mihir Shah
OS=Windows_NT
PROCESSOR_IDENTIFIER=Intel64 Family 6 Model 94 Stepping 3, GenuineIntel



---------------  S Y S T E M  ---------------

OS: Windows 10.0 , 64 bit Build 15063 (10.0.15063.296)

CPU:total 8 (4 cores per cpu, 2 threads per core) family 6 model 94 stepping 3, cmov, cx8, fxsr, mmx, sse, sse2, sse3, ssse3, sse4.1, sse4.2, popcnt, avx, avx2, aes, clmul, erms, rtm, 3dnowpref, lzcnt, ht, tsc, tscinvbit, bmi1, bmi2, adx

Memory: 4k page, physical 8258516k(3278884k free), swap 20841428k(13760256k free)

vm_info: Java HotSpot(TM) 64-Bit Server VM (25.66-b18) for windows-amd64 JRE (1.8.0_66-b18), built on Nov  9 2015 10:51:13 by "java_re" with MS VC++ 10.0 (VS2010)

time: Fri Nov 10 20:33:59 2017
elapsed time: 85 seconds (0d 0h 1m 25s)

