23:12:14 INFO  : Registering command handlers for SDK TCF services
23:12:16 INFO  : Launching XSCT server: xsct.bat -interactive C:\Final_Matrix_Design\PRLab\Matrix\Matrix.sdk\temp_xsdb_launch_script.tcl
23:12:22 INFO  : XSCT server has started successfully.
23:12:31 INFO  : Successfully done setting XSCT server connection channel  
23:12:31 INFO  : Successfully done setting SDK workspace  
23:12:31 INFO  : Processing command line option -hwspec c:/Final_Matrix_Design/PRLab/Matrix/Matrix.sdk/matrix_design_wrapper.hdf.
00:00:26 INFO  : Invoking Bootgen: bootgen -image output.bif -arch zynq -o C:\Final_Matrix_Design\PRLab\BOOT.bin
00:00:26 INFO  : Creating new bif file C:\Final_Matrix_Design\PRLab\output.bif
00:00:28 INFO  : Bootgen command execution is done.
00:06:48 INFO  : 'targets -set -filter {jtag_cable_name =~ "Digilent Zed 210248782397" && level==0} -index 1' command is executed.
00:06:48 INFO  : 'fpga -state' command is executed.
00:06:48 INFO  : Connected to target on host '127.0.0.1' and port '3121'.
00:06:49 INFO  : Jtag cable 'Digilent Zed 210248782397' is selected.
00:06:50 INFO  : 'jtag frequency' command is executed.
00:06:50 INFO  : Sourcing of 'C:/Final_Matrix_Design/PRLab/Matrix/Matrix.sdk/matrix_design_wrapper_hw_platform_0/ps7_init.tcl' is done.
00:06:51 INFO  : Context for 'APU' is selected.
00:06:52 INFO  : Hardware design information is loaded from 'C:/Final_Matrix_Design/PRLab/Matrix/Matrix.sdk/matrix_design_wrapper_hw_platform_0/system.hdf'.
00:06:54 INFO  : Context for 'APU' is selected.
00:06:58 INFO  : 'stop' command is executed.
00:07:48 INFO  : 'ps7_init' command is executed.
00:07:48 INFO  : 'ps7_post_config' command is executed.
00:07:48 INFO  : Context for processor 'ps7_cortexa9_0' is selected.
00:07:48 INFO  : Processor reset is completed for 'ps7_cortexa9_0'.
00:07:48 INFO  : Context for processor 'ps7_cortexa9_0' is selected.
00:07:56 INFO  : The application 'C:/Final_Matrix_Design/PRLab/Matrix/Matrix.sdk/MatrixTest/Debug/MatrixTest.elf' is downloaded to processor 'ps7_cortexa9_0'.
00:07:56 INFO  : ----------------XSDB Script----------------
connect -url tcp:127.0.0.1:3121
source C:/Final_Matrix_Design/PRLab/Matrix/Matrix.sdk/matrix_design_wrapper_hw_platform_0/ps7_init.tcl
targets -set -nocase -filter {name =~"APU*" && jtag_cable_name =~ "Digilent Zed 210248782397"} -index 0
loadhw C:/Final_Matrix_Design/PRLab/Matrix/Matrix.sdk/matrix_design_wrapper_hw_platform_0/system.hdf
targets -set -nocase -filter {name =~"APU*" && jtag_cable_name =~ "Digilent Zed 210248782397"} -index 0
stop
ps7_init
ps7_post_config
targets -set -nocase -filter {name =~ "ARM*#0" && jtag_cable_name =~ "Digilent Zed 210248782397"} -index 0
rst -processor
targets -set -nocase -filter {name =~ "ARM*#0" && jtag_cable_name =~ "Digilent Zed 210248782397"} -index 0
dow C:/Final_Matrix_Design/PRLab/Matrix/Matrix.sdk/MatrixTest/Debug/MatrixTest.elf
----------------End of Script----------------

00:07:57 INFO  : Memory regions updated for context APU
00:07:58 INFO  : Context for processor 'ps7_cortexa9_0' is selected.
00:07:59 INFO  : 'con' command is executed.
00:07:59 INFO  : ----------------XSDB Script (After Launch)----------------
targets -set -nocase -filter {name =~ "ARM*#0" && jtag_cable_name =~ "Digilent Zed 210248782397"} -index 0
con
----------------End of Script----------------

00:07:59 INFO  : Launch script is exported to file 'C:\Final_Matrix_Design\PRLab\Matrix\Matrix.sdk\.sdk\launch_scripts\xilinx_c-c++_application_(system_debugger)\system_debugger_using_debug_matrixtest.elf_on_local.tcl'
00:56:56 INFO  : Disconnected from the channel tcfchan#1.
00:56:58 INFO  : 'targets -set -filter {jtag_cable_name =~ "Digilent Zed 210248782397" && level==0} -index 1' command is executed.
00:56:58 INFO  : 'fpga -state' command is executed.
00:56:58 INFO  : Connected to target on host '127.0.0.1' and port '3121'.
00:56:58 INFO  : Jtag cable 'Digilent Zed 210248782397' is selected.
00:56:58 INFO  : 'jtag frequency' command is executed.
00:56:58 INFO  : Sourcing of 'C:/Final_Matrix_Design/PRLab/Matrix/Matrix.sdk/matrix_design_wrapper_hw_platform_0/ps7_init.tcl' is done.
00:56:58 INFO  : Context for 'APU' is selected.
00:57:02 INFO  : Hardware design information is loaded from 'C:/Final_Matrix_Design/PRLab/Matrix/Matrix.sdk/matrix_design_wrapper_hw_platform_0/system.hdf'.
00:57:02 INFO  : Context for 'APU' is selected.
00:57:05 INFO  : 'stop' command is executed.
00:58:02 INFO  : 'ps7_init' command is executed.
00:58:03 INFO  : 'ps7_post_config' command is executed.
00:58:03 INFO  : Context for processor 'ps7_cortexa9_0' is selected.
00:58:04 INFO  : Processor reset is completed for 'ps7_cortexa9_0'.
00:58:05 INFO  : Context for processor 'ps7_cortexa9_0' is selected.
00:58:10 INFO  : The application 'C:/Final_Matrix_Design/PRLab/Matrix/Matrix.sdk/MatrixTest/Debug/MatrixTest.elf' is downloaded to processor 'ps7_cortexa9_0'.
00:58:10 INFO  : ----------------XSDB Script----------------
connect -url tcp:127.0.0.1:3121
source C:/Final_Matrix_Design/PRLab/Matrix/Matrix.sdk/matrix_design_wrapper_hw_platform_0/ps7_init.tcl
targets -set -nocase -filter {name =~"APU*" && jtag_cable_name =~ "Digilent Zed 210248782397"} -index 0
loadhw C:/Final_Matrix_Design/PRLab/Matrix/Matrix.sdk/matrix_design_wrapper_hw_platform_0/system.hdf
targets -set -nocase -filter {name =~"APU*" && jtag_cable_name =~ "Digilent Zed 210248782397"} -index 0
stop
ps7_init
ps7_post_config
targets -set -nocase -filter {name =~ "ARM*#0" && jtag_cable_name =~ "Digilent Zed 210248782397"} -index 0
rst -processor
targets -set -nocase -filter {name =~ "ARM*#0" && jtag_cable_name =~ "Digilent Zed 210248782397"} -index 0
dow C:/Final_Matrix_Design/PRLab/Matrix/Matrix.sdk/MatrixTest/Debug/MatrixTest.elf
----------------End of Script----------------

00:58:11 INFO  : Memory regions updated for context APU
00:58:12 INFO  : Context for processor 'ps7_cortexa9_0' is selected.
00:58:13 INFO  : 'con' command is executed.
00:58:13 INFO  : ----------------XSDB Script (After Launch)----------------
targets -set -nocase -filter {name =~ "ARM*#0" && jtag_cable_name =~ "Digilent Zed 210248782397"} -index 0
con
----------------End of Script----------------

00:58:13 INFO  : Launch script is exported to file 'C:\Final_Matrix_Design\PRLab\Matrix\Matrix.sdk\.sdk\launch_scripts\xilinx_c-c++_application_(system_debugger)\system_debugger_using_debug_matrixtest.elf_on_local.tcl'
01:04:30 INFO  : Disconnected from the channel tcfchan#2.
01:04:34 INFO  : 'targets -set -filter {jtag_cable_name =~ "Digilent Zed 210248782397" && level==0} -index 1' command is executed.
01:04:35 INFO  : 'fpga -state' command is executed.
01:04:35 INFO  : Connected to target on host '127.0.0.1' and port '3121'.
01:04:37 INFO  : Jtag cable 'Digilent Zed 210248782397' is selected.
01:04:37 INFO  : 'jtag frequency' command is executed.
01:04:37 INFO  : Sourcing of 'C:/Final_Matrix_Design/PRLab/Matrix/Matrix.sdk/matrix_design_wrapper_hw_platform_0/ps7_init.tcl' is done.
01:04:38 INFO  : Context for 'APU' is selected.
01:04:42 INFO  : Hardware design information is loaded from 'C:/Final_Matrix_Design/PRLab/Matrix/Matrix.sdk/matrix_design_wrapper_hw_platform_0/system.hdf'.
01:04:42 INFO  : Context for 'APU' is selected.
01:04:43 INFO  : 'stop' command is executed.
01:05:33 INFO  : 'ps7_init' command is executed.
01:05:34 INFO  : 'ps7_post_config' command is executed.
01:05:34 INFO  : Context for processor 'ps7_cortexa9_0' is selected.
01:05:34 INFO  : Processor reset is completed for 'ps7_cortexa9_0'.
01:05:34 INFO  : Context for processor 'ps7_cortexa9_0' is selected.
01:05:39 INFO  : The application 'C:/Final_Matrix_Design/PRLab/Matrix/Matrix.sdk/MatrixTest/Debug/MatrixTest.elf' is downloaded to processor 'ps7_cortexa9_0'.
01:05:39 INFO  : ----------------XSDB Script----------------
connect -url tcp:127.0.0.1:3121
source C:/Final_Matrix_Design/PRLab/Matrix/Matrix.sdk/matrix_design_wrapper_hw_platform_0/ps7_init.tcl
targets -set -nocase -filter {name =~"APU*" && jtag_cable_name =~ "Digilent Zed 210248782397"} -index 0
loadhw C:/Final_Matrix_Design/PRLab/Matrix/Matrix.sdk/matrix_design_wrapper_hw_platform_0/system.hdf
targets -set -nocase -filter {name =~"APU*" && jtag_cable_name =~ "Digilent Zed 210248782397"} -index 0
stop
ps7_init
ps7_post_config
targets -set -nocase -filter {name =~ "ARM*#0" && jtag_cable_name =~ "Digilent Zed 210248782397"} -index 0
rst -processor
targets -set -nocase -filter {name =~ "ARM*#0" && jtag_cable_name =~ "Digilent Zed 210248782397"} -index 0
dow C:/Final_Matrix_Design/PRLab/Matrix/Matrix.sdk/MatrixTest/Debug/MatrixTest.elf
----------------End of Script----------------

01:05:39 INFO  : Memory regions updated for context APU
01:05:40 INFO  : Context for processor 'ps7_cortexa9_0' is selected.
01:05:41 INFO  : 'con' command is executed.
01:05:41 INFO  : ----------------XSDB Script (After Launch)----------------
targets -set -nocase -filter {name =~ "ARM*#0" && jtag_cable_name =~ "Digilent Zed 210248782397"} -index 0
con
----------------End of Script----------------

01:05:41 INFO  : Launch script is exported to file 'C:\Final_Matrix_Design\PRLab\Matrix\Matrix.sdk\.sdk\launch_scripts\xilinx_c-c++_application_(system_debugger)\system_debugger_using_debug_matrixtest.elf_on_local.tcl'
01:15:04 INFO  : Invoking Bootgen: bootgen -image output.bif -arch zynq -o C:\Final_Matrix_Design\PRLab\BOOT.bin -w on
01:15:04 INFO  : Overwriting existing bif file C:\Final_Matrix_Design\PRLab\output.bif
01:15:05 INFO  : Bootgen command execution is done.
01:19:10 INFO  : Disconnected from the channel tcfchan#3.
01:19:13 INFO  : 'targets -set -filter {jtag_cable_name =~ "Digilent Zed 210248782397" && level==0} -index 1' command is executed.
01:19:14 INFO  : 'fpga -state' command is executed.
01:19:14 INFO  : Connected to target on host '127.0.0.1' and port '3121'.
01:19:15 INFO  : Jtag cable 'Digilent Zed 210248782397' is selected.
01:19:16 INFO  : 'jtag frequency' command is executed.
01:19:17 INFO  : Sourcing of 'C:/Final_Matrix_Design/PRLab/Matrix/Matrix.sdk/matrix_design_wrapper_hw_platform_0/ps7_init.tcl' is done.
01:19:18 INFO  : Context for 'APU' is selected.
01:19:21 INFO  : Hardware design information is loaded from 'C:/Final_Matrix_Design/PRLab/Matrix/Matrix.sdk/matrix_design_wrapper_hw_platform_0/system.hdf'.
01:19:22 INFO  : Context for 'APU' is selected.
01:19:24 INFO  : 'stop' command is executed.
01:20:09 INFO  : 'ps7_init' command is executed.
01:20:10 INFO  : 'ps7_post_config' command is executed.
01:20:10 INFO  : Context for processor 'ps7_cortexa9_0' is selected.
01:20:11 INFO  : Processor reset is completed for 'ps7_cortexa9_0'.
01:20:12 INFO  : Context for processor 'ps7_cortexa9_0' is selected.
01:20:21 INFO  : The application 'C:/Final_Matrix_Design/PRLab/Matrix/Matrix.sdk/MatrixTest/Debug/MatrixTest.elf' is downloaded to processor 'ps7_cortexa9_0'.
01:20:21 INFO  : ----------------XSDB Script----------------
connect -url tcp:127.0.0.1:3121
source C:/Final_Matrix_Design/PRLab/Matrix/Matrix.sdk/matrix_design_wrapper_hw_platform_0/ps7_init.tcl
targets -set -nocase -filter {name =~"APU*" && jtag_cable_name =~ "Digilent Zed 210248782397"} -index 0
loadhw C:/Final_Matrix_Design/PRLab/Matrix/Matrix.sdk/matrix_design_wrapper_hw_platform_0/system.hdf
targets -set -nocase -filter {name =~"APU*" && jtag_cable_name =~ "Digilent Zed 210248782397"} -index 0
stop
ps7_init
ps7_post_config
targets -set -nocase -filter {name =~ "ARM*#0" && jtag_cable_name =~ "Digilent Zed 210248782397"} -index 0
rst -processor
targets -set -nocase -filter {name =~ "ARM*#0" && jtag_cable_name =~ "Digilent Zed 210248782397"} -index 0
dow C:/Final_Matrix_Design/PRLab/Matrix/Matrix.sdk/MatrixTest/Debug/MatrixTest.elf
----------------End of Script----------------

01:20:21 INFO  : Memory regions updated for context APU
01:20:21 INFO  : Context for processor 'ps7_cortexa9_0' is selected.
01:20:21 INFO  : 'con' command is executed.
01:20:21 INFO  : ----------------XSDB Script (After Launch)----------------
targets -set -nocase -filter {name =~ "ARM*#0" && jtag_cable_name =~ "Digilent Zed 210248782397"} -index 0
con
----------------End of Script----------------

01:20:21 INFO  : Launch script is exported to file 'C:\Final_Matrix_Design\PRLab\Matrix\Matrix.sdk\.sdk\launch_scripts\xilinx_c-c++_application_(system_debugger)\system_debugger_using_debug_matrixtest.elf_on_local.tcl'
01:24:38 INFO  : Disconnected from the channel tcfchan#4.
01:24:41 INFO  : 'targets -set -filter {jtag_cable_name =~ "Digilent Zed 210248782397" && level==0} -index 1' command is executed.
01:24:42 INFO  : 'fpga -state' command is executed.
01:24:42 INFO  : Connected to target on host '127.0.0.1' and port '3121'.
01:24:42 INFO  : Jtag cable 'Digilent Zed 210248782397' is selected.
01:24:42 INFO  : 'jtag frequency' command is executed.
01:24:42 INFO  : Sourcing of 'C:/Final_Matrix_Design/PRLab/Matrix/Matrix.sdk/matrix_design_wrapper_hw_platform_0/ps7_init.tcl' is done.
01:24:42 INFO  : Context for 'APU' is selected.
01:24:45 INFO  : Hardware design information is loaded from 'C:/Final_Matrix_Design/PRLab/Matrix/Matrix.sdk/matrix_design_wrapper_hw_platform_0/system.hdf'.
01:24:45 INFO  : Context for 'APU' is selected.
01:24:46 INFO  : 'stop' command is executed.
01:26:09 INFO  : 'ps7_init' command is executed.
01:26:11 INFO  : 'ps7_post_config' command is executed.
01:26:11 INFO  : Context for processor 'ps7_cortexa9_0' is selected.
01:26:12 INFO  : Processor reset is completed for 'ps7_cortexa9_0'.
01:26:12 INFO  : Context for processor 'ps7_cortexa9_0' is selected.
01:26:18 INFO  : The application 'C:/Final_Matrix_Design/PRLab/Matrix/Matrix.sdk/MatrixTest/Debug/MatrixTest.elf' is downloaded to processor 'ps7_cortexa9_0'.
01:26:18 INFO  : ----------------XSDB Script----------------
connect -url tcp:127.0.0.1:3121
source C:/Final_Matrix_Design/PRLab/Matrix/Matrix.sdk/matrix_design_wrapper_hw_platform_0/ps7_init.tcl
targets -set -nocase -filter {name =~"APU*" && jtag_cable_name =~ "Digilent Zed 210248782397"} -index 0
loadhw C:/Final_Matrix_Design/PRLab/Matrix/Matrix.sdk/matrix_design_wrapper_hw_platform_0/system.hdf
targets -set -nocase -filter {name =~"APU*" && jtag_cable_name =~ "Digilent Zed 210248782397"} -index 0
stop
ps7_init
ps7_post_config
targets -set -nocase -filter {name =~ "ARM*#0" && jtag_cable_name =~ "Digilent Zed 210248782397"} -index 0
rst -processor
targets -set -nocase -filter {name =~ "ARM*#0" && jtag_cable_name =~ "Digilent Zed 210248782397"} -index 0
dow C:/Final_Matrix_Design/PRLab/Matrix/Matrix.sdk/MatrixTest/Debug/MatrixTest.elf
----------------End of Script----------------

01:26:19 INFO  : Memory regions updated for context APU
01:26:19 INFO  : Context for processor 'ps7_cortexa9_0' is selected.
01:26:20 INFO  : 'con' command is executed.
01:26:20 INFO  : ----------------XSDB Script (After Launch)----------------
targets -set -nocase -filter {name =~ "ARM*#0" && jtag_cable_name =~ "Digilent Zed 210248782397"} -index 0
con
----------------End of Script----------------

01:26:20 INFO  : Launch script is exported to file 'C:\Final_Matrix_Design\PRLab\Matrix\Matrix.sdk\.sdk\launch_scripts\xilinx_c-c++_application_(system_debugger)\system_debugger_using_debug_matrixtest.elf_on_local.tcl'
01:36:13 INFO  : Invoking Bootgen: bootgen -image output.bif -arch zynq -o C:\Final_Matrix_Design\PRLab\BOOT.bin -w on
01:36:13 INFO  : Overwriting existing bif file C:\Final_Matrix_Design\PRLab\output.bif
01:36:14 INFO  : Bootgen command execution is done.
01:38:31 INFO  : Disconnected from the channel tcfchan#5.
01:38:34 INFO  : 'targets -set -filter {jtag_cable_name =~ "Digilent Zed 210248782397" && level==0} -index 1' command is executed.
01:38:34 INFO  : 'fpga -state' command is executed.
01:38:34 INFO  : Connected to target on host '127.0.0.1' and port '3121'.
01:38:34 INFO  : Jtag cable 'Digilent Zed 210248782397' is selected.
01:38:34 INFO  : 'jtag frequency' command is executed.
01:38:34 INFO  : Sourcing of 'C:/Final_Matrix_Design/PRLab/Matrix/Matrix.sdk/matrix_design_wrapper_hw_platform_0/ps7_init.tcl' is done.
01:38:35 INFO  : Context for 'APU' is selected.
01:38:38 INFO  : Hardware design information is loaded from 'C:/Final_Matrix_Design/PRLab/Matrix/Matrix.sdk/matrix_design_wrapper_hw_platform_0/system.hdf'.
01:38:39 INFO  : Context for 'APU' is selected.
01:38:40 INFO  : 'stop' command is executed.
01:39:26 INFO  : 'ps7_init' command is executed.
01:39:26 INFO  : 'ps7_post_config' command is executed.
01:39:26 INFO  : Context for processor 'ps7_cortexa9_0' is selected.
01:39:27 INFO  : Processor reset is completed for 'ps7_cortexa9_0'.
01:39:27 INFO  : Context for processor 'ps7_cortexa9_0' is selected.
01:39:34 INFO  : The application 'C:/Final_Matrix_Design/PRLab/Matrix/Matrix.sdk/MatrixTest/Debug/MatrixTest.elf' is downloaded to processor 'ps7_cortexa9_0'.
01:39:34 INFO  : ----------------XSDB Script----------------
connect -url tcp:127.0.0.1:3121
source C:/Final_Matrix_Design/PRLab/Matrix/Matrix.sdk/matrix_design_wrapper_hw_platform_0/ps7_init.tcl
targets -set -nocase -filter {name =~"APU*" && jtag_cable_name =~ "Digilent Zed 210248782397"} -index 0
loadhw C:/Final_Matrix_Design/PRLab/Matrix/Matrix.sdk/matrix_design_wrapper_hw_platform_0/system.hdf
targets -set -nocase -filter {name =~"APU*" && jtag_cable_name =~ "Digilent Zed 210248782397"} -index 0
stop
ps7_init
ps7_post_config
targets -set -nocase -filter {name =~ "ARM*#0" && jtag_cable_name =~ "Digilent Zed 210248782397"} -index 0
rst -processor
targets -set -nocase -filter {name =~ "ARM*#0" && jtag_cable_name =~ "Digilent Zed 210248782397"} -index 0
dow C:/Final_Matrix_Design/PRLab/Matrix/Matrix.sdk/MatrixTest/Debug/MatrixTest.elf
----------------End of Script----------------

01:39:35 INFO  : Memory regions updated for context APU
01:39:36 INFO  : Context for processor 'ps7_cortexa9_0' is selected.
01:39:37 INFO  : 'con' command is executed.
01:39:37 INFO  : ----------------XSDB Script (After Launch)----------------
targets -set -nocase -filter {name =~ "ARM*#0" && jtag_cable_name =~ "Digilent Zed 210248782397"} -index 0
con
----------------End of Script----------------

01:39:37 INFO  : Launch script is exported to file 'C:\Final_Matrix_Design\PRLab\Matrix\Matrix.sdk\.sdk\launch_scripts\xilinx_c-c++_application_(system_debugger)\system_debugger_using_debug_matrixtest.elf_on_local.tcl'
01:40:15 INFO  : Disconnected from the channel tcfchan#6.
01:40:19 INFO  : 'targets -set -filter {jtag_cable_name =~ "Digilent Zed 210248782397" && level==0} -index 1' command is executed.
01:40:19 INFO  : 'fpga -state' command is executed.
01:40:19 INFO  : Connected to target on host '127.0.0.1' and port '3121'.
01:40:21 INFO  : Jtag cable 'Digilent Zed 210248782397' is selected.
01:40:21 INFO  : 'jtag frequency' command is executed.
01:40:21 INFO  : Sourcing of 'C:/Final_Matrix_Design/PRLab/Matrix/Matrix.sdk/matrix_design_wrapper_hw_platform_0/ps7_init.tcl' is done.
01:40:21 INFO  : Context for 'APU' is selected.
01:40:24 INFO  : Hardware design information is loaded from 'C:/Final_Matrix_Design/PRLab/Matrix/Matrix.sdk/matrix_design_wrapper_hw_platform_0/system.hdf'.
01:40:25 INFO  : Context for 'APU' is selected.
01:40:25 INFO  : 'stop' command is executed.
01:41:06 INFO  : 'ps7_init' command is executed.
01:41:06 INFO  : 'ps7_post_config' command is executed.
01:41:06 INFO  : Context for processor 'ps7_cortexa9_0' is selected.
01:41:07 INFO  : Processor reset is completed for 'ps7_cortexa9_0'.
01:41:07 INFO  : Context for processor 'ps7_cortexa9_0' is selected.
01:41:16 INFO  : The application 'C:/Final_Matrix_Design/PRLab/Matrix/Matrix.sdk/MatrixTest/Debug/MatrixTest.elf' is downloaded to processor 'ps7_cortexa9_0'.
01:41:16 INFO  : ----------------XSDB Script----------------
connect -url tcp:127.0.0.1:3121
source C:/Final_Matrix_Design/PRLab/Matrix/Matrix.sdk/matrix_design_wrapper_hw_platform_0/ps7_init.tcl
targets -set -nocase -filter {name =~"APU*" && jtag_cable_name =~ "Digilent Zed 210248782397"} -index 0
loadhw C:/Final_Matrix_Design/PRLab/Matrix/Matrix.sdk/matrix_design_wrapper_hw_platform_0/system.hdf
targets -set -nocase -filter {name =~"APU*" && jtag_cable_name =~ "Digilent Zed 210248782397"} -index 0
stop
ps7_init
ps7_post_config
targets -set -nocase -filter {name =~ "ARM*#0" && jtag_cable_name =~ "Digilent Zed 210248782397"} -index 0
rst -processor
targets -set -nocase -filter {name =~ "ARM*#0" && jtag_cable_name =~ "Digilent Zed 210248782397"} -index 0
dow C:/Final_Matrix_Design/PRLab/Matrix/Matrix.sdk/MatrixTest/Debug/MatrixTest.elf
----------------End of Script----------------

01:41:17 INFO  : Memory regions updated for context APU
01:41:21 INFO  : Context for processor 'ps7_cortexa9_0' is selected.
01:41:23 INFO  : 'con' command is executed.
01:41:23 INFO  : ----------------XSDB Script (After Launch)----------------
targets -set -nocase -filter {name =~ "ARM*#0" && jtag_cable_name =~ "Digilent Zed 210248782397"} -index 0
con
----------------End of Script----------------

01:41:23 INFO  : Launch script is exported to file 'C:\Final_Matrix_Design\PRLab\Matrix\Matrix.sdk\.sdk\launch_scripts\xilinx_c-c++_application_(system_debugger)\system_debugger_using_debug_matrixtest.elf_on_local.tcl'
01:57:02 INFO  : Disconnected from the channel tcfchan#7.
01:57:07 INFO  : 'targets -set -filter {jtag_cable_name =~ "Digilent Zed 210248782397" && level==0} -index 1' command is executed.
01:57:08 INFO  : 'fpga -state' command is executed.
01:57:08 INFO  : Connected to target on host '127.0.0.1' and port '3121'.
01:57:08 INFO  : Jtag cable 'Digilent Zed 210248782397' is selected.
01:57:08 INFO  : 'jtag frequency' command is executed.
01:57:08 INFO  : Sourcing of 'C:/Final_Matrix_Design/PRLab/Matrix/Matrix.sdk/matrix_design_wrapper_hw_platform_0/ps7_init.tcl' is done.
01:57:09 INFO  : Context for 'APU' is selected.
01:57:11 INFO  : Hardware design information is loaded from 'C:/Final_Matrix_Design/PRLab/Matrix/Matrix.sdk/matrix_design_wrapper_hw_platform_0/system.hdf'.
01:57:11 INFO  : Context for 'APU' is selected.
01:57:12 INFO  : 'stop' command is executed.
01:58:13 INFO  : 'ps7_init' command is executed.
01:58:14 INFO  : 'ps7_post_config' command is executed.
01:58:14 INFO  : Context for processor 'ps7_cortexa9_0' is selected.
01:58:16 INFO  : Processor reset is completed for 'ps7_cortexa9_0'.
01:58:16 INFO  : Context for processor 'ps7_cortexa9_0' is selected.
01:58:16 INFO  : The application 'C:/Final_Matrix_Design/PRLab/Matrix/Matrix.sdk/MatrixTest/Debug/MatrixTest.elf' is downloaded to processor 'ps7_cortexa9_0'.
01:58:16 INFO  : ----------------XSDB Script----------------
connect -url tcp:127.0.0.1:3121
source C:/Final_Matrix_Design/PRLab/Matrix/Matrix.sdk/matrix_design_wrapper_hw_platform_0/ps7_init.tcl
targets -set -nocase -filter {name =~"APU*" && jtag_cable_name =~ "Digilent Zed 210248782397"} -index 0
loadhw C:/Final_Matrix_Design/PRLab/Matrix/Matrix.sdk/matrix_design_wrapper_hw_platform_0/system.hdf
targets -set -nocase -filter {name =~"APU*" && jtag_cable_name =~ "Digilent Zed 210248782397"} -index 0
stop
ps7_init
ps7_post_config
targets -set -nocase -filter {name =~ "ARM*#0" && jtag_cable_name =~ "Digilent Zed 210248782397"} -index 0
rst -processor
targets -set -nocase -filter {name =~ "ARM*#0" && jtag_cable_name =~ "Digilent Zed 210248782397"} -index 0
dow C:/Final_Matrix_Design/PRLab/Matrix/Matrix.sdk/MatrixTest/Debug/MatrixTest.elf
----------------End of Script----------------

01:58:17 INFO  : Memory regions updated for context APU
01:58:24 INFO  : Context for processor 'ps7_cortexa9_0' is selected.
01:58:24 INFO  : 'con' command is executed.
01:58:24 INFO  : ----------------XSDB Script (After Launch)----------------
targets -set -nocase -filter {name =~ "ARM*#0" && jtag_cable_name =~ "Digilent Zed 210248782397"} -index 0
con
----------------End of Script----------------

01:58:24 INFO  : Launch script is exported to file 'C:\Final_Matrix_Design\PRLab\Matrix\Matrix.sdk\.sdk\launch_scripts\xilinx_c-c++_application_(system_debugger)\system_debugger_using_debug_matrixtest.elf_on_local.tcl'
01:58:38 INFO  : Disconnected from the channel tcfchan#8.
01:58:42 INFO  : 'targets -set -filter {jtag_cable_name =~ "Digilent Zed 210248782397" && level==0} -index 1' command is executed.
01:58:42 INFO  : 'fpga -state' command is executed.
01:58:42 INFO  : Connected to target on host '127.0.0.1' and port '3121'.
01:58:45 INFO  : Jtag cable 'Digilent Zed 210248782397' is selected.
01:58:45 INFO  : 'jtag frequency' command is executed.
01:58:45 INFO  : Sourcing of 'C:/Final_Matrix_Design/PRLab/Matrix/Matrix.sdk/matrix_design_wrapper_hw_platform_0/ps7_init.tcl' is done.
01:58:46 INFO  : Context for 'APU' is selected.
01:58:50 INFO  : Hardware design information is loaded from 'C:/Final_Matrix_Design/PRLab/Matrix/Matrix.sdk/matrix_design_wrapper_hw_platform_0/system.hdf'.
01:58:50 INFO  : Context for 'APU' is selected.
01:58:52 INFO  : 'stop' command is executed.
01:59:49 INFO  : 'ps7_init' command is executed.
01:59:50 INFO  : 'ps7_post_config' command is executed.
01:59:50 INFO  : Context for processor 'ps7_cortexa9_0' is selected.
01:59:52 INFO  : Processor reset is completed for 'ps7_cortexa9_0'.
01:59:53 INFO  : Context for processor 'ps7_cortexa9_0' is selected.
01:59:58 INFO  : The application 'C:/Final_Matrix_Design/PRLab/Matrix/Matrix.sdk/MatrixTest/Debug/MatrixTest.elf' is downloaded to processor 'ps7_cortexa9_0'.
01:59:58 INFO  : ----------------XSDB Script----------------
connect -url tcp:127.0.0.1:3121
source C:/Final_Matrix_Design/PRLab/Matrix/Matrix.sdk/matrix_design_wrapper_hw_platform_0/ps7_init.tcl
targets -set -nocase -filter {name =~"APU*" && jtag_cable_name =~ "Digilent Zed 210248782397"} -index 0
loadhw C:/Final_Matrix_Design/PRLab/Matrix/Matrix.sdk/matrix_design_wrapper_hw_platform_0/system.hdf
targets -set -nocase -filter {name =~"APU*" && jtag_cable_name =~ "Digilent Zed 210248782397"} -index 0
stop
ps7_init
ps7_post_config
targets -set -nocase -filter {name =~ "ARM*#0" && jtag_cable_name =~ "Digilent Zed 210248782397"} -index 0
rst -processor
targets -set -nocase -filter {name =~ "ARM*#0" && jtag_cable_name =~ "Digilent Zed 210248782397"} -index 0
dow C:/Final_Matrix_Design/PRLab/Matrix/Matrix.sdk/MatrixTest/Debug/MatrixTest.elf
----------------End of Script----------------

01:59:59 INFO  : Memory regions updated for context APU
02:00:02 INFO  : Context for processor 'ps7_cortexa9_0' is selected.
02:00:03 INFO  : 'con' command is executed.
02:00:03 INFO  : ----------------XSDB Script (After Launch)----------------
targets -set -nocase -filter {name =~ "ARM*#0" && jtag_cable_name =~ "Digilent Zed 210248782397"} -index 0
con
----------------End of Script----------------

02:00:03 INFO  : Launch script is exported to file 'C:\Final_Matrix_Design\PRLab\Matrix\Matrix.sdk\.sdk\launch_scripts\xilinx_c-c++_application_(system_debugger)\system_debugger_using_debug_matrixtest.elf_on_local.tcl'
03:52:25 INFO  : Invoking Bootgen: bootgen -image output.bif -arch zynq -o C:\Final_Matrix_Design\PRLab\BOOT.bin -w on
03:52:25 INFO  : Overwriting existing bif file C:\Final_Matrix_Design\PRLab\output.bif
03:52:26 INFO  : Bootgen command execution is done.
03:54:41 INFO  : Disconnected from the channel tcfchan#9.
03:54:45 INFO  : 'targets -set -filter {jtag_cable_name =~ "Digilent Zed 210248782397" && level==0} -index 1' command is executed.
03:54:45 INFO  : 'fpga -state' command is executed.
03:54:45 INFO  : Connected to target on host '127.0.0.1' and port '3121'.
03:54:46 INFO  : Jtag cable 'Digilent Zed 210248782397' is selected.
03:54:46 INFO  : 'jtag frequency' command is executed.
03:54:46 INFO  : Sourcing of 'C:/Final_Matrix_Design/PRLab/Matrix/Matrix.sdk/matrix_design_wrapper_hw_platform_0/ps7_init.tcl' is done.
03:54:46 INFO  : Context for 'APU' is selected.
03:54:49 INFO  : Hardware design information is loaded from 'C:/Final_Matrix_Design/PRLab/Matrix/Matrix.sdk/matrix_design_wrapper_hw_platform_0/system.hdf'.
03:54:49 INFO  : Context for 'APU' is selected.
03:54:50 INFO  : 'stop' command is executed.
03:55:40 INFO  : 'ps7_init' command is executed.
03:55:40 INFO  : 'ps7_post_config' command is executed.
03:55:40 INFO  : Context for processor 'ps7_cortexa9_0' is selected.
03:55:42 INFO  : Processor reset is completed for 'ps7_cortexa9_0'.
03:55:42 INFO  : Context for processor 'ps7_cortexa9_0' is selected.
03:55:45 INFO  : The application 'C:/Final_Matrix_Design/PRLab/Matrix/Matrix.sdk/MatrixTest/Debug/MatrixTest.elf' is downloaded to processor 'ps7_cortexa9_0'.
03:55:45 INFO  : ----------------XSDB Script----------------
connect -url tcp:127.0.0.1:3121
source C:/Final_Matrix_Design/PRLab/Matrix/Matrix.sdk/matrix_design_wrapper_hw_platform_0/ps7_init.tcl
targets -set -nocase -filter {name =~"APU*" && jtag_cable_name =~ "Digilent Zed 210248782397"} -index 0
loadhw C:/Final_Matrix_Design/PRLab/Matrix/Matrix.sdk/matrix_design_wrapper_hw_platform_0/system.hdf
targets -set -nocase -filter {name =~"APU*" && jtag_cable_name =~ "Digilent Zed 210248782397"} -index 0
stop
ps7_init
ps7_post_config
targets -set -nocase -filter {name =~ "ARM*#0" && jtag_cable_name =~ "Digilent Zed 210248782397"} -index 0
rst -processor
targets -set -nocase -filter {name =~ "ARM*#0" && jtag_cable_name =~ "Digilent Zed 210248782397"} -index 0
dow C:/Final_Matrix_Design/PRLab/Matrix/Matrix.sdk/MatrixTest/Debug/MatrixTest.elf
----------------End of Script----------------

03:55:45 INFO  : Memory regions updated for context APU
03:55:45 INFO  : Context for processor 'ps7_cortexa9_0' is selected.
03:55:45 INFO  : 'con' command is executed.
03:55:45 INFO  : ----------------XSDB Script (After Launch)----------------
targets -set -nocase -filter {name =~ "ARM*#0" && jtag_cable_name =~ "Digilent Zed 210248782397"} -index 0
con
----------------End of Script----------------

03:55:45 INFO  : Launch script is exported to file 'C:\Final_Matrix_Design\PRLab\Matrix\Matrix.sdk\.sdk\launch_scripts\xilinx_c-c++_application_(system_debugger)\system_debugger_using_debug_matrixtest.elf_on_local.tcl'
04:24:49 INFO  : Invoking Bootgen: bootgen -image output.bif -arch zynq -o C:\Final_Matrix_Design\PRLab\BOOT.bin -w on
04:24:49 INFO  : Overwriting existing bif file C:\Final_Matrix_Design\PRLab\output.bif
04:24:50 INFO  : Bootgen command execution is done.
