06:59:20 INFO  : Registering command handlers for SDK TCF services
06:59:21 INFO  : Launching XSCT server: xsct.bat -interactive C:\JPEG_Thesis_2\Final_PR\RLE_SYSTEM_SDK\RLE_SYSTEM_SDK.sdk\temp_xsdb_launch_script.tcl
06:59:27 INFO  : XSCT server has started successfully.
06:59:27 INFO  : Successfully done setting XSCT server connection channel  
06:59:30 INFO  : Successfully done setting SDK workspace  
06:59:30 INFO  : Processing command line option -hwspec C:/JPEG_Thesis_2/Final_PR/RLE_SYSTEM_SDK/RLE_SYSTEM_SDK.sdk/rle_system_sdk_wrapper.hdf.
07:11:29 INFO  : 'targets -set -filter {jtag_cable_name =~ "Digilent Zed 210248782397" && level==0} -index 1' command is executed.
07:11:29 INFO  : 'fpga -state' command is executed.
07:11:29 INFO  : Connected to target on host '127.0.0.1' and port '3121'.
07:11:29 INFO  : Jtag cable 'Digilent Zed 210248782397' is selected.
07:11:30 INFO  : 'jtag frequency' command is executed.
07:11:30 INFO  : Sourcing of 'C:/JPEG_Thesis_2/Final_PR/RLE_SYSTEM_SDK/RLE_SYSTEM_SDK.sdk/rle_system_sdk_wrapper_hw_platform_0/ps7_init.tcl' is done.
07:11:30 INFO  : Context for 'APU' is selected.
07:11:30 INFO  : Hardware design information is loaded from 'C:/JPEG_Thesis_2/Final_PR/RLE_SYSTEM_SDK/RLE_SYSTEM_SDK.sdk/rle_system_sdk_wrapper_hw_platform_0/system.hdf'.
07:11:30 INFO  : Context for 'APU' is selected.
07:11:30 INFO  : 'stop' command is executed.
07:11:30 INFO  : 'ps7_init' command is executed.
07:11:30 INFO  : 'ps7_post_config' command is executed.
07:11:30 INFO  : Context for processor 'ps7_cortexa9_0' is selected.
07:11:30 INFO  : Processor reset is completed for 'ps7_cortexa9_0'.
07:11:31 INFO  : Context for processor 'ps7_cortexa9_0' is selected.
07:11:31 INFO  : The application 'C:/JPEG_Thesis_2/Final_PR/RLE_SYSTEM_SDK/RLE_SYSTEM_SDK.sdk/RLE_REV2_IP_TEST/Debug/RLE_REV2_IP_TEST.elf' is downloaded to processor 'ps7_cortexa9_0'.
07:11:31 INFO  : ----------------XSDB Script----------------
connect -url tcp:127.0.0.1:3121
source C:/JPEG_Thesis_2/Final_PR/RLE_SYSTEM_SDK/RLE_SYSTEM_SDK.sdk/rle_system_sdk_wrapper_hw_platform_0/ps7_init.tcl
targets -set -nocase -filter {name =~"APU*" && jtag_cable_name =~ "Digilent Zed 210248782397"} -index 0
loadhw C:/JPEG_Thesis_2/Final_PR/RLE_SYSTEM_SDK/RLE_SYSTEM_SDK.sdk/rle_system_sdk_wrapper_hw_platform_0/system.hdf
targets -set -nocase -filter {name =~"APU*" && jtag_cable_name =~ "Digilent Zed 210248782397"} -index 0
stop
ps7_init
ps7_post_config
targets -set -nocase -filter {name =~ "ARM*#0" && jtag_cable_name =~ "Digilent Zed 210248782397"} -index 0
rst -processor
targets -set -nocase -filter {name =~ "ARM*#0" && jtag_cable_name =~ "Digilent Zed 210248782397"} -index 0
dow C:/JPEG_Thesis_2/Final_PR/RLE_SYSTEM_SDK/RLE_SYSTEM_SDK.sdk/RLE_REV2_IP_TEST/Debug/RLE_REV2_IP_TEST.elf
----------------End of Script----------------

07:11:31 INFO  : Memory regions updated for context APU
07:11:31 INFO  : Context for processor 'ps7_cortexa9_0' is selected.
07:11:31 INFO  : 'con' command is executed.
07:11:31 INFO  : ----------------XSDB Script (After Launch)----------------
targets -set -nocase -filter {name =~ "ARM*#0" && jtag_cable_name =~ "Digilent Zed 210248782397"} -index 0
con
----------------End of Script----------------

07:11:31 INFO  : Launch script is exported to file 'C:\JPEG_Thesis_2\Final_PR\RLE_SYSTEM_SDK\RLE_SYSTEM_SDK.sdk\.sdk\launch_scripts\xilinx_c-c++_application_(system_debugger)\system_debugger_using_debug_rle_rev2_ip_test.elf_on_local.tcl'
07:14:20 INFO  : Disconnected from the channel tcfchan#1.
07:14:21 INFO  : 'targets -set -filter {jtag_cable_name =~ "Digilent Zed 210248782397" && level==0} -index 1' command is executed.
07:14:21 INFO  : 'fpga -state' command is executed.
07:14:21 INFO  : Connected to target on host '127.0.0.1' and port '3121'.
07:14:22 INFO  : Jtag cable 'Digilent Zed 210248782397' is selected.
07:14:22 INFO  : 'jtag frequency' command is executed.
07:14:22 INFO  : Sourcing of 'C:/JPEG_Thesis_2/Final_PR/RLE_SYSTEM_SDK/RLE_SYSTEM_SDK.sdk/rle_system_sdk_wrapper_hw_platform_0/ps7_init.tcl' is done.
07:14:22 INFO  : Context for 'APU' is selected.
07:14:24 INFO  : Hardware design information is loaded from 'C:/JPEG_Thesis_2/Final_PR/RLE_SYSTEM_SDK/RLE_SYSTEM_SDK.sdk/rle_system_sdk_wrapper_hw_platform_0/system.hdf'.
07:14:24 INFO  : Context for 'APU' is selected.
07:14:24 INFO  : 'stop' command is executed.
07:14:25 INFO  : 'ps7_init' command is executed.
07:14:25 INFO  : 'ps7_post_config' command is executed.
07:14:25 INFO  : Context for processor 'ps7_cortexa9_0' is selected.
07:14:25 INFO  : Processor reset is completed for 'ps7_cortexa9_0'.
07:14:25 INFO  : Context for processor 'ps7_cortexa9_0' is selected.
07:14:25 INFO  : The application 'C:/JPEG_Thesis_2/Final_PR/RLE_SYSTEM_SDK/RLE_SYSTEM_SDK.sdk/RLE_REV2_IP_TEST/Debug/RLE_REV2_IP_TEST.elf' is downloaded to processor 'ps7_cortexa9_0'.
07:14:25 INFO  : ----------------XSDB Script----------------
connect -url tcp:127.0.0.1:3121
source C:/JPEG_Thesis_2/Final_PR/RLE_SYSTEM_SDK/RLE_SYSTEM_SDK.sdk/rle_system_sdk_wrapper_hw_platform_0/ps7_init.tcl
targets -set -nocase -filter {name =~"APU*" && jtag_cable_name =~ "Digilent Zed 210248782397"} -index 0
loadhw C:/JPEG_Thesis_2/Final_PR/RLE_SYSTEM_SDK/RLE_SYSTEM_SDK.sdk/rle_system_sdk_wrapper_hw_platform_0/system.hdf
targets -set -nocase -filter {name =~"APU*" && jtag_cable_name =~ "Digilent Zed 210248782397"} -index 0
stop
ps7_init
ps7_post_config
targets -set -nocase -filter {name =~ "ARM*#0" && jtag_cable_name =~ "Digilent Zed 210248782397"} -index 0
rst -processor
targets -set -nocase -filter {name =~ "ARM*#0" && jtag_cable_name =~ "Digilent Zed 210248782397"} -index 0
dow C:/JPEG_Thesis_2/Final_PR/RLE_SYSTEM_SDK/RLE_SYSTEM_SDK.sdk/RLE_REV2_IP_TEST/Debug/RLE_REV2_IP_TEST.elf
----------------End of Script----------------

07:14:25 INFO  : Memory regions updated for context APU
07:14:25 INFO  : Context for processor 'ps7_cortexa9_0' is selected.
07:14:25 INFO  : 'con' command is executed.
07:14:25 INFO  : ----------------XSDB Script (After Launch)----------------
targets -set -nocase -filter {name =~ "ARM*#0" && jtag_cable_name =~ "Digilent Zed 210248782397"} -index 0
con
----------------End of Script----------------

07:14:25 INFO  : Launch script is exported to file 'C:\JPEG_Thesis_2\Final_PR\RLE_SYSTEM_SDK\RLE_SYSTEM_SDK.sdk\.sdk\launch_scripts\xilinx_c-c++_application_(system_debugger)\system_debugger_using_debug_rle_rev2_ip_test.elf_on_local.tcl'
07:30:17 INFO  : Disconnected from the channel tcfchan#2.
07:30:18 INFO  : 'targets -set -filter {jtag_cable_name =~ "Digilent Zed 210248782397" && level==0} -index 1' command is executed.
07:30:18 INFO  : 'fpga -state' command is executed.
07:30:18 INFO  : Connected to target on host '127.0.0.1' and port '3121'.
07:30:18 INFO  : Jtag cable 'Digilent Zed 210248782397' is selected.
07:30:18 INFO  : 'jtag frequency' command is executed.
07:30:18 INFO  : Sourcing of 'C:/JPEG_Thesis_2/Final_PR/RLE_SYSTEM_SDK/RLE_SYSTEM_SDK.sdk/rle_system_sdk_wrapper_hw_platform_0/ps7_init.tcl' is done.
07:30:18 INFO  : Context for 'APU' is selected.
07:30:21 INFO  : Hardware design information is loaded from 'C:/JPEG_Thesis_2/Final_PR/RLE_SYSTEM_SDK/RLE_SYSTEM_SDK.sdk/rle_system_sdk_wrapper_hw_platform_0/system.hdf'.
07:30:21 INFO  : Context for 'APU' is selected.
07:30:21 INFO  : 'stop' command is executed.
07:30:22 INFO  : 'ps7_init' command is executed.
07:30:22 INFO  : 'ps7_post_config' command is executed.
07:30:22 INFO  : Context for processor 'ps7_cortexa9_0' is selected.
07:30:22 INFO  : Processor reset is completed for 'ps7_cortexa9_0'.
07:30:22 INFO  : Context for processor 'ps7_cortexa9_0' is selected.
07:30:22 INFO  : The application 'C:/JPEG_Thesis_2/Final_PR/RLE_SYSTEM_SDK/RLE_SYSTEM_SDK.sdk/RLE_REV2_IP_TEST/Debug/RLE_REV2_IP_TEST.elf' is downloaded to processor 'ps7_cortexa9_0'.
07:30:22 INFO  : ----------------XSDB Script----------------
connect -url tcp:127.0.0.1:3121
source C:/JPEG_Thesis_2/Final_PR/RLE_SYSTEM_SDK/RLE_SYSTEM_SDK.sdk/rle_system_sdk_wrapper_hw_platform_0/ps7_init.tcl
targets -set -nocase -filter {name =~"APU*" && jtag_cable_name =~ "Digilent Zed 210248782397"} -index 0
loadhw C:/JPEG_Thesis_2/Final_PR/RLE_SYSTEM_SDK/RLE_SYSTEM_SDK.sdk/rle_system_sdk_wrapper_hw_platform_0/system.hdf
targets -set -nocase -filter {name =~"APU*" && jtag_cable_name =~ "Digilent Zed 210248782397"} -index 0
stop
ps7_init
ps7_post_config
targets -set -nocase -filter {name =~ "ARM*#0" && jtag_cable_name =~ "Digilent Zed 210248782397"} -index 0
rst -processor
targets -set -nocase -filter {name =~ "ARM*#0" && jtag_cable_name =~ "Digilent Zed 210248782397"} -index 0
dow C:/JPEG_Thesis_2/Final_PR/RLE_SYSTEM_SDK/RLE_SYSTEM_SDK.sdk/RLE_REV2_IP_TEST/Debug/RLE_REV2_IP_TEST.elf
----------------End of Script----------------

07:30:22 INFO  : Memory regions updated for context APU
07:30:22 INFO  : Context for processor 'ps7_cortexa9_0' is selected.
07:30:23 INFO  : 'con' command is executed.
07:30:23 INFO  : ----------------XSDB Script (After Launch)----------------
targets -set -nocase -filter {name =~ "ARM*#0" && jtag_cable_name =~ "Digilent Zed 210248782397"} -index 0
con
----------------End of Script----------------

07:30:23 INFO  : Launch script is exported to file 'C:\JPEG_Thesis_2\Final_PR\RLE_SYSTEM_SDK\RLE_SYSTEM_SDK.sdk\.sdk\launch_scripts\xilinx_c-c++_application_(system_debugger)\system_debugger_using_debug_rle_rev2_ip_test.elf_on_local.tcl'
23:34:18 INFO  : Disconnected from the channel tcfchan#3.
