#
# A fatal error has been detected by the Java Runtime Environment:
#
#  Internal Error (0xc000000d), pid=10104, tid=8672
#
# JRE version: Java(TM) SE Runtime Environment (8.0_66-b18) (build 1.8.0_66-b18)
# Java VM: Java HotSpot(TM) 64-Bit Server VM (25.66-b18 mixed mode windows-amd64 compressed oops)
# Problematic frame:
# C  [ntdll.dll+0x105a50]
#
# Failed to write core dump. Minidumps are not enabled by default on client versions of Windows
#
# If you would like to submit a bug report, please visit:
#   http://bugreport.java.com/bugreport/crash.jsp
#

---------------  T H R E A D  ---------------

Current thread (0x00000000140e9000):  VMThread [stack: 0x0000000015dc0000,0x0000000015ec0000] [id=8672]

siginfo: ExceptionCode=0xc000000d

Registers:
RAX=0x0000e60662527a88, RBX=0xfffffffffffffffe, RCX=0x0000000000000000, RDX=0x0000000000000000
RSP=0x0000000015ebf470, RBP=0x00007ffce4427408, RSI=0x0000000000000000, RDI=0x0000000000000808
R8 =0x00007ffcf5c5f236, R9 =0x00000000c0150008, R10=0x0000000000000000, R11=0x0000000000000000
R12=0x0000000021d51180, R13=0x0000000021d10370, R14=0x0000000021d51288, R15=0x0000000015ebf5e8
RIP=0x00007ffcf5d45a50, EFLAGS=0x0000000000000202

Top of Stack: (sp=0x0000000015ebf470)
0x0000000015ebf470:   0000000000000057 fffffffffffffffe
0x0000000015ebf480:   0000000000000000 0000000000000808
0x0000000015ebf490:   00000000c000000d 0000000000000000
0x0000000015ebf4a0:   00007ffcf5d45a50 0000000000000000
0x0000000015ebf4b0:   0000000000000000 0000000000000000
0x0000000015ebf4c0:   0000000000000000 0000000000000000
0x0000000015ebf4d0:   0000000000000000 0000000000000000
0x0000000015ebf4e0:   0000000000000000 0000000000000000
0x0000000015ebf4f0:   0000000000000000 0000000000000000
0x0000000015ebf500:   0000000000000000 0000000000000000
0x0000000015ebf510:   0000000000000000 0000000000000000
0x0000000015ebf520:   0000000000000000 00007ffcf5d8700c
0x0000000015ebf530:   0000e60662526338 0000000000000000
0x0000000015ebf540:   0000000000000000 00007ffcf5cfc829
0x0000000015ebf550:   0000000000000101 0000000000000000
0x0000000015ebf560:   00000000004c4060 00007ffcf5c552cc 

Instructions: (pc=0x00007ffcf5d45a50)
0x00007ffcf5d45a30:   64 fa ff c7 44 24 20 0d 00 00 c0 b9 57 00 00 00
0x00007ffcf5d45a40:   e8 eb 4b f5 ff 90 48 8d 4c 24 20 e8 f0 fa f0 ff
0x00007ffcf5d45a50:   eb 00 48 8b 8c 24 c0 00 00 00 48 33 cc e8 1e 05
0x00007ffcf5d45a60:   f9 ff 48 81 c4 d8 00 00 00 c3 40 55 48 83 ec 20 


Register to memory mapping:

RAX=0x0000e60662527a88 is an unknown value
RBX=0xfffffffffffffffe is an unknown value
RCX=0x0000000000000000 is an unknown value
RDX=0x0000000000000000 is an unknown value
RSP=0x0000000015ebf470 is an unknown value
RBP=0x00007ffce4427408 is an unknown value
RSI=0x0000000000000000 is an unknown value
RDI=0x0000000000000808 is an unknown value
R8 =0x00007ffcf5c5f236 is an unknown value
R9 =0x00000000c0150008 is an unknown value
R10=0x0000000000000000 is an unknown value
R11=0x0000000000000000 is an unknown value
R12=0x0000000021d51180 is an unknown value
R13=0x0000000021d10370 is an unknown value
R14=0x0000000021d51288 is an unknown value
R15=0x0000000015ebf5e8 is an unknown value


Stack: [0x0000000015dc0000,0x0000000015ec0000],  sp=0x0000000015ebf470,  free space=1021k
Native frames: (J=compiled Java code, j=interpreted, Vv=VM code, C=native code)
C  [ntdll.dll+0x105a50]
C  [ntdll.dll+0xbc829]
C  [KERNEL32.DLL+0x1e6fa]
C  [MSVCR110.dll+0x752d]
C  [MSVCR110.dll+0x73c6]
C  [MSVCR110.dll+0x14cca]
C  [MSVCR110.dll+0x13edc]
C  [MSVCR110.dll+0x239e]
C  [MSVCR110.dll+0xaf9e]
C  [MSVCP110.dll+0x397b9]
C  [librdi_common.dll+0x183a66]
C  [librdi_common.dll+0x1826fb]
C  0x00007ffcd80b2400
C  0x00007ffcd80b2682
C  [ntdll.dll+0x2485f]
C  [ntdll.dll+0x4d43c]
C  [ntdll.dll+0x4d2f4]
C  [KERNEL32.DLL+0x1c0da]
C  [MSVCR100.dll+0x20ccd]
V  [jvm.dll+0x210cc5]
V  [jvm.dll+0x249897]
V  [jvm.dll+0x248b36]
V  [jvm.dll+0x248fd1]
V  [jvm.dll+0x2491ee]
V  [jvm.dll+0x29a0fa]
C  [MSVCR100.dll+0x21d9f]
C  [MSVCR100.dll+0x21e3b]
C  [KERNEL32.DLL+0x12774]
C  [ntdll.dll+0x70d51]

VM_Operation (0x000000000014f4c0): Exit, mode: safepoint, requested by thread 0x000000000282e000


---------------  P R O C E S S  ---------------

Java Threads: ( => current thread )
  0x0000000025132000 JavaThread "Thread-29" daemon [_thread_blocked, id=9780, stack(0x000000002bb20000,0x000000002bc20000)]
  0x000000002512f000 JavaThread "TCF Channel Transmitter" daemon [_thread_blocked, id=13372, stack(0x0000000029920000,0x0000000029a20000)]
  0x000000002512e800 JavaThread "TCF Channel Receiver" daemon [_thread_in_native, id=6732, stack(0x0000000029820000,0x0000000029920000)]
  0x0000000018ab0000 JavaThread "Process monitor" daemon [_thread_in_native, id=8624, stack(0x0000000028c20000,0x0000000028d20000)]
  0x0000000018ab6800 JavaThread "Input Stream Monitor" daemon [_thread_blocked, id=11232, stack(0x0000000028b20000,0x0000000028c20000)]
  0x0000000018aaf000 JavaThread "Output Stream Monitor" daemon [_thread_in_native, id=5328, stack(0x0000000028a20000,0x0000000028b20000)]
  0x0000000018ab6000 JavaThread "Output Stream Monitor" daemon [_thread_in_native, id=8804, stack(0x0000000028920000,0x0000000028a20000)]
  0x0000000018aae800 JavaThread "TCF Locator DNS Lookup" daemon [_thread_blocked, id=10944, stack(0x00000000267d0000,0x00000000268d0000)]
  0x0000000018aaa000 JavaThread "TCF Locator Timer" daemon [_thread_blocked, id=14312, stack(0x00000000266d0000,0x00000000267d0000)]
  0x0000000018aa8800 JavaThread "TCF Locator Receiver" daemon [_thread_in_native, id=8400, stack(0x00000000265d0000,0x00000000266d0000)]
  0x0000000018aad800 JavaThread "TCF Timer Dispatcher" daemon [_thread_blocked, id=1280, stack(0x00000000259f0000,0x0000000025af0000)]
  0x00000000192b0000 JavaThread "EMF Reference Cleaner" daemon [_thread_blocked, id=13544, stack(0x000000001a540000,0x000000001a640000)]
  0x000000001627b800 JavaThread "Service Thread" daemon [_thread_blocked, id=8828, stack(0x0000000016bb0000,0x0000000016cb0000)]
  0x00000000161e9000 JavaThread "C1 CompilerThread3" daemon [_thread_blocked, id=4672, stack(0x0000000016ab0000,0x0000000016bb0000)]
  0x00000000161da800 JavaThread "C2 CompilerThread2" daemon [_thread_blocked, id=13512, stack(0x00000000169b0000,0x0000000016ab0000)]
  0x00000000161d9000 JavaThread "C2 CompilerThread1" daemon [_thread_blocked, id=14204, stack(0x00000000168b0000,0x00000000169b0000)]
  0x00000000161e5000 JavaThread "C2 CompilerThread0" daemon [_thread_blocked, id=14296, stack(0x00000000167b0000,0x00000000168b0000)]
  0x00000000161e4000 JavaThread "Attach Listener" daemon [_thread_blocked, id=6292, stack(0x00000000166b0000,0x00000000167b0000)]
  0x00000000161e3000 JavaThread "Signal Dispatcher" daemon [_thread_blocked, id=12592, stack(0x00000000165b0000,0x00000000166b0000)]
  0x000000000292b000 JavaThread "Finalizer" daemon [_thread_blocked, id=12192, stack(0x0000000015fc0000,0x00000000160c0000)]
  0x00000000140ed000 JavaThread "Reference Handler" daemon [_thread_blocked, id=13748, stack(0x0000000015ec0000,0x0000000015fc0000)]
  0x000000000282e000 JavaThread "main" [_thread_blocked, id=14320, stack(0x0000000000050000,0x0000000000150000)]

Other Threads:
=>0x00000000140e9000 VMThread [stack: 0x0000000015dc0000,0x0000000015ec0000] [id=8672]

VM state:at safepoint (shutting down)

VM Mutex/Monitor currently owned by a thread:  ([mutex/lock_event])
[0x000000000282d5e0] Threads_lock - owner thread: 0x00000000140e9000

Heap:
 PSYoungGen      total 95744K, used 44987K [0x00000000f5580000, 0x00000000fcc80000, 0x0000000100000000)
  eden space 95232K, 47% used [0x00000000f5580000,0x00000000f816ec00,0x00000000fb280000)
  from space 512K, 0% used [0x00000000fb280000,0x00000000fb280000,0x00000000fb300000)
  to   space 13312K, 0% used [0x00000000fbf80000,0x00000000fbf80000,0x00000000fcc80000)
 ParOldGen       total 112640K, used 44946K [0x00000000e0000000, 0x00000000e6e00000, 0x00000000f5580000)
  object space 112640K, 39% used [0x00000000e0000000,0x00000000e2be48a8,0x00000000e6e00000)
 Metaspace       used 81298K, capacity 87558K, committed 87960K, reserved 1126400K
  class space    used 9762K, capacity 11821K, committed 11952K, reserved 1048576K

Card table byte_map: [0x0000000011cf0000,0x0000000011e00000] byte_map_base: 0x00000000115f0000

Marking Bits: (ParMarkBitMap*) 0x0000000069f0a5b0
 Begin Bits: [0x0000000012600000, 0x0000000012e00000)
 End Bits:   [0x0000000012e00000, 0x0000000013600000)

Polling page: 0x00000000004a0000

CodeCache: size=245760Kb used=28764Kb max_used=29345Kb free=216995Kb
 bounds [0x0000000002930000, 0x0000000004650000, 0x0000000011930000]
 total_blobs=8978 nmethods=8094 adapters=792
 compilation: enabled

Compilation events (10 events):
Event: 3499.204 Thread 0x00000000161e9000 nmethod 10291 0x0000000003158450 code [0x0000000003158620, 0x0000000003158fb8]
Event: 3499.204 Thread 0x00000000161e9000 10293   !   3       org.eclipse.osgi.storage.BundleInfo$Generation::close (34 bytes)
Event: 3499.205 Thread 0x00000000161e9000 nmethod 10293 0x0000000002c88190 code [0x0000000002c88300, 0x0000000002c88728]
Event: 3499.206 Thread 0x00000000161e9000 10295       3       java.util.TimSort::gallopRight (335 bytes)
Event: 3499.207 Thread 0x00000000161e9000 nmethod 10295 0x0000000004145b10 code [0x0000000004145d00, 0x00000000041467f8]
Event: 3499.209 Thread 0x00000000161e9000 10296       3       org.eclipse.osgi.container.Module::holdsTransitionEventLock (25 bytes)
Event: 3499.210 Thread 0x00000000161e9000 nmethod 10296 0x00000000032ec1d0 code [0x00000000032ec360, 0x00000000032eca88]
Event: 3499.210 Thread 0x00000000161e9000 10304       3       org.eclipse.osgi.internal.framework.EquinoxContainerAdaptor::clearManifestCache (84 bytes)
Event: 3499.212 Thread 0x00000000161e9000 nmethod 10304 0x00000000043e4ed0 code [0x00000000043e5120, 0x00000000043e6838]
Event: 3499.213 Thread 0x00000000161e9000 10305   !   3       org.eclipse.osgi.storage.BundleInfo$Generation::clearManifestCache (30 bytes)

GC Heap History (10 events):
Event: 1203.212 GC heap before
{Heap before GC invocations=56 (full 23):
 PSYoungGen      total 95744K, used 224K [0x00000000f5580000, 0x00000000fd080000, 0x0000000100000000)
  eden space 95232K, 0% used [0x00000000f5580000,0x00000000f5580000,0x00000000fb280000)
  from space 512K, 43% used [0x00000000fb280000,0x00000000fb2b8000,0x00000000fb300000)
  to   space 15360K, 0% used [0x00000000fc180000,0x00000000fc180000,0x00000000fd080000)
 ParOldGen       total 112640K, used 44917K [0x00000000e0000000, 0x00000000e6e00000, 0x00000000f5580000)
  object space 112640K, 39% used [0x00000000e0000000,0x00000000e2bdd638,0x00000000e6e00000)
 Metaspace       used 80107K, capacity 86542K, committed 86680K, reserved 1124352K
  class space    used 9645K, capacity 11656K, committed 11696K, reserved 1048576K
Event: 1203.361 GC heap after
Heap after GC invocations=56 (full 23):
 PSYoungGen      total 95744K, used 0K [0x00000000f5580000, 0x00000000fd080000, 0x0000000100000000)
  eden space 95232K, 0% used [0x00000000f5580000,0x00000000f5580000,0x00000000fb280000)
  from space 512K, 0% used [0x00000000fb280000,0x00000000fb280000,0x00000000fb300000)
  to   space 15360K, 0% used [0x00000000fc180000,0x00000000fc180000,0x00000000fd080000)
 ParOldGen       total 112640K, used 44917K [0x00000000e0000000, 0x00000000e6e00000, 0x00000000f5580000)
  object space 112640K, 39% used [0x00000000e0000000,0x00000000e2bdd638,0x00000000e6e00000)
 Metaspace       used 80107K, capacity 86542K, committed 86680K, reserved 1124352K
  class space    used 9645K, capacity 11656K, committed 11696K, reserved 1048576K
}
Event: 1263.214 GC heap before
{Heap before GC invocations=57 (full 23):
 PSYoungGen      total 95744K, used 8842K [0x00000000f5580000, 0x00000000fd080000, 0x0000000100000000)
  eden space 95232K, 9% used [0x00000000f5580000,0x00000000f5e22a68,0x00000000fb280000)
  from space 512K, 0% used [0x00000000fb280000,0x00000000fb280000,0x00000000fb300000)
  to   space 15360K, 0% used [0x00000000fc180000,0x00000000fc180000,0x00000000fd080000)
 ParOldGen       total 112640K, used 44917K [0x00000000e0000000, 0x00000000e6e00000, 0x00000000f5580000)
  object space 112640K, 39% used [0x00000000e0000000,0x00000000e2bdd638,0x00000000e6e00000)
 Metaspace       used 80116K, capacity 86542K, committed 86680K, reserved 1124352K
  class space    used 9645K, capacity 11656K, committed 11696K, reserved 1048576K
Event: 1263.223 GC heap after
Heap after GC invocations=57 (full 23):
 PSYoungGen      total 108544K, used 544K [0x00000000f5580000, 0x00000000fce80000, 0x0000000100000000)
  eden space 95232K, 0% used [0x00000000f5580000,0x00000000f5580000,0x00000000fb280000)
  from space 13312K, 4% used [0x00000000fc180000,0x00000000fc208000,0x00000000fce80000)
  to   space 14336K, 0% used [0x00000000fb280000,0x00000000fb280000,0x00000000fc080000)
 ParOldGen       total 112640K, used 44925K [0x00000000e0000000, 0x00000000e6e00000, 0x00000000f5580000)
  object space 112640K, 39% used [0x00000000e0000000,0x00000000e2bdf638,0x00000000e6e00000)
 Metaspace       used 80116K, capacity 86542K, committed 86680K, reserved 1124352K
  class space    used 9645K, capacity 11656K, committed 11696K, reserved 1048576K
}
Event: 1263.223 GC heap before
{Heap before GC invocations=58 (full 24):
 PSYoungGen      total 108544K, used 544K [0x00000000f5580000, 0x00000000fce80000, 0x0000000100000000)
  eden space 95232K, 0% used [0x00000000f5580000,0x00000000f5580000,0x00000000fb280000)
  from space 13312K, 4% used [0x00000000fc180000,0x00000000fc208000,0x00000000fce80000)
  to   space 14336K, 0% used [0x00000000fb280000,0x00000000fb280000,0x00000000fc080000)
 ParOldGen       total 112640K, used 44925K [0x00000000e0000000, 0x00000000e6e00000, 0x00000000f5580000)
  object space 112640K, 39% used [0x00000000e0000000,0x00000000e2bdf638,0x00000000e6e00000)
 Metaspace       used 80116K, capacity 86542K, committed 86680K, reserved 1124352K
  class space    used 9645K, capacity 11656K, committed 11696K, reserved 1048576K
Event: 1263.371 GC heap after
Heap after GC invocations=58 (full 24):
 PSYoungGen      total 108544K, used 0K [0x00000000f5580000, 0x00000000fce80000, 0x0000000100000000)
  eden space 95232K, 0% used [0x00000000f5580000,0x00000000f5580000,0x00000000fb280000)
  from space 13312K, 0% used [0x00000000fc180000,0x00000000fc180000,0x00000000fce80000)
  to   space 14336K, 0% used [0x00000000fb280000,0x00000000fb280000,0x00000000fc080000)
 ParOldGen       total 112640K, used 45071K [0x00000000e0000000, 0x00000000e6e00000, 0x00000000f5580000)
  object space 112640K, 40% used [0x00000000e0000000,0x00000000e2c03d10,0x00000000e6e00000)
 Metaspace       used 80116K, capacity 86542K, committed 86680K, reserved 1124352K
  class space    used 9645K, capacity 11656K, committed 11696K, reserved 1048576K
}
Event: 3473.851 GC heap before
{Heap before GC invocations=59 (full 24):
 PSYoungGen      total 108544K, used 4035K [0x00000000f5580000, 0x00000000fce80000, 0x0000000100000000)
  eden space 95232K, 4% used [0x00000000f5580000,0x00000000f5970da0,0x00000000fb280000)
  from space 13312K, 0% used [0x00000000fc180000,0x00000000fc180000,0x00000000fce80000)
  to   space 14336K, 0% used [0x00000000fb280000,0x00000000fb280000,0x00000000fc080000)
 ParOldGen       total 112640K, used 45071K [0x00000000e0000000, 0x00000000e6e00000, 0x00000000f5580000)
  object space 112640K, 40% used [0x00000000e0000000,0x00000000e2c03d10,0x00000000e6e00000)
 Metaspace       used 80132K, capacity 86542K, committed 86680K, reserved 1124352K
  class space    used 9645K, capacity 11656K, committed 11696K, reserved 1048576K
Event: 3473.854 GC heap after
Heap after GC invocations=59 (full 24):
 PSYoungGen      total 95744K, used 448K [0x00000000f5580000, 0x00000000fcc80000, 0x0000000100000000)
  eden space 95232K, 0% used [0x00000000f5580000,0x00000000f5580000,0x00000000fb280000)
  from space 512K, 87% used [0x00000000fb280000,0x00000000fb2f0000,0x00000000fb300000)
  to   space 13312K, 0% used [0x00000000fbf80000,0x00000000fbf80000,0x00000000fcc80000)
 ParOldGen       total 112640K, used 45079K [0x00000000e0000000, 0x00000000e6e00000, 0x00000000f5580000)
  object space 112640K, 40% used [0x00000000e0000000,0x00000000e2c05d10,0x00000000e6e00000)
 Metaspace       used 80132K, capacity 86542K, committed 86680K, reserved 1124352K
  class space    used 9645K, capacity 11656K, committed 11696K, reserved 1048576K
}
Event: 3473.854 GC heap before
{Heap before GC invocations=60 (full 25):
 PSYoungGen      total 95744K, used 448K [0x00000000f5580000, 0x00000000fcc80000, 0x0000000100000000)
  eden space 95232K, 0% used [0x00000000f5580000,0x00000000f5580000,0x00000000fb280000)
  from space 512K, 87% used [0x00000000fb280000,0x00000000fb2f0000,0x00000000fb300000)
  to   space 13312K, 0% used [0x00000000fbf80000,0x00000000fbf80000,0x00000000fcc80000)
 ParOldGen       total 112640K, used 45079K [0x00000000e0000000, 0x00000000e6e00000, 0x00000000f5580000)
  object space 112640K, 40% used [0x00000000e0000000,0x00000000e2c05d10,0x00000000e6e00000)
 Metaspace       used 80132K, capacity 86542K, committed 86680K, reserved 1124352K
  class space    used 9645K, capacity 11656K, committed 11696K, reserved 1048576K
Event: 3474.069 GC heap after
Heap after GC invocations=60 (full 25):
 PSYoungGen      total 95744K, used 0K [0x00000000f5580000, 0x00000000fcc80000, 0x0000000100000000)
  eden space 95232K, 0% used [0x00000000f5580000,0x00000000f5580000,0x00000000fb280000)
  from space 512K, 0% used [0x00000000fb280000,0x00000000fb280000,0x00000000fb300000)
  to   space 13312K, 0% used [0x00000000fbf80000,0x00000000fbf80000,0x00000000fcc80000)
 ParOldGen       total 112640K, used 44946K [0x00000000e0000000, 0x00000000e6e00000, 0x00000000f5580000)
  object space 112640K, 39% used [0x00000000e0000000,0x00000000e2be48a8,0x00000000e6e00000)
 Metaspace       used 80132K, capacity 86542K, committed 86680K, reserved 1124352K
  class space    used 9645K, capacity 11656K, committed 11696K, reserved 1048576K
}

Deoptimization events (10 events):
Event: 3497.723 Thread 0x000000000282e000 Uncommon trap: reason=predicate action=maybe_recompile pc=0x00000000043cc9a8 method=org.eclipse.core.internal.registry.RegistryObjectManager.getObjects([IB)[Lorg/eclipse/core/internal/registry/RegistryObject; @ 110
Event: 3497.750 Thread 0x000000000282e000 Uncommon trap: reason=unstable_if action=reinterpret pc=0x0000000002c84f14 method=org.eclipse.e4.ui.internal.workbench.swt.PartRenderingEngine.someAreVisible(Ljava/util/List;)Z @ 41
Event: 3497.833 Thread 0x000000000282e000 Uncommon trap: reason=unstable_if action=reinterpret pc=0x0000000004381424 method=java.util.Arrays.equals([Ljava/lang/Object;[Ljava/lang/Object;)Z @ 65
Event: 3498.133 Thread 0x0000000018ff5000 Uncommon trap: reason=unstable_if action=reinterpret pc=0x0000000004552c88 method=org.eclipse.e4.ui.internal.workbench.swt.E4Application$1.syncExec(Ljava/lang/Runnable;)V @ 14
Event: 3498.152 Thread 0x000000000282e000 Uncommon trap: reason=unstable_if action=reinterpret pc=0x0000000002f54f5c method=java.lang.ref.SoftReference.get()Ljava/lang/Object; @ 6
Event: 3498.301 Thread 0x0000000025134800 Uncommon trap: reason=predicate action=maybe_recompile pc=0x00000000045a27f0 method=java.io.OutputStream.write([BII)V @ 62
Event: 3498.314 Thread 0x0000000025133000 Uncommon trap: reason=unstable_if action=reinterpret pc=0x0000000002aa4b24 method=sun.nio.cs.SingleByte$Encoder.encode(C)I @ 13
Event: 3498.383 Thread 0x0000000025134800 Uncommon trap: reason=unstable_if action=reinterpret pc=0x0000000002de7f64 method=org.eclipse.swt.graphics.Resource.dispose()V @ 15
Event: 3499.040 Thread 0x0000000025134800 Uncommon trap: reason=unstable_if action=reinterpret pc=0x0000000002e94dac method=org.eclipse.osgi.internal.hooks.EclipseLazyStarter.shouldActivateFor(Ljava/lang/String;Lorg/eclipse/osgi/container/Module;Lorg/eclipse/osgi/container/ModuleRevision;Lorg/eclitLÍ™YV«@
Event: 3499.175 Thread 0x0000000025134800 Uncommon trap: reason=predicate action=maybe_recompile pc=0x0000000003507670 method=java.util.AbstractCollection.toArray([Ljava/lang/Object;)[Ljava/lang/Object; @ 49

Internal exceptions (10 events):
Event: 3498.094 Thread 0x000000000282e000 Exception <a 'java/io/FileNotFoundException'> (0x00000000f763a4c8) thrown at [C:\re\workspace\8-2-build-windows-amd64-cygwin\jdk8u66\5298\hotspot\src\share\vm\prims\jni.cpp, line 709]
Event: 3498.094 Thread 0x000000000282e000 Exception <a 'java/io/FileNotFoundException'> (0x00000000f763c348) thrown at [C:\re\workspace\8-2-build-windows-amd64-cygwin\jdk8u66\5298\hotspot\src\share\vm\prims\jni.cpp, line 709]
Event: 3498.095 Thread 0x000000000282e000 Exception <a 'java/io/FileNotFoundException'> (0x00000000f763e1d8) thrown at [C:\re\workspace\8-2-build-windows-amd64-cygwin\jdk8u66\5298\hotspot\src\share\vm\prims\jni.cpp, line 709]
Event: 3498.095 Thread 0x000000000282e000 Exception <a 'java/io/FileNotFoundException'> (0x00000000f76401a8) thrown at [C:\re\workspace\8-2-build-windows-amd64-cygwin\jdk8u66\5298\hotspot\src\share\vm\prims\jni.cpp, line 709]
Event: 3498.152 Thread 0x000000000282e000 Implicit null exception at 0x0000000002f5236d to 0x0000000002f54f11
Event: 3498.282 Thread 0x000000002512c000 Exception <a 'java/lang/InterruptedException'> (0x00000000f7b59ee8) thrown at [C:\re\workspace\8-2-build-windows-amd64-cygwin\jdk8u66\5298\hotspot\src\share\vm\runtime\objectMonitor.cpp, line 1683]
Event: 3499.164 Thread 0x0000000018ff5000 Exception <a 'java/lang/InterruptedException'> (0x00000000f60ab7f0) thrown at [C:\re\workspace\8-2-build-windows-amd64-cygwin\jdk8u66\5298\hotspot\src\share\vm\runtime\objectMonitor.cpp, line 1683]
Event: 3499.193 Thread 0x0000000017673800 Exception <a 'java/lang/InterruptedException'> (0x00000000f7eaed38) thrown at [C:\re\workspace\8-2-build-windows-amd64-cygwin\jdk8u66\5298\hotspot\src\share\vm\runtime\objectMonitor.cpp, line 1683]
Event: 3499.205 Thread 0x0000000018ff3800 Exception <a 'java/lang/InterruptedException'> (0x00000000f60bd1f0) thrown at [C:\re\workspace\8-2-build-windows-amd64-cygwin\jdk8u66\5298\hotspot\src\share\vm\runtime\objectMonitor.cpp, line 1683]
Event: 3499.206 Thread 0x0000000018b60000 Exception <a 'java/lang/InterruptedException'> (0x00000000f80c3e40) thrown at [C:\re\workspace\8-2-build-windows-amd64-cygwin\jdk8u66\5298\hotspot\src\share\vm\runtime\objectMonitor.cpp, line 1683]

Events (10 events):
Event: 3499.211 loading class java/util/IdentityHashMap$KeyIterator done
Event: 3499.211 Thread 0x0000000025128800 Thread added: 0x0000000025128800
Event: 3499.212 Thread 0x0000000025128800 Thread exited: 0x0000000025128800
Event: 3499.212 Thread 0x00000000161e9000 flushing nmethod 0x00000000033cf6d0
Event: 3499.212 Thread 0x00000000161e9000 flushing nmethod 0x0000000003420350
Event: 3499.212 Thread 0x00000000161e9000 flushing nmethod 0x0000000003434dd0
Event: 3499.212 Thread 0x00000000161e9000 flushing nmethod 0x000000000344d510
Event: 3499.213 Thread 0x00000000161e9000 flushing nmethod 0x00000000034d47d0
Event: 3499.213 Thread 0x00000000161e9000 flushing nmethod 0x00000000034ea290
Event: 3499.213 Executing VM operation: Exit


Dynamic libraries:
0x0000000000400000 - 0x000000000044f000 	C:\Xilinx\SDK\2016.3\eclipse\win64.o\eclipse.exe
0x00007ffcf5c40000 - 0x00007ffcf5e1b000 	C:\WINDOWS\SYSTEM32\ntdll.dll
0x00007ffcf3200000 - 0x00007ffcf32ae000 	C:\WINDOWS\System32\KERNEL32.DLL
0x00007ffcf29d0000 - 0x00007ffcf2c19000 	C:\WINDOWS\System32\KERNELBASE.dll
0x00007ffcf4510000 - 0x00007ffcf465a000 	C:\WINDOWS\System32\USER32.dll
0x00007ffcf2f90000 - 0x00007ffcf2fae000 	C:\WINDOWS\System32\win32u.dll
0x00007ffcf3f60000 - 0x00007ffcf3f87000 	C:\WINDOWS\System32\GDI32.dll
0x00007ffcf3010000 - 0x00007ffcf3197000 	C:\WINDOWS\System32\gdi32full.dll
0x00007ffcf2ef0000 - 0x00007ffcf2f8a000 	C:\WINDOWS\System32\msvcp_win.dll
0x00007ffcf2c20000 - 0x00007ffcf2d16000 	C:\WINDOWS\System32\ucrtbase.dll
0x00007ffcf3f90000 - 0x00007ffcf402d000 	C:\WINDOWS\System32\msvcrt.dll
0x00007ffceaa30000 - 0x00007ffceac97000 	C:\WINDOWS\WinSxS\amd64_microsoft.windows.common-controls_6595b64144ccf1df_6.0.15063.483_none_26002d27e7c744a2\COMCTL32.dll
0x00007ffcf35c0000 - 0x00007ffcf38b9000 	C:\WINDOWS\System32\combase.dll
0x00007ffcf4030000 - 0x00007ffcf4155000 	C:\WINDOWS\System32\RPCRT4.dll
0x00007ffcf2910000 - 0x00007ffcf297a000 	C:\WINDOWS\System32\bcryptPrimitives.dll
0x00007ffcf41e0000 - 0x00007ffcf420d000 	C:\WINDOWS\System32\IMM32.DLL
0x0000000072000000 - 0x0000000072012000 	C:\Xilinx\SDK\2016.3\eclipse\win64.o\plugins\org.eclipse.equinox.launcher.win32.win32.x86_64_1.1.300.v20150602-1417\eclipse_1611.dll
0x00007ffcf4280000 - 0x00007ffcf4321000 	C:\WINDOWS\System32\ADVAPI32.dll
0x00007ffcf44b0000 - 0x00007ffcf4509000 	C:\WINDOWS\System32\sechost.dll
0x00007ffcec880000 - 0x00007ffcec88a000 	C:\WINDOWS\SYSTEM32\VERSION.dll
0x00007ffcf09a0000 - 0x00007ffcf0a35000 	C:\WINDOWS\system32\uxtheme.dll
0x00007ffcf4330000 - 0x00007ffcf4496000 	C:\WINDOWS\System32\MSCTF.dll
0x00007ffcf32b0000 - 0x00007ffcf3370000 	C:\WINDOWS\System32\OLEAUT32.dll
0x00007ffcd3c20000 - 0x00007ffcd3cc1000 	C:\Program Files\Common Files\microsoft shared\ink\tiptsf.dll
0x0000000069700000 - 0x0000000069f89000 	C:\Xilinx\SDK\2016.3\tps\win64\jre\bin\server\jvm.dll
0x00007ffcf3480000 - 0x00007ffcf3488000 	C:\WINDOWS\System32\PSAPI.DLL
0x00007ffcee380000 - 0x00007ffcee389000 	C:\WINDOWS\SYSTEM32\WSOCK32.dll
0x00007ffceda20000 - 0x00007ffceda43000 	C:\WINDOWS\SYSTEM32\WINMM.dll
0x000000006a340000 - 0x000000006a412000 	C:\WINDOWS\SYSTEM32\MSVCR100.dll
0x00007ffcf4210000 - 0x00007ffcf427c000 	C:\WINDOWS\System32\WS2_32.dll
0x00007ffced9f0000 - 0x00007ffceda1b000 	C:\WINDOWS\SYSTEM32\WINMMBASE.dll
0x00007ffcf2980000 - 0x00007ffcf29c9000 	C:\WINDOWS\System32\cfgmgr32.dll
0x00000000695c0000 - 0x00000000695cf000 	C:\Xilinx\SDK\2016.3\tps\win64\jre\bin\verify.dll
0x0000000069590000 - 0x00000000695b9000 	C:\Xilinx\SDK\2016.3\tps\win64\jre\bin\java.dll
0x0000000069570000 - 0x0000000069586000 	C:\Xilinx\SDK\2016.3\tps\win64\jre\bin\zip.dll
0x00007ffcf4800000 - 0x00007ffcf5c36000 	C:\WINDOWS\System32\SHELL32.dll
0x00007ffcf3e50000 - 0x00007ffcf3efa000 	C:\WINDOWS\System32\shcore.dll
0x00007ffcf2160000 - 0x00007ffcf2851000 	C:\WINDOWS\System32\windows.storage.dll
0x00007ffcf3f00000 - 0x00007ffcf3f51000 	C:\WINDOWS\System32\shlwapi.dll
0x00007ffcf2140000 - 0x00007ffcf2151000 	C:\WINDOWS\System32\kernel.appcore.dll
0x00007ffcf20d0000 - 0x00007ffcf211c000 	C:\WINDOWS\System32\powrprof.dll
0x00007ffcf20b0000 - 0x00007ffcf20c5000 	C:\WINDOWS\System32\profapi.dll
0x00007ffcf1b60000 - 0x00007ffcf1b77000 	C:\WINDOWS\SYSTEM32\CRYPTSP.dll
0x00007ffcf15e0000 - 0x00007ffcf1614000 	C:\WINDOWS\system32\rsaenh.dll
0x00007ffcf1c70000 - 0x00007ffcf1c95000 	C:\WINDOWS\SYSTEM32\bcrypt.dll
0x00007ffcf1fe0000 - 0x00007ffcf2009000 	C:\WINDOWS\SYSTEM32\USERENV.dll
0x00007ffcf1b80000 - 0x00007ffcf1b8b000 	C:\WINDOWS\SYSTEM32\CRYPTBASE.dll
0x0000000069550000 - 0x000000006956a000 	C:\Xilinx\SDK\2016.3\tps\win64\jre\bin\net.dll
0x00007ffcf19c0000 - 0x00007ffcf1a1c000 	C:\WINDOWS\system32\mswsock.dll
0x00007ffcf1760000 - 0x00007ffcf1797000 	C:\WINDOWS\SYSTEM32\IPHLPAPI.DLL
0x00007ffcf44a0000 - 0x00007ffcf44a8000 	C:\WINDOWS\System32\NSI.dll
0x00007ffcee0a0000 - 0x00007ffcee0b6000 	C:\WINDOWS\SYSTEM32\dhcpcsvc6.DLL
0x00007ffcee080000 - 0x00007ffcee09a000 	C:\WINDOWS\SYSTEM32\dhcpcsvc.DLL
0x0000000069530000 - 0x0000000069541000 	C:\Xilinx\SDK\2016.3\tps\win64\jre\bin\nio.dll
0x00007ffce7ed0000 - 0x00007ffce7f52000 	C:\WINDOWS\System32\TextInputFramework.dll
0x00007ffcefc10000 - 0x00007ffcefcf3000 	C:\WINDOWS\System32\CoreMessaging.dll
0x00007ffceb830000 - 0x00007ffcebb02000 	C:\WINDOWS\System32\CoreUIComponents.dll
0x00007ffcf12b0000 - 0x00007ffcf12e1000 	C:\WINDOWS\SYSTEM32\ntmarta.dll
0x00007ffceeb70000 - 0x00007ffceeca9000 	C:\WINDOWS\SYSTEM32\wintypes.dll
0x00007ffcef030000 - 0x00007ffcef045000 	C:\WINDOWS\SYSTEM32\usermgrcli.dll
0x00007ffced100000 - 0x00007ffced12a000 	C:\WINDOWS\system32\dwmapi.dll
0x00007ffcf3370000 - 0x00007ffcf340e000 	C:\WINDOWS\System32\clbcatq.dll
0x00007ffcd3a50000 - 0x00007ffcd3c15000 	C:\Windows\System32\uiautomationcore.dll
0x00007ffcf1f10000 - 0x00007ffcf1faa000 	C:\WINDOWS\SYSTEM32\sxs.dll
0x00007ffcec520000 - 0x00007ffcec58b000 	C:\Windows\System32\OLEACC.dll
0x00007ffcd24e0000 - 0x00007ffcd24f6000 	C:\WINDOWS\system32\napinsp.dll
0x00007ffcd24c0000 - 0x00007ffcd24da000 	C:\WINDOWS\system32\pnrpnsp.dll
0x00007ffcef2b0000 - 0x00007ffcef2c8000 	C:\WINDOWS\system32\NLAapi.dll
0x00007ffcf17a0000 - 0x00007ffcf1844000 	C:\WINDOWS\SYSTEM32\DNSAPI.dll
0x00007ffcd22f0000 - 0x00007ffcd22fe000 	C:\WINDOWS\System32\winrnr.dll
0x00007ffceddf0000 - 0x00007ffcede05000 	C:\WINDOWS\System32\wshbth.dll
0x00007ffce5b00000 - 0x00007ffce5b0a000 	C:\Windows\System32\rasadhlp.dll
0x00007ffceb4d0000 - 0x00007ffceb53b000 	C:\WINDOWS\System32\fwpuclnt.dll
0x00007ffcf3d00000 - 0x00007ffcf3e45000 	C:\WINDOWS\System32\ole32.dll
0x000000001a240000 - 0x000000001a2e8000 	C:\Users\Mihir Shah\.Xilinx\SDK\2016.3\org.eclipse.osgi\319\0\.cp\swt-win32-4527.dll
0x00007ffcf3490000 - 0x00007ffcf3598000 	C:\WINDOWS\System32\comdlg32.dll
0x00007ffcf2d20000 - 0x00007ffcf2ee9000 	C:\WINDOWS\System32\CRYPT32.dll
0x00007ffcf2120000 - 0x00007ffcf2131000 	C:\WINDOWS\System32\MSASN1.dll
0x00007ffcec590000 - 0x00007ffcec61a000 	C:\WINDOWS\SYSTEM32\WINSPOOL.DRV
0x00007ffc98160000 - 0x00007ffc98179000 	C:\WINDOWS\SYSTEM32\USP10.dll
0x00007ffce00a0000 - 0x00007ffce03ce000 	C:\WINDOWS\SYSTEM32\WININET.dll
0x00007ffced1b0000 - 0x00007ffced346000 	C:\WINDOWS\SYSTEM32\propsys.dll
0x000000001a880000 - 0x000000001a89e000 	C:\Users\Mihir Shah\.Xilinx\SDK\2016.3\org.eclipse.osgi\319\0\.cp\swt-gdip-win32-4527.dll
0x00007ffcec6e0000 - 0x00007ffcec875000 	C:\WINDOWS\WinSxS\amd64_microsoft.windows.gdiplus_6595b64144ccf1df_1.1.15063.608_none_56f0266b425534e9\gdiplus.dll
0x00007ffcec110000 - 0x00007ffcec2bc000 	C:\WINDOWS\SYSTEM32\WindowsCodecs.dll
0x0000000180000000 - 0x0000000180012000 	C:\Users\Mihir Shah\.Xilinx\SDK\2016.3\org.eclipse.osgi\133\0\.cp\os\win32\x86_64\localfile_1_0_0.dll
0x00007ffceea20000 - 0x00007ffceea36000 	C:\Xilinx\SDK\2016.3\eclipse\win64.o\plugins\org.eclipse.cdt.core.win32.x86_64_5.4.0.201509131935\os\win32\x86_64\spawner.dll
0x00007ffcec620000 - 0x00007ffcec627000 	C:\WINDOWS\SYSTEM32\msimg32.dll
0x00007ffcda5f0000 - 0x00007ffcda601000 	C:\Users\Mihir Shah\.Xilinx\SDK\2016.3\org.eclipse.osgi\136\0\.cp\jWinHttp-1.0.0.dll
0x00007ffce70f0000 - 0x00007ffce71c7000 	C:\WINDOWS\SYSTEM32\WINHTTP.dll
0x00007ffce0fc0000 - 0x00007ffce0fcf000 	C:\Xilinx\SDK\2016.3\lib\win64.o\librdi_repo_manager.dll
0x00007ffcd4580000 - 0x00007ffcd45aa000 	C:\Xilinx\SDK\2016.3\lib\win64.o\libisl_sysinfo.dll
0x00007ffcc0170000 - 0x00007ffcc01c3000 	C:\Xilinx\SDK\2016.3\lib\win64.o\librdi_commonxillic.dll
0x00007ffce4370000 - 0x00007ffce4417000 	C:\WINDOWS\SYSTEM32\MSVCP110.dll
0x00007ffcc01d0000 - 0x00007ffcc0c79000 	C:\Xilinx\SDK\2016.3\lib\win64.o\librdi_common.dll
0x00007ffcbff70000 - 0x00007ffcc0168000 	C:\Xilinx\SDK\2016.3\lib\win64.o\librdi_hsm.dll
0x00007ffce4420000 - 0x00007ffce44f4000 	C:\WINDOWS\SYSTEM32\MSVCR110.dll
0x00007ffcd2570000 - 0x00007ffcd2594000 	C:\Xilinx\SDK\2016.3\lib\win64.o\libboost_filesystem.dll
0x00007ffcbe230000 - 0x00007ffcbe44f000 	C:\Xilinx\SDK\2016.3\lib\win64.o\libXil_lmgr11.dll
0x00007ffcf2fb0000 - 0x00007ffcf3006000 	C:\WINDOWS\System32\WINTRUST.dll
0x00007ffce0f40000 - 0x00007ffce0f49000 	C:\Xilinx\SDK\2016.3\lib\win64.o\libboost_system.dll
0x00007ffcbdec0000 - 0x00007ffcbe22e000 	C:\Xilinx\SDK\2016.3\lib\win64.o\libCOIN-all.dll
0x00007ffce05f0000 - 0x00007ffce0600000 	C:\Xilinx\SDK\2016.3\lib\win64.o\libboost_date_time.dll
0x00007ffcbfef0000 - 0x00007ffcbff67000 	C:\Xilinx\SDK\2016.3\lib\win64.o\libboost_program_options.dll
0x00007ffcbddb0000 - 0x00007ffcbdeb6000 	C:\Xilinx\SDK\2016.3\lib\win64.o\libboost_regex.dll
0x00007ffcd8750000 - 0x00007ffcd8763000 	C:\Xilinx\SDK\2016.3\lib\win64.o\libboost_signals.dll
0x00007ffcd3570000 - 0x00007ffcd358d000 	C:\Xilinx\SDK\2016.3\lib\win64.o\libboost_thread.dll
0x00007ffcda1d0000 - 0x00007ffcda1db000 	C:\Xilinx\SDK\2016.3\lib\win64.o\libboost_xilinx.dll
0x00007ffcbdd10000 - 0x00007ffcbddaa000 	C:\Xilinx\SDK\2016.3\lib\win64.o\libhdxml.dll
0x00007ffcbd5c0000 - 0x00007ffcbd989000 	C:\Xilinx\SDK\2016.3\lib\win64.o\libisl_iostreams.dll
0x00007ffcc15d0000 - 0x00007ffcc1613000 	C:\Xilinx\SDK\2016.3\lib\win64.o\librdi_hdf.dll
0x00007ffcd2ff0000 - 0x00007ffcd3005000 	C:\Xilinx\SDK\2016.3\lib\win64.o\pthreadVC2.dll
0x00007ffcbdc90000 - 0x00007ffcbdd10000 	C:\Xilinx\SDK\2016.3\lib\win64.o\libhdlpsolve.dll
0x00000000695d0000 - 0x00000000696f7000 	C:\Xilinx\SDK\2016.3\lib\win64.o\tcl85t.dll
0x00007ffcb8000000 - 0x00007ffcb82c6000 	C:\Xilinx\SDK\2016.3\lib\win64.o\librdi_ippcw.dll
0x00007ffcb7ed0000 - 0x00007ffcb8000000 	C:\Xilinx\SDK\2016.3\lib\win64.o\librdi_curl.dll
0x00007ffcd2e20000 - 0x00007ffcd2e38000 	C:\Xilinx\SDK\2016.3\lib\win64.o\librdiconfig.dll
0x00007ffcc4cd0000 - 0x00007ffcc4cf3000 	C:\Xilinx\SDK\2016.3\lib\win64.o\librdizlib.dll
0x00007ffce2270000 - 0x00007ffce2437000 	C:\WINDOWS\SYSTEM32\urlmon.dll
0x00007ffcb4ba0000 - 0x00007ffcb4bc3000 	C:\WINDOWS\SYSTEM32\VCOMP110.DLL
0x00007ffcdf660000 - 0x00007ffcdf677000 	C:\WINDOWS\SYSTEM32\NETAPI32.dll
0x00007ffcc4a60000 - 0x00007ffcc4a83000 	C:\Xilinx\SDK\2016.3\lib\win64.o\libisl_iosutils.dll
0x00007ffcda0a0000 - 0x00007ffcda0ab000 	C:\Xilinx\SDK\2016.3\lib\win64.o\libboost_chrono.dll
0x00007ffcd0790000 - 0x00007ffcd07a6000 	C:\Xilinx\SDK\2016.3\lib\win64.o\libboost_iostreams.dll
0x00007ffce2b70000 - 0x00007ffce2dfa000 	C:\WINDOWS\SYSTEM32\iertutil.dll
0x00000000280d0000 - 0x0000000028333000 	C:\Xilinx\SDK\2016.3\lib\win64.o\xerces-c_3_1.dll
0x00007ffccf310000 - 0x00007ffccf354000 	C:\WINDOWS\SYSTEM32\edputil.dll
0x00007ffcd3f20000 - 0x00007ffcd3f7d000 	C:\WINDOWS\system32\Ninput.dll

VM Arguments:
jvm_args: -Dcom.xilinx.sdk.args.hwspec=C:/github/FPGA_Research/JPEG_Compression_PR/PRLab/JPEG/JPEG.sdk/jpeg_design_wrapper.hdf -Xms64m -Xmx512m & 
java_command: <unknown>
java_class_path (initial): C:\Xilinx\SDK\2016.3\eclipse\win64.o\\plugins/org.eclipse.equinox.launcher_1.3.100.v20150511-1540.jar
Launcher Type: generic

Environment Variables:
PATH=C:/Xilinx/SDK/2016.3/tps/win64/jre/bin/server;C:/Xilinx/SDK/2016.3/tps/win64/jre/bin;C:/Xilinx/SDK/2016.3/tps/win64/jre/lib/amd64;C:\Xilinx\SDK\2016.3\gnuwin\bin;C:\Xilinx\SDK\2016.3\gnu\microblaze\nt\bin;C:\Xilinx\SDK\2016.3\gnu\microblaze\linux_toolchain\nt64_le\bin;C:\Xilinx\SDK\2016.3\gnu\microblaze\linux_toolchain\nt64_be\bin;C:\Xilinx\SDK\2016.3\gnu\arm\nt\bin;C:\Xilinx\SDK\2016.3\gnu\aarch64\nt\aarch64-none\bin;C:\Xilinx\SDK\2016.3\gnu\aarch64\nt\aarch64-linux\bin;C:\Xilinx\SDK\2016.3\gnu\armr5\nt\gcc-arm-none-eabi\bin;C:\Xilinx\SDK\2016.3\gnu\aarch32\nt\gcc-arm-none-eabi\bin;C:\Xilinx\SDK\2016.3\gnu\aarch32\nt\gcc-arm-linux-gnueabi\bin;C:\Xilinx\SDK\2016.3\tps\win64\cmake-3.3.2\bin;;C:\Xilinx\SDK\2016.3\bin;C:\Xilinx\SDK\2016.3\lib\win64.o;C:\Xilinx\SDK\2016.3\tps\win64\jre\bin\server;C:\Xilinx\SDK\2016.3\tps\win64\jre\bin;C:\Xilinx\Vivado\2016.3\ids_lite\ISE\bin\nt64;C:\Xilinx\Vivado\2016.3\ids_lite\ISE\lib\nt64;C:\Xilinx\Vivado\2016.3\bin;C:\Xilinx\Vivado\2016.3\lib\win64.o;C:\Xilinx\Vivado\2016.3\tps\win64\jre\bin\server;C:\Xilinx\Vivado\2016.3\tps\win64\jre\bin;C:\Xilinx\Vivado_HLS\2016.3\bin;C:\Program Files\SlickEdit Pro 21.0.3\win\;C:\Perl64\site\bin;C:\Perl64\bin;C:\ProgramData\Oracle\Java\javapath;C:\Windows\system32;C:\Windows;C:\Windows\System32\Wbem;C:\Windows\System32\WindowsPowerShell\v1.0\;C:\Program Files (x86)\NVIDIA Corporation\PhysX\Common;C:\MinGW\bin;C:\Python27;C:\Program Files\Intel\WiFi\bin\;C:\Program Files\Common Files\Intel\WirelessCommon\;C:\Users\Mihir Shah\AppData\Local\Microsoft\WindowsApps;C:\intelFPGA\16.1\modelsim_ase\win32aloem;;C:\github\FPGA_Research\JPEG_Compression_PR\PRLab\JPEG;
USERNAME=Mihir Shah
OS=Windows_NT
PROCESSOR_IDENTIFIER=Intel64 Family 6 Model 94 Stepping 3, GenuineIntel



---------------  S Y S T E M  ---------------

OS: Windows 10.0 , 64 bit Build 15063 (10.0.15063.296)

CPU:total 8 (4 cores per cpu, 2 threads per core) family 6 model 94 stepping 3, cmov, cx8, fxsr, mmx, sse, sse2, sse3, ssse3, sse4.1, sse4.2, popcnt, avx, avx2, aes, clmul, erms, rtm, 3dnowpref, lzcnt, ht, tsc, tscinvbit, bmi1, bmi2, adx

Memory: 4k page, physical 8258516k(4256024k free), swap 20841428k(15681644k free)

vm_info: Java HotSpot(TM) 64-Bit Server VM (25.66-b18) for windows-amd64 JRE (1.8.0_66-b18), built on Nov  9 2015 10:51:13 by "java_re" with MS VC++ 10.0 (VS2010)

time: Fri Nov 10 15:58:41 2017
elapsed time: 3501 seconds (0d 0h 58m 21s)

