#-----------------------------------------------------------
# Vivado v2016.3 (64-bit)
# SW Build 1682563 on Mon Oct 10 19:07:27 MDT 2016
# IP Build 1681267 on Mon Oct 10 21:28:31 MDT 2016
# Start of session at: Fri Nov 10 17:33:55 2017
# Process ID: 8412
# Current directory: C:/github/FPGA_Research/JPEG_Compression_PR/PRLab/JPEG
# Command line: vivado.exe -gui_launcher_event rodinguilauncherevent14128 C:\github\FPGA_Research\JPEG_Compression_PR\PRLab\JPEG\JPEG.xpr
# Log file: C:/github/FPGA_Research/JPEG_Compression_PR/PRLab/JPEG/vivado.log
# Journal file: C:/github/FPGA_Research/JPEG_Compression_PR/PRLab/JPEG\vivado.jou
#-----------------------------------------------------------
start_gui
open_project C:/github/FPGA_Research/JPEG_Compression_PR/PRLab/JPEG/JPEG.xpr
INFO: [Project 1-313] Project file moved from 'C:/JPEG_Thesis/JPEG_PR/PRLab/PRLab/JPEG' since last save.
Scanning sources...
Finished scanning sources
WARNING: [filemgmt 56-2] IP Output Repository Path: Could not find the directory 'C:/github/FPGA_Research/JPEG_Compression_PR/PRLab/JPEG/JPEG.cache/ip', nor could it be found using path 'C:/JPEG_Thesis/JPEG_PR/PRLab/PRLab/JPEG/JPEG.cache/ip'.
INFO: [IP_Flow 19-234] Refreshing IP repositories
INFO: [IP_Flow 19-1700] Loaded user IP repository 'c:/github/FPGA_Research/JPEG_Compression_PR/PRLab/Sources/ip_repo'.
INFO: [IP_Flow 19-2313] Loaded Vivado IP repository 'C:/Xilinx/Vivado/2016.3/data/ip'.
open_project: Time (s): cpu = 00:00:11 ; elapsed = 00:00:06 . Memory (MB): peak = 871.891 ; gain = 183.977
exit
INFO: [Common 17-206] Exiting Vivado at Fri Nov 10 17:34:23 2017...
