Unable to capture context for thread 13572 in process 3432, can not generate back trace
Exception at PC 0x00007FFDC066BB93
Printing stacktrace...

Unable to capture context for thread 13572 in process 3432, can not generate back trace
Exception at PC 0x00007FFE3D7B9E08
Exception at PC 0x00007FFE3D7B9E08
Exception at PC 0x00007FFE3D7B9E08
Exception at PC 0x00007FFE3D7B9E08
Exception at PC 0x00007FFE3D7B9E08
Exception at PC 0x00007FFE3D7B9E08
Exception at PC 0x00007FFE3D7B9E08
Exception at PC 0x00007FFE3D7B9E08
Exception at PC 0x00007FFE3D7B9E08
Exception at PC 0x00007FFE3D7B9E08
Exception at PC 0x00007FFE3D7B9E08
Exception at PC 0x00007FFE3D7B9E08
Exception at PC 0x00007FFE3D7B9E08
Exception at PC 0x00007FFE3D7B9E08
Exception at PC 0x00007FFE3D7B9E08
Exception at PC 0x00007FFE3D7B9E08
Exception at PC 0x00007FFE3D7B9E08
[0]  [0x00007FFDC066BB93]
[1]  [0x00007FFDC066BB93]
[2]  [0x00007FFDC066B4A1]
[3]  [0x00007FFDC066B3EF]
[4]  [0x00007FFDC06519FE]
[5]  [0x00007FFDC0650ED1]
[6]  [0x00007FFDC0650D76]
[7]  [0x00007FFDC05F79F6]
[8]  [0x00007FFDC05E7AFB]
[9]  [0x00007FFDC070E90A]
[10]  [0x00007FFDC0729F87]
[11]  [0x00007FFDC072A05F]
[12] (BaseThreadInitThunk+0x14) [0x00007FFE41032774]
[13] (RtlUserThreadStart+0x21) [0x00007FFE412A0D51]
Done
