#-----------------------------------------------------------
# Vivado v2016.3 (64-bit)
# SW Build 1682563 on Mon Oct 10 19:07:27 MDT 2016
# IP Build 1681267 on Mon Oct 10 21:28:31 MDT 2016
# Start of session at: Mon Nov 20 23:08:25 2017
# Process ID: 17160
# Current directory: C:/JPEG_Thesis_2/Controller_Unit
# Command line: vivado.exe -gui_launcher_event rodinguilauncherevent16404 C:\JPEG_Thesis_2\Controller_Unit\Controller_Unit.xpr
# Log file: C:/JPEG_Thesis_2/Controller_Unit/vivado.log
# Journal file: C:/JPEG_Thesis_2/Controller_Unit\vivado.jou
#----------------------------------------------------------ststart_gui
open_project C:/JPEG_Thesis_2/Controller_Unit/Controller_Unit.xpr
Scanning sources...
Finished scanning sources
WARNING: [filemgmt 56-3] IP Output Repository Path: Could not find the directory 'C:/JPEG_Thesis_2/Controller_Unit/Controller_Unit.cache/ip'.
INFO: [IP_Flow 19-234] Refreshing IP repositories
INFO: [IP_Flow 19-1704] No user IP repositories specified
INFO: [IP_Flow 19-2313] Loaded Vivado IP repository 'C:/Xilinx/Vivado/2016.3/data/ip'exit
INFO: [Common 17-206] Exiting Vivado at Mon Nov 20 23:10:38 2017...
.
