#-----------------------------------------------------------
# Vivado v2016.3 (64-bit)
# SW Build 1682563 on Mon Oct 10 19:07:27 MDT 2016
# IP Build 1681267 on Mon Oct 10 21:28:31 MDT 2016
# Start of session at: Sun Nov 26 19:42:33 2017
# Process ID: 11724
# Current directory: C:/JPEG_Thesis_2/Controller_Unit
# Command line: vivado.exe -gui_launcher_event rodinguilauncherevent576 C:\JPEG_Thesis_2\Controller_Unit\Controller_Unit.xpr
# Log file: C:/JPEG_Thesis_2/Controller_Unit/vivado.log
# Journal file: C:/JPEG_Thesis_2/Controller_Unit\vivado.jou
#-----------------------------------------------------------
start_gui
open_project C:/JPEG_Thesis_2/Controller_Unit/Controller_Unit.xpr
Scanning sources...
Finished scanning sources
WARNING: [filemgmt 56-3] IP Output Repository Path: Could not find the directory 'C:/JPEG_Thesis_2/Controller_Unit/Controller_Unit.cache/ip'.
INFO: [IP_Flow 19-234] Refreshing IP repositories
INFO: [IP_Flow 19-1704] No user IP repositories specified
INFO: [IP_Flow 19-2313] Loaded Vivado IP repository 'C:/Xilinx/Vivado/2016.3/data/ip'.
open_project: Time (s): cpu = 00:00:10 ; elapsed = 00:00:07 . Memory (MB): peak = 847.352 ; gain = 176.953
exit
INFO: [Common 17-206] Exiting Vivado at Sun Nov 26 19:43:14 2017...
