
*** Running vivado
    with args -log design_1_processing_system7_0_0.vds -m64 -product Vivado -mode batch -messageDb vivado.pb -notrace -source design_1_processing_system7_0_0.tcl


****** Vivado v2016.3 (64-bit)
  **** SW Build 1682563 on Mon Oct 10 19:07:27 MDT 2016
  **** IP Build 1681267 on Mon Oct 10 21:28:31 MDT 2016
    ** Copyright 1986-2016 Xilinx, Inc. All Rights Reserved.

source design_1_processing_system7_0_0.tcl -notrace
Starting RTL Elaboration : Time (s): cpu = 00:00:10 ; elapsed = 00:00:15 . Memory (MB): peak = 348.047 ; gain = 137.867
INFO: [Synth 8-638] synthesizing module 'design_1_processing_system7_0_0' [c:/Proton/Proton_Vivado_Design/Proton/Proton.srcs/sources_1/bd/design_1/ip/design_1_processing_system7_0_0/synth/design_1_processing_system7_0_0.v:60]
INFO: [Synth 8-638] synthesizing module 'processing_system7_v5_5_processing_system7' [c:/Proton/Proton_Vivado_Design/Proton/Proton.srcs/sources_1/bd/design_1/ip/design_1_processing_system7_0_0/hdl/verilog/processing_system7_v5_5_processing_system7.v:161]
INFO: [Synth 8-638] synthesizing module 'BUFG' [C:/Xilinx/Vivado/2016.3/scripts/rt/data/unisim_comp.v:607]
INFO: [Synth 8-256] done synthesizing module 'BUFG' (1#1) [C:/Xilinx/Vivado/2016.3/scripts/rt/data/unisim_comp.v:607]
INFO: [Synth 8-638] synthesizing module 'BIBUF' [C:/Xilinx/Vivado/2016.3/scripts/rt/data/unisim_comp.v:268]
INFO: [Synth 8-256] done synthesizing module 'BIBUF' (2#1) [C:/Xilinx/Vivado/2016.3/scripts/rt/data/unisim_comp.v:268]
INFO: [Synth 8-638] synthesizing module 'PS7' [C:/Xilinx/Vivado/2016.3/scripts/rt/data/unisim_comp.v:33182]
INFO: [Synth 8-256] done synthesizing module 'PS7' (3#1) [C:/Xilinx/Vivado/2016.3/scripts/rt/data/unisim_comp.v:33182]
INFO: [Synth 8-256] done synthesizing module 'processing_system7_v5_5_processing_system7' (4#1) [c:/Proton/Proton_Vivado_Design/Proton/Proton.srcs/sources_1/bd/design_1/ip/design_1_processing_system7_0_0/hdl/verilog/processing_system7_v5_5_processing_system7.v:161]
INFO: [Synth 8-256] done synthesizing module 'design_1_processing_system7_0_0' (5#1) [c:/Proton/Proton_Vivado_Design/Proton/Proton.srcs/sources_1/bd/design_1/ip/design_1_processing_system7_0_0/synth/design_1_processing_system7_0_0.v:60]
Finished RTL Elaboration : Time (s): cpu = 00:00:12 ; elapsed = 00:00:17 . Memory (MB): peak = 386.371 ; gain = 176.191
Finished RTL Optimization Phase 1 : Time (s): cpu = 00:00:12 ; elapsed = 00:00:18 . Memory (MB): peak = 386.371 ; gain = 176.191
INFO: [Device 21-403] Loading part xc7z020clg484-1
Constraint Validation Runtime : Time (s): cpu = 00:00:00 ; elapsed = 00:00:00.053 . Memory (MB): peak = 629.449 ; gain = 0.000
Finished Constraint Validation : Time (s): cpu = 00:00:25 ; elapsed = 00:00:40 . Memory (MB): peak = 629.449 ; gain = 419.270
Finished Loading Part and Timing Information : Time (s): cpu = 00:00:25 ; elapsed = 00:00:40 . Memory (MB): peak = 629.449 ; gain = 419.270
Finished applying 'set_property' XDC Constraints : Time (s): cpu = 00:00:26 ; elapsed = 00:00:41 . Memory (MB): peak = 629.449 ; gain = 419.270
Finished RTL Optimization Phase 2 : Time (s): cpu = 00:00:27 ; elapsed = 00:00:41 . Memory (MB): peak = 629.449 ; gain = 419.270
Finished Cross Boundary and Area Optimization : Time (s): cpu = 00:00:27 ; elapsed = 00:00:43 . Memory (MB): peak = 629.449 ; gain = 419.270
Finished Applying XDC Timing Constraints : Time (s): cpu = 00:00:39 ; elapsed = 00:00:55 . Memory (MB): peak = 830.754 ; gain = 620.574
Finished Timing Optimization : Time (s): cpu = 00:00:39 ; elapsed = 00:00:55 . Memory (MB): peak = 846.766 ; gain = 636.586
Finished Technology Mapping : Time (s): cpu = 00:00:41 ; elapsed = 00:00:56 . Memory (MB): peak = 851.688 ; gain = 641.508
Finished IO Insertion : Time (s): cpu = 00:00:42 ; elapsed = 00:00:58 . Memory (MB): peak = 851.688 ; gain = 641.508
Finished Renaming Generated Instances : Time (s): cpu = 00:00:42 ; elapsed = 00:00:58 . Memory (MB): peak = 851.688 ; gain = 641.508
Finished Rebuilding User Hierarchy : Time (s): cpu = 00:00:42 ; elapsed = 00:00:58 . Memory (MB): peak = 851.688 ; gain = 641.508
Finished Renaming Generated Ports : Time (s): cpu = 00:00:42 ; elapsed = 00:00:58 . Memory (MB): peak = 851.688 ; gain = 641.508
Finished Handling Custom Attributes : Time (s): cpu = 00:00:42 ; elapsed = 00:00:58 . Memory (MB): peak = 851.688 ; gain = 641.508
Finished Renaming Generated Nets : Time (s): cpu = 00:00:42 ; elapsed = 00:00:58 . Memory (MB): peak = 851.688 ; gain = 641.508

Report Cell Usage: 
+------+------+------+
|      |Cell  |Count |
+------+------+------+
|1     |BIBUF |   130|
|2     |BUFG  |     1|
|3     |LUT1  |   112|
|4     |PS7   |     1|
+------+------+------+
Finished Writing Synthesis Report : Time (s): cpu = 00:00:42 ; elapsed = 00:00:58 . Memory (MB): peak = 851.688 ; gain = 641.508
synth_design: Time (s): cpu = 00:00:40 ; elapsed = 00:00:55 . Memory (MB): peak = 873.484 ; gain = 605.633
