00:31:16 INFO  : Registering command handlers for SDK TCF services
00:31:17 INFO  : Launching XSCT server: xsct.bat -interactive C:\JPEG_Thesis_2\BRAM_System_Final\BRAM_System_Final.sdk\temp_xsdb_launch_script.tcl
00:31:22 INFO  : XSCT server has started successfully.
00:31:31 INFO  : Successfully done setting XSCT server connection channel  
00:31:31 INFO  : Successfully done setting SDK workspace  
00:31:31 INFO  : Processing command line option -hwspec C:/JPEG_Thesis_2/BRAM_System_Final/BRAM_System_Final.sdk/bram_design_system_wrapper.hdf.
00:45:36 INFO  : 'targets -set -filter {jtag_cable_name =~ "Digilent Zed 210248782397" && level==0} -index 1' command is executed.
00:45:36 INFO  : 'fpga -state' command is executed.
00:45:36 INFO  : Connected to target on host '127.0.0.1' and port '3121'.
00:45:37 INFO  : Jtag cable 'Digilent Zed 210248782397' is selected.
00:45:37 INFO  : 'jtag frequency' command is executed.
00:45:37 INFO  : Sourcing of 'C:/JPEG_Thesis_2/BRAM_System_Final/BRAM_System_Final.sdk/bram_design_system_wrapper_hw_platform_0/ps7_init.tcl' is done.
00:45:37 INFO  : Context for 'APU' is selected.
00:45:38 INFO  : Hardware design information is loaded from 'C:/JPEG_Thesis_2/BRAM_System_Final/BRAM_System_Final.sdk/bram_design_system_wrapper_hw_platform_0/system.hdf'.
00:45:38 INFO  : Context for 'APU' is selected.
00:45:38 INFO  : 'stop' command is executed.
00:45:48 INFO  : 'ps7_init' command is executed.
00:45:48 INFO  : 'ps7_post_config' command is executed.
00:45:48 INFO  : Context for processor 'ps7_cortexa9_0' is selected.
00:45:49 INFO  : Processor reset is completed for 'ps7_cortexa9_0'.
00:45:49 INFO  : Context for processor 'ps7_cortexa9_0' is selected.
00:45:50 INFO  : The application 'C:/JPEG_Thesis_2/BRAM_System_Final/BRAM_System_Final.sdk/BRAM_MakeitWork/Debug/BRAM_MakeitWork.elf' is downloaded to processor 'ps7_cortexa9_0'.
00:45:50 INFO  : ----------------XSDB Script----------------
connect -url tcp:127.0.0.1:3121
source C:/JPEG_Thesis_2/BRAM_System_Final/BRAM_System_Final.sdk/bram_design_system_wrapper_hw_platform_0/ps7_init.tcl
targets -set -nocase -filter {name =~"APU*" && jtag_cable_name =~ "Digilent Zed 210248782397"} -index 0
loadhw C:/JPEG_Thesis_2/BRAM_System_Final/BRAM_System_Final.sdk/bram_design_system_wrapper_hw_platform_0/system.hdf
targets -set -nocase -filter {name =~"APU*" && jtag_cable_name =~ "Digilent Zed 210248782397"} -index 0
stop
ps7_init
ps7_post_config
targets -set -nocase -filter {name =~ "ARM*#0" && jtag_cable_name =~ "Digilent Zed 210248782397"} -index 0
rst -processor
targets -set -nocase -filter {name =~ "ARM*#0" && jtag_cable_name =~ "Digilent Zed 210248782397"} -index 0
dow C:/JPEG_Thesis_2/BRAM_System_Final/BRAM_System_Final.sdk/BRAM_MakeitWork/Debug/BRAM_MakeitWork.elf
----------------End of Script----------------

00:45:51 INFO  : Memory regions updated for context APU
00:45:51 INFO  : Context for processor 'ps7_cortexa9_0' is selected.
00:45:52 INFO  : 'con' command is executed.
00:45:52 INFO  : ----------------XSDB Script (After Launch)----------------
targets -set -nocase -filter {name =~ "ARM*#0" && jtag_cable_name =~ "Digilent Zed 210248782397"} -index 0
con
----------------End of Script----------------

00:45:52 INFO  : Launch script is exported to file 'C:\JPEG_Thesis_2\BRAM_System_Final\BRAM_System_Final.sdk\.sdk\launch_scripts\xilinx_c-c++_application_(system_debugger)\system_debugger_using_debug_bram_makeitwork.elf_on_local.tcl'
00:56:11 INFO  : Disconnected from the channel tcfchan#1.
00:56:13 INFO  : 'targets -set -filter {jtag_cable_name =~ "Digilent Zed 210248782397" && level==0} -index 1' command is executed.
00:56:13 INFO  : 'fpga -state' command is executed.
00:56:13 INFO  : Connected to target on host '127.0.0.1' and port '3121'.
00:56:14 INFO  : Jtag cable 'Digilent Zed 210248782397' is selected.
00:56:14 INFO  : 'jtag frequency' command is executed.
00:56:14 INFO  : Sourcing of 'C:/JPEG_Thesis_2/BRAM_System_Final/BRAM_System_Final.sdk/bram_design_system_wrapper_hw_platform_0/ps7_init.tcl' is done.
00:56:14 INFO  : Context for 'APU' is selected.
00:56:17 INFO  : Hardware design information is loaded from 'C:/JPEG_Thesis_2/BRAM_System_Final/BRAM_System_Final.sdk/bram_design_system_wrapper_hw_platform_0/system.hdf'.
00:56:17 INFO  : Context for 'APU' is selected.
00:56:18 INFO  : 'stop' command is executed.
00:56:25 INFO  : 'ps7_init' command is executed.
00:56:26 INFO  : 'ps7_post_config' command is executed.
00:56:26 INFO  : Context for processor 'ps7_cortexa9_0' is selected.
00:56:27 INFO  : Processor reset is completed for 'ps7_cortexa9_0'.
00:56:27 INFO  : Context for processor 'ps7_cortexa9_0' is selected.
00:56:28 INFO  : The application 'C:/JPEG_Thesis_2/BRAM_System_Final/BRAM_System_Final.sdk/BRAM_MakeitWork/Debug/BRAM_MakeitWork.elf' is downloaded to processor 'ps7_cortexa9_0'.
00:56:28 INFO  : ----------------XSDB Script----------------
connect -url tcp:127.0.0.1:3121
source C:/JPEG_Thesis_2/BRAM_System_Final/BRAM_System_Final.sdk/bram_design_system_wrapper_hw_platform_0/ps7_init.tcl
targets -set -nocase -filter {name =~"APU*" && jtag_cable_name =~ "Digilent Zed 210248782397"} -index 0
loadhw C:/JPEG_Thesis_2/BRAM_System_Final/BRAM_System_Final.sdk/bram_design_system_wrapper_hw_platform_0/system.hdf
targets -set -nocase -filter {name =~"APU*" && jtag_cable_name =~ "Digilent Zed 210248782397"} -index 0
stop
ps7_init
ps7_post_config
targets -set -nocase -filter {name =~ "ARM*#0" && jtag_cable_name =~ "Digilent Zed 210248782397"} -index 0
rst -processor
targets -set -nocase -filter {name =~ "ARM*#0" && jtag_cable_name =~ "Digilent Zed 210248782397"} -index 0
dow C:/JPEG_Thesis_2/BRAM_System_Final/BRAM_System_Final.sdk/BRAM_MakeitWork/Debug/BRAM_MakeitWork.elf
----------------End of Script----------------

00:56:29 INFO  : Memory regions updated for context APU
00:56:29 INFO  : Context for processor 'ps7_cortexa9_0' is selected.
00:56:29 INFO  : 'con' command is executed.
00:56:29 INFO  : ----------------XSDB Script (After Launch)----------------
targets -set -nocase -filter {name =~ "ARM*#0" && jtag_cable_name =~ "Digilent Zed 210248782397"} -index 0
con
----------------End of Script----------------

00:56:29 INFO  : Launch script is exported to file 'C:\JPEG_Thesis_2\BRAM_System_Final\BRAM_System_Final.sdk\.sdk\launch_scripts\xilinx_c-c++_application_(system_debugger)\system_debugger_using_debug_bram_makeitwork.elf_on_local.tcl'
00:58:13 INFO  : Disconnected from the channel tcfchan#2.
00:58:16 INFO  : 'targets -set -filter {jtag_cable_name =~ "Digilent Zed 210248782397" && level==0} -index 1' command is executed.
00:58:17 INFO  : 'fpga -state' command is executed.
00:58:17 INFO  : Connected to target on host '127.0.0.1' and port '3121'.
00:58:17 INFO  : Jtag cable 'Digilent Zed 210248782397' is selected.
00:58:17 INFO  : 'jtag frequency' command is executed.
00:58:17 INFO  : Sourcing of 'C:/JPEG_Thesis_2/BRAM_System_Final/BRAM_System_Final.sdk/bram_design_system_wrapper_hw_platform_0/ps7_init.tcl' is done.
00:58:17 INFO  : Context for 'APU' is selected.
00:58:20 INFO  : Hardware design information is loaded from 'C:/JPEG_Thesis_2/BRAM_System_Final/BRAM_System_Final.sdk/bram_design_system_wrapper_hw_platform_0/system.hdf'.
00:58:20 INFO  : Context for 'APU' is selected.
00:58:21 INFO  : 'stop' command is executed.
00:58:31 INFO  : 'ps7_init' command is executed.
00:58:32 INFO  : 'ps7_post_config' command is executed.
00:58:32 INFO  : Context for processor 'ps7_cortexa9_0' is selected.
00:58:32 INFO  : Processor reset is completed for 'ps7_cortexa9_0'.
00:58:32 INFO  : Context for processor 'ps7_cortexa9_0' is selected.
00:58:35 INFO  : The application 'C:/JPEG_Thesis_2/BRAM_System_Final/BRAM_System_Final.sdk/BRAM_MakeitWork/Debug/BRAM_MakeitWork.elf' is downloaded to processor 'ps7_cortexa9_0'.
00:58:35 INFO  : ----------------XSDB Script----------------
connect -url tcp:127.0.0.1:3121
source C:/JPEG_Thesis_2/BRAM_System_Final/BRAM_System_Final.sdk/bram_design_system_wrapper_hw_platform_0/ps7_init.tcl
targets -set -nocase -filter {name =~"APU*" && jtag_cable_name =~ "Digilent Zed 210248782397"} -index 0
loadhw C:/JPEG_Thesis_2/BRAM_System_Final/BRAM_System_Final.sdk/bram_design_system_wrapper_hw_platform_0/system.hdf
targets -set -nocase -filter {name =~"APU*" && jtag_cable_name =~ "Digilent Zed 210248782397"} -index 0
stop
ps7_init
ps7_post_config
targets -set -nocase -filter {name =~ "ARM*#0" && jtag_cable_name =~ "Digilent Zed 210248782397"} -index 0
rst -processor
targets -set -nocase -filter {name =~ "ARM*#0" && jtag_cable_name =~ "Digilent Zed 210248782397"} -index 0
dow C:/JPEG_Thesis_2/BRAM_System_Final/BRAM_System_Final.sdk/BRAM_MakeitWork/Debug/BRAM_MakeitWork.elf
----------------End of Script----------------

00:58:35 INFO  : Memory regions updated for context APU
00:58:35 INFO  : Context for processor 'ps7_cortexa9_0' is selected.
00:58:35 INFO  : 'con' command is executed.
00:58:35 INFO  : ----------------XSDB Script (After Launch)----------------
targets -set -nocase -filter {name =~ "ARM*#0" && jtag_cable_name =~ "Digilent Zed 210248782397"} -index 0
con
----------------End of Script----------------

00:58:35 INFO  : Launch script is exported to file 'C:\JPEG_Thesis_2\BRAM_System_Final\BRAM_System_Final.sdk\.sdk\launch_scripts\xilinx_c-c++_application_(system_debugger)\system_debugger_using_debug_bram_makeitwork.elf_on_local.tcl'
00:59:14 INFO  : Disconnected from the channel tcfchan#3.
00:59:16 INFO  : 'targets -set -filter {jtag_cable_name =~ "Digilent Zed 210248782397" && level==0} -index 1' command is executed.
00:59:16 INFO  : 'fpga -state' command is executed.
00:59:16 INFO  : Connected to target on host '127.0.0.1' and port '3121'.
00:59:16 INFO  : Jtag cable 'Digilent Zed 210248782397' is selected.
00:59:17 INFO  : 'jtag frequency' command is executed.
00:59:17 INFO  : Sourcing of 'C:/JPEG_Thesis_2/BRAM_System_Final/BRAM_System_Final.sdk/bram_design_system_wrapper_hw_platform_0/ps7_init.tcl' is done.
00:59:17 INFO  : Context for 'APU' is selected.
00:59:20 INFO  : Hardware design information is loaded from 'C:/JPEG_Thesis_2/BRAM_System_Final/BRAM_System_Final.sdk/bram_design_system_wrapper_hw_platform_0/system.hdf'.
00:59:20 INFO  : Context for 'APU' is selected.
00:59:21 INFO  : 'stop' command is executed.
00:59:34 INFO  : 'ps7_init' command is executed.
00:59:35 INFO  : 'ps7_post_config' command is executed.
00:59:35 INFO  : Context for processor 'ps7_cortexa9_0' is selected.
00:59:36 INFO  : Processor reset is completed for 'ps7_cortexa9_0'.
00:59:36 INFO  : Context for processor 'ps7_cortexa9_0' is selected.
00:59:37 INFO  : The application 'C:/JPEG_Thesis_2/BRAM_System_Final/BRAM_System_Final.sdk/BRAM_MakeitWork/Debug/BRAM_MakeitWork.elf' is downloaded to processor 'ps7_cortexa9_0'.
00:59:37 INFO  : ----------------XSDB Script----------------
connect -url tcp:127.0.0.1:3121
source C:/JPEG_Thesis_2/BRAM_System_Final/BRAM_System_Final.sdk/bram_design_system_wrapper_hw_platform_0/ps7_init.tcl
targets -set -nocase -filter {name =~"APU*" && jtag_cable_name =~ "Digilent Zed 210248782397"} -index 0
loadhw C:/JPEG_Thesis_2/BRAM_System_Final/BRAM_System_Final.sdk/bram_design_system_wrapper_hw_platform_0/system.hdf
targets -set -nocase -filter {name =~"APU*" && jtag_cable_name =~ "Digilent Zed 210248782397"} -index 0
stop
ps7_init
ps7_post_config
targets -set -nocase -filter {name =~ "ARM*#0" && jtag_cable_name =~ "Digilent Zed 210248782397"} -index 0
rst -processor
targets -set -nocase -filter {name =~ "ARM*#0" && jtag_cable_name =~ "Digilent Zed 210248782397"} -index 0
dow C:/JPEG_Thesis_2/BRAM_System_Final/BRAM_System_Final.sdk/BRAM_MakeitWork/Debug/BRAM_MakeitWork.elf
----------------End of Script----------------

00:59:37 INFO  : Memory regions updated for context APU
00:59:37 INFO  : Context for processor 'ps7_cortexa9_0' is selected.
00:59:38 INFO  : 'con' command is executed.
00:59:38 INFO  : ----------------XSDB Script (After Launch)----------------
targets -set -nocase -filter {name =~ "ARM*#0" && jtag_cable_name =~ "Digilent Zed 210248782397"} -index 0
con
----------------End of Script----------------

00:59:38 INFO  : Launch script is exported to file 'C:\JPEG_Thesis_2\BRAM_System_Final\BRAM_System_Final.sdk\.sdk\launch_scripts\xilinx_c-c++_application_(system_debugger)\system_debugger_using_debug_bram_makeitwork.elf_on_local.tcl'
01:01:49 INFO  : Disconnected from the channel tcfchan#4.
21:13:52 INFO  : Registering command handlers for SDK TCF services
21:13:53 INFO  : Launching XSCT server: xsct.bat -interactive C:\JPEG_Thesis_2\BRAM_System_Final\BRAM_System_Final.sdk\temp_xsdb_launch_script.tcl
21:13:57 INFO  : XSCT server has started successfully.
21:14:03 INFO  : Successfully done setting XSCT server connection channel  
21:14:03 INFO  : Processing command line option -hwspec C:/JPEG_Thesis_2/BRAM_System_Final/BRAM_System_Final.sdk/bram_design_system_wrapper.hdf.
21:14:03 INFO  : Successfully done setting SDK workspace  
21:14:10 INFO  : Checking for hwspec changes in the project bram_design_system_wrapper_hw_platform_0.
21:14:10 INFO  : SDK has detected change in the last modified timestamps for source hardware specification file Source:1511061126811,  Project:1510986601117
21:14:10 INFO  : The hardware specification for project 'bram_design_system_wrapper_hw_platform_0' is different from C:/JPEG_Thesis_2/BRAM_System_Final/BRAM_System_Final.sdk/bram_design_system_wrapper.hdf.
21:14:10 INFO  : Copied contents of C:/JPEG_Thesis_2/BRAM_System_Final/BRAM_System_Final.sdk/bram_design_system_wrapper.hdf into \bram_design_system_wrapper_hw_platform_0\system.hdf.
21:14:15 INFO  : Synchronizing projects in the workspace with the hardware platform specification changes.
21:14:35 INFO  : 
21:14:36 INFO  : Updating hardware inferred compiler options for BRAM_MakeitWork.
21:14:36 INFO  : Clearing existing target manager status.
21:14:39 INFO  : Closing and re-opening the MSS file of ther project standalone_bsp_0
21:22:43 INFO  : 'targets -set -filter {jtag_cable_name =~ "Digilent Zed 210248782397" && level==0} -index 1' command is executed.
21:22:43 INFO  : 'fpga -state' command is executed.
21:22:43 INFO  : Connected to target on host '127.0.0.1' and port '3121'.
21:22:44 INFO  : Jtag cable 'Digilent Zed 210248782397' is selected.
21:22:45 INFO  : 'jtag frequency' command is executed.
21:22:45 INFO  : Sourcing of 'C:/JPEG_Thesis_2/BRAM_System_Final/BRAM_System_Final.sdk/bram_design_system_wrapper_hw_platform_0/ps7_init.tcl' is done.
21:22:45 INFO  : Context for 'APU' is selected.
21:22:46 INFO  : Hardware design information is loaded from 'C:/JPEG_Thesis_2/BRAM_System_Final/BRAM_System_Final.sdk/bram_design_system_wrapper_hw_platform_0/system.hdf'.
21:22:46 INFO  : Context for 'APU' is selected.
21:22:46 INFO  : 'stop' command is executed.
21:22:59 INFO  : 'ps7_init' command is executed.
21:22:59 INFO  : 'ps7_post_config' command is executed.
21:22:59 INFO  : Context for processor 'ps7_cortexa9_0' is selected.
21:23:00 INFO  : Processor reset is completed for 'ps7_cortexa9_0'.
21:23:00 INFO  : Context for processor 'ps7_cortexa9_0' is selected.
21:23:03 INFO  : The application 'C:/JPEG_Thesis_2/BRAM_System_Final/BRAM_System_Final.sdk/BRAM_MakeitWork/Debug/BRAM_MakeitWork.elf' is downloaded to processor 'ps7_cortexa9_0'.
21:23:03 INFO  : ----------------XSDB Script----------------
connect -url tcp:127.0.0.1:3121
source C:/JPEG_Thesis_2/BRAM_System_Final/BRAM_System_Final.sdk/bram_design_system_wrapper_hw_platform_0/ps7_init.tcl
targets -set -nocase -filter {name =~"APU*" && jtag_cable_name =~ "Digilent Zed 210248782397"} -index 0
loadhw C:/JPEG_Thesis_2/BRAM_System_Final/BRAM_System_Final.sdk/bram_design_system_wrapper_hw_platform_0/system.hdf
targets -set -nocase -filter {name =~"APU*" && jtag_cable_name =~ "Digilent Zed 210248782397"} -index 0
stop
ps7_init
ps7_post_config
targets -set -nocase -filter {name =~ "ARM*#0" && jtag_cable_name =~ "Digilent Zed 210248782397"} -index 0
rst -processor
targets -set -nocase -filter {name =~ "ARM*#0" && jtag_cable_name =~ "Digilent Zed 210248782397"} -index 0
dow C:/JPEG_Thesis_2/BRAM_System_Final/BRAM_System_Final.sdk/BRAM_MakeitWork/Debug/BRAM_MakeitWork.elf
----------------End of Script----------------

21:23:04 INFO  : Memory regions updated for context APU
21:23:05 INFO  : Context for processor 'ps7_cortexa9_0' is selected.
21:23:05 INFO  : 'con' command is executed.
21:23:05 INFO  : ----------------XSDB Script (After Launch)----------------
targets -set -nocase -filter {name =~ "ARM*#0" && jtag_cable_name =~ "Digilent Zed 210248782397"} -index 0
con
----------------End of Script----------------

21:23:05 INFO  : Launch script is exported to file 'C:\JPEG_Thesis_2\BRAM_System_Final\BRAM_System_Final.sdk\.sdk\launch_scripts\xilinx_c-c++_application_(system_debugger)\system_debugger_using_debug_bram_makeitwork.elf_on_local.tcl'
21:28:12 INFO  : Disconnected from the channel tcfchan#1.
21:28:14 INFO  : 'targets -set -filter {jtag_cable_name =~ "Digilent Zed 210248782397" && level==0} -index 1' command is executed.
21:28:14 INFO  : 'fpga -state' command is executed.
21:28:14 INFO  : Connected to target on host '127.0.0.1' and port '3121'.
21:28:15 INFO  : Jtag cable 'Digilent Zed 210248782397' is selected.
21:28:15 INFO  : 'jtag frequency' command is executed.
21:28:15 INFO  : Sourcing of 'C:/JPEG_Thesis_2/BRAM_System_Final/BRAM_System_Final.sdk/bram_design_system_wrapper_hw_platform_0/ps7_init.tcl' is done.
21:28:15 INFO  : Context for 'APU' is selected.
21:28:17 INFO  : Hardware design information is loaded from 'C:/JPEG_Thesis_2/BRAM_System_Final/BRAM_System_Final.sdk/bram_design_system_wrapper_hw_platform_0/system.hdf'.
21:28:18 INFO  : Context for 'APU' is selected.
21:28:18 INFO  : 'stop' command is executed.
21:28:40 INFO  : 'ps7_init' command is executed.
21:28:41 INFO  : 'ps7_post_config' command is executed.
21:28:41 INFO  : Context for processor 'ps7_cortexa9_0' is selected.
21:28:42 INFO  : Processor reset is completed for 'ps7_cortexa9_0'.
21:28:42 INFO  : Context for processor 'ps7_cortexa9_0' is selected.
21:28:43 INFO  : The application 'C:/JPEG_Thesis_2/BRAM_System_Final/BRAM_System_Final.sdk/BRAM_MakeitWork/Debug/BRAM_MakeitWork.elf' is downloaded to processor 'ps7_cortexa9_0'.
21:28:43 INFO  : ----------------XSDB Script----------------
connect -url tcp:127.0.0.1:3121
source C:/JPEG_Thesis_2/BRAM_System_Final/BRAM_System_Final.sdk/bram_design_system_wrapper_hw_platform_0/ps7_init.tcl
targets -set -nocase -filter {name =~"APU*" && jtag_cable_name =~ "Digilent Zed 210248782397"} -index 0
loadhw C:/JPEG_Thesis_2/BRAM_System_Final/BRAM_System_Final.sdk/bram_design_system_wrapper_hw_platform_0/system.hdf
targets -set -nocase -filter {name =~"APU*" && jtag_cable_name =~ "Digilent Zed 210248782397"} -index 0
stop
ps7_init
ps7_post_config
targets -set -nocase -filter {name =~ "ARM*#0" && jtag_cable_name =~ "Digilent Zed 210248782397"} -index 0
rst -processor
targets -set -nocase -filter {name =~ "ARM*#0" && jtag_cable_name =~ "Digilent Zed 210248782397"} -index 0
dow C:/JPEG_Thesis_2/BRAM_System_Final/BRAM_System_Final.sdk/BRAM_MakeitWork/Debug/BRAM_MakeitWork.elf
----------------End of Script----------------

21:28:43 INFO  : Memory regions updated for context APU
21:28:43 INFO  : Context for processor 'ps7_cortexa9_0' is selected.
21:28:44 INFO  : 'con' command is executed.
21:28:44 INFO  : ----------------XSDB Script (After Launch)----------------
targets -set -nocase -filter {name =~ "ARM*#0" && jtag_cable_name =~ "Digilent Zed 210248782397"} -index 0
con
----------------End of Script----------------

21:28:44 INFO  : Launch script is exported to file 'C:\JPEG_Thesis_2\BRAM_System_Final\BRAM_System_Final.sdk\.sdk\launch_scripts\xilinx_c-c++_application_(system_debugger)\system_debugger_using_debug_bram_makeitwork.elf_on_local.tcl'
21:35:49 INFO  : Disconnected from the channel tcfchan#2.
21:35:51 INFO  : 'targets -set -filter {jtag_cable_name =~ "Digilent Zed 210248782397" && level==0} -index 1' command is executed.
21:35:52 INFO  : 'fpga -state' command is executed.
21:35:52 INFO  : Connected to target on host '127.0.0.1' and port '3121'.
21:35:52 INFO  : Jtag cable 'Digilent Zed 210248782397' is selected.
21:35:52 INFO  : 'jtag frequency' command is executed.
21:35:52 INFO  : Sourcing of 'C:/JPEG_Thesis_2/BRAM_System_Final/BRAM_System_Final.sdk/bram_design_system_wrapper_hw_platform_0/ps7_init.tcl' is done.
21:35:52 INFO  : Context for 'APU' is selected.
21:35:53 INFO  : Hardware design information is loaded from 'C:/JPEG_Thesis_2/BRAM_System_Final/BRAM_System_Final.sdk/bram_design_system_wrapper_hw_platform_0/system.hdf'.
21:35:53 INFO  : Context for 'APU' is selected.
21:35:53 INFO  : 'stop' command is executed.
21:36:07 INFO  : 'ps7_init' command is executed.
21:36:07 INFO  : 'ps7_post_config' command is executed.
21:36:08 INFO  : Context for processor 'ps7_cortexa9_0' is selected.
21:36:08 INFO  : Processor reset is completed for 'ps7_cortexa9_0'.
21:36:08 INFO  : Context for processor 'ps7_cortexa9_0' is selected.
21:36:10 INFO  : The application 'C:/JPEG_Thesis_2/BRAM_System_Final/BRAM_System_Final.sdk/BRAM_MakeitWork/Debug/BRAM_MakeitWork.elf' is downloaded to processor 'ps7_cortexa9_0'.
21:36:10 INFO  : ----------------XSDB Script----------------
connect -url tcp:127.0.0.1:3121
source C:/JPEG_Thesis_2/BRAM_System_Final/BRAM_System_Final.sdk/bram_design_system_wrapper_hw_platform_0/ps7_init.tcl
targets -set -nocase -filter {name =~"APU*" && jtag_cable_name =~ "Digilent Zed 210248782397"} -index 0
loadhw C:/JPEG_Thesis_2/BRAM_System_Final/BRAM_System_Final.sdk/bram_design_system_wrapper_hw_platform_0/system.hdf
targets -set -nocase -filter {name =~"APU*" && jtag_cable_name =~ "Digilent Zed 210248782397"} -index 0
stop
ps7_init
ps7_post_config
targets -set -nocase -filter {name =~ "ARM*#0" && jtag_cable_name =~ "Digilent Zed 210248782397"} -index 0
rst -processor
targets -set -nocase -filter {name =~ "ARM*#0" && jtag_cable_name =~ "Digilent Zed 210248782397"} -index 0
dow C:/JPEG_Thesis_2/BRAM_System_Final/BRAM_System_Final.sdk/BRAM_MakeitWork/Debug/BRAM_MakeitWork.elf
----------------End of Script----------------

21:36:10 INFO  : Memory regions updated for context APU
21:36:10 INFO  : Context for processor 'ps7_cortexa9_0' is selected.
21:36:11 INFO  : 'con' command is executed.
21:36:11 INFO  : ----------------XSDB Script (After Launch)----------------
targets -set -nocase -filter {name =~ "ARM*#0" && jtag_cable_name =~ "Digilent Zed 210248782397"} -index 0
con
----------------End of Script----------------

21:36:11 INFO  : Launch script is exported to file 'C:\JPEG_Thesis_2\BRAM_System_Final\BRAM_System_Final.sdk\.sdk\launch_scripts\xilinx_c-c++_application_(system_debugger)\system_debugger_using_debug_bram_makeitwork.elf_on_local.tcl'
23:03:34 INFO  : Disconnected from the channel tcfchan#3.
23:03:43 ERROR : Unexpected error while parsing XMD response ?: com.google.gson.JsonSyntaxException: com.google.gson.stream.MalformedJsonException: invalid number or unquoted string near 
03:49:23 INFO  : Registering command handlers for SDK TCF services
03:49:23 INFO  : Launching XSCT server: xsct.bat -interactive C:\JPEG_Thesis_2\BRAM_System_Final\BRAM_System_Final.sdk\temp_xsdb_launch_script.tcl
03:49:27 INFO  : XSCT server has started successfully.
03:49:30 INFO  : Successfully done setting XSCT server connection channel  
03:49:30 INFO  : Processing command line option -hwspec C:/JPEG_Thesis_2/BRAM_System_Final/BRAM_System_Final.sdk/bram_design_system_wrapper.hdf.
03:49:30 INFO  : Successfully done setting SDK workspace  
03:49:30 INFO  : Checking for hwspec changes in the project bram_design_system_wrapper_hw_platform_0.
03:49:33 INFO  : SDK has detected change in the last modified timestamps for source hardware specification file Source:1511084725814,  Project:1511061126811
03:49:33 INFO  : The hardware specification for project 'bram_design_system_wrapper_hw_platform_0' is different from C:/JPEG_Thesis_2/BRAM_System_Final/BRAM_System_Final.sdk/bram_design_system_wrapper.hdf.
03:49:33 INFO  : Copied contents of C:/JPEG_Thesis_2/BRAM_System_Final/BRAM_System_Final.sdk/bram_design_system_wrapper.hdf into \bram_design_system_wrapper_hw_platform_0\system.hdf.
03:49:37 INFO  : Synchronizing projects in the workspace with the hardware platform specification changes.
03:50:03 INFO  : 
03:50:04 INFO  : Updating hardware inferred compiler options for BRAM_MakeitWork.
03:50:04 INFO  : Clearing existing target manager status.
04:00:02 INFO  : 'targets -set -filter {jtag_cable_name =~ "Digilent Zed 210248782397" && level==0} -index 1' command is executed.
04:00:02 INFO  : 'fpga -state' command is executed.
04:00:02 INFO  : Connected to target on host '127.0.0.1' and port '3121'.
04:00:02 INFO  : Jtag cable 'Digilent Zed 210248782397' is selected.
04:00:02 INFO  : 'jtag frequency' command is executed.
04:00:02 INFO  : Sourcing of 'C:/JPEG_Thesis_2/BRAM_System_Final/BRAM_System_Final.sdk/bram_design_system_wrapper_hw_platform_0/ps7_init.tcl' is done.
04:00:02 INFO  : Context for 'APU' is selected.
04:00:03 INFO  : Hardware design information is loaded from 'C:/JPEG_Thesis_2/BRAM_System_Final/BRAM_System_Final.sdk/bram_design_system_wrapper_hw_platform_0/system.hdf'.
04:00:03 INFO  : Context for 'APU' is selected.
04:00:03 INFO  : 'stop' command is executed.
04:00:20 INFO  : 'ps7_init' command is executed.
04:00:20 INFO  : 'ps7_post_config' command is executed.
04:00:20 INFO  : Context for processor 'ps7_cortexa9_0' is selected.
04:00:21 INFO  : Processor reset is completed for 'ps7_cortexa9_0'.
04:00:21 INFO  : Context for processor 'ps7_cortexa9_0' is selected.
04:00:26 INFO  : The application 'C:/JPEG_Thesis_2/BRAM_System_Final/BRAM_System_Final.sdk/BRAM_MakeitWork/Debug/BRAM_MakeitWork.elf' is downloaded to processor 'ps7_cortexa9_0'.
04:00:26 INFO  : ----------------XSDB Script----------------
connect -url tcp:127.0.0.1:3121
source C:/JPEG_Thesis_2/BRAM_System_Final/BRAM_System_Final.sdk/bram_design_system_wrapper_hw_platform_0/ps7_init.tcl
targets -set -nocase -filter {name =~"APU*" && jtag_cable_name =~ "Digilent Zed 210248782397"} -index 0
loadhw C:/JPEG_Thesis_2/BRAM_System_Final/BRAM_System_Final.sdk/bram_design_system_wrapper_hw_platform_0/system.hdf
targets -set -nocase -filter {name =~"APU*" && jtag_cable_name =~ "Digilent Zed 210248782397"} -index 0
stop
ps7_init
ps7_post_config
targets -set -nocase -filter {name =~ "ARM*#0" && jtag_cable_name =~ "Digilent Zed 210248782397"} -index 0
rst -processor
targets -set -nocase -filter {name =~ "ARM*#0" && jtag_cable_name =~ "Digilent Zed 210248782397"} -index 0
dow C:/JPEG_Thesis_2/BRAM_System_Final/BRAM_System_Final.sdk/BRAM_MakeitWork/Debug/BRAM_MakeitWork.elf
----------------End of Script----------------

04:00:28 INFO  : Memory regions updated for context APU
04:00:28 INFO  : Context for processor 'ps7_cortexa9_0' is selected.
04:00:28 INFO  : 'con' command is executed.
04:00:28 INFO  : ----------------XSDB Script (After Launch)----------------
targets -set -nocase -filter {name =~ "ARM*#0" && jtag_cable_name =~ "Digilent Zed 210248782397"} -index 0
con
----------------End of Script----------------

04:00:28 INFO  : Launch script is exported to file 'C:\JPEG_Thesis_2\BRAM_System_Final\BRAM_System_Final.sdk\.sdk\launch_scripts\xilinx_c-c++_application_(system_debugger)\system_debugger_using_debug_bram_makeitwork.elf_on_local.tcl'
04:13:44 INFO  : Disconnected from the channel tcfchan#1.
04:13:48 INFO  : 'targets -set -filter {jtag_cable_name =~ "Digilent Zed 210248782397" && level==0} -index 1' command is executed.
04:13:48 INFO  : 'fpga -state' command is executed.
04:13:48 INFO  : Connected to target on host '127.0.0.1' and port '3121'.
04:13:48 INFO  : Jtag cable 'Digilent Zed 210248782397' is selected.
04:13:49 INFO  : 'jtag frequency' command is executed.
04:13:49 INFO  : Sourcing of 'C:/JPEG_Thesis_2/BRAM_System_Final/BRAM_System_Final.sdk/bram_design_system_wrapper_hw_platform_0/ps7_init.tcl' is done.
04:13:50 INFO  : Context for 'APU' is selected.
04:13:52 INFO  : Hardware design information is loaded from 'C:/JPEG_Thesis_2/BRAM_System_Final/BRAM_System_Final.sdk/bram_design_system_wrapper_hw_platform_0/system.hdf'.
04:13:52 INFO  : Context for 'APU' is selected.
04:13:52 INFO  : 'stop' command is executed.
04:14:05 INFO  : 'ps7_init' command is executed.
04:14:05 INFO  : 'ps7_post_config' command is executed.
04:14:05 INFO  : Context for processor 'ps7_cortexa9_0' is selected.
04:14:06 INFO  : Processor reset is completed for 'ps7_cortexa9_0'.
04:14:06 INFO  : Context for processor 'ps7_cortexa9_0' is selected.
04:14:12 INFO  : The application 'C:/JPEG_Thesis_2/BRAM_System_Final/BRAM_System_Final.sdk/BRAM_MakeitWork/Debug/BRAM_MakeitWork.elf' is downloaded to processor 'ps7_cortexa9_0'.
04:14:12 INFO  : ----------------XSDB Script----------------
connect -url tcp:127.0.0.1:3121
source C:/JPEG_Thesis_2/BRAM_System_Final/BRAM_System_Final.sdk/bram_design_system_wrapper_hw_platform_0/ps7_init.tcl
targets -set -nocase -filter {name =~"APU*" && jtag_cable_name =~ "Digilent Zed 210248782397"} -index 0
loadhw C:/JPEG_Thesis_2/BRAM_System_Final/BRAM_System_Final.sdk/bram_design_system_wrapper_hw_platform_0/system.hdf
targets -set -nocase -filter {name =~"APU*" && jtag_cable_name =~ "Digilent Zed 210248782397"} -index 0
stop
ps7_init
ps7_post_config
targets -set -nocase -filter {name =~ "ARM*#0" && jtag_cable_name =~ "Digilent Zed 210248782397"} -index 0
rst -processor
targets -set -nocase -filter {name =~ "ARM*#0" && jtag_cable_name =~ "Digilent Zed 210248782397"} -index 0
dow C:/JPEG_Thesis_2/BRAM_System_Final/BRAM_System_Final.sdk/BRAM_MakeitWork/Debug/BRAM_MakeitWork.elf
----------------End of Script----------------

04:14:12 INFO  : Memory regions updated for context APU
04:14:12 INFO  : Context for processor 'ps7_cortexa9_0' is selected.
04:14:13 INFO  : 'con' command is executed.
04:14:13 INFO  : ----------------XSDB Script (After Launch)----------------
targets -set -nocase -filter {name =~ "ARM*#0" && jtag_cable_name =~ "Digilent Zed 210248782397"} -index 0
con
----------------End of Script----------------

04:14:13 INFO  : Launch script is exported to file 'C:\JPEG_Thesis_2\BRAM_System_Final\BRAM_System_Final.sdk\.sdk\launch_scripts\xilinx_c-c++_application_(system_debugger)\system_debugger_using_debug_bram_makeitwork.elf_on_local.tcl'
04:15:38 INFO  : Disconnected from the channel tcfchan#2.
04:15:43 INFO  : 'targets -set -filter {jtag_cable_name =~ "Digilent Zed 210248782397" && level==0} -index 1' command is executed.
04:15:43 INFO  : 'fpga -state' command is executed.
04:15:43 INFO  : Connected to target on host '127.0.0.1' and port '3121'.
04:15:43 INFO  : Jtag cable 'Digilent Zed 210248782397' is selected.
04:15:43 INFO  : 'jtag frequency' command is executed.
04:15:43 INFO  : Sourcing of 'C:/JPEG_Thesis_2/BRAM_System_Final/BRAM_System_Final.sdk/bram_design_system_wrapper_hw_platform_0/ps7_init.tcl' is done.
04:15:43 INFO  : Context for 'APU' is selected.
04:15:43 INFO  : Hardware design information is loaded from 'C:/JPEG_Thesis_2/BRAM_System_Final/BRAM_System_Final.sdk/bram_design_system_wrapper_hw_platform_0/system.hdf'.
04:15:43 INFO  : Context for 'APU' is selected.
04:15:46 INFO  : 'stop' command is executed.
04:16:03 INFO  : 'ps7_init' command is executed.
04:16:03 INFO  : 'ps7_post_config' command is executed.
04:16:03 INFO  : Context for processor 'ps7_cortexa9_0' is selected.
04:16:03 INFO  : Processor reset is completed for 'ps7_cortexa9_0'.
04:16:04 INFO  : Context for processor 'ps7_cortexa9_0' is selected.
04:16:08 INFO  : The application 'C:/JPEG_Thesis_2/BRAM_System_Final/BRAM_System_Final.sdk/BRAM_MakeitWork/Debug/BRAM_MakeitWork.elf' is downloaded to processor 'ps7_cortexa9_0'.
04:16:08 INFO  : ----------------XSDB Script----------------
connect -url tcp:127.0.0.1:3121
source C:/JPEG_Thesis_2/BRAM_System_Final/BRAM_System_Final.sdk/bram_design_system_wrapper_hw_platform_0/ps7_init.tcl
targets -set -nocase -filter {name =~"APU*" && jtag_cable_name =~ "Digilent Zed 210248782397"} -index 0
loadhw C:/JPEG_Thesis_2/BRAM_System_Final/BRAM_System_Final.sdk/bram_design_system_wrapper_hw_platform_0/system.hdf
targets -set -nocase -filter {name =~"APU*" && jtag_cable_name =~ "Digilent Zed 210248782397"} -index 0
stop
ps7_init
ps7_post_config
targets -set -nocase -filter {name =~ "ARM*#0" && jtag_cable_name =~ "Digilent Zed 210248782397"} -index 0
rst -processor
targets -set -nocase -filter {name =~ "ARM*#0" && jtag_cable_name =~ "Digilent Zed 210248782397"} -index 0
dow C:/JPEG_Thesis_2/BRAM_System_Final/BRAM_System_Final.sdk/BRAM_MakeitWork/Debug/BRAM_MakeitWork.elf
----------------End of Script----------------

04:16:08 INFO  : Memory regions updated for context APU
04:16:08 INFO  : Context for processor 'ps7_cortexa9_0' is selected.
04:16:09 INFO  : 'con' command is executed.
04:16:09 INFO  : ----------------XSDB Script (After Launch)----------------
targets -set -nocase -filter {name =~ "ARM*#0" && jtag_cable_name =~ "Digilent Zed 210248782397"} -index 0
con
----------------End of Script----------------

04:16:09 INFO  : Launch script is exported to file 'C:\JPEG_Thesis_2\BRAM_System_Final\BRAM_System_Final.sdk\.sdk\launch_scripts\xilinx_c-c++_application_(system_debugger)\system_debugger_using_debug_bram_makeitwork.elf_on_local.tcl'
04:39:47 INFO  : Disconnected from the channel tcfchan#3.
04:39:49 INFO  : 'targets -set -filter {jtag_cable_name =~ "Digilent Zed 210248782397" && level==0} -index 1' command is executed.
04:39:50 INFO  : 'fpga -state' command is executed.
04:39:50 INFO  : Connected to target on host '127.0.0.1' and port '3121'.
04:39:50 INFO  : Jtag cable 'Digilent Zed 210248782397' is selected.
04:39:51 INFO  : 'jtag frequency' command is executed.
04:39:51 INFO  : Sourcing of 'C:/JPEG_Thesis_2/BRAM_System_Final/BRAM_System_Final.sdk/bram_design_system_wrapper_hw_platform_0/ps7_init.tcl' is done.
04:39:51 INFO  : Context for 'APU' is selected.
04:39:51 INFO  : Hardware design information is loaded from 'C:/JPEG_Thesis_2/BRAM_System_Final/BRAM_System_Final.sdk/bram_design_system_wrapper_hw_platform_0/system.hdf'.
04:39:51 INFO  : Context for 'APU' is selected.
04:39:52 INFO  : 'stop' command is executed.
04:40:06 INFO  : 'ps7_init' command is executed.
04:40:07 INFO  : 'ps7_post_config' command is executed.
04:40:07 INFO  : Context for processor 'ps7_cortexa9_0' is selected.
04:40:08 INFO  : Processor reset is completed for 'ps7_cortexa9_0'.
04:40:08 INFO  : Context for processor 'ps7_cortexa9_0' is selected.
04:40:14 INFO  : The application 'C:/JPEG_Thesis_2/BRAM_System_Final/BRAM_System_Final.sdk/BRAM_MakeitWork/Debug/BRAM_MakeitWork.elf' is downloaded to processor 'ps7_cortexa9_0'.
04:40:14 INFO  : ----------------XSDB Script----------------
connect -url tcp:127.0.0.1:3121
source C:/JPEG_Thesis_2/BRAM_System_Final/BRAM_System_Final.sdk/bram_design_system_wrapper_hw_platform_0/ps7_init.tcl
targets -set -nocase -filter {name =~"APU*" && jtag_cable_name =~ "Digilent Zed 210248782397"} -index 0
loadhw C:/JPEG_Thesis_2/BRAM_System_Final/BRAM_System_Final.sdk/bram_design_system_wrapper_hw_platform_0/system.hdf
targets -set -nocase -filter {name =~"APU*" && jtag_cable_name =~ "Digilent Zed 210248782397"} -index 0
stop
ps7_init
ps7_post_config
targets -set -nocase -filter {name =~ "ARM*#0" && jtag_cable_name =~ "Digilent Zed 210248782397"} -index 0
rst -processor
targets -set -nocase -filter {name =~ "ARM*#0" && jtag_cable_name =~ "Digilent Zed 210248782397"} -index 0
dow C:/JPEG_Thesis_2/BRAM_System_Final/BRAM_System_Final.sdk/BRAM_MakeitWork/Debug/BRAM_MakeitWork.elf
----------------End of Script----------------

04:40:14 INFO  : Memory regions updated for context APU
04:40:15 INFO  : Context for processor 'ps7_cortexa9_0' is selected.
04:40:16 INFO  : 'con' command is executed.
04:40:16 INFO  : ----------------XSDB Script (After Launch)----------------
targets -set -nocase -filter {name =~ "ARM*#0" && jtag_cable_name =~ "Digilent Zed 210248782397"} -index 0
con
----------------End of Script----------------

04:40:16 INFO  : Launch script is exported to file 'C:\JPEG_Thesis_2\BRAM_System_Final\BRAM_System_Final.sdk\.sdk\launch_scripts\xilinx_c-c++_application_(system_debugger)\system_debugger_using_debug_bram_makeitwork.elf_on_local.tcl'
