#-----------------------------------------------------------
# Webtalk v2016.3 (64-bit)
# SW Build 1682563 on Mon Oct 10 19:07:27 MDT 2016
# 
# Start of session at: Fri Nov 10 17:33:21 2017
# Process ID: 3396
# Current directory: C:/github/FPGA_Research/JPEG_Compression_PR/PRLab/JPEG/JPEG.sdk/webtalk
# Command line: wbtcv.exe -mode batch -source sdk_webtalk.tcl
# Log file: C:/github/FPGA_Research/JPEG_Compression_PR/PRLab/JPEG/JPEG.sdk/webtalk/webtalk.log
# Journal file: C:/github/FPGA_Research/JPEG_Compression_PR/PRLab/JPEG/JPEG.sdk/webtalk\webtalk.jou
#-----------------------------------------------------------
source sdk_webtalk.tcl
# webtalk_init -webtalk_dir C:\\github\\FPGA_Research\\JPEG_Compression_PR\\PRLab\\JPEG\\JPEG.sdk\\webtalk
# webtalk_register_client -client project
# webtalk_add_data -client project -key date_generated -value "2017-11-10 17:33:20" -context "software_version_and_target_device"
# webtalk_add_data -client project -key product_version -value "SDK v2016.3" -context "software_version_and_target_device"
# webtalk_add_data -client project -key build_version -value "2016.3" -context "software_version_and_target_device"
# webtalk_add_data -client project -key os_platform -value "amd64" -context "software_version_and_target_device"
# webtalk_add_data -client project -key registration_id -value "211278811_0_0_241" -context "software_version_and_target_device"
# webtalk_add_data -client project -key tool_flow -value "SDK" -context "software_version_and_target_device"
# webtalk_add_data -client project -key beta -value "false" -context "software_version_and_target_device"
# webtalk_add_data -client project -key route_design -value "NA" -context "software_version_and_target_device"
# webtalk_add_data -client project -key target_family -value "NA" -context "software_version_and_target_device"
# webtalk_add_data -client project -key target_device -value "NA" -context "software_version_and_target_device"
# webtalk_add_data -client project -key target_package -value "NA" -context "software_version_and_target_device"
# webtalk_add_data -client project -key target_speed -value "NA" -context "software_version_and_target_device"
# webtalk_add_data -client project -key random_id -value "bnefc32453nhco8jcr0aijjnbv" -context "software_version_and_target_device"
# webtalk_add_data -client project -key project_id -value "2016.3_35" -context "software_version_and_target_device"
# webtalk_add_data -client project -key project_iteration -value "35" -context "software_version_and_target_device"
# webtalk_add_data -client project -key os_name -value "Microsoft Windows 8 or later , 64-bit" -context "user_environment"
# webtalk_add_data -client project -key os_release -value "major release  (build 9200)" -context "user_environment"
# webtalk_add_data -client project -key cpu_name -value "Intel(R) Core(TM) i7-6700HQ CPU @ 2.60GHz" -context "user_environment"
# webtalk_add_data -client project -key cpu_speed -value "2592 MHz" -context "user_environment"
# webtalk_add_data -client project -key total_processors -value "1" -context "user_environment"
# webtalk_add_data -client project -key system_ram -value "8.000 GB" -context "user_environment"
# webtalk_register_client -client sdk
# webtalk_add_data -client sdk -key uid -value "1510352677317" -context "sdk\\\\bsp/1510352677317"
# webtalk_add_data -client sdk -key hwid -value "1510343729227" -context "sdk\\\\bsp/1510352677317"
# webtalk_add_data -client sdk -key os -value "standalone" -context "sdk\\\\bsp/1510352677317"
# webtalk_add_data -client sdk -key apptemplate -value "empty_application" -context "sdk\\\\bsp/1510352677317"
# webtalk_add_data -client sdk -key RecordType -value "BSPCreation" -context "sdk\\\\bsp/1510352677317"
# webtalk_add_data -client sdk -key uid -value "1510352691412" -context "sdk\\\\application/1510352691412"
# webtalk_add_data -client sdk -key hwid -value "1510343729227" -context "sdk\\\\application/1510352691412"
# webtalk_add_data -client sdk -key bspid -value "1510352677317" -context "sdk\\\\application/1510352691412"
# webtalk_add_data -client sdk -key newbsp -value "true" -context "sdk\\\\application/1510352691412"
# webtalk_add_data -client sdk -key os -value "standalone" -context "sdk\\\\application/1510352691412"
# webtalk_add_data -client sdk -key apptemplate -value "empty_application" -context "sdk\\\\application/1510352691412"
# webtalk_add_data -client sdk -key RecordType -value "APPCreation" -context "sdk\\\\application/1510352691412"
# webtalk_add_data -client sdk -key LangUsed -value "CPP" -context "sdk\\\\application/1510352691412"
# webtalk_add_data -client sdk -key Procused -value "ps7_cortexa9" -context "sdk\\\\application/1510352691412"
# webtalk_add_data -client sdk -key uid -value "1510352758031" -context "sdk\\\\bsp/1510352758031"
# webtalk_add_data -client sdk -key hwid -value "1510343729227" -context "sdk\\\\bsp/1510352758031"
# webtalk_add_data -client sdk -key os -value "standalone" -context "sdk\\\\bsp/1510352758031"
# webtalk_add_data -client sdk -key apptemplate -value "null" -context "sdk\\\\bsp/1510352758031"
# webtalk_add_data -client sdk -key RecordType -value "BSPCreation" -context "sdk\\\\bsp/1510352758031"
# webtalk_add_data -client sdk -key uid -value "1510352831028" -context "sdk\\\\application/1510352831028"
# webtalk_add_data -client sdk -key hwid -value "1510343729227" -context "sdk\\\\application/1510352831028"
# webtalk_add_data -client sdk -key bspid -value "1510352758031" -context "sdk\\\\application/1510352831028"
# webtalk_add_data -client sdk -key newbsp -value "false" -context "sdk\\\\application/1510352831028"
# webtalk_add_data -client sdk -key os -value "standalone" -context "sdk\\\\application/1510352831028"
# webtalk_add_data -client sdk -key apptemplate -value "empty_application" -context "sdk\\\\application/1510352831028"
# webtalk_add_data -client sdk -key RecordType -value "APPCreation" -context "sdk\\\\application/1510352831028"
# webtalk_add_data -client sdk -key LangUsed -value "CPP" -context "sdk\\\\application/1510352831028"
# webtalk_add_data -client sdk -key Procused -value "ps7_cortexa9" -context "sdk\\\\application/1510352831028"
# webtalk_add_data -client sdk -key projSize -value "917.21875" -context "sdk\\\\application/1510352831028"
# webtalk_add_data -client sdk -key uid -value "NA" -context "sdk\\\\bsp/1510356800533"
# webtalk_add_data -client sdk -key RecordType -value "ToolUsage" -context "sdk\\\\bsp/1510356800533"
# webtalk_add_data -client sdk -key BootgenCount -value "0" -context "sdk\\\\bsp/1510356800533"
# webtalk_add_data -client sdk -key DebugCount -value "18" -context "sdk\\\\bsp/1510356800533"
# webtalk_add_data -client sdk -key PerfCount -value "0" -context "sdk\\\\bsp/1510356800533"
# webtalk_add_data -client sdk -key FlashCount -value "0" -context "sdk\\\\bsp/1510356800533"
# webtalk_add_data -client sdk -key CrossTriggCount -value "0" -context "sdk\\\\bsp/1510356800533"
# webtalk_add_data -client sdk -key QemuDebugCount -value "0" -context "sdk\\\\bsp/1510356800533"
# webtalk_transmit -clientid 2853611314 -regid "211278811_0_0_241" -xml C:\\github\\FPGA_Research\\JPEG_Compression_PR\\PRLab\\JPEG\\JPEG.sdk\\webtalk\\usage_statistics_ext_sdk.xml -html C:\\github\\FPGA_Research\\JPEG_Compression_PR\\PRLab\\JPEG\\JPEG.sdk\\webtalk\\usage_statistics_ext_sdk.html -wdm C:\\github\\FPGA_Research\\JPEG_Compression_PR\\PRLab\\JPEG\\JPEG.sdk\\webtalk\\sdk_webtalk.wdm -intro "<H3>SDK Usage Report</H3><BR>"
INFO: [Common 17-186] 'C:\github\FPGA_Research\JPEG_Compression_PR\PRLab\JPEG\JPEG.sdk\webtalk\usage_statistics_ext_sdk.xml' has been successfully sent to Xilinx on Fri Nov 10 17:33:26 2017. For additional details about this file, please refer to the WebTalk help file at C:/Xilinx/SDK/2016.3/doc/webtalk_introduction.html.
# webtalk_terminate
INFO: [Common 17-206] Exiting Webtalk at Fri Nov 10 17:33:26 2017...
