Unable to capture context for thread 25728 in process 5948, can not generate back trace
Exception at PC 0x00007FF93B3BBB93
Printing stacktrace...

Exception at PC 0x00007FF9B8EB9E08
Exception at PC 0x00007FF9B8EB9E08
Exception at PC 0x00007FF9B8EB9E08
Exception at PC 0x00007FF9B8EB9E08
Exception at PC 0x00007FF9B8EB9E08
Exception at PC 0x00007FF9B8EB9E08
Exception at PC 0x00007FF9B8EB9E08
Exception at PC 0x00007FF9B8EB9E08
Exception at PC 0x00007FF9B8EB9E08
Exception at PC 0x00007FF9B8EB9E08
Exception at PC 0x00007FF9B8EB9E08
[0]  [0x00007FF93B3BBB93]
[1]  [0x00007FF93B3BBB93]
[2]  [0x00007FF93B3BB4A1]
[3]  [0x00007FF93B3BB3EF]
[4]  [0x00007FF93B3A19FE]
[5]  [0x00007FF93B3A0ED1]
[6]  [0x00007FF93B3A0D76]
[7]  [0x00007FF93B3479F6]
[8]  [0x00007FF93B337AFB]
[9]  [0x00007FF93B45E90A]
[10]  [0x00007FF93B479F87]
[11]  [0x00007FF93B47A05F]
[12] (BaseThreadInitThunk+0x14) [0x00007FF9B92F2774]
[13] (RtlUserThreadStart+0x21) [0x00007FF9BBD30D51]
Done
Exception at PC 0x00007FF9B8EB9E08
Exception at PC 0x00007FF9B8EB9E08
Exception at PC 0x00007FF9B8EB9E08
Exception at PC 0x00007FF9B8EB9E08
Exception at PC 0x00007FF9B8EB9E08
Exception at PC 0x00007FF9B8EB9E08
