04:47:15 INFO  : Registering command handlers for SDK TCF services
04:47:16 INFO  : Launching XSCT server: xsct.bat -interactive C:\PRLab\Matrix\Matrix.sdk\temp_xsdb_launch_script.tcl
04:47:18 INFO  : XSCT server has started successfully.
04:47:18 INFO  : Successfully done setting XSCT server connection channel  
04:47:18 INFO  : Successfully done setting SDK workspace  
04:47:18 INFO  : Processing command line option -hwspec C:/PRLab/Matrix/Matrix.sdk/matrix_design_wrapper.hdf.
04:51:20 INFO  : 'targets -set -filter {jtag_cable_name =~ "Digilent Zed 210248782397" && level==0} -index 1' command is executed.
04:51:20 INFO  : 'fpga -state' command is executed.
04:51:20 INFO  : Connected to target on host '127.0.0.1' and port '3121'.
04:51:21 INFO  : Jtag cable 'Digilent Zed 210248782397' is selected.
04:51:21 INFO  : 'jtag frequency' command is executed.
04:51:21 INFO  : Sourcing of 'C:/PRLab/Matrix/Matrix.sdk/matrix_design_wrapper_hw_platform_0/ps7_init.tcl' is done.
04:51:21 INFO  : Context for 'APU' is selected.
04:51:21 INFO  : Hardware design information is loaded from 'C:/PRLab/Matrix/Matrix.sdk/matrix_design_wrapper_hw_platform_0/system.hdf'.
04:51:21 INFO  : Context for 'APU' is selected.
04:51:22 INFO  : 'stop' command is executed.
04:51:34 INFO  : 'ps7_init' command is executed.
04:51:34 INFO  : 'ps7_post_config' command is executed.
04:51:34 INFO  : Context for processor 'ps7_cortexa9_0' is selected.
04:51:35 INFO  : Processor reset is completed for 'ps7_cortexa9_0'.
04:51:35 INFO  : Context for processor 'ps7_cortexa9_0' is selected.
04:51:36 INFO  : The application 'C:/PRLab/Matrix/Matrix.sdk/MatrixTest/Debug/MatrixTest.elf' is downloaded to processor 'ps7_cortexa9_0'.
04:51:36 INFO  : ----------------XSDB Script----------------
connect -url tcp:127.0.0.1:3121
source C:/PRLab/Matrix/Matrix.sdk/matrix_design_wrapper_hw_platform_0/ps7_init.tcl
targets -set -nocase -filter {name =~"APU*" && jtag_cable_name =~ "Digilent Zed 210248782397"} -index 0
loadhw C:/PRLab/Matrix/Matrix.sdk/matrix_design_wrapper_hw_platform_0/system.hdf
targets -set -nocase -filter {name =~"APU*" && jtag_cable_name =~ "Digilent Zed 210248782397"} -index 0
stop
ps7_init
ps7_post_config
targets -set -nocase -filter {name =~ "ARM*#0" && jtag_cable_name =~ "Digilent Zed 210248782397"} -index 0
rst -processor
targets -set -nocase -filter {name =~ "ARM*#0" && jtag_cable_name =~ "Digilent Zed 210248782397"} -index 0
dow C:/PRLab/Matrix/Matrix.sdk/MatrixTest/Debug/MatrixTest.elf
----------------End of Script----------------

04:51:36 INFO  : Memory regions updated for context APU
04:51:36 INFO  : Context for processor 'ps7_cortexa9_0' is selected.
04:51:37 INFO  : 'con' command is executed.
04:51:37 INFO  : ----------------XSDB Script (After Launch)----------------
targets -set -nocase -filter {name =~ "ARM*#0" && jtag_cable_name =~ "Digilent Zed 210248782397"} -index 0
con
----------------End of Script----------------

04:51:37 INFO  : Launch script is exported to file 'C:\PRLab\Matrix\Matrix.sdk\.sdk\launch_scripts\xilinx_c-c++_application_(system_debugger)\system_debugger_using_debug_matrixtest.elf_on_local.tcl'
04:52:36 INFO  : Disconnected from the channel tcfchan#1.
04:52:38 INFO  : 'targets -set -filter {jtag_cable_name =~ "Digilent Zed 210248782397" && level==0} -index 1' command is executed.
04:52:38 INFO  : 'fpga -state' command is executed.
04:52:38 INFO  : Connected to target on host '127.0.0.1' and port '3121'.
04:52:39 INFO  : Jtag cable 'Digilent Zed 210248782397' is selected.
04:52:39 INFO  : 'jtag frequency' command is executed.
04:52:39 INFO  : Sourcing of 'C:/PRLab/Matrix/Matrix.sdk/matrix_design_wrapper_hw_platform_0/ps7_init.tcl' is done.
04:52:39 INFO  : Context for 'APU' is selected.
04:52:41 INFO  : Hardware design information is loaded from 'C:/PRLab/Matrix/Matrix.sdk/matrix_design_wrapper_hw_platform_0/system.hdf'.
04:52:41 INFO  : Context for 'APU' is selected.
04:52:42 INFO  : 'stop' command is executed.
04:53:26 INFO  : 'ps7_init' command is executed.
04:53:27 INFO  : 'ps7_post_config' command is executed.
04:53:27 INFO  : Context for processor 'ps7_cortexa9_0' is selected.
04:53:31 INFO  : Processor reset is completed for 'ps7_cortexa9_0'.
04:53:32 INFO  : Context for processor 'ps7_cortexa9_0' is selected.
04:53:33 INFO  : The application 'C:/PRLab/Matrix/Matrix.sdk/MatrixTest/Debug/MatrixTest.elf' is downloaded to processor 'ps7_cortexa9_0'.
04:53:33 INFO  : ----------------XSDB Script----------------
connect -url tcp:127.0.0.1:3121
source C:/PRLab/Matrix/Matrix.sdk/matrix_design_wrapper_hw_platform_0/ps7_init.tcl
targets -set -nocase -filter {name =~"APU*" && jtag_cable_name =~ "Digilent Zed 210248782397"} -index 0
loadhw C:/PRLab/Matrix/Matrix.sdk/matrix_design_wrapper_hw_platform_0/system.hdf
targets -set -nocase -filter {name =~"APU*" && jtag_cable_name =~ "Digilent Zed 210248782397"} -index 0
stop
ps7_init
ps7_post_config
targets -set -nocase -filter {name =~ "ARM*#0" && jtag_cable_name =~ "Digilent Zed 210248782397"} -index 0
rst -processor
targets -set -nocase -filter {name =~ "ARM*#0" && jtag_cable_name =~ "Digilent Zed 210248782397"} -index 0
dow C:/PRLab/Matrix/Matrix.sdk/MatrixTest/Debug/MatrixTest.elf
----------------End of Script----------------

04:53:34 INFO  : Memory regions updated for context APU
04:53:35 INFO  : Context for processor 'ps7_cortexa9_0' is selected.
04:53:35 INFO  : 'con' command is executed.
04:53:35 INFO  : ----------------XSDB Script (After Launch)----------------
targets -set -nocase -filter {name =~ "ARM*#0" && jtag_cable_name =~ "Digilent Zed 210248782397"} -index 0
con
----------------End of Script----------------

04:53:35 INFO  : Launch script is exported to file 'C:\PRLab\Matrix\Matrix.sdk\.sdk\launch_scripts\xilinx_c-c++_application_(system_debugger)\system_debugger_using_debug_matrixtest.elf_on_local.tcl'
10:52:38 INFO  : Disconnected from the channel tcfchan#2.
10:52:40 INFO  : 'targets -set -filter {jtag_cable_name =~ "Digilent Zed 210248782397" && level==0} -index 1' command is executed.
10:52:40 INFO  : 'fpga -state' command is executed.
10:52:40 INFO  : Connected to target on host '127.0.0.1' and port '3121'.
10:52:41 INFO  : Jtag cable 'Digilent Zed 210248782397' is selected.
10:52:41 INFO  : 'jtag frequency' command is executed.
10:52:41 INFO  : Sourcing of 'C:/PRLab/Matrix/Matrix.sdk/matrix_design_wrapper_hw_platform_0/ps7_init.tcl' is done.
10:52:41 INFO  : Context for 'APU' is selected.
10:52:44 INFO  : Hardware design information is loaded from 'C:/PRLab/Matrix/Matrix.sdk/matrix_design_wrapper_hw_platform_0/system.hdf'.
10:52:45 INFO  : Context for 'APU' is selected.
10:52:45 INFO  : 'stop' command is executed.
10:52:57 INFO  : 'ps7_init' command is executed.
10:52:57 INFO  : 'ps7_post_config' command is executed.
10:52:57 INFO  : Context for processor 'ps7_cortexa9_0' is selected.
10:52:58 INFO  : Processor reset is completed for 'ps7_cortexa9_0'.
10:52:58 INFO  : Context for processor 'ps7_cortexa9_0' is selected.
10:53:00 INFO  : The application 'C:/PRLab/Matrix/Matrix.sdk/MatrixTest/Debug/MatrixTest.elf' is downloaded to processor 'ps7_cortexa9_0'.
10:53:00 INFO  : ----------------XSDB Script----------------
connect -url tcp:127.0.0.1:3121
source C:/PRLab/Matrix/Matrix.sdk/matrix_design_wrapper_hw_platform_0/ps7_init.tcl
targets -set -nocase -filter {name =~"APU*" && jtag_cable_name =~ "Digilent Zed 210248782397"} -index 0
loadhw C:/PRLab/Matrix/Matrix.sdk/matrix_design_wrapper_hw_platform_0/system.hdf
targets -set -nocase -filter {name =~"APU*" && jtag_cable_name =~ "Digilent Zed 210248782397"} -index 0
stop
ps7_init
ps7_post_config
targets -set -nocase -filter {name =~ "ARM*#0" && jtag_cable_name =~ "Digilent Zed 210248782397"} -index 0
rst -processor
targets -set -nocase -filter {name =~ "ARM*#0" && jtag_cable_name =~ "Digilent Zed 210248782397"} -index 0
dow C:/PRLab/Matrix/Matrix.sdk/MatrixTest/Debug/MatrixTest.elf
----------------End of Script----------------

10:53:00 INFO  : Memory regions updated for context APU
10:53:00 INFO  : Context for processor 'ps7_cortexa9_0' is selected.
10:53:00 INFO  : 'con' command is executed.
10:53:00 INFO  : ----------------XSDB Script (After Launch)----------------
targets -set -nocase -filter {name =~ "ARM*#0" && jtag_cable_name =~ "Digilent Zed 210248782397"} -index 0
con
----------------End of Script----------------

10:53:00 INFO  : Launch script is exported to file 'C:\PRLab\Matrix\Matrix.sdk\.sdk\launch_scripts\xilinx_c-c++_application_(system_debugger)\system_debugger_using_debug_matrixtest.elf_on_local.tcl'
10:54:21 INFO  : Disconnected from the channel tcfchan#3.
10:54:24 INFO  : 'targets -set -filter {jtag_cable_name =~ "Digilent Zed 210248782397" && level==0} -index 1' command is executed.
10:54:24 INFO  : 'fpga -state' command is executed.
10:54:24 INFO  : Connected to target on host '127.0.0.1' and port '3121'.
10:54:25 INFO  : Jtag cable 'Digilent Zed 210248782397' is selected.
10:54:25 INFO  : 'jtag frequency' command is executed.
10:54:25 INFO  : Sourcing of 'C:/PRLab/Matrix/Matrix.sdk/matrix_design_wrapper_hw_platform_0/ps7_init.tcl' is done.
10:54:25 INFO  : Context for 'APU' is selected.
10:54:28 INFO  : Hardware design information is loaded from 'C:/PRLab/Matrix/Matrix.sdk/matrix_design_wrapper_hw_platform_0/system.hdf'.
10:54:28 INFO  : Context for 'APU' is selected.
10:54:29 INFO  : 'stop' command is executed.
10:54:43 INFO  : 'ps7_init' command is executed.
10:54:43 INFO  : 'ps7_post_config' command is executed.
10:54:43 INFO  : Context for processor 'ps7_cortexa9_0' is selected.
10:54:44 INFO  : Processor reset is completed for 'ps7_cortexa9_0'.
10:54:44 INFO  : Context for processor 'ps7_cortexa9_0' is selected.
10:54:45 INFO  : The application 'C:/PRLab/Matrix/Matrix.sdk/MatrixTest/Debug/MatrixTest.elf' is downloaded to processor 'ps7_cortexa9_0'.
10:54:45 INFO  : ----------------XSDB Script----------------
connect -url tcp:127.0.0.1:3121
source C:/PRLab/Matrix/Matrix.sdk/matrix_design_wrapper_hw_platform_0/ps7_init.tcl
targets -set -nocase -filter {name =~"APU*" && jtag_cable_name =~ "Digilent Zed 210248782397"} -index 0
loadhw C:/PRLab/Matrix/Matrix.sdk/matrix_design_wrapper_hw_platform_0/system.hdf
targets -set -nocase -filter {name =~"APU*" && jtag_cable_name =~ "Digilent Zed 210248782397"} -index 0
stop
ps7_init
ps7_post_config
targets -set -nocase -filter {name =~ "ARM*#0" && jtag_cable_name =~ "Digilent Zed 210248782397"} -index 0
rst -processor
targets -set -nocase -filter {name =~ "ARM*#0" && jtag_cable_name =~ "Digilent Zed 210248782397"} -index 0
dow C:/PRLab/Matrix/Matrix.sdk/MatrixTest/Debug/MatrixTest.elf
----------------End of Script----------------

10:54:46 INFO  : Memory regions updated for context APU
10:54:46 INFO  : Context for processor 'ps7_cortexa9_0' is selected.
10:54:46 INFO  : 'con' command is executed.
10:54:46 INFO  : ----------------XSDB Script (After Launch)----------------
targets -set -nocase -filter {name =~ "ARM*#0" && jtag_cable_name =~ "Digilent Zed 210248782397"} -index 0
con
----------------End of Script----------------

10:54:46 INFO  : Launch script is exported to file 'C:\PRLab\Matrix\Matrix.sdk\.sdk\launch_scripts\xilinx_c-c++_application_(system_debugger)\system_debugger_using_debug_matrixtest.elf_on_local.tcl'
10:59:17 INFO  : Disconnected from the channel tcfchan#4.
10:59:22 INFO  : 'targets -set -filter {jtag_cable_name =~ "Digilent Zed 210248782397" && level==0} -index 1' command is executed.
10:59:22 INFO  : 'fpga -state' command is executed.
10:59:22 INFO  : Connected to target on host '127.0.0.1' and port '3121'.
10:59:22 INFO  : Jtag cable 'Digilent Zed 210248782397' is selected.
10:59:23 INFO  : 'jtag frequency' command is executed.
10:59:23 INFO  : Sourcing of 'C:/PRLab/Matrix/Matrix.sdk/matrix_design_wrapper_hw_platform_0/ps7_init.tcl' is done.
10:59:23 INFO  : Context for 'APU' is selected.
10:59:26 INFO  : Hardware design information is loaded from 'C:/PRLab/Matrix/Matrix.sdk/matrix_design_wrapper_hw_platform_0/system.hdf'.
10:59:26 INFO  : Context for 'APU' is selected.
10:59:29 INFO  : 'stop' command is executed.
11:00:06 INFO  : 'ps7_init' command is executed.
11:00:07 INFO  : 'ps7_post_config' command is executed.
11:00:07 INFO  : Context for processor 'ps7_cortexa9_0' is selected.
11:00:07 INFO  : Processor reset is completed for 'ps7_cortexa9_0'.
11:00:07 INFO  : Context for processor 'ps7_cortexa9_0' is selected.
11:00:08 INFO  : The application 'C:/PRLab/Matrix/Matrix.sdk/MatrixTest/Debug/MatrixTest.elf' is downloaded to processor 'ps7_cortexa9_0'.
11:00:08 INFO  : ----------------XSDB Script----------------
connect -url tcp:127.0.0.1:3121
source C:/PRLab/Matrix/Matrix.sdk/matrix_design_wrapper_hw_platform_0/ps7_init.tcl
targets -set -nocase -filter {name =~"APU*" && jtag_cable_name =~ "Digilent Zed 210248782397"} -index 0
loadhw C:/PRLab/Matrix/Matrix.sdk/matrix_design_wrapper_hw_platform_0/system.hdf
targets -set -nocase -filter {name =~"APU*" && jtag_cable_name =~ "Digilent Zed 210248782397"} -index 0
stop
ps7_init
ps7_post_config
targets -set -nocase -filter {name =~ "ARM*#0" && jtag_cable_name =~ "Digilent Zed 210248782397"} -index 0
rst -processor
targets -set -nocase -filter {name =~ "ARM*#0" && jtag_cable_name =~ "Digilent Zed 210248782397"} -index 0
dow C:/PRLab/Matrix/Matrix.sdk/MatrixTest/Debug/MatrixTest.elf
----------------End of Script----------------

11:00:08 INFO  : Memory regions updated for context APU
11:00:09 INFO  : Context for processor 'ps7_cortexa9_0' is selected.
11:00:09 INFO  : 'con' command is executed.
11:00:09 INFO  : ----------------XSDB Script (After Launch)----------------
targets -set -nocase -filter {name =~ "ARM*#0" && jtag_cable_name =~ "Digilent Zed 210248782397"} -index 0
con
----------------End of Script----------------

11:00:09 INFO  : Launch script is exported to file 'C:\PRLab\Matrix\Matrix.sdk\.sdk\launch_scripts\xilinx_c-c++_application_(system_debugger)\system_debugger_using_debug_matrixtest.elf_on_local.tcl'
11:05:27 INFO  : Disconnected from the channel tcfchan#5.
11:05:29 INFO  : 'targets -set -filter {jtag_cable_name =~ "Digilent Zed 210248782397" && level==0} -index 1' command is executed.
11:05:29 INFO  : 'fpga -state' command is executed.
11:05:29 INFO  : Connected to target on host '127.0.0.1' and port '3121'.
11:05:30 INFO  : Jtag cable 'Digilent Zed 210248782397' is selected.
11:05:30 INFO  : 'jtag frequency' command is executed.
11:05:30 INFO  : Sourcing of 'C:/PRLab/Matrix/Matrix.sdk/matrix_design_wrapper_hw_platform_0/ps7_init.tcl' is done.
11:05:30 INFO  : Context for 'APU' is selected.
11:05:33 INFO  : Hardware design information is loaded from 'C:/PRLab/Matrix/Matrix.sdk/matrix_design_wrapper_hw_platform_0/system.hdf'.
11:05:33 INFO  : Context for 'APU' is selected.
11:05:34 INFO  : 'stop' command is executed.
11:05:47 INFO  : 'ps7_init' command is executed.
11:05:47 INFO  : 'ps7_post_config' command is executed.
11:05:47 INFO  : Context for processor 'ps7_cortexa9_0' is selected.
11:05:48 INFO  : Processor reset is completed for 'ps7_cortexa9_0'.
11:05:48 INFO  : Context for processor 'ps7_cortexa9_0' is selected.
11:05:51 INFO  : The application 'C:/PRLab/Matrix/Matrix.sdk/MatrixTest/Debug/MatrixTest.elf' is downloaded to processor 'ps7_cortexa9_0'.
11:05:51 INFO  : ----------------XSDB Script----------------
connect -url tcp:127.0.0.1:3121
source C:/PRLab/Matrix/Matrix.sdk/matrix_design_wrapper_hw_platform_0/ps7_init.tcl
targets -set -nocase -filter {name =~"APU*" && jtag_cable_name =~ "Digilent Zed 210248782397"} -index 0
loadhw C:/PRLab/Matrix/Matrix.sdk/matrix_design_wrapper_hw_platform_0/system.hdf
targets -set -nocase -filter {name =~"APU*" && jtag_cable_name =~ "Digilent Zed 210248782397"} -index 0
stop
ps7_init
ps7_post_config
targets -set -nocase -filter {name =~ "ARM*#0" && jtag_cable_name =~ "Digilent Zed 210248782397"} -index 0
rst -processor
targets -set -nocase -filter {name =~ "ARM*#0" && jtag_cable_name =~ "Digilent Zed 210248782397"} -index 0
dow C:/PRLab/Matrix/Matrix.sdk/MatrixTest/Debug/MatrixTest.elf
----------------End of Script----------------

11:05:51 INFO  : Memory regions updated for context APU
11:05:52 INFO  : Context for processor 'ps7_cortexa9_0' is selected.
11:05:52 INFO  : 'con' command is executed.
11:05:52 INFO  : ----------------XSDB Script (After Launch)----------------
targets -set -nocase -filter {name =~ "ARM*#0" && jtag_cable_name =~ "Digilent Zed 210248782397"} -index 0
con
----------------End of Script----------------

11:05:52 INFO  : Launch script is exported to file 'C:\PRLab\Matrix\Matrix.sdk\.sdk\launch_scripts\xilinx_c-c++_application_(system_debugger)\system_debugger_using_debug_matrixtest.elf_on_local.tcl'
11:06:47 INFO  : Disconnected from the channel tcfchan#6.
11:06:50 INFO  : 'targets -set -filter {jtag_cable_name =~ "Digilent Zed 210248782397" && level==0} -index 1' command is executed.
11:06:50 INFO  : 'fpga -state' command is executed.
11:06:50 INFO  : Connected to target on host '127.0.0.1' and port '3121'.
11:06:51 INFO  : Jtag cable 'Digilent Zed 210248782397' is selected.
11:06:51 INFO  : 'jtag frequency' command is executed.
11:06:51 INFO  : Sourcing of 'C:/PRLab/Matrix/Matrix.sdk/matrix_design_wrapper_hw_platform_0/ps7_init.tcl' is done.
11:06:51 INFO  : Context for 'APU' is selected.
11:06:53 INFO  : Hardware design information is loaded from 'C:/PRLab/Matrix/Matrix.sdk/matrix_design_wrapper_hw_platform_0/system.hdf'.
11:06:53 INFO  : Context for 'APU' is selected.
11:06:54 INFO  : 'stop' command is executed.
11:07:05 INFO  : 'ps7_init' command is executed.
11:07:05 INFO  : 'ps7_post_config' command is executed.
11:07:05 INFO  : Context for processor 'ps7_cortexa9_0' is selected.
11:07:06 INFO  : Processor reset is completed for 'ps7_cortexa9_0'.
11:07:06 INFO  : Context for processor 'ps7_cortexa9_0' is selected.
11:07:07 INFO  : The application 'C:/PRLab/Matrix/Matrix.sdk/MatrixTest/Debug/MatrixTest.elf' is downloaded to processor 'ps7_cortexa9_0'.
11:07:07 INFO  : ----------------XSDB Script----------------
connect -url tcp:127.0.0.1:3121
source C:/PRLab/Matrix/Matrix.sdk/matrix_design_wrapper_hw_platform_0/ps7_init.tcl
targets -set -nocase -filter {name =~"APU*" && jtag_cable_name =~ "Digilent Zed 210248782397"} -index 0
loadhw C:/PRLab/Matrix/Matrix.sdk/matrix_design_wrapper_hw_platform_0/system.hdf
targets -set -nocase -filter {name =~"APU*" && jtag_cable_name =~ "Digilent Zed 210248782397"} -index 0
stop
ps7_init
ps7_post_config
targets -set -nocase -filter {name =~ "ARM*#0" && jtag_cable_name =~ "Digilent Zed 210248782397"} -index 0
rst -processor
targets -set -nocase -filter {name =~ "ARM*#0" && jtag_cable_name =~ "Digilent Zed 210248782397"} -index 0
dow C:/PRLab/Matrix/Matrix.sdk/MatrixTest/Debug/MatrixTest.elf
----------------End of Script----------------

11:07:08 INFO  : Memory regions updated for context APU
11:07:08 INFO  : Context for processor 'ps7_cortexa9_0' is selected.
11:07:08 INFO  : 'con' command is executed.
11:07:08 INFO  : ----------------XSDB Script (After Launch)----------------
targets -set -nocase -filter {name =~ "ARM*#0" && jtag_cable_name =~ "Digilent Zed 210248782397"} -index 0
con
----------------End of Script----------------

11:07:08 INFO  : Launch script is exported to file 'C:\PRLab\Matrix\Matrix.sdk\.sdk\launch_scripts\xilinx_c-c++_application_(system_debugger)\system_debugger_using_debug_matrixtest.elf_on_local.tcl'
11:07:36 INFO  : Disconnected from the channel tcfchan#7.
11:07:38 INFO  : 'targets -set -filter {jtag_cable_name =~ "Digilent Zed 210248782397" && level==0} -index 1' command is executed.
11:07:38 INFO  : 'fpga -state' command is executed.
11:07:38 INFO  : Connected to target on host '127.0.0.1' and port '3121'.
11:07:39 INFO  : Jtag cable 'Digilent Zed 210248782397' is selected.
11:07:39 INFO  : 'jtag frequency' command is executed.
11:07:39 INFO  : Sourcing of 'C:/PRLab/Matrix/Matrix.sdk/matrix_design_wrapper_hw_platform_0/ps7_init.tcl' is done.
11:07:40 INFO  : Context for 'APU' is selected.
11:07:43 INFO  : Hardware design information is loaded from 'C:/PRLab/Matrix/Matrix.sdk/matrix_design_wrapper_hw_platform_0/system.hdf'.
11:07:43 INFO  : Context for 'APU' is selected.
11:07:44 INFO  : 'stop' command is executed.
11:07:56 INFO  : 'ps7_init' command is executed.
11:07:56 INFO  : 'ps7_post_config' command is executed.
11:07:56 INFO  : Context for processor 'ps7_cortexa9_0' is selected.
11:07:56 INFO  : Processor reset is completed for 'ps7_cortexa9_0'.
11:07:56 INFO  : Context for processor 'ps7_cortexa9_0' is selected.
11:07:58 INFO  : The application 'C:/PRLab/Matrix/Matrix.sdk/MatrixTest/Debug/MatrixTest.elf' is downloaded to processor 'ps7_cortexa9_0'.
11:07:58 INFO  : ----------------XSDB Script----------------
connect -url tcp:127.0.0.1:3121
source C:/PRLab/Matrix/Matrix.sdk/matrix_design_wrapper_hw_platform_0/ps7_init.tcl
targets -set -nocase -filter {name =~"APU*" && jtag_cable_name =~ "Digilent Zed 210248782397"} -index 0
loadhw C:/PRLab/Matrix/Matrix.sdk/matrix_design_wrapper_hw_platform_0/system.hdf
targets -set -nocase -filter {name =~"APU*" && jtag_cable_name =~ "Digilent Zed 210248782397"} -index 0
stop
ps7_init
ps7_post_config
targets -set -nocase -filter {name =~ "ARM*#0" && jtag_cable_name =~ "Digilent Zed 210248782397"} -index 0
rst -processor
targets -set -nocase -filter {name =~ "ARM*#0" && jtag_cable_name =~ "Digilent Zed 210248782397"} -index 0
dow C:/PRLab/Matrix/Matrix.sdk/MatrixTest/Debug/MatrixTest.elf
----------------End of Script----------------

11:07:58 INFO  : Memory regions updated for context APU
11:07:58 INFO  : Context for processor 'ps7_cortexa9_0' is selected.
11:07:59 INFO  : 'con' command is executed.
11:07:59 INFO  : ----------------XSDB Script (After Launch)----------------
targets -set -nocase -filter {name =~ "ARM*#0" && jtag_cable_name =~ "Digilent Zed 210248782397"} -index 0
con
----------------End of Script----------------

11:07:59 INFO  : Launch script is exported to file 'C:\PRLab\Matrix\Matrix.sdk\.sdk\launch_scripts\xilinx_c-c++_application_(system_debugger)\system_debugger_using_debug_matrixtest.elf_on_local.tcl'
11:10:21 INFO  : Disconnected from the channel tcfchan#8.
11:10:23 INFO  : 'targets -set -filter {jtag_cable_name =~ "Digilent Zed 210248782397" && level==0} -index 1' command is executed.
11:10:23 INFO  : 'fpga -state' command is executed.
11:10:25 INFO  : Connected to target on host '127.0.0.1' and port '3121'.
11:10:25 INFO  : Jtag cable 'Digilent Zed 210248782397' is selected.
11:10:26 INFO  : 'jtag frequency' command is executed.
11:10:26 INFO  : Sourcing of 'C:/PRLab/Matrix/Matrix.sdk/matrix_design_wrapper_hw_platform_0/ps7_init.tcl' is done.
11:10:26 INFO  : Context for 'APU' is selected.
11:10:29 INFO  : Hardware design information is loaded from 'C:/PRLab/Matrix/Matrix.sdk/matrix_design_wrapper_hw_platform_0/system.hdf'.
11:10:29 INFO  : Context for 'APU' is selected.
11:10:29 INFO  : 'stop' command is executed.
11:10:38 INFO  : 'ps7_init' command is executed.
11:10:38 INFO  : 'ps7_post_config' command is executed.
11:10:38 INFO  : Context for processor 'ps7_cortexa9_0' is selected.
11:10:39 INFO  : Processor reset is completed for 'ps7_cortexa9_0'.
11:10:39 INFO  : Context for processor 'ps7_cortexa9_0' is selected.
11:10:41 INFO  : The application 'C:/PRLab/Matrix/Matrix.sdk/MatrixTest/Debug/MatrixTest.elf' is downloaded to processor 'ps7_cortexa9_0'.
11:10:41 INFO  : ----------------XSDB Script----------------
connect -url tcp:127.0.0.1:3121
source C:/PRLab/Matrix/Matrix.sdk/matrix_design_wrapper_hw_platform_0/ps7_init.tcl
targets -set -nocase -filter {name =~"APU*" && jtag_cable_name =~ "Digilent Zed 210248782397"} -index 0
loadhw C:/PRLab/Matrix/Matrix.sdk/matrix_design_wrapper_hw_platform_0/system.hdf
targets -set -nocase -filter {name =~"APU*" && jtag_cable_name =~ "Digilent Zed 210248782397"} -index 0
stop
ps7_init
ps7_post_config
targets -set -nocase -filter {name =~ "ARM*#0" && jtag_cable_name =~ "Digilent Zed 210248782397"} -index 0
rst -processor
targets -set -nocase -filter {name =~ "ARM*#0" && jtag_cable_name =~ "Digilent Zed 210248782397"} -index 0
dow C:/PRLab/Matrix/Matrix.sdk/MatrixTest/Debug/MatrixTest.elf
----------------End of Script----------------

11:10:42 INFO  : Memory regions updated for context APU
11:10:42 INFO  : Context for processor 'ps7_cortexa9_0' is selected.
11:10:42 INFO  : 'con' command is executed.
11:10:42 INFO  : ----------------XSDB Script (After Launch)----------------
targets -set -nocase -filter {name =~ "ARM*#0" && jtag_cable_name =~ "Digilent Zed 210248782397"} -index 0
con
----------------End of Script----------------

11:10:42 INFO  : Launch script is exported to file 'C:\PRLab\Matrix\Matrix.sdk\.sdk\launch_scripts\xilinx_c-c++_application_(system_debugger)\system_debugger_using_debug_matrixtest.elf_on_local.tcl'
11:24:11 INFO  : Disconnected from the channel tcfchan#9.
11:24:14 INFO  : 'targets -set -filter {jtag_cable_name =~ "Digilent Zed 210248782397" && level==0} -index 1' command is executed.
11:24:15 INFO  : 'fpga -state' command is executed.
11:24:15 INFO  : Connected to target on host '127.0.0.1' and port '3121'.
11:24:16 INFO  : Jtag cable 'Digilent Zed 210248782397' is selected.
11:24:17 INFO  : 'jtag frequency' command is executed.
11:24:17 INFO  : Sourcing of 'C:/PRLab/Matrix/Matrix.sdk/matrix_design_wrapper_hw_platform_0/ps7_init.tcl' is done.
11:24:17 INFO  : Context for 'APU' is selected.
11:24:20 INFO  : Hardware design information is loaded from 'C:/PRLab/Matrix/Matrix.sdk/matrix_design_wrapper_hw_platform_0/system.hdf'.
11:24:20 INFO  : Context for 'APU' is selected.
11:24:20 INFO  : 'stop' command is executed.
11:25:08 INFO  : 'ps7_init' command is executed.
11:25:08 INFO  : 'ps7_post_config' command is executed.
11:25:08 INFO  : ----------------XSDB Script----------------
connect -url tcp:127.0.0.1:3121
source C:/PRLab/Matrix/Matrix.sdk/matrix_design_wrapper_hw_platform_0/ps7_init.tcl
targets -set -nocase -filter {name =~"APU*" && jtag_cable_name =~ "Digilent Zed 210248782397"} -index 0
loadhw C:/PRLab/Matrix/Matrix.sdk/matrix_design_wrapper_hw_platform_0/system.hdf
targets -set -nocase -filter {name =~"APU*" && jtag_cable_name =~ "Digilent Zed 210248782397"} -index 0
stop
ps7_init
ps7_post_config
----------------End of Script----------------

11:25:09 INFO  : Memory regions updated for context APU
11:25:09 INFO  : Launch script is exported to file 'C:\PRLab\Matrix\Matrix.sdk\.sdk\launch_scripts\xilinx_c-c++_application_(system_debugger)\system_debugger_using_debug_matrixtest.elf_on_local.tcl'
11:26:46 INFO  : Disconnected from the channel tcfchan#10.
11:26:50 INFO  : 'targets -set -filter {jtag_cable_name =~ "Digilent Zed 210248782397" && level==0} -index 1' command is executed.
11:26:52 INFO  : 'fpga -state' command is executed.
11:26:53 INFO  : Connected to target on host '127.0.0.1' and port '3121'.
11:26:54 INFO  : Jtag cable 'Digilent Zed 210248782397' is selected.
11:26:55 INFO  : 'jtag frequency' command is executed.
11:26:55 INFO  : Sourcing of 'C:/PRLab/Matrix/Matrix.sdk/matrix_design_wrapper_hw_platform_0/ps7_init.tcl' is done.
11:26:55 INFO  : Context for 'APU' is selected.
11:26:58 INFO  : Hardware design information is loaded from 'C:/PRLab/Matrix/Matrix.sdk/matrix_design_wrapper_hw_platform_0/system.hdf'.
11:26:59 INFO  : Context for 'APU' is selected.
11:26:59 INFO  : 'stop' command is executed.
11:27:45 INFO  : 'ps7_init' command is executed.
11:27:46 INFO  : 'ps7_post_config' command is executed.
11:27:46 INFO  : ----------------XSDB Script----------------
connect -url tcp:127.0.0.1:3121
source C:/PRLab/Matrix/Matrix.sdk/matrix_design_wrapper_hw_platform_0/ps7_init.tcl
targets -set -nocase -filter {name =~"APU*" && jtag_cable_name =~ "Digilent Zed 210248782397"} -index 0
loadhw C:/PRLab/Matrix/Matrix.sdk/matrix_design_wrapper_hw_platform_0/system.hdf
targets -set -nocase -filter {name =~"APU*" && jtag_cable_name =~ "Digilent Zed 210248782397"} -index 0
stop
ps7_init
ps7_post_config
----------------End of Script----------------

11:27:46 INFO  : Memory regions updated for context APU
11:27:46 INFO  : Launch script is exported to file 'C:\PRLab\Matrix\Matrix.sdk\.sdk\launch_scripts\xilinx_c-c++_application_(system_debugger)\system_debugger_using_debug_matrixtest.elf_on_local.tcl'
11:28:13 INFO  : Disconnected from the channel tcfchan#11.
11:28:17 INFO  : 'targets -set -filter {jtag_cable_name =~ "Digilent Zed 210248782397" && level==0} -index 1' command is executed.
11:28:18 INFO  : 'fpga -state' command is executed.
11:28:20 INFO  : Connected to target on host '127.0.0.1' and port '3121'.
11:28:20 INFO  : Jtag cable 'Digilent Zed 210248782397' is selected.
11:28:20 INFO  : 'jtag frequency' command is executed.
11:28:20 INFO  : Sourcing of 'C:/PRLab/Matrix/Matrix.sdk/matrix_design_wrapper_hw_platform_0/ps7_init.tcl' is done.
11:28:21 INFO  : Context for 'APU' is selected.
11:28:24 INFO  : Hardware design information is loaded from 'C:/PRLab/Matrix/Matrix.sdk/matrix_design_wrapper_hw_platform_0/system.hdf'.
11:28:24 INFO  : Context for 'APU' is selected.
11:28:24 INFO  : 'stop' command is executed.
11:29:26 INFO  : 'ps7_init' command is executed.
11:29:27 INFO  : 'ps7_post_config' command is executed.
11:29:27 INFO  : ----------------XSDB Script----------------
connect -url tcp:127.0.0.1:3121
source C:/PRLab/Matrix/Matrix.sdk/matrix_design_wrapper_hw_platform_0/ps7_init.tcl
targets -set -nocase -filter {name =~"APU*" && jtag_cable_name =~ "Digilent Zed 210248782397"} -index 0
loadhw C:/PRLab/Matrix/Matrix.sdk/matrix_design_wrapper_hw_platform_0/system.hdf
targets -set -nocase -filter {name =~"APU*" && jtag_cable_name =~ "Digilent Zed 210248782397"} -index 0
stop
ps7_init
ps7_post_config
----------------End of Script----------------

11:29:27 INFO  : Memory regions updated for context APU
11:29:27 INFO  : Launch script is exported to file 'C:\PRLab\Matrix\Matrix.sdk\.sdk\launch_scripts\xilinx_c-c++_application_(system_debugger)\system_debugger_using_debug_matrixtest.elf_on_local.tcl'
11:32:34 INFO  : Disconnected from the channel tcfchan#12.
11:32:36 INFO  : 'targets -set -filter {jtag_cable_name =~ "Digilent Zed 210248782397" && level==0} -index 1' command is executed.
11:32:36 INFO  : 'fpga -state' command is executed.
11:32:38 INFO  : Connected to target on host '127.0.0.1' and port '3121'.
11:32:38 INFO  : Jtag cable 'Digilent Zed 210248782397' is selected.
11:32:38 INFO  : 'jtag frequency' command is executed.
11:32:38 INFO  : Sourcing of 'C:/PRLab/Matrix/Matrix.sdk/matrix_design_wrapper_hw_platform_0/ps7_init.tcl' is done.
11:32:39 INFO  : Context for 'APU' is selected.
11:32:42 INFO  : Hardware design information is loaded from 'C:/PRLab/Matrix/Matrix.sdk/matrix_design_wrapper_hw_platform_0/system.hdf'.
11:32:42 INFO  : Context for 'APU' is selected.
11:32:44 INFO  : 'stop' command is executed.
11:33:14 INFO  : 'ps7_init' command is executed.
11:33:14 INFO  : 'ps7_post_config' command is executed.
11:33:14 INFO  : Context for processor 'ps7_cortexa9_0' is selected.
11:33:14 INFO  : Processor reset is completed for 'ps7_cortexa9_0'.
11:33:15 INFO  : Context for processor 'ps7_cortexa9_0' is selected.
11:33:17 INFO  : The application 'C:/PRLab/Matrix/Matrix.sdk/MatrixTest/Debug/MatrixTest.elf' is downloaded to processor 'ps7_cortexa9_0'.
11:33:17 INFO  : ----------------XSDB Script----------------
connect -url tcp:127.0.0.1:3121
source C:/PRLab/Matrix/Matrix.sdk/matrix_design_wrapper_hw_platform_0/ps7_init.tcl
targets -set -nocase -filter {name =~"APU*" && jtag_cable_name =~ "Digilent Zed 210248782397"} -index 0
loadhw C:/PRLab/Matrix/Matrix.sdk/matrix_design_wrapper_hw_platform_0/system.hdf
targets -set -nocase -filter {name =~"APU*" && jtag_cable_name =~ "Digilent Zed 210248782397"} -index 0
stop
ps7_init
ps7_post_config
targets -set -nocase -filter {name =~ "ARM*#0" && jtag_cable_name =~ "Digilent Zed 210248782397"} -index 0
rst -processor
targets -set -nocase -filter {name =~ "ARM*#0" && jtag_cable_name =~ "Digilent Zed 210248782397"} -index 0
dow C:/PRLab/Matrix/Matrix.sdk/MatrixTest/Debug/MatrixTest.elf
----------------End of Script----------------

11:33:17 INFO  : Memory regions updated for context APU
11:33:17 INFO  : Context for processor 'ps7_cortexa9_0' is selected.
11:33:18 INFO  : 'con' command is executed.
11:33:18 INFO  : ----------------XSDB Script (After Launch)----------------
targets -set -nocase -filter {name =~ "ARM*#0" && jtag_cable_name =~ "Digilent Zed 210248782397"} -index 0
con
----------------End of Script----------------

11:33:18 INFO  : Launch script is exported to file 'C:\PRLab\Matrix\Matrix.sdk\.sdk\launch_scripts\xilinx_c-c++_application_(system_debugger)\system_debugger_using_debug_matrixtest.elf_on_local.tcl'
11:34:54 INFO  : Disconnected from the channel tcfchan#13.
11:34:57 INFO  : 'targets -set -filter {jtag_cable_name =~ "Digilent Zed 210248782397" && level==0} -index 1' command is executed.
11:34:57 INFO  : 'fpga -state' command is executed.
11:34:57 INFO  : Connected to target on host '127.0.0.1' and port '3121'.
11:34:58 INFO  : Jtag cable 'Digilent Zed 210248782397' is selected.
11:34:58 INFO  : 'jtag frequency' command is executed.
11:34:58 INFO  : Sourcing of 'C:/PRLab/Matrix/Matrix.sdk/matrix_design_wrapper_hw_platform_0/ps7_init.tcl' is done.
11:34:59 INFO  : Context for 'APU' is selected.
11:35:02 INFO  : Hardware design information is loaded from 'C:/PRLab/Matrix/Matrix.sdk/matrix_design_wrapper_hw_platform_0/system.hdf'.
11:35:02 INFO  : Context for 'APU' is selected.
11:35:02 INFO  : 'stop' command is executed.
11:35:17 INFO  : 'ps7_init' command is executed.
11:35:17 INFO  : 'ps7_post_config' command is executed.
11:35:17 INFO  : Context for processor 'ps7_cortexa9_0' is selected.
11:35:18 INFO  : Processor reset is completed for 'ps7_cortexa9_0'.
11:35:18 INFO  : Context for processor 'ps7_cortexa9_0' is selected.
11:35:20 INFO  : The application 'C:/PRLab/Matrix/Matrix.sdk/MatrixTest/Debug/MatrixTest.elf' is downloaded to processor 'ps7_cortexa9_0'.
11:35:20 INFO  : ----------------XSDB Script----------------
connect -url tcp:127.0.0.1:3121
source C:/PRLab/Matrix/Matrix.sdk/matrix_design_wrapper_hw_platform_0/ps7_init.tcl
targets -set -nocase -filter {name =~"APU*" && jtag_cable_name =~ "Digilent Zed 210248782397"} -index 0
loadhw C:/PRLab/Matrix/Matrix.sdk/matrix_design_wrapper_hw_platform_0/system.hdf
targets -set -nocase -filter {name =~"APU*" && jtag_cable_name =~ "Digilent Zed 210248782397"} -index 0
stop
ps7_init
ps7_post_config
targets -set -nocase -filter {name =~ "ARM*#0" && jtag_cable_name =~ "Digilent Zed 210248782397"} -index 0
rst -processor
targets -set -nocase -filter {name =~ "ARM*#0" && jtag_cable_name =~ "Digilent Zed 210248782397"} -index 0
dow C:/PRLab/Matrix/Matrix.sdk/MatrixTest/Debug/MatrixTest.elf
----------------End of Script----------------

11:35:20 INFO  : Memory regions updated for context APU
11:35:21 INFO  : Context for processor 'ps7_cortexa9_0' is selected.
11:35:21 INFO  : 'con' command is executed.
11:35:21 INFO  : ----------------XSDB Script (After Launch)----------------
targets -set -nocase -filter {name =~ "ARM*#0" && jtag_cable_name =~ "Digilent Zed 210248782397"} -index 0
con
----------------End of Script----------------

11:35:21 INFO  : Launch script is exported to file 'C:\PRLab\Matrix\Matrix.sdk\.sdk\launch_scripts\xilinx_c-c++_application_(system_debugger)\system_debugger_using_debug_matrixtest.elf_on_local.tcl'
11:37:43 INFO  : Disconnected from the channel tcfchan#14.
11:37:46 INFO  : 'targets -set -filter {jtag_cable_name =~ "Digilent Zed 210248782397" && level==0} -index 1' command is executed.
11:37:46 INFO  : 'fpga -state' command is executed.
11:37:46 INFO  : Connected to target on host '127.0.0.1' and port '3121'.
11:37:47 INFO  : Jtag cable 'Digilent Zed 210248782397' is selected.
11:37:47 INFO  : 'jtag frequency' command is executed.
11:37:47 INFO  : Sourcing of 'C:/PRLab/Matrix/Matrix.sdk/matrix_design_wrapper_hw_platform_0/ps7_init.tcl' is done.
11:37:47 INFO  : Context for 'APU' is selected.
11:37:50 INFO  : Hardware design information is loaded from 'C:/PRLab/Matrix/Matrix.sdk/matrix_design_wrapper_hw_platform_0/system.hdf'.
11:37:50 INFO  : Context for 'APU' is selected.
11:37:51 INFO  : 'stop' command is executed.
11:38:04 INFO  : 'ps7_init' command is executed.
11:38:05 INFO  : 'ps7_post_config' command is executed.
11:38:05 INFO  : Context for processor 'ps7_cortexa9_0' is selected.
11:38:05 INFO  : Processor reset is completed for 'ps7_cortexa9_0'.
11:38:05 INFO  : Context for processor 'ps7_cortexa9_0' is selected.
11:38:07 INFO  : The application 'C:/PRLab/Matrix/Matrix.sdk/MatrixTest/Debug/MatrixTest.elf' is downloaded to processor 'ps7_cortexa9_0'.
11:38:07 INFO  : ----------------XSDB Script----------------
connect -url tcp:127.0.0.1:3121
source C:/PRLab/Matrix/Matrix.sdk/matrix_design_wrapper_hw_platform_0/ps7_init.tcl
targets -set -nocase -filter {name =~"APU*" && jtag_cable_name =~ "Digilent Zed 210248782397"} -index 0
loadhw C:/PRLab/Matrix/Matrix.sdk/matrix_design_wrapper_hw_platform_0/system.hdf
targets -set -nocase -filter {name =~"APU*" && jtag_cable_name =~ "Digilent Zed 210248782397"} -index 0
stop
ps7_init
ps7_post_config
targets -set -nocase -filter {name =~ "ARM*#0" && jtag_cable_name =~ "Digilent Zed 210248782397"} -index 0
rst -processor
targets -set -nocase -filter {name =~ "ARM*#0" && jtag_cable_name =~ "Digilent Zed 210248782397"} -index 0
dow C:/PRLab/Matrix/Matrix.sdk/MatrixTest/Debug/MatrixTest.elf
----------------End of Script----------------

11:38:07 INFO  : Memory regions updated for context APU
11:38:07 INFO  : Context for processor 'ps7_cortexa9_0' is selected.
11:38:08 INFO  : 'con' command is executed.
11:38:08 INFO  : ----------------XSDB Script (After Launch)----------------
targets -set -nocase -filter {name =~ "ARM*#0" && jtag_cable_name =~ "Digilent Zed 210248782397"} -index 0
con
----------------End of Script----------------

11:38:08 INFO  : Launch script is exported to file 'C:\PRLab\Matrix\Matrix.sdk\.sdk\launch_scripts\xilinx_c-c++_application_(system_debugger)\system_debugger_using_debug_matrixtest.elf_on_local.tcl'
11:48:59 INFO  : Disconnected from the channel tcfchan#15.
11:49:02 INFO  : 'targets -set -filter {jtag_cable_name =~ "Digilent Zed 210248782397" && level==0} -index 1' command is executed.
11:49:02 INFO  : 'fpga -state' command is executed.
11:49:02 INFO  : Connected to target on host '127.0.0.1' and port '3121'.
11:49:03 INFO  : Jtag cable 'Digilent Zed 210248782397' is selected.
11:49:03 INFO  : 'jtag frequency' command is executed.
11:49:03 INFO  : Sourcing of 'C:/PRLab/Matrix/Matrix.sdk/matrix_design_wrapper_hw_platform_0/ps7_init.tcl' is done.
11:49:04 INFO  : Context for 'APU' is selected.
11:49:07 INFO  : Hardware design information is loaded from 'C:/PRLab/Matrix/Matrix.sdk/matrix_design_wrapper_hw_platform_0/system.hdf'.
11:49:07 INFO  : Context for 'APU' is selected.
11:49:07 INFO  : 'stop' command is executed.
11:49:19 INFO  : 'ps7_init' command is executed.
11:49:19 INFO  : 'ps7_post_config' command is executed.
11:49:19 INFO  : Context for processor 'ps7_cortexa9_0' is selected.
11:49:20 INFO  : Processor reset is completed for 'ps7_cortexa9_0'.
11:49:20 INFO  : Context for processor 'ps7_cortexa9_0' is selected.
11:49:21 INFO  : The application 'C:/PRLab/Matrix/Matrix.sdk/MatrixTest/Debug/MatrixTest.elf' is downloaded to processor 'ps7_cortexa9_0'.
11:49:21 INFO  : ----------------XSDB Script----------------
connect -url tcp:127.0.0.1:3121
source C:/PRLab/Matrix/Matrix.sdk/matrix_design_wrapper_hw_platform_0/ps7_init.tcl
targets -set -nocase -filter {name =~"APU*" && jtag_cable_name =~ "Digilent Zed 210248782397"} -index 0
loadhw C:/PRLab/Matrix/Matrix.sdk/matrix_design_wrapper_hw_platform_0/system.hdf
targets -set -nocase -filter {name =~"APU*" && jtag_cable_name =~ "Digilent Zed 210248782397"} -index 0
stop
ps7_init
ps7_post_config
targets -set -nocase -filter {name =~ "ARM*#0" && jtag_cable_name =~ "Digilent Zed 210248782397"} -index 0
rst -processor
targets -set -nocase -filter {name =~ "ARM*#0" && jtag_cable_name =~ "Digilent Zed 210248782397"} -index 0
dow C:/PRLab/Matrix/Matrix.sdk/MatrixTest/Debug/MatrixTest.elf
----------------End of Script----------------

11:49:22 INFO  : Memory regions updated for context APU
11:49:22 INFO  : Context for processor 'ps7_cortexa9_0' is selected.
11:49:22 INFO  : 'con' command is executed.
11:49:22 INFO  : ----------------XSDB Script (After Launch)----------------
targets -set -nocase -filter {name =~ "ARM*#0" && jtag_cable_name =~ "Digilent Zed 210248782397"} -index 0
con
----------------End of Script----------------

11:49:22 INFO  : Launch script is exported to file 'C:\PRLab\Matrix\Matrix.sdk\.sdk\launch_scripts\xilinx_c-c++_application_(system_debugger)\system_debugger_using_debug_matrixtest.elf_on_local.tcl'
11:52:35 INFO  : Disconnected from the channel tcfchan#16.
11:52:38 INFO  : 'targets -set -filter {jtag_cable_name =~ "Digilent Zed 210248782397" && level==0} -index 1' command is executed.
11:52:39 INFO  : 'fpga -state' command is executed.
11:52:39 INFO  : Connected to target on host '127.0.0.1' and port '3121'.
11:52:40 INFO  : Jtag cable 'Digilent Zed 210248782397' is selected.
11:52:40 INFO  : 'jtag frequency' command is executed.
11:52:40 INFO  : Sourcing of 'C:/PRLab/Matrix/Matrix.sdk/matrix_design_wrapper_hw_platform_0/ps7_init.tcl' is done.
11:52:41 INFO  : Context for 'APU' is selected.
11:52:43 INFO  : Hardware design information is loaded from 'C:/PRLab/Matrix/Matrix.sdk/matrix_design_wrapper_hw_platform_0/system.hdf'.
11:52:43 INFO  : Context for 'APU' is selected.
11:52:43 INFO  : 'stop' command is executed.
11:53:08 INFO  : 'ps7_init' command is executed.
11:53:09 INFO  : 'ps7_post_config' command is executed.
11:53:09 INFO  : Context for processor 'ps7_cortexa9_0' is selected.
11:53:10 INFO  : Processor reset is completed for 'ps7_cortexa9_0'.
11:53:10 INFO  : Context for processor 'ps7_cortexa9_0' is selected.
11:53:12 INFO  : The application 'C:/PRLab/Matrix/Matrix.sdk/MatrixTest/Debug/MatrixTest.elf' is downloaded to processor 'ps7_cortexa9_0'.
11:53:12 INFO  : ----------------XSDB Script----------------
connect -url tcp:127.0.0.1:3121
source C:/PRLab/Matrix/Matrix.sdk/matrix_design_wrapper_hw_platform_0/ps7_init.tcl
targets -set -nocase -filter {name =~"APU*" && jtag_cable_name =~ "Digilent Zed 210248782397"} -index 0
loadhw C:/PRLab/Matrix/Matrix.sdk/matrix_design_wrapper_hw_platform_0/system.hdf
targets -set -nocase -filter {name =~"APU*" && jtag_cable_name =~ "Digilent Zed 210248782397"} -index 0
stop
ps7_init
ps7_post_config
targets -set -nocase -filter {name =~ "ARM*#0" && jtag_cable_name =~ "Digilent Zed 210248782397"} -index 0
rst -processor
targets -set -nocase -filter {name =~ "ARM*#0" && jtag_cable_name =~ "Digilent Zed 210248782397"} -index 0
dow C:/PRLab/Matrix/Matrix.sdk/MatrixTest/Debug/MatrixTest.elf
----------------End of Script----------------

11:53:12 INFO  : Memory regions updated for context APU
11:53:12 INFO  : Context for processor 'ps7_cortexa9_0' is selected.
11:53:13 INFO  : 'con' command is executed.
11:53:13 INFO  : ----------------XSDB Script (After Launch)----------------
targets -set -nocase -filter {name =~ "ARM*#0" && jtag_cable_name =~ "Digilent Zed 210248782397"} -index 0
con
----------------End of Script----------------

11:53:13 INFO  : Launch script is exported to file 'C:\PRLab\Matrix\Matrix.sdk\.sdk\launch_scripts\xilinx_c-c++_application_(system_debugger)\system_debugger_using_debug_matrixtest.elf_on_local.tcl'
12:31:29 INFO  : Disconnected from the channel tcfchan#17.
