Unable to capture context for thread 12672 in process 2492, can not generate back trace
Exception at PC 0x00007FFC8282BB93
Printing stacktrace...

Unable to capture context for thread 12672 in process 2492, can not generate back trace
Exception at PC 0x00007FFCF3969E08
Exception at PC 0x00007FFCF3969E08
Exception at PC 0x00007FFCF3969E08
Exception at PC 0x00007FFCF3969E08
Exception at PC 0x00007FFCF3969E08
Exception at PC 0x00007FFCF3969E08
Exception at PC 0x00007FFCF3969E08
Exception at PC 0x00007FFCF3969E08
Exception at PC 0x00007FFCF3969E08
Exception at PC 0x00007FFCF3969E08
Exception at PC 0x00007FFCF3969E08
Exception at PC 0x00007FFCF3969E08
Exception at PC 0x00007FFCF3969E08
Exception at PC 0x00007FFCF3969E08
Exception at PC 0x00007FFCF3969E08
Exception at PC 0x00007FFCF3969E08
[0]  [0x00007FFC8282BB93]
[1]  [0x00007FFC8282BB93]
[2]  [0x00007FFC8282B4A1]
[3]  [0x00007FFC8282B3EF]
[4]  [0x00007FFC828119FE]
[5]  [0x00007FFC82810ED1]
[6]  [0x00007FFC82810D76]
[7]  [0x00007FFC827B79F6]
[8]  [0x00007FFC827A7AFB]
[9]  [0x00007FFC828CE90A]
[10]  [0x00007FFC828E9F87]
[11]  [0x00007FFC828EA05F]
[12] (BaseThreadInitThunk+0x14) [0x00007FFCF6292774]
[13] (RtlUserThreadStart+0x21) [0x00007FFCF71C0D51]
Done
Exception at PC 0x00007FFCF3969E08
