#-----------------------------------------------------------
# Vivado v2016.3 (64-bit)
# SW Build 1682563 on Mon Oct 10 19:07:27 MDT 2016
# IP Build 1681267 on Mon Oct 10 21:28:31 MDT 2016
# Start of session at: Sat Nov 18 00:19:01 2017
# Process ID: 13900
# Current directory: C:/JPEG_Thesis_2/DARC_BRAM_2
# Command line: vivado.exe -gui_launcher_event rodinguilauncherevent16132 C:\JPEG_Thesis_2\DARC_BRAM_2\DARC_BRAM_2.xpr
# Log file: C:/JPEG_Thesis_2/DARC_BRAM_2/vivado.log
# Journal file: C:/JPEG_Thesis_2/DARC_BRAM_2\vivado.jou
#-----------------------------------------------------------
start_gui
open_project C:/JPEG_Thesis_2/DARC_BRAM_2/DARC_BRAM_2.xpr
Scanning sources...
Finished scanning sources
WARNING: [filemgmt 56-3] IP Repository Path: Could not find the directory 'C:/JPEG_Thesis_2/ip_repo/DARC_BRAM_2_1.0'.
WARNING: [filemgmt 56-3] IP Output Repository Path: Could not find the directory 'C:/JPEG_Thesis_2/DARC_BRAM_2/DARC_BRAM_2.cache/ip'.
INFO: [IP_Flow 19-234] Refreshing IP repositories
INFO: [IP_Flow 19-1700] Loaded user IP repository 'c:/JPEG_Thesis_2/ip_repo/DARC_BRAM2_1.0'.
WARNING: [IP_Flow 19-2207] Repository 'c:/JPEG_Thesis_2/ip_repo/DARC_BRAM2_1.0' already exists; ignoring attempt to add it again.
INFO: [IP_Flow 19-1700] Loaded user IP repository 'c:/JPEG_Thesis_2/ip_repo/DARC_BRAM2_1.0'.
WARNING: [IP_Flow 19-2248] Failed to load user IP repository 'c:/JPEG_Thesis_2/ip_repo/DARC_BRAM_2_1.0'; Can't find the specified path.
If this directory should no longer be in your list of user repositories, go to the IP Settings dialog and remove it.
INFO: [IP_Flow 19-2313] Loaded Vivado IP repository 'C:/Xilinx/Vivado/2016.3/data/ip'.
ipx::package_project -root_dir C:/JPEG_Thesis_2/DARC_BRAM_2/DARC_BRAM_2.srcs/sources_1/imports/new -vendor xilinx.com -library user -taxonomy /UserIP
INFO: [IP_Flow 19-4753] Inferred signal 'clock' from port 'clk' as interface 'clk'.
set_property core_revision 2 [ipx::current_core]
ipx::create_xgui_files [ipx::current_core]
ipx::update_checksums [ipx::current_core]
ipx::save_core [ipx::current_core]
set_property  ip_repo_paths  {c:/JPEG_Thesis_2/DARC_BRAM_2/DARC_BRAM_2.srcs/sources_1/imports/new c:/JPEG_Thesis_2/ip_repo/DARC_BRAM2_1.0 c:/JPEG_Thesis_2/ip_repo/DARC_BRAM_2_1.0} [current_project]
update_ip_catalog
INFO: [IP_Flow 19-234] Refreshing IP repositories
INFO: [IP_Flow 19-1700] Loaded user IP repository 'c:/JPEG_Thesis_2/DARC_BRAM_2/DARC_BRAM_2.srcs/sources_1/imports/new'.
INFO: [IP_Flow 19-1700] Loaded user IP repository 'c:/JPEG_Thesis_2/ip_repo/DARC_BRAM2_1.0'.
WARNING: [IP_Flow 19-2248] Failed to load user IP repository 'c:/JPEG_Thesis_2/ip_repo/DARC_BRAM_2_1.0'; Can't find the specified path.
If this directory should no longer be in your list of user repositories, go to the IP Settings dialog and remove it.
exit
INFO: [Common 17-206] Exiting Vivado at Sat Nov 18 01:02:14 2017...
