#-----------------------------------------------------------
# Vivado v2016.3 (64-bit)
# SW Build 1682563 on Mon Oct 10 19:07:27 MDT 2016
# IP Build 1681267 on Mon Oct 10 21:28:31 MDT 2016
# Start of session at: Mon Nov 20 23:38:24 2017
# Process ID: 16108
# Current directory: C:/JPEG_Thesis/Quantization/Quantization
# Command line: vivado.exe -gui_launcher_event rodinguilauncherevent16196 C:\JPEG_Thesis\Quantization\Quantization\Quantization.xpr
# Log file: C:/JPEG_Thesis/Quantization/Quantization/vivado.log
# Journal file: C:/JPEG_Thesis/Quantization/Quantization\vivado.jou
#-----------------------------------------------------------
start_gui
open_project C:/JPEG_Thesis/Quantization/Quantization/Quantization.xpr
Scanning sources...
Finished scanning sources
WARNING: [filemgmt 56-3] IP Output Repository Path: Could not find the directory 'C:/JPEG_Thesis/Quantization/Quantization/Quantization.cache/ip'.
INFO: [IP_Flow 19-234] Refreshing IP repositories
INFO: [IP_Flow 19-1700] Loaded user IP repository 'c:/JPEG_Thesis/Quantization/ip_repo/DARC_QUANTZ_1.0'.
INFO: [IP_Flow 19-2313] Loaded Vivado IP repository 'C:/Xilinx/Vivado/2016.3/data/ip'.
open_project: Time (s): cpu = 00:00:08 ; elapsed = 00:00:08 . Memory (MB): peak = 817.941 ; gain = 139.297
exit
INFO: [Common 17-206] Exiting Vivado at Tue Nov 21 01:49:49 2017...
