Unable to capture context for thread 13672 in process 11864, can not generate back trace
Exception at PC 0x00007FFFE5D9BB93
Printing stacktrace...

Unable to capture context for thread 13672 in process 11864, can not generate back trace
Exception at PC 0x00007FF867463FB8
Exception at PC 0x00007FF867463FB8
Exception at PC 0x00007FF867463FB8
Exception at PC 0x00007FF867463FB8
Exception at PC 0x00007FF867463FB8
Exception at PC 0x00007FF867463FB8
Exception at PC 0x00007FF867463FB8
Exception at PC 0x00007FF867463FB8
Exception at PC 0x00007FF867463FB8
Exception at PC 0x00007FF867463FB8
Exception at PC 0x00007FF867463FB8
Exception at PC 0x00007FF867463FB8
Exception at PC 0x00007FF867463FB8
Exception at PC 0x00007FF867463FB8
[0]  [0x00007FFFE5D9BB93]
[1]  [0x00007FFFE5D9BB93]
[2]  [0x00007FFFE5D9B4A1]
[3]  [0x00007FFFE5D9B3EF]
[4]  [0x00007FFFE5D819FE]
[5]  [0x00007FFFE5D80ED1]
[6]  [0x00007FFFE5D80D76]
[7]  [0x00007FFFE5D279F6]
[8]  [0x00007FFFE5D17AFB]
[9]  [0x00007FFFE5E3E90A]
[10]  [0x00007FFFE5E59F87]
[11]  [0x00007FFFE5E5A05F]
[12] (BaseThreadInitThunk+0x14) [0x00007FF86A6F1FE4]
[13] (RtlUserThreadStart+0x21) [0x00007FF86A96EF91]
Done
Exception at PC 0x00007FF867463FB8
Exception at PC 0x00007FF867463FB8
Exception at PC 0x00007FF867463FB8
Exception at PC 0x00007FF867463FB8
Exception at PC 0x00007FF867463FB8
