20:11:49 INFO  : Registering command handlers for SDK TCF services
20:11:50 INFO  : Launching XSCT server: xsct.bat -interactive C:\JPEG_Thesis\DARC_DCT_App\DARC_DCT_App.sdk\temp_xsdb_launch_script.tcl
20:11:57 INFO  : XSCT server has started successfully.
20:12:08 INFO  : Successfully done setting XSCT server connection channel  
20:12:08 INFO  : Successfully done setting SDK workspace  
20:12:08 INFO  : Processing command line option -hwspec C:/JPEG_Thesis/DARC_DCT_App/DARC_DCT_App.sdk/DARC_DCT_Design_wrapper.hdf.
20:25:57 INFO  : 'targets -set -filter {jtag_cable_name =~ "Digilent Zed 210248782397" && level==0} -index 1' command is executed.
20:25:58 INFO  : 'fpga -state' command is executed.
20:25:58 INFO  : Connected to target on host '127.0.0.1' and port '3121'.
20:25:58 INFO  : Jtag cable 'Digilent Zed 210248782397' is selected.
20:25:58 INFO  : 'jtag frequency' command is executed.
20:25:59 INFO  : Sourcing of 'C:/JPEG_Thesis/DARC_DCT_App/DARC_DCT_App.sdk/DARC_DCT_Design_wrapper_hw_platform_0/ps7_init.tcl' is done.
20:25:59 INFO  : Context for 'APU' is selected.
20:25:59 INFO  : Hardware design information is loaded from 'C:/JPEG_Thesis/DARC_DCT_App/DARC_DCT_App.sdk/DARC_DCT_Design_wrapper_hw_platform_0/system.hdf'.
20:25:59 INFO  : Context for 'APU' is selected.
20:26:00 INFO  : 'stop' command is executed.
20:26:11 INFO  : 'ps7_init' command is executed.
20:26:12 INFO  : 'ps7_post_config' command is executed.
20:26:12 INFO  : Context for processor 'ps7_cortexa9_0' is selected.
20:26:12 INFO  : Processor reset is completed for 'ps7_cortexa9_0'.
20:26:13 INFO  : Context for processor 'ps7_cortexa9_0' is selected.
20:26:15 INFO  : The application 'C:/JPEG_Thesis/DARC_DCT_App/DARC_DCT_App.sdk/DARCdctApp/Debug/DARCdctApp.elf' is downloaded to processor 'ps7_cortexa9_0'.
20:26:15 INFO  : ----------------XSDB Script----------------
connect -url tcp:127.0.0.1:3121
source C:/JPEG_Thesis/DARC_DCT_App/DARC_DCT_App.sdk/DARC_DCT_Design_wrapper_hw_platform_0/ps7_init.tcl
targets -set -nocase -filter {name =~"APU*" && jtag_cable_name =~ "Digilent Zed 210248782397"} -index 0
loadhw C:/JPEG_Thesis/DARC_DCT_App/DARC_DCT_App.sdk/DARC_DCT_Design_wrapper_hw_platform_0/system.hdf
targets -set -nocase -filter {name =~"APU*" && jtag_cable_name =~ "Digilent Zed 210248782397"} -index 0
stop
ps7_init
ps7_post_config
targets -set -nocase -filter {name =~ "ARM*#0" && jtag_cable_name =~ "Digilent Zed 210248782397"} -index 0
rst -processor
targets -set -nocase -filter {name =~ "ARM*#0" && jtag_cable_name =~ "Digilent Zed 210248782397"} -index 0
dow C:/JPEG_Thesis/DARC_DCT_App/DARC_DCT_App.sdk/DARCdctApp/Debug/DARCdctApp.elf
----------------End of Script----------------

20:26:17 INFO  : Memory regions updated for context APU
20:26:18 INFO  : Context for processor 'ps7_cortexa9_0' is selected.
20:26:18 INFO  : 'con' command is executed.
20:26:18 INFO  : ----------------XSDB Script (After Launch)----------------
targets -set -nocase -filter {name =~ "ARM*#0" && jtag_cable_name =~ "Digilent Zed 210248782397"} -index 0
con
----------------End of Script----------------

20:26:18 INFO  : Launch script is exported to file 'C:\JPEG_Thesis\DARC_DCT_App\DARC_DCT_App.sdk\.sdk\launch_scripts\xilinx_c-c++_application_(system_debugger)\system_debugger_using_debug_darcdctapp.elf_on_local.tcl'
20:51:57 INFO  : Disconnected from the channel tcfchan#1.
20:51:59 INFO  : 'targets -set -filter {jtag_cable_name =~ "Digilent Zed 210248782397" && level==0} -index 1' command is executed.
20:52:00 INFO  : 'fpga -state' command is executed.
20:52:00 INFO  : Connected to target on host '127.0.0.1' and port '3121'.
20:52:00 INFO  : Jtag cable 'Digilent Zed 210248782397' is selected.
20:52:00 INFO  : 'jtag frequency' command is executed.
20:52:01 INFO  : Sourcing of 'C:/JPEG_Thesis/DARC_DCT_App/DARC_DCT_App.sdk/DARC_DCT_Design_wrapper_hw_platform_0/ps7_init.tcl' is done.
20:52:02 INFO  : Context for 'APU' is selected.
20:52:05 INFO  : Hardware design information is loaded from 'C:/JPEG_Thesis/DARC_DCT_App/DARC_DCT_App.sdk/DARC_DCT_Design_wrapper_hw_platform_0/system.hdf'.
20:52:05 INFO  : Context for 'APU' is selected.
20:52:06 INFO  : 'stop' command is executed.
20:52:33 INFO  : 'ps7_init' command is executed.
20:52:33 INFO  : 'ps7_post_config' command is executed.
20:52:33 INFO  : Context for processor 'ps7_cortexa9_0' is selected.
20:52:34 INFO  : Processor reset is completed for 'ps7_cortexa9_0'.
20:52:34 INFO  : Context for processor 'ps7_cortexa9_0' is selected.
20:52:35 INFO  : The application 'C:/JPEG_Thesis/DARC_DCT_App/DARC_DCT_App.sdk/DARCdctApp/Debug/DARCdctApp.elf' is downloaded to processor 'ps7_cortexa9_0'.
20:52:35 INFO  : ----------------XSDB Script----------------
connect -url tcp:127.0.0.1:3121
source C:/JPEG_Thesis/DARC_DCT_App/DARC_DCT_App.sdk/DARC_DCT_Design_wrapper_hw_platform_0/ps7_init.tcl
targets -set -nocase -filter {name =~"APU*" && jtag_cable_name =~ "Digilent Zed 210248782397"} -index 0
loadhw C:/JPEG_Thesis/DARC_DCT_App/DARC_DCT_App.sdk/DARC_DCT_Design_wrapper_hw_platform_0/system.hdf
targets -set -nocase -filter {name =~"APU*" && jtag_cable_name =~ "Digilent Zed 210248782397"} -index 0
stop
ps7_init
ps7_post_config
targets -set -nocase -filter {name =~ "ARM*#0" && jtag_cable_name =~ "Digilent Zed 210248782397"} -index 0
rst -processor
targets -set -nocase -filter {name =~ "ARM*#0" && jtag_cable_name =~ "Digilent Zed 210248782397"} -index 0
dow C:/JPEG_Thesis/DARC_DCT_App/DARC_DCT_App.sdk/DARCdctApp/Debug/DARCdctApp.elf
----------------End of Script----------------

20:52:35 INFO  : Memory regions updated for context APU
20:52:36 INFO  : Context for processor 'ps7_cortexa9_0' is selected.
20:52:36 INFO  : 'con' command is executed.
20:52:36 INFO  : ----------------XSDB Script (After Launch)----------------
targets -set -nocase -filter {name =~ "ARM*#0" && jtag_cable_name =~ "Digilent Zed 210248782397"} -index 0
con
----------------End of Script----------------

20:52:36 INFO  : Launch script is exported to file 'C:\JPEG_Thesis\DARC_DCT_App\DARC_DCT_App.sdk\.sdk\launch_scripts\xilinx_c-c++_application_(system_debugger)\system_debugger_using_debug_darcdctapp.elf_on_local.tcl'
21:05:34 INFO  : Disconnected from the channel tcfchan#2.
21:05:35 INFO  : 'targets -set -filter {jtag_cable_name =~ "Digilent Zed 210248782397" && level==0} -index 1' command is executed.
21:05:36 INFO  : 'fpga -state' command is executed.
21:05:36 INFO  : Connected to target on host '127.0.0.1' and port '3121'.
21:05:37 INFO  : Jtag cable 'Digilent Zed 210248782397' is selected.
21:05:37 INFO  : 'jtag frequency' command is executed.
21:05:37 INFO  : Sourcing of 'C:/JPEG_Thesis/DARC_DCT_App/DARC_DCT_App.sdk/DARC_DCT_Design_wrapper_hw_platform_0/ps7_init.tcl' is done.
21:05:37 INFO  : Context for 'APU' is selected.
21:05:40 INFO  : Hardware design information is loaded from 'C:/JPEG_Thesis/DARC_DCT_App/DARC_DCT_App.sdk/DARC_DCT_Design_wrapper_hw_platform_0/system.hdf'.
21:05:41 INFO  : Context for 'APU' is selected.
21:05:41 INFO  : 'stop' command is executed.
21:06:05 INFO  : 'ps7_init' command is executed.
21:06:06 INFO  : 'ps7_post_config' command is executed.
21:06:06 INFO  : Context for processor 'ps7_cortexa9_0' is selected.
21:06:08 INFO  : Processor reset is completed for 'ps7_cortexa9_0'.
21:06:09 INFO  : Context for processor 'ps7_cortexa9_0' is selected.
21:06:10 INFO  : The application 'C:/JPEG_Thesis/DARC_DCT_App/DARC_DCT_App.sdk/DARCdctApp/Debug/DARCdctApp.elf' is downloaded to processor 'ps7_cortexa9_0'.
21:06:10 INFO  : ----------------XSDB Script----------------
connect -url tcp:127.0.0.1:3121
source C:/JPEG_Thesis/DARC_DCT_App/DARC_DCT_App.sdk/DARC_DCT_Design_wrapper_hw_platform_0/ps7_init.tcl
targets -set -nocase -filter {name =~"APU*" && jtag_cable_name =~ "Digilent Zed 210248782397"} -index 0
loadhw C:/JPEG_Thesis/DARC_DCT_App/DARC_DCT_App.sdk/DARC_DCT_Design_wrapper_hw_platform_0/system.hdf
targets -set -nocase -filter {name =~"APU*" && jtag_cable_name =~ "Digilent Zed 210248782397"} -index 0
stop
ps7_init
ps7_post_config
targets -set -nocase -filter {name =~ "ARM*#0" && jtag_cable_name =~ "Digilent Zed 210248782397"} -index 0
rst -processor
targets -set -nocase -filter {name =~ "ARM*#0" && jtag_cable_name =~ "Digilent Zed 210248782397"} -index 0
dow C:/JPEG_Thesis/DARC_DCT_App/DARC_DCT_App.sdk/DARCdctApp/Debug/DARCdctApp.elf
----------------End of Script----------------

21:06:11 INFO  : Memory regions updated for context APU
21:06:12 INFO  : Context for processor 'ps7_cortexa9_0' is selected.
21:06:12 INFO  : 'con' command is executed.
21:06:12 INFO  : ----------------XSDB Script (After Launch)----------------
targets -set -nocase -filter {name =~ "ARM*#0" && jtag_cable_name =~ "Digilent Zed 210248782397"} -index 0
con
----------------End of Script----------------

21:06:12 INFO  : Launch script is exported to file 'C:\JPEG_Thesis\DARC_DCT_App\DARC_DCT_App.sdk\.sdk\launch_scripts\xilinx_c-c++_application_(system_debugger)\system_debugger_using_debug_darcdctapp.elf_on_local.tcl'
