#
# A fatal error has been detected by the Java Runtime Environment:
#
#  Internal Error (0xc000000d), pid=3256, tid=3412
#
# JRE version: Java(TM) SE Runtime Environment (8.0_66-b18) (build 1.8.0_66-b18)
# Java VM: Java HotSpot(TM) 64-Bit Server VM (25.66-b18 mixed mode windows-amd64 compressed oops)
# Problematic frame:
# C  [ntdll.dll+0x105a50]
#
# Failed to write core dump. Minidumps are not enabled by default on client versions of Windows
#
# If you would like to submit a bug report, please visit:
#   http://bugreport.java.com/bugreport/crash.jsp
#

---------------  T H R E A D  ---------------

Current thread (0x00000000140f9000):  VMThread [stack: 0x0000000015dd0000,0x0000000015ed0000] [id=3412]

siginfo: ExceptionCode=0xc000000d

Registers:
RAX=0x000033e5716dfae7, RBX=0xfffffffffffffffe, RCX=0x0000000000000003, RDX=0x0000000015ecf040
RSP=0x0000000015ecf470, RBP=0x00007ffc808b7408, RSI=0x0000000000000000, RDI=0x0000000000000f2c
R8 =0x00007ffc8d3c0d98, R9 =0x0000000000000000, R10=0x0000000015ecef68, R11=0x0000000015ecef71
R12=0x0000000027e98d20, R13=0x000000001d5dbbd0, R14=0x0000000027e98e28, R15=0x0000000015ecf5e8
RIP=0x00007ffc8d4a5a50, EFLAGS=0x0000000000000202

Top of Stack: (sp=0x0000000015ecf470)
0x0000000015ecf470:   0000000000000057 fffffffffffffffe
0x0000000015ecf480:   0000000000000000 0000000000000f2c
0x0000000015ecf490:   00000000c000000d 0000000000000000
0x0000000015ecf4a0:   00007ffc8d4a5a50 0000000000000000
0x0000000015ecf4b0:   0000000000000000 0000000000000000
0x0000000015ecf4c0:   0000000000000000 0000000000000000
0x0000000015ecf4d0:   0000000000000000 0000000000000000
0x0000000015ecf4e0:   0000000000000000 0000000000000000
0x0000000015ecf4f0:   0000000000000000 0000000000000000
0x0000000015ecf500:   0000000000000000 0000000000000000
0x0000000015ecf510:   0000000000000000 0000000000000000
0x0000000015ecf520:   0000000000000000 0000000000000101
0x0000000015ecf530:   000033e5716de0c7 0000000000000770
0x0000000015ecf540:   0000000000000000 00007ffc8d45c829
0x0000000015ecf550:   0000000001d10000 0000000000000000
0x0000000015ecf560:   0000000100000151 0000000000000000 

Instructions: (pc=0x00007ffc8d4a5a50)
0x00007ffc8d4a5a30:   64 fa ff c7 44 24 20 0d 00 00 c0 b9 57 00 00 00
0x00007ffc8d4a5a40:   e8 eb 4b f5 ff 90 48 8d 4c 24 20 e8 f0 fa f0 ff
0x00007ffc8d4a5a50:   eb 00 48 8b 8c 24 c0 00 00 00 48 33 cc e8 1e 05
0x00007ffc8d4a5a60:   f9 ff 48 81 c4 d8 00 00 00 c3 40 55 48 83 ec 20 


Register to memory mapping:

RAX=0x000033e5716dfae7 is an unknown value
RBX=0xfffffffffffffffe is an unknown value
RCX=0x0000000000000003 is an unknown value
RDX=0x0000000015ecf040 is an unknown value
RSP=0x0000000015ecf470 is an unknown value
RBP=0x00007ffc808b7408 is an unknown value
RSI=0x0000000000000000 is an unknown value
RDI=0x0000000000000f2c is an unknown value
R8 =0x00007ffc8d3c0d98 is an unknown value
R9 =0x0000000000000000 is an unknown value
R10=0x0000000015ecef68 is an unknown value
R11=0x0000000015ecef71 is an unknown value
R12=0x0000000027e98d20 is an unknown value
R13=0x000000001d5dbbd0 is an unknown value
R14=0x0000000027e98e28 is an unknown value
R15=0x0000000015ecf5e8 is an unknown value


Stack: [0x0000000015dd0000,0x0000000015ed0000],  sp=0x0000000015ecf470,  free space=1021k
Native frames: (J=compiled Java code, j=interpreted, Vv=VM code, C=native code)
C  [ntdll.dll+0x105a50]
C  [ntdll.dll+0xbc829]
C  [KERNEL32.DLL+0x1e6fa]
C  [MSVCR110.dll+0x752d]
C  [MSVCR110.dll+0x73c6]
C  [MSVCR110.dll+0x14cca]
C  [MSVCR110.dll+0x13edc]
C  [MSVCR110.dll+0x239e]
C  [MSVCR110.dll+0xaf9e]
C  [MSVCP110.dll+0x397b9]
C  [librdi_common.dll+0x183a66]
C  [librdi_common.dll+0x1826fb]
C  0x00007ffc745e2400
C  0x00007ffc745e2682
C  [ntdll.dll+0x2485f]
C  [ntdll.dll+0x4d43c]
C  [ntdll.dll+0x4d2f4]
C  [KERNEL32.DLL+0x1c0da]
C  [MSVCR100.dll+0x20ccd]
V  [jvm.dll+0x210cc5]
V  [jvm.dll+0x249897]
V  [jvm.dll+0x248b36]
V  [jvm.dll+0x248fd1]
V  [jvm.dll+0x2491ee]
V  [jvm.dll+0x29a0fa]
C  [MSVCR100.dll+0x21d9f]
C  [MSVCR100.dll+0x21e3b]
C  [KERNEL32.DLL+0x12774]
C  [ntdll.dll+0x70d51]

VM_Operation (0x000000000014f4c0): Exit, mode: safepoint, requested by thread 0x000000000293e000


---------------  P R O C E S S  ---------------

Java Threads: ( => current thread )
  0x0000000021215000 JavaThread "Thread-41" daemon [_thread_blocked, id=21348, stack(0x0000000029090000,0x0000000029190000)]
  0x0000000021217000 JavaThread "TCF Channel Transmitter" daemon [_thread_blocked, id=16440, stack(0x0000000026d90000,0x0000000026e90000)]
  0x000000002120d800 JavaThread "TCF Channel Receiver" daemon [_thread_blocked, id=14088, stack(0x0000000026c90000,0x0000000026d90000)]
  0x000000002120f000 JavaThread "Process monitor" daemon [_thread_in_native, id=16788, stack(0x0000000025d50000,0x0000000025e50000)]
  0x0000000021214000 JavaThread "Input Stream Monitor" daemon [_thread_blocked, id=22524, stack(0x0000000025c50000,0x0000000025d50000)]
  0x0000000021213800 JavaThread "Output Stream Monitor" daemon [_thread_in_native, id=6564, stack(0x0000000025b50000,0x0000000025c50000)]
  0x0000000021212800 JavaThread "Output Stream Monitor" daemon [_thread_in_native, id=15784, stack(0x0000000025a50000,0x0000000025b50000)]
  0x0000000021212000 JavaThread "TCF Locator DNS Lookup" daemon [_thread_blocked, id=21560, stack(0x0000000023840000,0x0000000023940000)]
  0x00000000176f0000 JavaThread "TCF Locator Timer" daemon [_thread_blocked, id=16692, stack(0x0000000023740000,0x0000000023840000)]
  0x00000000176ef000 JavaThread "TCF Locator Receiver" daemon [_thread_in_native, id=7528, stack(0x0000000023640000,0x0000000023740000)]
  0x00000000176f3800 JavaThread "TCF Timer Dispatcher" daemon [_thread_blocked, id=18240, stack(0x0000000022270000,0x0000000022370000)]
  0x000000001996d800 JavaThread "EMF Reference Cleaner" daemon [_thread_blocked, id=13248, stack(0x000000001b520000,0x000000001b620000)]
  0x000000001628c000 JavaThread "Service Thread" daemon [_thread_blocked, id=13776, stack(0x0000000016bc0000,0x0000000016cc0000)]
  0x00000000161f7000 JavaThread "C1 CompilerThread3" daemon [_thread_blocked, id=19056, stack(0x0000000016ac0000,0x0000000016bc0000)]
  0x00000000161f1000 JavaThread "C2 CompilerThread2" daemon [_thread_blocked, id=1836, stack(0x00000000169c0000,0x0000000016ac0000)]
  0x00000000161ef000 JavaThread "C2 CompilerThread1" daemon [_thread_blocked, id=13548, stack(0x00000000168c0000,0x00000000169c0000)]
  0x00000000161ec000 JavaThread "C2 CompilerThread0" daemon [_thread_blocked, id=20652, stack(0x00000000167c0000,0x00000000168c0000)]
  0x00000000161ea800 JavaThread "Attach Listener" daemon [_thread_blocked, id=21688, stack(0x00000000166c0000,0x00000000167c0000)]
  0x00000000161e9000 JavaThread "Signal Dispatcher" daemon [_thread_blocked, id=2492, stack(0x00000000165c0000,0x00000000166c0000)]
  0x00000000028a9800 JavaThread "Finalizer" daemon [_thread_blocked, id=22128, stack(0x0000000015fd0000,0x00000000160d0000)]
  0x00000000140fd800 JavaThread "Reference Handler" daemon [_thread_blocked, id=2828, stack(0x0000000015ed0000,0x0000000015fd0000)]
  0x000000000293e000 JavaThread "main" [_thread_blocked, id=16820, stack(0x0000000000050000,0x0000000000150000)]

Other Threads:
=>0x00000000140f9000 VMThread [stack: 0x0000000015dd0000,0x0000000015ed0000] [id=3412]

VM state:at safepoint (shutting down)

VM Mutex/Monitor currently owned by a thread:  ([mutex/lock_event])
[0x000000000293d490] Threads_lock - owner thread: 0x00000000140f9000

Heap:
 PSYoungGen      total 108544K, used 48739K [0x00000000f5580000, 0x00000000fd480000, 0x0000000100000000)
  eden space 95232K, 42% used [0x00000000f5580000,0x00000000f7ce0c08,0x00000000fb280000)
  from space 13312K, 63% used [0x00000000fc780000,0x00000000fcfb8380,0x00000000fd480000)
  to   space 17408K, 0% used [0x00000000fb280000,0x00000000fb280000,0x00000000fc380000)
 ParOldGen       total 84992K, used 53546K [0x00000000e0000000, 0x00000000e5300000, 0x00000000f5580000)
  object space 84992K, 63% used [0x00000000e0000000,0x00000000e344a890,0x00000000e5300000)
 Metaspace       used 93498K, capacity 100784K, committed 101144K, reserved 1136640K
  class space    used 10981K, capacity 13240K, committed 13360K, reserved 1048576K

Card table byte_map: [0x0000000011d00000,0x0000000011e10000] byte_map_base: 0x0000000011600000

Marking Bits: (ParMarkBitMap*) 0x00000000675ca5b0
 Begin Bits: [0x0000000012610000, 0x0000000012e10000)
 End Bits:   [0x0000000012e10000, 0x0000000013610000)

Polling page: 0x0000000002690000

CodeCache: size=245760Kb used=51753Kb max_used=52667Kb free=194006Kb
 bounds [0x0000000002940000, 0x0000000005d20000, 0x0000000011940000]
 total_blobs=14448 nmethods=13535 adapters=819
 compilation: enabled

Compilation events (10 events):
Event: 6630.959 Thread 0x00000000161f7000 17171       3       sun.misc.Unsafe::getAndSetObject (24 bytes)
Event: 6630.959 Thread 0x00000000161f7000 nmethod 17171 0x0000000003f8fb10 code [0x0000000003f8fc80, 0x0000000003f8fe90]
Event: 6630.959 Thread 0x00000000161f7000 17172       3       org.eclipse.osgi.internal.framework.EquinoxContainerAdaptor::invalidateWiring (186 bytes)
Event: 6630.961 Thread 0x00000000161f7000 nmethod 17172 0x0000000004e4c490 code [0x0000000004e4c860, 0x0000000004e4f1d8]
Event: 6630.961 Thread 0x00000000161f7000 17173   !   3       org.eclipse.osgi.container.ModuleDatabase::getRevisionsTimestamp (25 bytes)
Event: 6630.961 Thread 0x00000000161f7000 nmethod 17173 0x0000000004837fd0 code [0x00000000048381e0, 0x0000000004838f18]
Event: 6630.961 Thread 0x00000000161f7000 17174       3       org.eclipse.osgi.internal.framework.EquinoxContainerAdaptor::clearManifestCache (84 bytes)
Event: 6630.962 Thread 0x00000000161f7000 nmethod 17174 0x0000000003bbfb90 code [0x0000000003bbfde0, 0x0000000003bc14f8]
Event: 6630.962 Thread 0x00000000161f7000 17175   !   3       org.eclipse.osgi.storage.BundleInfo$Generation::clearManifestCache (30 bytes)
Event: 6630.963 Thread 0x00000000161f7000 nmethod 17175 0x0000000002fa6f90 code [0x0000000002fa7120, 0x0000000002fa7768]

GC Heap History (10 events):
Event: 1169.955 GC heap before
{Heap before GC invocations=38 (full 10):
 PSYoungGen      total 122368K, used 122088K [0x00000000f5580000, 0x00000000fed00000, 0x0000000100000000)
  eden space 114176K, 100% used [0x00000000f5580000,0x00000000fc500000,0x00000000fc500000)
  from space 8192K, 96% used [0x00000000fc900000,0x00000000fd0ba1b8,0x00000000fd100000)
  to   space 20480K, 0% used [0x00000000fd900000,0x00000000fd900000,0x00000000fed00000)
 ParOldGen       total 84992K, used 53506K [0x00000000e0000000, 0x00000000e5300000, 0x00000000f5580000)
  object space 84992K, 62% used [0x00000000e0000000,0x00000000e3440890,0x00000000e5300000)
 Metaspace       used 92003K, capacity 99336K, committed 99480K, reserved 1136640K
  class space    used 10874K, capacity 13106K, committed 13232K, reserved 1048576K
Event: 1169.969 GC heap after
Heap after GC invocations=38 (full 10):
 PSYoungGen      total 125440K, used 8680K [0x00000000f5580000, 0x00000000fe800000, 0x0000000100000000)
  eden space 110080K, 0% used [0x00000000f5580000,0x00000000f5580000,0x00000000fc100000)
  from space 15360K, 56% used [0x00000000fd900000,0x00000000fe17a1d8,0x00000000fe800000)
  to   space 19968K, 0% used [0x00000000fc100000,0x00000000fc100000,0x00000000fd480000)
 ParOldGen       total 84992K, used 53514K [0x00000000e0000000, 0x00000000e5300000, 0x00000000f5580000)
  object space 84992K, 62% used [0x00000000e0000000,0x00000000e3442890,0x00000000e5300000)
 Metaspace       used 92003K, capacity 99336K, committed 99480K, reserved 1136640K
  class space    used 10874K, capacity 13106K, committed 13232K, reserved 1048576K
}
Event: 1348.064 GC heap before
{Heap before GC invocations=39 (full 10):
 PSYoungGen      total 125440K, used 118760K [0x00000000f5580000, 0x00000000fe800000, 0x0000000100000000)
  eden space 110080K, 100% used [0x00000000f5580000,0x00000000fc100000,0x00000000fc100000)
  from space 15360K, 56% used [0x00000000fd900000,0x00000000fe17a1d8,0x00000000fe800000)
  to   space 19968K, 0% used [0x00000000fc100000,0x00000000fc100000,0x00000000fd480000)
 ParOldGen       total 84992K, used 53514K [0x00000000e0000000, 0x00000000e5300000, 0x00000000f5580000)
  object space 84992K, 62% used [0x00000000e0000000,0x00000000e3442890,0x00000000e5300000)
 Metaspace       used 92392K, capacity 99732K, committed 99992K, reserved 1136640K
  class space    used 10899K, capacity 13108K, committed 13232K, reserved 1048576K
Event: 1348.077 GC heap after
Heap after GC invocations=39 (full 10):
 PSYoungGen      total 113664K, used 7654K [0x00000000f5580000, 0x00000000fe200000, 0x0000000100000000)
  eden space 105984K, 0% used [0x00000000f5580000,0x00000000f5580000,0x00000000fbd00000)
  from space 7680K, 99% used [0x00000000fc100000,0x00000000fc879810,0x00000000fc880000)
  to   space 18944K, 0% used [0x00000000fcf80000,0x00000000fcf80000,0x00000000fe200000)
 ParOldGen       total 84992K, used 53522K [0x00000000e0000000, 0x00000000e5300000, 0x00000000f5580000)
  object space 84992K, 62% used [0x00000000e0000000,0x00000000e3444890,0x00000000e5300000)
 Metaspace       used 92392K, capacity 99732K, committed 99992K, reserved 1136640K
  class space    used 10899K, capacity 13108K, committed 13232K, reserved 1048576K
}
Event: 2103.605 GC heap before
{Heap before GC invocations=40 (full 10):
 PSYoungGen      total 113664K, used 113638K [0x00000000f5580000, 0x00000000fe200000, 0x0000000100000000)
  eden space 105984K, 100% used [0x00000000f5580000,0x00000000fbd00000,0x00000000fbd00000)
  from space 7680K, 99% used [0x00000000fc100000,0x00000000fc879810,0x00000000fc880000)
  to   space 18944K, 0% used [0x00000000fcf80000,0x00000000fcf80000,0x00000000fe200000)
 ParOldGen       total 84992K, used 53522K [0x00000000e0000000, 0x00000000e5300000, 0x00000000f5580000)
  object space 84992K, 62% used [0x00000000e0000000,0x00000000e3444890,0x00000000e5300000)
 Metaspace       used 92573K, capacity 99866K, committed 100248K, reserved 1136640K
  class space    used 10899K, capacity 13109K, committed 13232K, reserved 1048576K
Event: 2103.618 GC heap after
Heap after GC invocations=40 (full 10):
 PSYoungGen      total 115712K, used 8493K [0x00000000f5580000, 0x00000000fdc80000, 0x0000000100000000)
  eden space 102400K, 0% used [0x00000000f5580000,0x00000000f5580000,0x00000000fb980000)
  from space 13312K, 63% used [0x00000000fcf80000,0x00000000fd7cb7d8,0x00000000fdc80000)
  to   space 17920K, 0% used [0x00000000fb980000,0x00000000fb980000,0x00000000fcb00000)
 ParOldGen       total 84992K, used 53530K [0x00000000e0000000, 0x00000000e5300000, 0x00000000f5580000)
  object space 84992K, 62% used [0x00000000e0000000,0x00000000e3446890,0x00000000e5300000)
 Metaspace       used 92573K, capacity 99866K, committed 100248K, reserved 1136640K
  class space    used 10899K, capacity 13109K, committed 13232K, reserved 1048576K
}
Event: 4829.853 GC heap before
{Heap before GC invocations=41 (full 10):
 PSYoungGen      total 115712K, used 110881K [0x00000000f5580000, 0x00000000fdc80000, 0x0000000100000000)
  eden space 102400K, 99% used [0x00000000f5580000,0x00000000fb97cc38,0x00000000fb980000)
  from space 13312K, 63% used [0x00000000fcf80000,0x00000000fd7cb7d8,0x00000000fdc80000)
  to   space 17920K, 0% used [0x00000000fb980000,0x00000000fb980000,0x00000000fcb00000)
 ParOldGen       total 84992K, used 53530K [0x00000000e0000000, 0x00000000e5300000, 0x00000000f5580000)
  object space 84992K, 62% used [0x00000000e0000000,0x00000000e3446890,0x00000000e5300000)
 Metaspace       used 92647K, capacity 99994K, committed 100248K, reserved 1136640K
  class space    used 10899K, capacity 13109K, committed 13232K, reserved 1048576K
Event: 4829.889 GC heap after
Heap after GC invocations=41 (full 10):
 PSYoungGen      total 108544K, used 9293K [0x00000000f5580000, 0x00000000fd900000, 0x0000000100000000)
  eden space 98816K, 0% used [0x00000000f5580000,0x00000000f5580000,0x00000000fb600000)
  from space 9728K, 95% used [0x00000000fb980000,0x00000000fc293740,0x00000000fc300000)
  to   space 17920K, 0% used [0x00000000fc780000,0x00000000fc780000,0x00000000fd900000)
 ParOldGen       total 84992K, used 53538K [0x00000000e0000000, 0x00000000e5300000, 0x00000000f5580000)
  object space 84992K, 62% used [0x00000000e0000000,0x00000000e3448890,0x00000000e5300000)
 Metaspace       used 92647K, capacity 99994K, committed 100248K, reserved 1136640K
  class space    used 10899K, capacity 13109K, committed 13232K, reserved 1048576K
}
Event: 6624.902 GC heap before
{Heap before GC invocations=42 (full 10):
 PSYoungGen      total 108544K, used 108109K [0x00000000f5580000, 0x00000000fd900000, 0x0000000100000000)
  eden space 98816K, 100% used [0x00000000f5580000,0x00000000fb600000,0x00000000fb600000)
  from space 9728K, 95% used [0x00000000fb980000,0x00000000fc293740,0x00000000fc300000)
  to   space 17920K, 0% used [0x00000000fc780000,0x00000000fc780000,0x00000000fd900000)
 ParOldGen       total 84992K, used 53538K [0x00000000e0000000, 0x00000000e5300000, 0x00000000f5580000)
  object space 84992K, 62% used [0x00000000e0000000,0x00000000e3448890,0x00000000e5300000)
 Metaspace       used 92797K, capacity 100090K, committed 100248K, reserved 1136640K
  class space    used 10910K, capacity 13141K, committed 13232K, reserved 1048576K
Event: 6624.920 GC heap after
Heap after GC invocations=42 (full 10):
 PSYoungGen      total 108544K, used 8416K [0x00000000f5580000, 0x00000000fd480000, 0x0000000100000000)
  eden space 95232K, 0% used [0x00000000f5580000,0x00000000f5580000,0x00000000fb280000)
  from space 13312K, 63% used [0x00000000fc780000,0x00000000fcfb8380,0x00000000fd480000)
  to   space 17408K, 0% used [0x00000000fb280000,0x00000000fb280000,0x00000000fc380000)
 ParOldGen       total 84992K, used 53546K [0x00000000e0000000, 0x00000000e5300000, 0x00000000f5580000)
  object space 84992K, 63% used [0x00000000e0000000,0x00000000e344a890,0x00000000e5300000)
 Metaspace       used 92797K, capacity 100090K, committed 100248K, reserved 1136640K
  class space    used 10910K, capacity 13141K, committed 13232K, reserved 1048576K
}

Deoptimization events (10 events):
Event: 6630.770 Thread 0x000000001d338000 Uncommon trap: reason=unstable_if action=reinterpret pc=0x0000000004a2aca4 method=org.eclipse.core.internal.jobs.JobManager.nextJob()Lorg/eclipse/core/runtime/jobs/Job; @ 80
Event: 6630.771 Thread 0x000000001d338000 Uncommon trap: reason=unstable_if action=reinterpret pc=0x0000000005be000c method=org.eclipse.core.internal.jobs.WorkerPool.startJob(Lorg/eclipse/core/internal/jobs/Worker;)Lorg/eclipse/core/internal/jobs/InternalJob; @ 177
Event: 6630.771 Thread 0x00000000176f5000 Uncommon trap: reason=unstable_if action=reinterpret pc=0x000000000408ac3c method=org.eclipse.core.internal.jobs.JobManager.nextJob()Lorg/eclipse/core/runtime/jobs/Job; @ 80
Event: 6630.771 Thread 0x00000000176f5000 Uncommon trap: reason=unstable_if action=reinterpret pc=0x0000000005be000c method=org.eclipse.core.internal.jobs.WorkerPool.startJob(Lorg/eclipse/core/internal/jobs/Worker;)Lorg/eclipse/core/internal/jobs/InternalJob; @ 177
Event: 6630.771 Thread 0x00000000176f1800 Uncommon trap: reason=unstable_if action=reinterpret pc=0x0000000005be000c method=org.eclipse.core.internal.jobs.WorkerPool.startJob(Lorg/eclipse/core/internal/jobs/Worker;)Lorg/eclipse/core/internal/jobs/InternalJob; @ 177
Event: 6630.771 Thread 0x0000000021210800 Uncommon trap: reason=unstable_if action=reinterpret pc=0x0000000005be000c method=org.eclipse.core.internal.jobs.WorkerPool.startJob(Lorg/eclipse/core/internal/jobs/Worker;)Lorg/eclipse/core/internal/jobs/InternalJob; @ 177
Event: 6630.771 Thread 0x0000000021211000 Uncommon trap: reason=unstable_if action=reinterpret pc=0x0000000005be000c method=org.eclipse.core.internal.jobs.WorkerPool.startJob(Lorg/eclipse/core/internal/jobs/Worker;)Lorg/eclipse/core/internal/jobs/InternalJob; @ 177
Event: 6630.797 Thread 0x000000001d33c800 Uncommon trap: reason=unstable_if action=reinterpret pc=0x000000000539aec0 method=sun.reflect.UnsafeStaticObjectFieldAccessorImpl.set(Ljava/lang/Object;Ljava/lang/Object;)V @ 13
Event: 6630.798 Thread 0x0000000018899000 Uncommon trap: reason=unstable_if action=reinterpret pc=0x0000000003b96260 method=org.eclipse.osgi.framework.eventmgr.EventManager$EventThread.getNextEvent()Lorg/eclipse/osgi/framework/eventmgr/EventManager$EventThread$Queued; @ 15
Event: 6630.941 Thread 0x00000000176f6000 Uncommon trap: reason=unstable_if action=reinterpret pc=0x0000000003b96260 method=org.eclipse.osgi.framework.eventmgr.EventManager$EventThread.getNextEvent()Lorg/eclipse/osgi/framework/eventmgr/EventManager$EventThread$Queued; @ 15

Internal exceptions (10 events):
Event: 6629.443 Thread 0x000000000293e000 Exception <a 'java/io/FileNotFoundException'> (0x00000000f7242330) thrown at [C:\re\workspace\8-2-build-windows-amd64-cygwin\jdk8u66\5298\hotspot\src\share\vm\prims\jni.cpp, line 709]
Event: 6629.443 Thread 0x000000000293e000 Exception <a 'java/io/FileNotFoundException'> (0x00000000f7244218) thrown at [C:\re\workspace\8-2-build-windows-amd64-cygwin\jdk8u66\5298\hotspot\src\share\vm\prims\jni.cpp, line 709]
Event: 6629.569 Thread 0x000000002121a800 Exception <a 'java/lang/InterruptedException'> (0x00000000f76e0278) thrown at [C:\re\workspace\8-2-build-windows-amd64-cygwin\jdk8u66\5298\hotspot\src\share\vm\runtime\objectMonitor.cpp, line 1683]
Event: 6629.608 Thread 0x0000000018899000 Implicit null exception at 0x000000000506dd22 to 0x000000000506de75
Event: 6629.614 Thread 0x000000001d33c800 Implicit null exception at 0x000000000562408e to 0x00000000056248de
Event: 6630.769 Thread 0x00000000176f3000 Exception <a 'java/lang/InterruptedException'> (0x00000000f72776e8) thrown at [C:\re\workspace\8-2-build-windows-amd64-cygwin\jdk8u66\5298\hotspot\src\share\vm\runtime\objectMonitor.cpp, line 1683]
Event: 6630.797 Thread 0x000000001d33c800 Implicit null exception at 0x000000000539ab77 to 0x000000000539aead
Event: 6630.798 Thread 0x0000000018899000 Exception <a 'java/lang/InterruptedException'> (0x00000000f7a56120) thrown at [C:\re\workspace\8-2-build-windows-amd64-cygwin\jdk8u66\5298\hotspot\src\share\vm\runtime\objectMonitor.cpp, line 1683]
Event: 6630.940 Thread 0x00000000176f6000 Exception <a 'java/lang/InterruptedException'> (0x00000000f6db5248) thrown at [C:\re\workspace\8-2-build-windows-amd64-cygwin\jdk8u66\5298\hotspot\src\share\vm\runtime\objectMonitor.cpp, line 1683]
Event: 6630.941 Thread 0x00000000172ac000 Exception <a 'java/lang/InterruptedException'> (0x00000000f7c68818) thrown at [C:\re\workspace\8-2-build-windows-amd64-cygwin\jdk8u66\5298\hotspot\src\share\vm\runtime\objectMonitor.cpp, line 1683]

Events (10 events):
Event: 6630.979 loading class java/util/IdentityHashMap$KeyIterator done
Event: 6630.979 Thread 0x000000001d336800 Thread added: 0x000000001d336800
Event: 6630.980 Executing VM operation: RevokeBias
Event: 6630.980 Executing VM operation: RevokeBias done
Event: 6630.980 Executing VM operation: RevokeBias
Event: 6630.980 Executing VM operation: RevokeBias done
Event: 6630.980 Executing VM operation: RevokeBias
Event: 6630.980 Executing VM operation: RevokeBias done
Event: 6630.980 Thread 0x000000001d336800 Thread exited: 0x000000001d336800
Event: 6631.003 Executing VM operation: Exit


Dynamic libraries:
0x0000000000400000 - 0x000000000044f000 	C:\Xilinx\SDK\2016.3\eclipse\win64.o\eclipse.exe
0x00007ffc8d3a0000 - 0x00007ffc8d57b000 	C:\WINDOWS\SYSTEM32\ntdll.dll
0x00007ffc8b590000 - 0x00007ffc8b63e000 	C:\WINDOWS\System32\KERNEL32.DLL
0x00007ffc8a6b0000 - 0x00007ffc8a8f9000 	C:\WINDOWS\System32\KERNELBASE.dll
0x00007ffc8b840000 - 0x00007ffc8b98a000 	C:\WINDOWS\System32\USER32.dll
0x00007ffc8a450000 - 0x00007ffc8a46e000 	C:\WINDOWS\System32\win32u.dll
0x00007ffc8b2f0000 - 0x00007ffc8b317000 	C:\WINDOWS\System32\GDI32.dll
0x00007ffc8a520000 - 0x00007ffc8a6a7000 	C:\WINDOWS\System32\gdi32full.dll
0x00007ffc89b90000 - 0x00007ffc89c2a000 	C:\WINDOWS\System32\msvcp_win.dll
0x00007ffc89a90000 - 0x00007ffc89b86000 	C:\WINDOWS\System32\ucrtbase.dll
0x00007ffc8b640000 - 0x00007ffc8b6dd000 	C:\WINDOWS\System32\msvcrt.dll
0x00007ffc83370000 - 0x00007ffc835d7000 	C:\WINDOWS\WinSxS\amd64_microsoft.windows.common-controls_6595b64144ccf1df_6.0.15063.483_none_26002d27e7c744a2\COMCTL32.dll
0x00007ffc8b990000 - 0x00007ffc8bc89000 	C:\WINDOWS\System32\combase.dll
0x00007ffc8b6e0000 - 0x00007ffc8b805000 	C:\WINDOWS\System32\RPCRT4.dll
0x00007ffc89c30000 - 0x00007ffc89c9a000 	C:\WINDOWS\System32\bcryptPrimitives.dll
0x00007ffc8aa40000 - 0x00007ffc8aa6d000 	C:\WINDOWS\System32\IMM32.DLL
0x0000000072000000 - 0x0000000072012000 	C:\Xilinx\SDK\2016.3\eclipse\win64.o\plugins\org.eclipse.equinox.launcher.win32.win32.x86_64_1.1.300.v20150602-1417\eclipse_1611.dll
0x00007ffc8bda0000 - 0x00007ffc8be41000 	C:\WINDOWS\System32\ADVAPI32.dll
0x00007ffc8b530000 - 0x00007ffc8b589000 	C:\WINDOWS\System32\sechost.dll
0x00007ffc7e260000 - 0x00007ffc7e26a000 	C:\WINDOWS\SYSTEM32\VERSION.dll
0x00007ffc87ff0000 - 0x00007ffc88085000 	C:\WINDOWS\system32\uxtheme.dll
0x00007ffc8b0b0000 - 0x00007ffc8b216000 	C:\WINDOWS\System32\MSCTF.dll
0x00007ffc8a900000 - 0x00007ffc8a9c0000 	C:\WINDOWS\System32\OLEAUT32.dll
0x00007ffc699c0000 - 0x00007ffc69a61000 	C:\Program Files\Common Files\microsoft shared\ink\tiptsf.dll
0x0000000066dc0000 - 0x0000000067649000 	C:\Xilinx\SDK\2016.3\tps\win64\jre\bin\server\jvm.dll
0x00007ffc8b0a0000 - 0x00007ffc8b0a8000 	C:\WINDOWS\System32\PSAPI.DLL
0x00007ffc848d0000 - 0x00007ffc848f3000 	C:\WINDOWS\SYSTEM32\WINMM.dll
0x00007ffc85f90000 - 0x00007ffc85f99000 	C:\WINDOWS\SYSTEM32\WSOCK32.dll
0x0000000068bb0000 - 0x0000000068c82000 	C:\WINDOWS\SYSTEM32\MSVCR100.dll
0x00007ffc8b280000 - 0x00007ffc8b2ec000 	C:\WINDOWS\System32\WS2_32.dll
0x00007ffc848a0000 - 0x00007ffc848cb000 	C:\WINDOWS\SYSTEM32\winmmbase.dll
0x00007ffc8a470000 - 0x00007ffc8a4b9000 	C:\WINDOWS\System32\cfgmgr32.dll
0x0000000066c80000 - 0x0000000066c8f000 	C:\Xilinx\SDK\2016.3\tps\win64\jre\bin\verify.dll
0x0000000066c50000 - 0x0000000066c79000 	C:\Xilinx\SDK\2016.3\tps\win64\jre\bin\java.dll
0x0000000066c30000 - 0x0000000066c46000 	C:\Xilinx\SDK\2016.3\tps\win64\jre\bin\zip.dll
0x00007ffc8beb0000 - 0x00007ffc8d2e7000 	C:\WINDOWS\System32\SHELL32.dll
0x00007ffc8d2f0000 - 0x00007ffc8d39a000 	C:\WINDOWS\System32\shcore.dll
0x00007ffc89ca0000 - 0x00007ffc8a391000 	C:\WINDOWS\System32\windows.storage.dll
0x00007ffc8b220000 - 0x00007ffc8b271000 	C:\WINDOWS\System32\shlwapi.dll
0x00007ffc898a0000 - 0x00007ffc898b1000 	C:\WINDOWS\System32\kernel.appcore.dll
0x00007ffc89850000 - 0x00007ffc8989c000 	C:\WINDOWS\System32\powrprof.dll
0x00007ffc89810000 - 0x00007ffc89825000 	C:\WINDOWS\System32\profapi.dll
0x00007ffc892c0000 - 0x00007ffc892d7000 	C:\WINDOWS\SYSTEM32\CRYPTSP.dll
0x00007ffc88ce0000 - 0x00007ffc88d14000 	C:\WINDOWS\system32\rsaenh.dll
0x00007ffc893d0000 - 0x00007ffc893f5000 	C:\WINDOWS\SYSTEM32\bcrypt.dll
0x00007ffc89710000 - 0x00007ffc89739000 	C:\WINDOWS\SYSTEM32\USERENV.dll
0x00007ffc892e0000 - 0x00007ffc892eb000 	C:\WINDOWS\SYSTEM32\CRYPTBASE.dll
0x0000000066c10000 - 0x0000000066c2a000 	C:\Xilinx\SDK\2016.3\tps\win64\jre\bin\net.dll
0x00007ffc890c0000 - 0x00007ffc8911c000 	C:\WINDOWS\system32\mswsock.dll
0x00007ffc88e60000 - 0x00007ffc88e97000 	C:\WINDOWS\SYSTEM32\IPHLPAPI.DLL
0x00007ffc8b4c0000 - 0x00007ffc8b4c8000 	C:\WINDOWS\System32\NSI.dll
0x00007ffc83ab0000 - 0x00007ffc83ac6000 	C:\WINDOWS\SYSTEM32\dhcpcsvc6.DLL
0x00007ffc83a90000 - 0x00007ffc83aaa000 	C:\WINDOWS\SYSTEM32\dhcpcsvc.DLL
0x0000000066bf0000 - 0x0000000066c01000 	C:\Xilinx\SDK\2016.3\tps\win64\jre\bin\nio.dll
0x00007ffc712c0000 - 0x00007ffc71342000 	C:\WINDOWS\System32\TextInputFramework.dll
0x00007ffc70fe0000 - 0x00007ffc712b2000 	C:\WINDOWS\System32\CoreUIComponents.dll
0x00007ffc86590000 - 0x00007ffc86673000 	C:\WINDOWS\System32\CoreMessaging.dll
0x00007ffc86740000 - 0x00007ffc86755000 	C:\WINDOWS\SYSTEM32\usermgrcli.dll
0x00007ffc88a10000 - 0x00007ffc88a41000 	C:\WINDOWS\SYSTEM32\ntmarta.dll
0x00007ffc87890000 - 0x00007ffc879c9000 	C:\WINDOWS\SYSTEM32\wintypes.dll
0x00007ffc7f700000 - 0x00007ffc7f72a000 	C:\WINDOWS\system32\dwmapi.dll
0x00007ffc8abc0000 - 0x00007ffc8ac5e000 	C:\WINDOWS\System32\clbcatq.dll
0x00007ffc6dbe0000 - 0x00007ffc6dda5000 	C:\Windows\System32\uiautomationcore.dll
0x00007ffc89670000 - 0x00007ffc8970a000 	C:\WINDOWS\SYSTEM32\sxs.dll
0x00007ffc7f690000 - 0x00007ffc7f6fb000 	C:\Windows\System32\OLEACC.dll
0x00007ffc815b0000 - 0x00007ffc815c6000 	C:\WINDOWS\system32\napinsp.dll
0x00007ffc81590000 - 0x00007ffc815aa000 	C:\WINDOWS\system32\pnrpnsp.dll
0x00007ffc85470000 - 0x00007ffc85488000 	C:\WINDOWS\system32\NLAapi.dll
0x00007ffc88ea0000 - 0x00007ffc88f44000 	C:\WINDOWS\SYSTEM32\DNSAPI.dll
0x00007ffc7fdf0000 - 0x00007ffc7fdfe000 	C:\WINDOWS\System32\winrnr.dll
0x00007ffc84bf0000 - 0x00007ffc84c05000 	C:\WINDOWS\System32\wshbth.dll
0x00007ffc7f5f0000 - 0x00007ffc7f5fa000 	C:\Windows\System32\rasadhlp.dll
0x00007ffc83ae0000 - 0x00007ffc83b4b000 	C:\WINDOWS\System32\fwpuclnt.dll
0x00007ffc8aa70000 - 0x00007ffc8abb5000 	C:\WINDOWS\System32\ole32.dll
0x000000001ad20000 - 0x000000001adc8000 	C:\Users\Mihir Shah\.Xilinx\SDK\2016.3\org.eclipse.osgi\319\0\.cp\swt-win32-4527.dll
0x00007ffc8bc90000 - 0x00007ffc8bd98000 	C:\WINDOWS\System32\comdlg32.dll
0x00007ffc898c0000 - 0x00007ffc89a89000 	C:\WINDOWS\System32\CRYPT32.dll
0x00007ffc89830000 - 0x00007ffc89841000 	C:\WINDOWS\System32\MSASN1.dll
0x00007ffc832b0000 - 0x00007ffc8333a000 	C:\WINDOWS\SYSTEM32\WINSPOOL.DRV
0x00007ffc75c50000 - 0x00007ffc75c69000 	C:\WINDOWS\SYSTEM32\USP10.dll
0x00007ffc71a60000 - 0x00007ffc71d8e000 	C:\WINDOWS\SYSTEM32\WININET.dll
0x00007ffc84c40000 - 0x00007ffc84dd6000 	C:\WINDOWS\SYSTEM32\propsys.dll
0x000000001b280000 - 0x000000001b29e000 	C:\Users\Mihir Shah\.Xilinx\SDK\2016.3\org.eclipse.osgi\319\0\.cp\swt-gdip-win32-4527.dll
0x00007ffc83110000 - 0x00007ffc832a5000 	C:\WINDOWS\WinSxS\amd64_microsoft.windows.gdiplus_6595b64144ccf1df_1.1.15063.608_none_56f0266b425534e9\gdiplus.dll
0x00007ffc72db0000 - 0x00007ffc72f5c000 	C:\WINDOWS\SYSTEM32\WindowsCodecs.dll
0x0000000180000000 - 0x0000000180012000 	C:\Users\Mihir Shah\.Xilinx\SDK\2016.3\org.eclipse.osgi\133\0\.cp\os\win32\x86_64\localfile_1_0_0.dll
0x00007ffc88290000 - 0x00007ffc88400000 	C:\WINDOWS\system32\twinapi.appcore.dll
0x00007ffc835e0000 - 0x00007ffc835e7000 	C:\WINDOWS\SYSTEM32\msimg32.dll
0x00007ffc85650000 - 0x00007ffc85661000 	C:\Users\Mihir Shah\.Xilinx\SDK\2016.3\org.eclipse.osgi\136\0\.cp\jWinHttp-1.0.0.dll
0x00007ffc7fa10000 - 0x00007ffc7fae6000 	C:\WINDOWS\SYSTEM32\WINHTTP.dll
0x00007ffc85570000 - 0x00007ffc8557f000 	C:\Xilinx\SDK\2016.3\lib\win64.o\librdi_repo_manager.dll
0x00007ffc79980000 - 0x00007ffc799aa000 	C:\Xilinx\SDK\2016.3\lib\win64.o\libisl_sysinfo.dll
0x00007ffc6ba80000 - 0x00007ffc6bad3000 	C:\Xilinx\SDK\2016.3\lib\win64.o\librdi_commonxillic.dll
0x00007ffc0ebc0000 - 0x00007ffc0f669000 	C:\Xilinx\SDK\2016.3\lib\win64.o\librdi_common.dll
0x00007ffc802a0000 - 0x00007ffc80347000 	C:\WINDOWS\SYSTEM32\MSVCP110.dll
0x00007ffc808b0000 - 0x00007ffc80984000 	C:\WINDOWS\SYSTEM32\MSVCR110.dll
0x00007ffc51d60000 - 0x00007ffc51e66000 	C:\Xilinx\SDK\2016.3\lib\win64.o\libboost_regex.dll
0x00007ffc1b550000 - 0x00007ffc1b76f000 	C:\Xilinx\SDK\2016.3\lib\win64.o\libXil_lmgr11.dll
0x00007ffc75fc0000 - 0x00007ffc75fe4000 	C:\Xilinx\SDK\2016.3\lib\win64.o\libboost_filesystem.dll
0x00007ffc8a4c0000 - 0x00007ffc8a516000 	C:\WINDOWS\System32\WINTRUST.dll
0x00007ffc814c0000 - 0x00007ffc814c9000 	C:\Xilinx\SDK\2016.3\lib\win64.o\libboost_system.dll
0x00007ffc0e850000 - 0x00007ffc0ebbe000 	C:\Xilinx\SDK\2016.3\lib\win64.o\libCOIN-all.dll
0x00007ffc81460000 - 0x00007ffc81470000 	C:\Xilinx\SDK\2016.3\lib\win64.o\libboost_date_time.dll
0x00007ffc5a490000 - 0x00007ffc5a507000 	C:\Xilinx\SDK\2016.3\lib\win64.o\libboost_program_options.dll
0x00007ffc79a90000 - 0x00007ffc79aa3000 	C:\Xilinx\SDK\2016.3\lib\win64.o\libboost_signals.dll
0x00007ffc753d0000 - 0x00007ffc753ed000 	C:\Xilinx\SDK\2016.3\lib\win64.o\libboost_thread.dll
0x00007ffc79440000 - 0x00007ffc7944b000 	C:\Xilinx\SDK\2016.3\lib\win64.o\libboost_xilinx.dll
0x00007ffc56850000 - 0x00007ffc568d0000 	C:\Xilinx\SDK\2016.3\lib\win64.o\libhdlpsolve.dll
0x00007ffc526f0000 - 0x00007ffc5278a000 	C:\Xilinx\SDK\2016.3\lib\win64.o\libhdxml.dll
0x00007ffc0e480000 - 0x00007ffc0e849000 	C:\Xilinx\SDK\2016.3\lib\win64.o\libisl_iostreams.dll
0x00007ffc51810000 - 0x00007ffc51940000 	C:\Xilinx\SDK\2016.3\lib\win64.o\librdi_curl.dll
0x00007ffc753b0000 - 0x00007ffc753c8000 	C:\Xilinx\SDK\2016.3\lib\win64.o\librdiconfig.dll
0x00007ffc750d0000 - 0x00007ffc750f3000 	C:\Xilinx\SDK\2016.3\lib\win64.o\librdizlib.dll
0x0000000066c90000 - 0x0000000066db7000 	C:\Xilinx\SDK\2016.3\lib\win64.o\tcl85t.dll
0x00007ffc7c4c0000 - 0x00007ffc7c687000 	C:\WINDOWS\SYSTEM32\urlmon.dll
0x00007ffc6c0d0000 - 0x00007ffc6c0f3000 	C:\WINDOWS\SYSTEM32\VCOMP110.DLL
0x00007ffc7a6f0000 - 0x00007ffc7a707000 	C:\WINDOWS\SYSTEM32\NETAPI32.dll
0x00007ffc75b60000 - 0x00007ffc75b6b000 	C:\Xilinx\SDK\2016.3\lib\win64.o\libboost_chrono.dll
0x00007ffc73f20000 - 0x00007ffc73f36000 	C:\Xilinx\SDK\2016.3\lib\win64.o\libboost_iostreams.dll
0x00007ffc7b840000 - 0x00007ffc7baca000 	C:\WINDOWS\SYSTEM32\iertutil.dll
0x00007ffc6d6a0000 - 0x00007ffc6d6c3000 	C:\Xilinx\SDK\2016.3\lib\win64.o\libisl_iosutils.dll
0x00007ffc73f00000 - 0x00007ffc73f15000 	C:\Xilinx\SDK\2016.3\lib\win64.o\pthreadVC2.dll
0x00007ffc14150000 - 0x00007ffc14348000 	C:\Xilinx\SDK\2016.3\lib\win64.o\librdi_hsm.dll
0x00007ffc59a40000 - 0x00007ffc59a83000 	C:\Xilinx\SDK\2016.3\lib\win64.o\librdi_hdf.dll
0x00007ffc0e1b0000 - 0x00007ffc0e476000 	C:\Xilinx\SDK\2016.3\lib\win64.o\librdi_ippcw.dll
0x00000000257e0000 - 0x0000000025a43000 	C:\Xilinx\SDK\2016.3\lib\win64.o\xerces-c_3_1.dll
0x00007ffc86770000 - 0x00007ffc867b4000 	C:\WINDOWS\SYSTEM32\edputil.dll
0x00007ffc750c0000 - 0x00007ffc750ca000 	C:\Xilinx\SDK\2016.3\lib\win64.o\librdi_jtag_settings.dll

VM Arguments:
jvm_args: -Dcom.xilinx.sdk.args.hwspec=C:/JPEG_Thesis_2/BRAM_System_Final/BRAM_System_Final.sdk/bram_design_system_wrapper.hdf -Xms64m -Xmx512m & 
java_command: <unknown>
java_class_path (initial): C:\Xilinx\SDK\2016.3\eclipse\win64.o\\plugins/org.eclipse.equinox.launcher_1.3.100.v20150511-1540.jar
Launcher Type: generic

Environment Variables:
PATH=C:/Xilinx/SDK/2016.3/tps/win64/jre/bin/server;C:/Xilinx/SDK/2016.3/tps/win64/jre/bin;C:/Xilinx/SDK/2016.3/tps/win64/jre/lib/amd64;C:\Xilinx\SDK\2016.3\gnuwin\bin;C:\Xilinx\SDK\2016.3\gnu\microblaze\nt\bin;C:\Xilinx\SDK\2016.3\gnu\microblaze\linux_toolchain\nt64_le\bin;C:\Xilinx\SDK\2016.3\gnu\microblaze\linux_toolchain\nt64_be\bin;C:\Xilinx\SDK\2016.3\gnu\arm\nt\bin;C:\Xilinx\SDK\2016.3\gnu\aarch64\nt\aarch64-none\bin;C:\Xilinx\SDK\2016.3\gnu\aarch64\nt\aarch64-linux\bin;C:\Xilinx\SDK\2016.3\gnu\armr5\nt\gcc-arm-none-eabi\bin;C:\Xilinx\SDK\2016.3\gnu\aarch32\nt\gcc-arm-none-eabi\bin;C:\Xilinx\SDK\2016.3\gnu\aarch32\nt\gcc-arm-linux-gnueabi\bin;C:\Xilinx\SDK\2016.3\tps\win64\cmake-3.3.2\bin;;C:\Xilinx\SDK\2016.3\bin;C:\Xilinx\SDK\2016.3\lib\win64.o;C:\Xilinx\SDK\2016.3\tps\win64\jre\bin\server;C:\Xilinx\SDK\2016.3\tps\win64\jre\bin;C:\Xilinx\Vivado\2016.3\ids_lite\ISE\bin\nt64;C:\Xilinx\Vivado\2016.3\ids_lite\ISE\lib\nt64;C:\Xilinx\Vivado\2016.3\bin;C:\Xilinx\Vivado\2016.3\lib\win64.o;C:\Xilinx\Vivado\2016.3\tps\win64\jre\bin\server;C:\Xilinx\Vivado\2016.3\tps\win64\jre\bin;C:\Xilinx\Vivado_HLS\2016.3\bin;C:\Program Files\SlickEdit Pro 21.0.3\win\;C:\Perl64\site\bin;C:\Perl64\bin;C:\ProgramData\Oracle\Java\javapath;C:\Windows\system32;C:\Windows;C:\Windows\System32\Wbem;C:\Windows\System32\WindowsPowerShell\v1.0\;C:\Program Files (x86)\NVIDIA Corporation\PhysX\Common;C:\MinGW\bin;C:\Python27;C:\Program Files\Intel\WiFi\bin\;C:\Program Files\Common Files\Intel\WirelessCommon\;C:\Users\Mihir Shah\AppData\Local\Microsoft\WindowsApps;C:\intelFPGA\16.1\modelsim_ase\win32aloem;;c:\JPEG_Thesis_2\BRAM_System_Final;
USERNAME=Mihir Shah
OS=Windows_NT
PROCESSOR_IDENTIFIER=Intel64 Family 6 Model 94 Stepping 3, GenuineIntel



---------------  S Y S T E M  ---------------

OS: Windows 10.0 , 64 bit Build 15063 (10.0.15063.296)

CPU:total 8 (4 cores per cpu, 2 threads per core) family 6 model 94 stepping 3, cmov, cx8, fxsr, mmx, sse, sse2, sse3, ssse3, sse4.1, sse4.2, popcnt, avx, avx2, aes, clmul, erms, rtm, 3dnowpref, lzcnt, ht, tsc, tscinvbit, bmi1, bmi2, adx

Memory: 4k page, physical 8258516k(1892888k free), swap 19268564k(6361568k free)

vm_info: Java HotSpot(TM) 64-Bit Server VM (25.66-b18) for windows-amd64 JRE (1.8.0_66-b18), built on Nov  9 2015 10:51:13 by "java_re" with MS VC++ 10.0 (VS2010)

time: Sat Nov 18 23:03:48 2017
elapsed time: 6634 seconds (0d 1h 50m 34s)

