
*** Running vivado
    with args -log jpeg.vds -m64 -product Vivado -mode batch -messageDb vivado.pb -notrace -source jpeg.tcl


****** Vivado v2016.3 (64-bit)
  **** SW Build 1682563 on Mon Oct 10 19:07:27 MDT 2016
  **** IP Build 1681267 on Mon Oct 10 21:28:31 MDT 2016
    ** Copyright 1986-2016 Xilinx, Inc. All Rights Reserved.

source jpeg.tcl -notrace
Command: synth_design -top jpeg -part xc7z020clg484-1
Starting synth_design
Attempting to get a license for feature 'Synthesis' and/or device 'xc7z020'
INFO: [Common 17-349] Got license for feature 'Synthesis' and/or device 'xc7z020'
INFO: Launching helper process for spawning children vivado processes
INFO: Helper process launched with PID 6224 
---------------------------------------------------------------------------------
Starting Synthesize : Time (s): cpu = 00:00:06 ; elapsed = 00:00:10 . Memory (MB): peak = 321.699 ; gain = 111.684
---------------------------------------------------------------------------------
INFO: [Synth 8-638] synthesizing module 'jpeg' [C:/JPEG_Thesis_2/Final_PR/RLE/RLE.srcs/sources_1/new/jpeg.v:12]
INFO: [Synth 8-638] synthesizing module 'jpeg_fsm' [C:/JPEG_Thesis_2/Final_PR/RLE/RLE.srcs/sources_1/new/jpeg.v:667]
	Parameter ST1_01 bound to: 8'b00000000 
	Parameter ST1_02 bound to: 8'b00000001 
	Parameter ST1_03 bound to: 8'b00000010 
	Parameter ST1_04 bound to: 8'b00000011 
	Parameter ST1_05 bound to: 8'b00000100 
	Parameter ST1_06 bound to: 8'b00000101 
	Parameter ST1_07 bound to: 8'b00000110 
	Parameter ST1_08 bound to: 8'b00000111 
	Parameter ST1_09 bound to: 8'b00001000 
	Parameter ST1_10 bound to: 8'b00001001 
	Parameter ST1_11 bound to: 8'b00001010 
	Parameter ST1_12 bound to: 8'b00001011 
	Parameter ST1_13 bound to: 8'b00001100 
	Parameter ST1_14 bound to: 8'b00001101 
	Parameter ST1_15 bound to: 8'b00001110 
	Parameter ST1_16 bound to: 8'b00001111 
	Parameter ST1_17 bound to: 8'b00010000 
	Parameter ST1_18 bound to: 8'b00010001 
	Parameter ST1_19 bound to: 8'b00010010 
	Parameter ST1_20 bound to: 8'b00010011 
	Parameter ST1_21 bound to: 8'b00010100 
	Parameter ST1_22 bound to: 8'b00010101 
	Parameter ST1_23 bound to: 8'b00010110 
	Parameter ST1_24 bound to: 8'b00010111 
	Parameter ST1_25 bound to: 8'b00011000 
	Parameter ST1_26 bound to: 8'b00011001 
	Parameter ST1_27 bound to: 8'b00011010 
	Parameter ST1_28 bound to: 8'b00011011 
	Parameter ST1_29 bound to: 8'b00011100 
	Parameter ST1_30 bound to: 8'b00011101 
	Parameter ST1_31 bound to: 8'b00011110 
	Parameter ST1_32 bound to: 8'b00011111 
	Parameter ST1_33 bound to: 8'b00100000 
	Parameter ST1_34 bound to: 8'b00100001 
	Parameter ST1_35 bound to: 8'b00100010 
	Parameter ST1_36 bound to: 8'b00100011 
	Parameter ST1_37 bound to: 8'b00100100 
	Parameter ST1_38 bound to: 8'b00100101 
	Parameter ST1_39 bound to: 8'b00100110 
	Parameter ST1_40 bound to: 8'b00100111 
	Parameter ST1_41 bound to: 8'b00101000 
	Parameter ST1_42 bound to: 8'b00101001 
	Parameter ST1_43 bound to: 8'b00101010 
	Parameter ST1_44 bound to: 8'b00101011 
	Parameter ST1_45 bound to: 8'b00101100 
	Parameter ST1_46 bound to: 8'b00101101 
	Parameter ST1_47 bound to: 8'b00101110 
	Parameter ST1_48 bound to: 8'b00101111 
	Parameter ST1_49 bound to: 8'b00110000 
	Parameter ST1_50 bound to: 8'b00110001 
	Parameter ST1_51 bound to: 8'b00110010 
	Parameter ST1_52 bound to: 8'b00110011 
	Parameter ST1_53 bound to: 8'b00110100 
	Parameter ST1_54 bound to: 8'b00110101 
	Parameter ST1_55 bound to: 8'b00110110 
	Parameter ST1_56 bound to: 8'b00110111 
	Parameter ST1_57 bound to: 8'b00111000 
	Parameter ST1_58 bound to: 8'b00111001 
	Parameter ST1_59 bound to: 8'b00111010 
	Parameter ST1_60 bound to: 8'b00111011 
	Parameter ST1_61 bound to: 8'b00111100 
	Parameter ST1_62 bound to: 8'b00111101 
	Parameter ST1_63 bound to: 8'b00111110 
	Parameter ST1_64 bound to: 8'b00111111 
	Parameter ST1_65 bound to: 8'b01000000 
	Parameter ST1_66 bound to: 8'b01000001 
	Parameter ST1_67 bound to: 8'b01000010 
	Parameter ST1_68 bound to: 8'b01000011 
	Parameter ST1_69 bound to: 8'b01000100 
	Parameter ST1_70 bound to: 8'b01000101 
	Parameter ST1_71 bound to: 8'b01000110 
	Parameter ST1_72 bound to: 8'b01000111 
	Parameter ST1_73 bound to: 8'b01001000 
	Parameter ST1_74 bound to: 8'b01001001 
	Parameter ST1_75 bound to: 8'b01001010 
	Parameter ST1_76 bound to: 8'b01001011 
	Parameter ST1_77 bound to: 8'b01001100 
	Parameter ST1_78 bound to: 8'b01001101 
	Parameter ST1_79 bound to: 8'b01001110 
	Parameter ST1_80 bound to: 8'b01001111 
	Parameter ST1_81 bound to: 8'b01010000 
	Parameter ST1_82 bound to: 8'b01010001 
	Parameter ST1_83 bound to: 8'b01010010 
	Parameter ST1_84 bound to: 8'b01010011 
	Parameter ST1_85 bound to: 8'b01010100 
	Parameter ST1_86 bound to: 8'b01010101 
	Parameter ST1_87 bound to: 8'b01010110 
	Parameter ST1_88 bound to: 8'b01010111 
	Parameter ST1_89 bound to: 8'b01011000 
	Parameter ST1_90 bound to: 8'b01011001 
	Parameter ST1_91 bound to: 8'b01011010 
	Parameter ST1_92 bound to: 8'b01011011 
	Parameter ST1_93 bound to: 8'b01011100 
	Parameter ST1_94 bound to: 8'b01011101 
	Parameter ST1_95 bound to: 8'b01011110 
	Parameter ST1_96 bound to: 8'b01011111 
	Parameter ST1_97 bound to: 8'b01100000 
	Parameter ST1_98 bound to: 8'b01100001 
	Parameter ST1_99 bound to: 8'b01100010 
	Parameter ST1_100 bound to: 8'b01100011 
	Parameter ST1_101 bound to: 8'b01100100 
	Parameter ST1_102 bound to: 8'b01100101 
	Parameter ST1_103 bound to: 8'b01100110 
	Parameter ST1_104 bound to: 8'b01100111 
	Parameter ST1_105 bound to: 8'b01101000 
	Parameter ST1_106 bound to: 8'b01101001 
	Parameter ST1_107 bound to: 8'b01101010 
	Parameter ST1_108 bound to: 8'b01101011 
	Parameter ST1_109 bound to: 8'b01101100 
	Parameter ST1_110 bound to: 8'b01101101 
	Parameter ST1_111 bound to: 8'b01101110 
	Parameter ST1_112 bound to: 8'b01101111 
	Parameter ST1_113 bound to: 8'b01110000 
	Parameter ST1_114 bound to: 8'b01110001 
	Parameter ST1_115 bound to: 8'b01110010 
	Parameter ST1_116 bound to: 8'b01110011 
	Parameter ST1_117 bound to: 8'b01110100 
	Parameter ST1_118 bound to: 8'b01110101 
	Parameter ST1_119 bound to: 8'b01110110 
	Parameter ST1_120 bound to: 8'b01110111 
	Parameter ST1_121 bound to: 8'b01111000 
	Parameter ST1_122 bound to: 8'b01111001 
	Parameter ST1_123 bound to: 8'b01111010 
	Parameter ST1_124 bound to: 8'b01111011 
	Parameter ST1_125 bound to: 8'b01111100 
	Parameter ST1_126 bound to: 8'b01111101 
	Parameter ST1_127 bound to: 8'b01111110 
	Parameter ST1_128 bound to: 8'b01111111 
	Parameter ST1_129 bound to: 8'b10000000 
	Parameter ST1_130 bound to: 8'b10000001 
	Parameter ST1_131 bound to: 8'b10000010 
	Parameter ST1_132 bound to: 8'b10000011 
	Parameter ST1_133 bound to: 8'b10000100 
	Parameter ST1_134 bound to: 8'b10000101 
	Parameter ST1_135 bound to: 8'b10000110 
	Parameter ST1_136 bound to: 8'b10000111 
	Parameter ST1_137 bound to: 8'b10001000 
	Parameter ST1_138 bound to: 8'b10001001 
	Parameter ST1_139 bound to: 8'b10001010 
	Parameter ST1_140 bound to: 8'b10001011 
	Parameter ST1_141 bound to: 8'b10001100 
	Parameter ST1_142 bound to: 8'b10001101 
	Parameter ST1_143 bound to: 8'b10001110 
	Parameter ST1_144 bound to: 8'b10001111 
	Parameter ST1_145 bound to: 8'b10010000 
	Parameter ST1_146 bound to: 8'b10010001 
	Parameter ST1_147 bound to: 8'b10010010 
	Parameter ST1_148 bound to: 8'b10010011 
	Parameter ST1_149 bound to: 8'b10010100 
	Parameter ST1_150 bound to: 8'b10010101 
	Parameter ST1_151 bound to: 8'b10010110 
	Parameter ST1_152 bound to: 8'b10010111 
	Parameter ST1_153 bound to: 8'b10011000 
	Parameter ST1_154 bound to: 8'b10011001 
	Parameter ST1_155 bound to: 8'b10011010 
	Parameter ST1_156 bound to: 8'b10011011 
	Parameter ST1_157 bound to: 8'b10011100 
	Parameter ST1_158 bound to: 8'b10011101 
	Parameter ST1_159 bound to: 8'b10011110 
	Parameter ST1_160 bound to: 8'b10011111 
	Parameter ST1_161 bound to: 8'b10100000 
	Parameter ST1_162 bound to: 8'b10100001 
	Parameter ST1_163 bound to: 8'b10100010 
	Parameter ST1_164 bound to: 8'b10100011 
	Parameter ST1_165 bound to: 8'b10100100 
	Parameter ST1_166 bound to: 8'b10100101 
	Parameter ST1_167 bound to: 8'b10100110 
	Parameter ST1_168 bound to: 8'b10100111 
	Parameter ST1_169 bound to: 8'b10101000 
	Parameter ST1_170 bound to: 8'b10101001 
	Parameter ST1_171 bound to: 8'b10101010 
	Parameter ST1_172 bound to: 8'b10101011 
	Parameter ST1_173 bound to: 8'b10101100 
	Parameter ST1_174 bound to: 8'b10101101 
	Parameter ST1_175 bound to: 8'b10101110 
	Parameter ST1_176 bound to: 8'b10101111 
	Parameter ST1_177 bound to: 8'b10110000 
	Parameter ST1_178 bound to: 8'b10110001 
	Parameter ST1_179 bound to: 8'b10110010 
	Parameter ST1_180 bound to: 8'b10110011 
	Parameter ST1_181 bound to: 8'b10110100 
	Parameter ST1_182 bound to: 8'b10110101 
	Parameter ST1_183 bound to: 8'b10110110 
	Parameter ST1_184 bound to: 8'b10110111 
	Parameter ST1_185 bound to: 8'b10111000 
	Parameter ST1_186 bound to: 8'b10111001 
	Parameter ST1_187 bound to: 8'b10111010 
	Parameter ST1_188 bound to: 8'b10111011 
	Parameter ST1_189 bound to: 8'b10111100 
	Parameter ST1_190 bound to: 8'b10111101 
	Parameter ST1_191 bound to: 8'b10111110 
	Parameter ST1_192 bound to: 8'b10111111 
	Parameter ST1_193 bound to: 8'b11000000 
	Parameter ST1_194 bound to: 8'b11000001 
	Parameter ST1_195 bound to: 8'b11000010 
	Parameter ST1_196 bound to: 8'b11000011 
	Parameter ST1_197 bound to: 8'b11000100 
	Parameter ST1_198 bound to: 8'b11000101 
	Parameter ST1_199 bound to: 8'b11000110 
	Parameter ST1_200 bound to: 8'b11000111 
	Parameter ST1_201 bound to: 8'b11001000 
	Parameter ST1_202 bound to: 8'b11001001 
	Parameter ST1_203 bound to: 8'b11001010 
	Parameter ST1_204 bound to: 8'b11001011 
	Parameter ST1_205 bound to: 8'b11001100 
	Parameter ST1_206 bound to: 8'b11001101 
	Parameter ST1_207 bound to: 8'b11001110 
INFO: [Synth 8-256] done synthesizing module 'jpeg_fsm' (1#1) [C:/JPEG_Thesis_2/Final_PR/RLE/RLE.srcs/sources_1/new/jpeg.v:667]
INFO: [Synth 8-638] synthesizing module 'jpeg_dat' [C:/JPEG_Thesis_2/Final_PR/RLE/RLE.srcs/sources_1/new/jpeg.v:1777]
INFO: [Synth 8-638] synthesizing module 'jpeg_decr32s' [C:/JPEG_Thesis_2/Final_PR/RLE/RLE.srcs/sources_1/new/jpeg.v:4953]
INFO: [Synth 8-256] done synthesizing module 'jpeg_decr32s' (2#1) [C:/JPEG_Thesis_2/Final_PR/RLE/RLE.srcs/sources_1/new/jpeg.v:4953]
INFO: [Synth 8-638] synthesizing module 'jpeg_decr8u_7' [C:/JPEG_Thesis_2/Final_PR/RLE/RLE.srcs/sources_1/new/jpeg.v:4961]
INFO: [Synth 8-256] done synthesizing module 'jpeg_decr8u_7' (3#1) [C:/JPEG_Thesis_2/Final_PR/RLE/RLE.srcs/sources_1/new/jpeg.v:4961]
INFO: [Synth 8-638] synthesizing module 'jpeg_incr32s' [C:/JPEG_Thesis_2/Final_PR/RLE/RLE.srcs/sources_1/new/jpeg.v:4969]
INFO: [Synth 8-256] done synthesizing module 'jpeg_incr32s' (4#1) [C:/JPEG_Thesis_2/Final_PR/RLE/RLE.srcs/sources_1/new/jpeg.v:4969]
INFO: [Synth 8-638] synthesizing module 'jpeg_incr8u' [C:/JPEG_Thesis_2/Final_PR/RLE/RLE.srcs/sources_1/new/jpeg.v:4977]
INFO: [Synth 8-256] done synthesizing module 'jpeg_incr8u' (5#1) [C:/JPEG_Thesis_2/Final_PR/RLE/RLE.srcs/sources_1/new/jpeg.v:4977]
INFO: [Synth 8-638] synthesizing module 'jpeg_incr4s' [C:/JPEG_Thesis_2/Final_PR/RLE/RLE.srcs/sources_1/new/jpeg.v:4985]
INFO: [Synth 8-256] done synthesizing module 'jpeg_incr4s' (6#1) [C:/JPEG_Thesis_2/Final_PR/RLE/RLE.srcs/sources_1/new/jpeg.v:4985]
INFO: [Synth 8-638] synthesizing module 'jpeg_lop8u_1' [C:/JPEG_Thesis_2/Final_PR/RLE/RLE.srcs/sources_1/new/jpeg.v:4993]
INFO: [Synth 8-256] done synthesizing module 'jpeg_lop8u_1' (7#1) [C:/JPEG_Thesis_2/Final_PR/RLE/RLE.srcs/sources_1/new/jpeg.v:4993]
INFO: [Synth 8-638] synthesizing module 'jpeg_sub64s' [C:/JPEG_Thesis_2/Final_PR/RLE/RLE.srcs/sources_1/new/jpeg.v:5004]
INFO: [Synth 8-256] done synthesizing module 'jpeg_sub64s' (8#1) [C:/JPEG_Thesis_2/Final_PR/RLE/RLE.srcs/sources_1/new/jpeg.v:5004]
INFO: [Synth 8-638] synthesizing module 'jpeg_sub8u' [C:/JPEG_Thesis_2/Final_PR/RLE/RLE.srcs/sources_1/new/jpeg.v:5013]
INFO: [Synth 8-256] done synthesizing module 'jpeg_sub8u' (9#1) [C:/JPEG_Thesis_2/Final_PR/RLE/RLE.srcs/sources_1/new/jpeg.v:5013]
INFO: [Synth 8-226] default block is never used [C:/JPEG_Thesis_2/Final_PR/RLE/RLE.srcs/sources_1/new/jpeg.v:3117]
INFO: [Synth 8-638] synthesizing module 'jpeg_MEMB64W128' [C:/JPEG_Thesis_2/Final_PR/RLE/RLE.srcs/sources_1/new/jpeg.v:5022]
INFO: [Synth 8-638] synthesizing module 'jpeg_MEMB64W128_sub' [C:/JPEG_Thesis_2/Final_PR/RLE/RLE.srcs/sources_1/new/jpeg.v:5037]
INFO: [Synth 8-5534] Detected attribute (* ram_style = "block" *) [C:/JPEG_Thesis_2/Final_PR/RLE/RLE.srcs/sources_1/new/jpeg.v:5047]
INFO: [Synth 8-256] done synthesizing module 'jpeg_MEMB64W128_sub' (10#1) [C:/JPEG_Thesis_2/Final_PR/RLE/RLE.srcs/sources_1/new/jpeg.v:5037]
INFO: [Synth 8-256] done synthesizing module 'jpeg_MEMB64W128' (11#1) [C:/JPEG_Thesis_2/Final_PR/RLE/RLE.srcs/sources_1/new/jpeg.v:5022]
INFO: [Synth 8-226] default block is never used [C:/JPEG_Thesis_2/Final_PR/RLE/RLE.srcs/sources_1/new/jpeg.v:3134]
INFO: [Synth 8-226] default block is never used [C:/JPEG_Thesis_2/Final_PR/RLE/RLE.srcs/sources_1/new/jpeg.v:3144]
INFO: [Synth 8-638] synthesizing module 'jpeg_MEMB64W64' [C:/JPEG_Thesis_2/Final_PR/RLE/RLE.srcs/sources_1/new/jpeg.v:5067]
INFO: [Synth 8-638] synthesizing module 'jpeg_MEMB64W64_sub' [C:/JPEG_Thesis_2/Final_PR/RLE/RLE.srcs/sources_1/new/jpeg.v:5082]
INFO: [Synth 8-5534] Detected attribute (* ram_style = "block" *) [C:/JPEG_Thesis_2/Final_PR/RLE/RLE.srcs/sources_1/new/jpeg.v:5092]
INFO: [Synth 8-256] done synthesizing module 'jpeg_MEMB64W64_sub' (12#1) [C:/JPEG_Thesis_2/Final_PR/RLE/RLE.srcs/sources_1/new/jpeg.v:5082]
INFO: [Synth 8-256] done synthesizing module 'jpeg_MEMB64W64' (13#1) [C:/JPEG_Thesis_2/Final_PR/RLE/RLE.srcs/sources_1/new/jpeg.v:5067]
INFO: [Synth 8-256] done synthesizing module 'jpeg_dat' (14#1) [C:/JPEG_Thesis_2/Final_PR/RLE/RLE.srcs/sources_1/new/jpeg.v:1777]
INFO: [Synth 8-256] done synthesizing module 'jpeg' (15#1) [C:/JPEG_Thesis_2/Final_PR/RLE/RLE.srcs/sources_1/new/jpeg.v:12]
WARNING: [Synth 8-3331] design jpeg has unconnected port jpeg_in_a64[63]
WARNING: [Synth 8-3331] design jpeg has unconnected port jpeg_in_a64[62]
WARNING: [Synth 8-3331] design jpeg has unconnected port jpeg_in_a64[61]
WARNING: [Synth 8-3331] design jpeg has unconnected port jpeg_in_a64[60]
WARNING: [Synth 8-3331] design jpeg has unconnected port jpeg_in_a64[59]
WARNING: [Synth 8-3331] design jpeg has unconnected port jpeg_in_a64[58]
WARNING: [Synth 8-3331] design jpeg has unconnected port jpeg_in_a64[57]
WARNING: [Synth 8-3331] design jpeg has unconnected port jpeg_in_a64[56]
WARNING: [Synth 8-3331] design jpeg has unconnected port jpeg_in_a64[55]
WARNING: [Synth 8-3331] design jpeg has unconnected port jpeg_in_a64[54]
WARNING: [Synth 8-3331] design jpeg has unconnected port jpeg_in_a64[53]
WARNING: [Synth 8-3331] design jpeg has unconnected port jpeg_in_a64[52]
WARNING: [Synth 8-3331] design jpeg has unconnected port jpeg_in_a64[51]
WARNING: [Synth 8-3331] design jpeg has unconnected port jpeg_in_a64[50]
WARNING: [Synth 8-3331] design jpeg has unconnected port jpeg_in_a64[49]
WARNING: [Synth 8-3331] design jpeg has unconnected port jpeg_in_a64[48]
WARNING: [Synth 8-3331] design jpeg has unconnected port jpeg_in_a64[47]
WARNING: [Synth 8-3331] design jpeg has unconnected port jpeg_in_a64[46]
WARNING: [Synth 8-3331] design jpeg has unconnected port jpeg_in_a64[45]
WARNING: [Synth 8-3331] design jpeg has unconnected port jpeg_in_a64[44]
WARNING: [Synth 8-3331] design jpeg has unconnected port jpeg_in_a64[43]
WARNING: [Synth 8-3331] design jpeg has unconnected port jpeg_in_a64[42]
WARNING: [Synth 8-3331] design jpeg has unconnected port jpeg_in_a64[41]
WARNING: [Synth 8-3331] design jpeg has unconnected port jpeg_in_a64[40]
WARNING: [Synth 8-3331] design jpeg has unconnected port jpeg_in_a64[39]
WARNING: [Synth 8-3331] design jpeg has unconnected port jpeg_in_a64[38]
WARNING: [Synth 8-3331] design jpeg has unconnected port jpeg_in_a64[37]
WARNING: [Synth 8-3331] design jpeg has unconnected port jpeg_in_a64[36]
WARNING: [Synth 8-3331] design jpeg has unconnected port jpeg_in_a64[35]
WARNING: [Synth 8-3331] design jpeg has unconnected port jpeg_in_a64[34]
WARNING: [Synth 8-3331] design jpeg has unconnected port jpeg_in_a64[33]
WARNING: [Synth 8-3331] design jpeg has unconnected port jpeg_in_a64[32]
WARNING: [Synth 8-3331] design jpeg has unconnected port jpeg_in_a64[31]
WARNING: [Synth 8-3331] design jpeg has unconnected port jpeg_in_a64[30]
WARNING: [Synth 8-3331] design jpeg has unconnected port jpeg_in_a64[29]
WARNING: [Synth 8-3331] design jpeg has unconnected port jpeg_in_a64[28]
WARNING: [Synth 8-3331] design jpeg has unconnected port jpeg_in_a64[27]
WARNING: [Synth 8-3331] design jpeg has unconnected port jpeg_in_a64[26]
WARNING: [Synth 8-3331] design jpeg has unconnected port jpeg_in_a64[25]
WARNING: [Synth 8-3331] design jpeg has unconnected port jpeg_in_a64[24]
WARNING: [Synth 8-3331] design jpeg has unconnected port jpeg_in_a64[23]
WARNING: [Synth 8-3331] design jpeg has unconnected port jpeg_in_a64[22]
WARNING: [Synth 8-3331] design jpeg has unconnected port jpeg_in_a64[21]
WARNING: [Synth 8-3331] design jpeg has unconnected port jpeg_in_a64[20]
WARNING: [Synth 8-3331] design jpeg has unconnected port jpeg_in_a64[19]
WARNING: [Synth 8-3331] design jpeg has unconnected port jpeg_in_a64[18]
WARNING: [Synth 8-3331] design jpeg has unconnected port jpeg_in_a64[17]
WARNING: [Synth 8-3331] design jpeg has unconnected port jpeg_in_a64[16]
WARNING: [Synth 8-3331] design jpeg has unconnected port jpeg_in_a64[15]
WARNING: [Synth 8-3331] design jpeg has unconnected port jpeg_in_a64[14]
WARNING: [Synth 8-3331] design jpeg has unconnected port jpeg_in_a64[13]
WARNING: [Synth 8-3331] design jpeg has unconnected port jpeg_in_a64[12]
WARNING: [Synth 8-3331] design jpeg has unconnected port jpeg_in_a64[11]
WARNING: [Synth 8-3331] design jpeg has unconnected port jpeg_in_a64[10]
WARNING: [Synth 8-3331] design jpeg has unconnected port jpeg_in_a64[9]
WARNING: [Synth 8-3331] design jpeg has unconnected port jpeg_in_a64[8]
WARNING: [Synth 8-3331] design jpeg has unconnected port jpeg_in_a64[7]
WARNING: [Synth 8-3331] design jpeg has unconnected port jpeg_in_a64[6]
WARNING: [Synth 8-3331] design jpeg has unconnected port jpeg_in_a64[5]
WARNING: [Synth 8-3331] design jpeg has unconnected port jpeg_in_a64[4]
WARNING: [Synth 8-3331] design jpeg has unconnected port jpeg_in_a64[3]
WARNING: [Synth 8-3331] design jpeg has unconnected port jpeg_in_a64[2]
WARNING: [Synth 8-3331] design jpeg has unconnected port jpeg_in_a64[1]
WARNING: [Synth 8-3331] design jpeg has unconnected port jpeg_in_a64[0]
WARNING: [Synth 8-3331] design jpeg has unconnected port jpeg_in_a65[63]
WARNING: [Synth 8-3331] design jpeg has unconnected port jpeg_in_a65[62]
WARNING: [Synth 8-3331] design jpeg has unconnected port jpeg_in_a65[61]
WARNING: [Synth 8-3331] design jpeg has unconnected port jpeg_in_a65[60]
WARNING: [Synth 8-3331] design jpeg has unconnected port jpeg_in_a65[59]
WARNING: [Synth 8-3331] design jpeg has unconnected port jpeg_in_a65[58]
WARNING: [Synth 8-3331] design jpeg has unconnected port jpeg_in_a65[57]
WARNING: [Synth 8-3331] design jpeg has unconnected port jpeg_in_a65[56]
WARNING: [Synth 8-3331] design jpeg has unconnected port jpeg_in_a65[55]
WARNING: [Synth 8-3331] design jpeg has unconnected port jpeg_in_a65[54]
WARNING: [Synth 8-3331] design jpeg has unconnected port jpeg_in_a65[53]
WARNING: [Synth 8-3331] design jpeg has unconnected port jpeg_in_a65[52]
WARNING: [Synth 8-3331] design jpeg has unconnected port jpeg_in_a65[51]
WARNING: [Synth 8-3331] design jpeg has unconnected port jpeg_in_a65[50]
WARNING: [Synth 8-3331] design jpeg has unconnected port jpeg_in_a65[49]
WARNING: [Synth 8-3331] design jpeg has unconnected port jpeg_in_a65[48]
WARNING: [Synth 8-3331] design jpeg has unconnected port jpeg_in_a65[47]
WARNING: [Synth 8-3331] design jpeg has unconnected port jpeg_in_a65[46]
WARNING: [Synth 8-3331] design jpeg has unconnected port jpeg_in_a65[45]
WARNING: [Synth 8-3331] design jpeg has unconnected port jpeg_in_a65[44]
WARNING: [Synth 8-3331] design jpeg has unconnected port jpeg_in_a65[43]
WARNING: [Synth 8-3331] design jpeg has unconnected port jpeg_in_a65[42]
WARNING: [Synth 8-3331] design jpeg has unconnected port jpeg_in_a65[41]
WARNING: [Synth 8-3331] design jpeg has unconnected port jpeg_in_a65[40]
WARNING: [Synth 8-3331] design jpeg has unconnected port jpeg_in_a65[39]
WARNING: [Synth 8-3331] design jpeg has unconnected port jpeg_in_a65[38]
WARNING: [Synth 8-3331] design jpeg has unconnected port jpeg_in_a65[37]
WARNING: [Synth 8-3331] design jpeg has unconnected port jpeg_in_a65[36]
WARNING: [Synth 8-3331] design jpeg has unconnected port jpeg_in_a65[35]
WARNING: [Synth 8-3331] design jpeg has unconnected port jpeg_in_a65[34]
WARNING: [Synth 8-3331] design jpeg has unconnected port jpeg_in_a65[33]
WARNING: [Synth 8-3331] design jpeg has unconnected port jpeg_in_a65[32]
WARNING: [Synth 8-3331] design jpeg has unconnected port jpeg_in_a65[31]
WARNING: [Synth 8-3331] design jpeg has unconnected port jpeg_in_a65[30]
WARNING: [Synth 8-3331] design jpeg has unconnected port jpeg_in_a65[29]
WARNING: [Synth 8-3331] design jpeg has unconnected port jpeg_in_a65[28]
INFO: [Common 17-14] Message 'Synth 8-3331' appears 100 times and further instances of the messages will be disabled. Use the Tcl command set_msg_config to change the current settings.
---------------------------------------------------------------------------------
Finished Synthesize : Time (s): cpu = 00:00:08 ; elapsed = 00:00:12 . Memory (MB): peak = 382.191 ; gain = 172.176
---------------------------------------------------------------------------------
---------------------------------------------------------------------------------
Finished Constraint Validation : Time (s): cpu = 00:00:08 ; elapsed = 00:00:12 . Memory (MB): peak = 382.191 ; gain = 172.176
---------------------------------------------------------------------------------
---------------------------------------------------------------------------------
Start Loading Part and Timing Information
---------------------------------------------------------------------------------
Loading part: xc7z020clg484-1
---------------------------------------------------------------------------------
Finished Loading Part and Timing Information : Time (s): cpu = 00:00:08 ; elapsed = 00:00:12 . Memory (MB): peak = 382.191 ; gain = 172.176
---------------------------------------------------------------------------------
INFO: [Device 21-403] Loading part xc7z020clg484-1
INFO: [Synth 8-802] inferred FSM for state register 'B01_streg_reg' in module 'jpeg_fsm'
INFO: [Synth 8-5546] ROM "ST1_01d" won't be mapped to RAM because it is too sparse
INFO: [Synth 8-5546] ROM "ST1_02d" won't be mapped to RAM because it is too sparse
INFO: [Synth 8-5546] ROM "ST1_03d" won't be mapped to RAM because it is too sparse
INFO: [Synth 8-5546] ROM "ST1_04d" won't be mapped to RAM because it is too sparse
INFO: [Synth 8-5546] ROM "ST1_05d" won't be mapped to RAM because it is too sparse
INFO: [Synth 8-5546] ROM "ST1_06d" won't be mapped to RAM because it is too sparse
INFO: [Synth 8-5546] ROM "ST1_07d" won't be mapped to RAM because it is too sparse
INFO: [Synth 8-5546] ROM "ST1_08d" won't be mapped to RAM because it is too sparse
INFO: [Synth 8-5546] ROM "ST1_09d" won't be mapped to RAM because it is too sparse
INFO: [Synth 8-5546] ROM "ST1_10d" won't be mapped to RAM because it is too sparse
INFO: [Synth 8-5546] ROM "ST1_11d" won't be mapped to RAM because it is too sparse
INFO: [Synth 8-5546] ROM "ST1_12d" won't be mapped to RAM because it is too sparse
INFO: [Synth 8-5546] ROM "ST1_13d" won't be mapped to RAM because it is too sparse
INFO: [Synth 8-5546] ROM "ST1_14d" won't be mapped to RAM because it is too sparse
INFO: [Synth 8-5546] ROM "ST1_15d" won't be mapped to RAM because it is too sparse
INFO: [Synth 8-5546] ROM "ST1_16d" won't be mapped to RAM because it is too sparse
INFO: [Synth 8-5546] ROM "ST1_17d" won't be mapped to RAM because it is too sparse
INFO: [Synth 8-5546] ROM "ST1_18d" won't be mapped to RAM because it is too sparse
INFO: [Synth 8-5546] ROM "ST1_19d" won't be mapped to RAM because it is too sparse
INFO: [Synth 8-5546] ROM "ST1_20d" won't be mapped to RAM because it is too sparse
INFO: [Synth 8-5546] ROM "ST1_21d" won't be mapped to RAM because it is too sparse
INFO: [Synth 8-5546] ROM "ST1_22d" won't be mapped to RAM because it is too sparse
INFO: [Synth 8-5546] ROM "ST1_23d" won't be mapped to RAM because it is too sparse
INFO: [Synth 8-5546] ROM "ST1_24d" won't be mapped to RAM because it is too sparse
INFO: [Synth 8-5546] ROM "ST1_25d" won't be mapped to RAM because it is too sparse
INFO: [Synth 8-5546] ROM "ST1_26d" won't be mapped to RAM because it is too sparse
INFO: [Synth 8-5546] ROM "ST1_27d" won't be mapped to RAM because it is too sparse
INFO: [Synth 8-5546] ROM "ST1_28d" won't be mapped to RAM because it is too sparse
INFO: [Synth 8-5546] ROM "ST1_29d" won't be mapped to RAM because it is too sparse
INFO: [Synth 8-5546] ROM "ST1_30d" won't be mapped to RAM because it is too sparse
INFO: [Synth 8-5546] ROM "ST1_31d" won't be mapped to RAM because it is too sparse
INFO: [Synth 8-5546] ROM "ST1_32d" won't be mapped to RAM because it is too sparse
INFO: [Synth 8-5546] ROM "ST1_33d" won't be mapped to RAM because it is too sparse
INFO: [Synth 8-5546] ROM "ST1_34d" won't be mapped to RAM because it is too sparse
INFO: [Synth 8-5546] ROM "ST1_35d" won't be mapped to RAM because it is too sparse
INFO: [Synth 8-5546] ROM "ST1_36d" won't be mapped to RAM because it is too sparse
INFO: [Synth 8-5546] ROM "ST1_37d" won't be mapped to RAM because it is too sparse
INFO: [Synth 8-5546] ROM "ST1_38d" won't be mapped to RAM because it is too sparse
INFO: [Synth 8-5546] ROM "ST1_39d" won't be mapped to RAM because it is too sparse
INFO: [Synth 8-5546] ROM "ST1_40d" won't be mapped to RAM because it is too sparse
INFO: [Synth 8-5546] ROM "ST1_41d" won't be mapped to RAM because it is too sparse
INFO: [Synth 8-5546] ROM "ST1_42d" won't be mapped to RAM because it is too sparse
INFO: [Synth 8-5546] ROM "ST1_43d" won't be mapped to RAM because it is too sparse
INFO: [Synth 8-5546] ROM "ST1_44d" won't be mapped to RAM because it is too sparse
INFO: [Synth 8-5546] ROM "ST1_45d" won't be mapped to RAM because it is too sparse
INFO: [Synth 8-5546] ROM "ST1_46d" won't be mapped to RAM because it is too sparse
INFO: [Synth 8-5546] ROM "ST1_47d" won't be mapped to RAM because it is too sparse
INFO: [Synth 8-5546] ROM "ST1_48d" won't be mapped to RAM because it is too sparse
INFO: [Synth 8-5546] ROM "ST1_49d" won't be mapped to RAM because it is too sparse
INFO: [Synth 8-5546] ROM "ST1_50d" won't be mapped to RAM because it is too sparse
INFO: [Synth 8-5546] ROM "ST1_51d" won't be mapped to RAM because it is too sparse
INFO: [Synth 8-5546] ROM "ST1_52d" won't be mapped to RAM because it is too sparse
INFO: [Synth 8-5546] ROM "ST1_53d" won't be mapped to RAM because it is too sparse
INFO: [Synth 8-5546] ROM "ST1_54d" won't be mapped to RAM because it is too sparse
INFO: [Synth 8-5546] ROM "ST1_55d" won't be mapped to RAM because it is too sparse
INFO: [Synth 8-5546] ROM "ST1_56d" won't be mapped to RAM because it is too sparse
INFO: [Synth 8-5546] ROM "ST1_57d" won't be mapped to RAM because it is too sparse
INFO: [Synth 8-5546] ROM "ST1_58d" won't be mapped to RAM because it is too sparse
INFO: [Synth 8-5546] ROM "ST1_59d" won't be mapped to RAM because it is too sparse
INFO: [Synth 8-5546] ROM "ST1_60d" won't be mapped to RAM because it is too sparse
INFO: [Synth 8-5546] ROM "ST1_61d" won't be mapped to RAM because it is too sparse
INFO: [Synth 8-5546] ROM "ST1_62d" won't be mapped to RAM because it is too sparse
INFO: [Synth 8-5546] ROM "ST1_63d" won't be mapped to RAM because it is too sparse
INFO: [Synth 8-5546] ROM "ST1_64d" won't be mapped to RAM because it is too sparse
INFO: [Synth 8-5546] ROM "ST1_65d" won't be mapped to RAM because it is too sparse
INFO: [Synth 8-5546] ROM "ST1_66d" won't be mapped to RAM because it is too sparse
INFO: [Synth 8-5546] ROM "ST1_67d" won't be mapped to RAM because it is too sparse
INFO: [Synth 8-5546] ROM "ST1_68d" won't be mapped to RAM because it is too sparse
INFO: [Synth 8-5546] ROM "ST1_69d" won't be mapped to RAM because it is too sparse
INFO: [Synth 8-5546] ROM "ST1_70d" won't be mapped to RAM because it is too sparse
INFO: [Synth 8-5546] ROM "ST1_71d" won't be mapped to RAM because it is too sparse
INFO: [Synth 8-5546] ROM "ST1_72d" won't be mapped to RAM because it is too sparse
INFO: [Synth 8-5546] ROM "ST1_73d" won't be mapped to RAM because it is too sparse
INFO: [Synth 8-5546] ROM "ST1_74d" won't be mapped to RAM because it is too sparse
INFO: [Synth 8-5546] ROM "ST1_75d" won't be mapped to RAM because it is too sparse
INFO: [Synth 8-5546] ROM "ST1_76d" won't be mapped to RAM because it is too sparse
INFO: [Synth 8-5546] ROM "ST1_77d" won't be mapped to RAM because it is too sparse
INFO: [Synth 8-5546] ROM "ST1_78d" won't be mapped to RAM because it is too sparse
INFO: [Synth 8-5546] ROM "ST1_79d" won't be mapped to RAM because it is too sparse
INFO: [Synth 8-5546] ROM "ST1_80d" won't be mapped to RAM because it is too sparse
INFO: [Synth 8-5546] ROM "ST1_81d" won't be mapped to RAM because it is too sparse
INFO: [Synth 8-5546] ROM "ST1_82d" won't be mapped to RAM because it is too sparse
INFO: [Synth 8-5546] ROM "ST1_83d" won't be mapped to RAM because it is too sparse
INFO: [Synth 8-5546] ROM "ST1_84d" won't be mapped to RAM because it is too sparse
INFO: [Synth 8-5546] ROM "ST1_85d" won't be mapped to RAM because it is too sparse
INFO: [Synth 8-5546] ROM "ST1_86d" won't be mapped to RAM because it is too sparse
INFO: [Synth 8-5546] ROM "ST1_87d" won't be mapped to RAM because it is too sparse
INFO: [Synth 8-5546] ROM "ST1_88d" won't be mapped to RAM because it is too sparse
INFO: [Synth 8-5546] ROM "ST1_89d" won't be mapped to RAM because it is too sparse
INFO: [Synth 8-5546] ROM "ST1_90d" won't be mapped to RAM because it is too sparse
INFO: [Synth 8-5546] ROM "ST1_91d" won't be mapped to RAM because it is too sparse
INFO: [Synth 8-5546] ROM "ST1_92d" won't be mapped to RAM because it is too sparse
INFO: [Synth 8-5546] ROM "ST1_93d" won't be mapped to RAM because it is too sparse
INFO: [Synth 8-5546] ROM "ST1_94d" won't be mapped to RAM because it is too sparse
INFO: [Synth 8-5546] ROM "ST1_95d" won't be mapped to RAM because it is too sparse
INFO: [Synth 8-5546] ROM "ST1_96d" won't be mapped to RAM because it is too sparse
INFO: [Synth 8-5546] ROM "ST1_97d" won't be mapped to RAM because it is too sparse
INFO: [Synth 8-5546] ROM "ST1_98d" won't be mapped to RAM because it is too sparse
INFO: [Synth 8-5546] ROM "ST1_99d" won't be mapped to RAM because it is too sparse
INFO: [Synth 8-5546] ROM "ST1_100d" won't be mapped to RAM because it is too sparse
INFO: [Common 17-14] Message 'Synth 8-5546' appears 100 times and further instances of the messages will be disabled. Use the Tcl command set_msg_config to change the current settings.
INFO: [Synth 8-5544] ROM "B01_streg" won't be mapped to Block RAM because address size (1) smaller than threshold (5)
INFO: [Synth 8-5544] ROM "B01_streg" won't be mapped to Block RAM because address size (1) smaller than threshold (5)
INFO: [Synth 8-5544] ROM "B01_streg" won't be mapped to Block RAM because address size (1) smaller than threshold (5)
INFO: [Synth 8-5544] ROM "B01_streg" won't be mapped to Block RAM because address size (1) smaller than threshold (5)
INFO: [Synth 8-5544] ROM "B01_streg" won't be mapped to Block RAM because address size (1) smaller than threshold (5)
INFO: [Synth 8-5544] ROM "B01_streg" won't be mapped to Block RAM because address size (1) smaller than threshold (5)
INFO: [Synth 8-5544] ROM "B01_streg" won't be mapped to Block RAM because address size (1) smaller than threshold (5)
INFO: [Synth 8-5544] ROM "B01_streg" won't be mapped to Block RAM because address size (1) smaller than threshold (5)
---------------------------------------------------------------------------------------------------
                   State |                     New Encoding |                Previous Encoding 
---------------------------------------------------------------------------------------------------
                  ST1_01 |                         00000000 |                         00000000
                  ST1_02 |                         00000001 |                         00000001
                  ST1_03 |                         00000010 |                         00000010
                  ST1_04 |                         00000011 |                         00000011
                  ST1_05 |                         00000100 |                         00000100
                  ST1_06 |                         00000101 |                         00000101
                  ST1_07 |                         00000110 |                         00000110
                  ST1_08 |                         00000111 |                         00000111
                  ST1_09 |                         00001000 |                         00001000
                  ST1_10 |                         00001001 |                         00001001
                  ST1_11 |                         00001010 |                         00001010
                  ST1_12 |                         00001011 |                         00001011
                  ST1_13 |                         00001100 |                         00001100
                  ST1_14 |                         00001101 |                         00001101
                  ST1_15 |                         00001110 |                         00001110
                  ST1_16 |                         00001111 |                         00001111
                  ST1_17 |                         00010000 |                         00010000
                  ST1_18 |                         00010001 |                         00010001
                  ST1_19 |                         00010010 |                         00010010
                  ST1_20 |                         00010011 |                         00010011
                  ST1_21 |                         00010100 |                         00010100
                  ST1_22 |                         00010101 |                         00010101
                  ST1_23 |                         00010110 |                         00010110
                  ST1_24 |                         00010111 |                         00010111
                  ST1_25 |                         00011000 |                         00011000
                  ST1_26 |                         00011001 |                         00011001
                  ST1_27 |                         00011010 |                         00011010
                  ST1_28 |                         00011011 |                         00011011
                  ST1_29 |                         00011100 |                         00011100
                  ST1_30 |                         00011101 |                         00011101
                  ST1_31 |                         00011110 |                         00011110
                  ST1_32 |                         00011111 |                         00011111
                  ST1_33 |                         00100000 |                         00100000
                  ST1_34 |                         00100001 |                         00100001
                  ST1_35 |                         00100010 |                         00100010
                  ST1_36 |                         00100011 |                         00100011
                  ST1_37 |                         00100100 |                         00100100
                  ST1_38 |                         00100101 |                         00100101
                  ST1_39 |                         00100110 |                         00100110
                  ST1_40 |                         00100111 |                         00100111
                  ST1_41 |                         00101000 |                         00101000
                  ST1_42 |                         00101001 |                         00101001
                  ST1_43 |                         00101010 |                         00101010
                  ST1_44 |                         00101011 |                         00101011
                  ST1_45 |                         00101100 |                         00101100
                  ST1_46 |                         00101101 |                         00101101
                  ST1_47 |                         00101110 |                         00101110
                  ST1_48 |                         00101111 |                         00101111
                  ST1_49 |                         00110000 |                         00110000
                  ST1_50 |                         00110001 |                         00110001
                  ST1_51 |                         00110010 |                         00110010
                  ST1_52 |                         00110011 |                         00110011
                  ST1_53 |                         00110100 |                         00110100
                  ST1_54 |                         00110101 |                         00110101
                  ST1_55 |                         00110110 |                         00110110
                  ST1_56 |                         00110111 |                         00110111
                  ST1_57 |                         00111000 |                         00111000
                  ST1_58 |                         00111001 |                         00111001
                  ST1_59 |                         00111010 |                         00111010
                  ST1_60 |                         00111011 |                         00111011
                  ST1_61 |                         00111100 |                         00111100
                  ST1_62 |                         00111101 |                         00111101
                  ST1_63 |                         00111110 |                         00111110
                  ST1_64 |                         00111111 |                         00111111
                  ST1_65 |                         01000000 |                         01000000
                  ST1_66 |                         01000001 |                         01000001
                  ST1_68 |                         01000010 |                         01000011
                  ST1_69 |                         01000011 |                         01000100
                  ST1_70 |                         01000100 |                         01000101
                  ST1_71 |                         01000101 |                         01000110
                  ST1_72 |                         01000110 |                         01000111
                  ST1_73 |                         01000111 |                         01001000
                  ST1_74 |                         01001000 |                         01001001
                  ST1_75 |                         01001001 |                         01001010
                  ST1_76 |                         01001010 |                         01001011
                  ST1_77 |                         01001011 |                         01001100
                  ST1_78 |                         01001100 |                         01001101
                  ST1_79 |                         01001101 |                         01001110
                  ST1_80 |                         01001110 |                         01001111
                  ST1_81 |                         01001111 |                         01010000
                  ST1_82 |                         01010000 |                         01010001
                  ST1_83 |                         01010001 |                         01010010
                  ST1_84 |                         01010010 |                         01010011
                  ST1_85 |                         01010011 |                         01010100
                  ST1_86 |                         01010100 |                         01010101
                  ST1_87 |                         01010101 |                         01010110
                  ST1_88 |                         01010110 |                         01010111
                  ST1_89 |                         01010111 |                         01011000
                  ST1_90 |                         01011000 |                         01011001
                  ST1_91 |                         01011001 |                         01011010
                  ST1_92 |                         01011010 |                         01011011
                  ST1_93 |                         01011011 |                         01011100
                  ST1_94 |                         01011100 |                         01011101
                  ST1_95 |                         01011101 |                         01011110
                  ST1_96 |                         01011110 |                         01011111
                  ST1_97 |                         01011111 |                         01100000
                  ST1_98 |                         01100000 |                         01100001
                  ST1_99 |                         01100001 |                         01100010
                 ST1_100 |                         01100010 |                         01100011
                 ST1_101 |                         01100011 |                         01100100
                 ST1_102 |                         01100100 |                         01100101
                 ST1_103 |                         01100101 |                         01100110
                 ST1_104 |                         01100110 |                         01100111
                 ST1_105 |                         01100111 |                         01101000
                 ST1_106 |                         01101000 |                         01101001
                 ST1_107 |                         01101001 |                         01101010
                 ST1_108 |                         01101010 |                         01101011
                 ST1_109 |                         01101011 |                         01101100
                 ST1_110 |                         01101100 |                         01101101
                 ST1_111 |                         01101101 |                         01101110
                 ST1_112 |                         01101110 |                         01101111
                 ST1_113 |                         01101111 |                         01110000
                 ST1_114 |                         01110000 |                         01110001
                 ST1_115 |                         01110001 |                         01110010
                 ST1_116 |                         01110010 |                         01110011
                 ST1_117 |                         01110011 |                         01110100
                 ST1_118 |                         01110100 |                         01110101
                 ST1_119 |                         01110101 |                         01110110
                 ST1_120 |                         01110110 |                         01110111
                 ST1_121 |                         01110111 |                         01111000
                 ST1_122 |                         01111000 |                         01111001
                 ST1_123 |                         01111001 |                         01111010
                 ST1_124 |                         01111010 |                         01111011
                 ST1_125 |                         01111011 |                         01111100
                 ST1_126 |                         01111100 |                         01111101
                 ST1_127 |                         01111101 |                         01111110
                 ST1_128 |                         01111110 |                         01111111
                 ST1_129 |                         01111111 |                         10000000
                 ST1_130 |                         10000000 |                         10000001
                 ST1_131 |                         10000001 |                         10000010
                 ST1_132 |                         10000010 |                         10000011
                 ST1_133 |                         10000011 |                         10000100
                 ST1_134 |                         10000100 |                         10000101
                 ST1_135 |                         10000101 |                         10000110
                 ST1_136 |                         10000110 |                         10000111
                 ST1_137 |                         10000111 |                         10001000
                 ST1_138 |                         10001000 |                         10001001
                 ST1_139 |                         10001001 |                         10001010
                 ST1_140 |                         10001010 |                         10001011
                 ST1_141 |                         10001011 |                         10001100
                 ST1_142 |                         10001100 |                         10001101
                 ST1_143 |                         10001101 |                         10001110
                 ST1_144 |                         10001110 |                         10001111
                 ST1_145 |                         10001111 |                         10010000
                 ST1_146 |                         10010000 |                         10010001
                 ST1_147 |                         10010001 |                         10010010
                 ST1_148 |                         10010010 |                         10010011
                 ST1_149 |                         10010011 |                         10010100
                 ST1_150 |                         10010100 |                         10010101
                 ST1_151 |                         10010101 |                         10010110
                 ST1_152 |                         10010110 |                         10010111
                 ST1_153 |                         10010111 |                         10011000
                 ST1_154 |                         10011000 |                         10011001
                 ST1_155 |                         10011001 |                         10011010
                 ST1_156 |                         10011010 |                         10011011
                 ST1_157 |                         10011011 |                         10011100
                 ST1_158 |                         10011100 |                         10011101
                 ST1_159 |                         10011101 |                         10011110
                 ST1_160 |                         10011110 |                         10011111
                 ST1_161 |                         10011111 |                         10100000
                 ST1_162 |                         10100000 |                         10100001
                 ST1_163 |                         10100001 |                         10100010
                 ST1_164 |                         10100010 |                         10100011
                 ST1_165 |                         10100011 |                         10100100
                 ST1_166 |                         10100100 |                         10100101
                 ST1_167 |                         10100101 |                         10100110
                 ST1_168 |                         10100110 |                         10100111
                 ST1_169 |                         10100111 |                         10101000
                 ST1_170 |                         10101000 |                         10101001
                 ST1_171 |                         10101001 |                         10101010
                 ST1_172 |                         10101010 |                         10101011
                 ST1_173 |                         10101011 |                         10101100
                 ST1_174 |                         10101100 |                         10101101
                 ST1_175 |                         10101101 |                         10101110
                 ST1_176 |                         10101110 |                         10101111
                 ST1_177 |                         10101111 |                         10110000
                 ST1_178 |                         10110000 |                         10110001
                 ST1_179 |                         10110001 |                         10110010
                 ST1_180 |                         10110010 |                         10110011
                 ST1_181 |                         10110011 |                         10110100
                 ST1_182 |                         10110100 |                         10110101
                 ST1_183 |                         10110101 |                         10110110
                 ST1_184 |                         10110110 |                         10110111
                 ST1_185 |                         10110111 |                         10111000
                 ST1_186 |                         10111000 |                         10111001
                 ST1_187 |                         10111001 |                         10111010
                 ST1_188 |                         10111010 |                         10111011
                 ST1_189 |                         10111011 |                         10111100
                 ST1_190 |                         10111100 |                         10111101
                 ST1_191 |                         10111101 |                         10111110
                 ST1_192 |                         10111110 |                         10111111
                 ST1_193 |                         10111111 |                         11000000
                 ST1_194 |                         11000000 |                         11000001
                 ST1_195 |                         11000001 |                         11000010
                 ST1_196 |                         11000010 |                         11000011
                 ST1_197 |                         11000011 |                         11000100
                 ST1_198 |                         11000100 |                         11000101
                 ST1_199 |                         11000101 |                         11000110
                 ST1_200 |                         11000110 |                         11000111
                 ST1_201 |                         11000111 |                         11001000
                 ST1_202 |                         11001000 |                         11001001
                 ST1_203 |                         11001001 |                         11001010
                 ST1_204 |                         11001010 |                         11001011
                 ST1_205 |                         11001011 |                         11001100
                 ST1_206 |                         11001100 |                         11001101
                 ST1_207 |                         11001101 |                         11001110
                  ST1_67 |                         11001110 |                         01000010
---------------------------------------------------------------------------------------------------
INFO: [Synth 8-3354] encoded FSM with state register 'B01_streg_reg' using encoding 'sequential' in module 'jpeg_fsm'
---------------------------------------------------------------------------------
Finished RTL Optimization Phase 2 : Time (s): cpu = 00:00:18 ; elapsed = 00:00:19 . Memory (MB): peak = 597.707 ; gain = 387.691
---------------------------------------------------------------------------------
INFO: [Synth 8-223] decloning instance 'INST_dat/INST_incr32s_1' (jpeg_incr32s) to 'INST_dat/INST_incr32s_3'

Report RTL Partitions: 
+-+--------------+------------+----------+
| |RTL Partition |Replication |Instances |
+-+--------------+------------+----------+
+-+--------------+------------+----------+
No constraint files found.
---------------------------------------------------------------------------------
Start RTL Component Statistics 
---------------------------------------------------------------------------------
Detailed RTL Component Info : 
+---Adders : 
	   3 Input     64 Bit       Adders := 1     
	   2 Input     32 Bit       Adders := 3     
	   2 Input      8 Bit       Adders := 2     
	   3 Input      8 Bit       Adders := 1     
	   2 Input      7 Bit       Adders := 1     
	   2 Input      4 Bit       Adders := 1     
+---Registers : 
	               64 Bit    Registers := 195   
	               32 Bit    Registers := 2     
	               12 Bit    Registers := 1     
	                8 Bit    Registers := 2     
	                7 Bit    Registers := 1     
	                6 Bit    Registers := 1     
	                4 Bit    Registers := 1     
	                1 Bit    Registers := 8     
+---RAMs : 
	               8K Bit         RAMs := 1     
	               4K Bit         RAMs := 2     
+---Muxes : 
	   2 Input     32 Bit        Muxes := 2     
	 216 Input      8 Bit        Muxes := 1     
	   2 Input      1 Bit        Muxes := 210   
---------------------------------------------------------------------------------
Finished RTL Component Statistics 
---------------------------------------------------------------------------------
---------------------------------------------------------------------------------
Start RTL Hierarchical Component Statistics 
---------------------------------------------------------------------------------
Hierarchical RTL Component report 
Module jpeg_fsm 
Detailed RTL Component Info : 
+---Muxes : 
	 216 Input      8 Bit        Muxes := 1     
	   2 Input      1 Bit        Muxes := 207   
Module jpeg_decr32s 
Detailed RTL Component Info : 
+---Adders : 
	   2 Input     32 Bit       Adders := 1     
Module jpeg_decr8u_7 
Detailed RTL Component Info : 
+---Adders : 
	   2 Input      7 Bit       Adders := 1     
Module jpeg_incr32s 
Detailed RTL Component Info : 
+---Adders : 
	   2 Input     32 Bit       Adders := 1     
Module jpeg_incr8u 
Detailed RTL Component Info : 
+---Adders : 
	   2 Input      8 Bit       Adders := 1     
Module jpeg_incr4s 
Detailed RTL Component Info : 
+---Adders : 
	   2 Input      4 Bit       Adders := 1     
Module jpeg_sub64s 
Detailed RTL Component Info : 
+---Adders : 
	   3 Input     64 Bit       Adders := 1     
Module jpeg_sub8u 
Detailed RTL Component Info : 
+---Adders : 
	   3 Input      8 Bit       Adders := 1     
Module jpeg_MEMB64W128_sub 
Detailed RTL Component Info : 
+---Registers : 
	               64 Bit    Registers := 1     
+---RAMs : 
	               8K Bit         RAMs := 1     
Module jpeg_MEMB64W64_sub 
Detailed RTL Component Info : 
+---Registers : 
	               64 Bit    Registers := 1     
+---RAMs : 
	               4K Bit         RAMs := 1     
Module jpeg_dat 
Detailed RTL Component Info : 
+---Registers : 
	               64 Bit    Registers := 192   
	               32 Bit    Registers := 2     
	               12 Bit    Registers := 1     
	                8 Bit    Registers := 2     
	                7 Bit    Registers := 1     
	                6 Bit    Registers := 1     
	                4 Bit    Registers := 1     
	                1 Bit    Registers := 8     
+---Muxes : 
	   2 Input     32 Bit        Muxes := 2     
	   2 Input      1 Bit        Muxes := 3     
---------------------------------------------------------------------------------
Finished RTL Hierarchical Component Statistics
---------------------------------------------------------------------------------
---------------------------------------------------------------------------------
Start Part Resource Summary
---------------------------------------------------------------------------------
Part Resources:
DSPs: 220 (col length:60)
BRAMs: 280 (col length: RAMB18 60 RAMB36 30)
---------------------------------------------------------------------------------
Finished Part Resource Summary
---------------------------------------------------------------------------------
No constraint files found.
---------------------------------------------------------------------------------
Start Cross Boundary and Area Optimization
---------------------------------------------------------------------------------
INFO: [Synth 8-3333] propagating constant 0 across sequential element (INST_dat/FF_j_reg)
INFO: [Synth 8-3886] merging instance 'INST_dat/jpeg_len_out_r_reg[8]' (FDRE) to 'INST_dat/jpeg_len_out_r_reg[9]'
INFO: [Synth 8-3886] merging instance 'INST_dat/jpeg_len_out_r_reg[9]' (FDRE) to 'INST_dat/jpeg_len_out_r_reg[10]'
INFO: [Synth 8-3886] merging instance 'INST_dat/jpeg_len_out_r_reg[10]' (FDRE) to 'INST_dat/jpeg_len_out_r_reg[11]'
INFO: [Synth 8-3333] propagating constant 0 across sequential element (INST_dat/\jpeg_len_out_r_reg[11] )
WARNING: [Synth 8-3332] Sequential element (jpeg_len_out_r_reg[11]) is unused and will be removed from module jpeg_dat.
WARNING: [Synth 8-3332] Sequential element (FF_j_reg) is unused and will be removed from module jpeg_dat.
---------------------------------------------------------------------------------
Finished Cross Boundary and Area Optimization : Time (s): cpu = 00:00:26 ; elapsed = 00:00:27 . Memory (MB): peak = 597.707 ; gain = 387.691
---------------------------------------------------------------------------------
---------------------------------------------------------------------------------
Start ROM, RAM, DSP and Shift Register Reporting
---------------------------------------------------------------------------------

Block RAM: Preliminary Mapping  Report (see note below)
+--------------------+------------------+------------------------+---+---+------------------------+---+---+------------------+--------+--------+
|Module Name         | RTL Object       | PORT A (Depth x Width) | W | R | PORT B (Depth x Width) | W | R | Ports driving FF | RAMB18 | RAMB36 | 
+--------------------+------------------+------------------------+---+---+------------------------+---+---+------------------+--------+--------+
|jpeg_MEMB64W128_sub | MEMB64W128_r_reg | 128 x 64               | W |   | 128 x 64(WRITE_FIRST)  |   | R | Port A and B     | 0      | 1      | 
|jpeg_MEMB64W64_sub  | MEMB64W64_r_reg  | 64 x 64                | W |   | 64 x 64(WRITE_FIRST)   |   | R | Port A and B     | 0      | 1      | 
|jpeg_MEMB64W64_sub  | MEMB64W64_r_reg  | 64 x 64                | W |   | 64 x 64(WRITE_FIRST)   |   | R | Port A and B     | 0      | 1      | 
+--------------------+------------------+------------------------+---+---+------------------------+---+---+------------------+--------+--------+

Note: The table above is a preliminary report that shows the Block RAMs at the current stage of the synthesis flow. Some Block RAMs may be reimplemented as non Block RAM primitives later in the synthesis flow. Multiple instantiated Block RAMs are reported only once. 
---------------------------------------------------------------------------------
Finished ROM, RAM, DSP and Shift Register Reporting
---------------------------------------------------------------------------------

Report RTL Partitions: 
+-+--------------+------------+----------+
| |RTL Partition |Replication |Instances |
+-+--------------+------------+----------+
+-+--------------+------------+----------+
---------------------------------------------------------------------------------
Start Timing Optimization
---------------------------------------------------------------------------------
No constraint files found.
---------------------------------------------------------------------------------
Finished Timing Optimization : Time (s): cpu = 00:00:26 ; elapsed = 00:00:27 . Memory (MB): peak = 597.707 ; gain = 387.691
---------------------------------------------------------------------------------

Report RTL Partitions: 
+-+--------------+------------+----------+
| |RTL Partition |Replication |Instances |
+-+--------------+------------+----------+
+-+--------------+------------+----------+
---------------------------------------------------------------------------------
Start Technology Mapping
---------------------------------------------------------------------------------
INFO: [Synth 8-4480] The timing for the instance INST_dat/rl/INST_MEMB64W128_sub_1/MEMB64W128_r_reg (implemented as a block RAM) might be sub-optimal as no optional output register could be merged into the block ram. Providing additional output register may help in improving timing.
INFO: [Synth 8-4480] The timing for the instance INST_dat/zz/INST_MEMB64W64_sub_1/MEMB64W64_r_reg (implemented as a block RAM) might be sub-optimal as no optional output register could be merged into the block ram. Providing additional output register may help in improving timing.
INFO: [Synth 8-4480] The timing for the instance INST_dat/quantized_block/INST_MEMB64W64_sub_1/MEMB64W64_r_reg (implemented as a block RAM) might be sub-optimal as no optional output register could be merged into the block ram. Providing additional output register may help in improving timing.
---------------------------------------------------------------------------------
Finished Technology Mapping : Time (s): cpu = 00:00:29 ; elapsed = 00:00:31 . Memory (MB): peak = 695.453 ; gain = 485.438
---------------------------------------------------------------------------------

Report RTL Partitions: 
+-+--------------+------------+----------+
| |RTL Partition |Replication |Instances |
+-+--------------+------------+----------+
+-+--------------+------------+----------+
---------------------------------------------------------------------------------
Start IO Insertion
---------------------------------------------------------------------------------
---------------------------------------------------------------------------------
Start Flattening Before IO Insertion
---------------------------------------------------------------------------------
---------------------------------------------------------------------------------
Finished Flattening Before IO Insertion
---------------------------------------------------------------------------------
---------------------------------------------------------------------------------
Start Final Netlist Cleanup
---------------------------------------------------------------------------------
---------------------------------------------------------------------------------
Finished Final Netlist Cleanup
---------------------------------------------------------------------------------
---------------------------------------------------------------------------------
Finished IO Insertion : Time (s): cpu = 00:00:30 ; elapsed = 00:00:32 . Memory (MB): peak = 695.453 ; gain = 485.438
---------------------------------------------------------------------------------

Report Check Netlist: 
+------+------------------+-------+---------+-------+------------------+
|      |Item              |Errors |Warnings |Status |Description       |
+------+------------------+-------+---------+-------+------------------+
|1     |multi_driven_nets |      0|        0|Passed |Multi driven nets |
+------+------------------+-------+---------+-------+------------------+
---------------------------------------------------------------------------------
Start Renaming Generated Instances
---------------------------------------------------------------------------------
---------------------------------------------------------------------------------
Finished Renaming Generated Instances : Time (s): cpu = 00:00:31 ; elapsed = 00:00:32 . Memory (MB): peak = 695.453 ; gain = 485.438
---------------------------------------------------------------------------------

Report RTL Partitions: 
+-+--------------+------------+----------+
| |RTL Partition |Replication |Instances |
+-+--------------+------------+----------+
+-+--------------+------------+----------+
---------------------------------------------------------------------------------
Start Rebuilding User Hierarchy
---------------------------------------------------------------------------------
---------------------------------------------------------------------------------
Finished Rebuilding User Hierarchy : Time (s): cpu = 00:00:32 ; elapsed = 00:00:33 . Memory (MB): peak = 695.453 ; gain = 485.438
---------------------------------------------------------------------------------
---------------------------------------------------------------------------------
Start Renaming Generated Ports
---------------------------------------------------------------------------------
---------------------------------------------------------------------------------
Finished Renaming Generated Ports : Time (s): cpu = 00:00:32 ; elapsed = 00:00:33 . Memory (MB): peak = 695.453 ; gain = 485.438
---------------------------------------------------------------------------------
---------------------------------------------------------------------------------
Start Handling Custom Attributes
---------------------------------------------------------------------------------
---------------------------------------------------------------------------------
Finished Handling Custom Attributes : Time (s): cpu = 00:00:32 ; elapsed = 00:00:34 . Memory (MB): peak = 695.453 ; gain = 485.438
---------------------------------------------------------------------------------
---------------------------------------------------------------------------------
Start Renaming Generated Nets
---------------------------------------------------------------------------------
---------------------------------------------------------------------------------
Finished Renaming Generated Nets : Time (s): cpu = 00:00:32 ; elapsed = 00:00:34 . Memory (MB): peak = 695.453 ; gain = 485.438
---------------------------------------------------------------------------------
---------------------------------------------------------------------------------
Start Writing Synthesis Report
---------------------------------------------------------------------------------

Report BlackBoxes: 
+-+--------------+----------+
| |BlackBox name |Instances |
+-+--------------+----------+
+-+--------------+----------+

Report Cell Usage: 
+------+---------+------+
|      |Cell     |Count |
+------+---------+------+
|1     |BUFG     |     1|
|2     |CARRY4   |    40|
|3     |LUT1     |    69|
|4     |LUT2     |   102|
|5     |LUT3     |   108|
|6     |LUT4     |  1138|
|7     |LUT5     |   785|
|8     |LUT6     |   973|
|9     |RAMB36E1 |     3|
|10    |FDRE     | 12404|
|11    |FDSE     |     4|
|12    |IBUF     |  4098|
|13    |OBUF     |  8205|
+------+---------+------+

Report Instance Areas: 
+------+----------------------------+---------------------+------+
|      |Instance                    |Module               |Cells |
+------+----------------------------+---------------------+------+
|1     |top                         |                     | 27930|
|2     |  INST_dat                  |jpeg_dat             | 15114|
|3     |    INST_decr32s_1          |jpeg_decr32s         |     8|
|4     |    quantized_block         |jpeg_MEMB64W64       |  2107|
|5     |      INST_MEMB64W64_sub_1  |jpeg_MEMB64W64_sub_1 |  2107|
|6     |    rl                      |jpeg_MEMB64W128      |    99|
|7     |      INST_MEMB64W128_sub_1 |jpeg_MEMB64W128_sub  |    99|
|8     |    zz                      |jpeg_MEMB64W64_0     |   195|
|9     |      INST_MEMB64W64_sub_1  |jpeg_MEMB64W64_sub   |   195|
|10    |  INST_fsm                  |jpeg_fsm             |   512|
+------+----------------------------+---------------------+------+
---------------------------------------------------------------------------------
Finished Writing Synthesis Report : Time (s): cpu = 00:00:32 ; elapsed = 00:00:34 . Memory (MB): peak = 695.453 ; gain = 485.438
---------------------------------------------------------------------------------
Synthesis finished with 0 errors, 0 critical warnings and 8218 warnings.
Synthesis Optimization Runtime : Time (s): cpu = 00:00:29 ; elapsed = 00:00:28 . Memory (MB): peak = 695.453 ; gain = 449.621
Synthesis Optimization Complete : Time (s): cpu = 00:00:32 ; elapsed = 00:00:34 . Memory (MB): peak = 695.453 ; gain = 485.438
INFO: [Project 1-571] Translating synthesized netlist
INFO: [Netlist 29-17] Analyzing 4141 Unisim elements for replacement
INFO: [Netlist 29-28] Unisim Transformation completed in 1 CPU seconds
INFO: [Project 1-570] Preparing netlist for logic optimization
INFO: [Opt 31-138] Pushed 0 inverter(s) to 0 load pin(s).
INFO: [Project 1-111] Unisim Transformation Summary:
No Unisim elements were transformed.

INFO: [Common 17-83] Releasing license: Synthesis
166 Infos, 102 Warnings, 0 Critical Warnings and 0 Errors encountered.
synth_design completed successfully
synth_design: Time (s): cpu = 00:00:37 ; elapsed = 00:00:36 . Memory (MB): peak = 695.453 ; gain = 458.699
INFO: [Common 17-1381] The checkpoint 'C:/JPEG_Thesis_2/Final_PR/RLE/RLE.runs/synth_1/jpeg.dcp' has been generated.
report_utilization: Time (s): cpu = 00:00:01 ; elapsed = 00:00:00.301 . Memory (MB): peak = 695.453 ; gain = 0.000
INFO: [Common 17-206] Exiting Vivado at Tue Nov 21 06:08:19 2017...
