#-----------------------------------------------------------
# Vivado v2016.3 (64-bit)
# SW Build 1682563 on Mon Oct 10 19:07:27 MDT 2016
# IP Build 1681267 on Mon Oct 10 21:28:31 MDT 2016
# Start of session at: Thu Oct 19 21:30:59 2017
# Process ID: 5660
# Current directory: C:/github/FPGA_Research/Final_Matrix_Design/PRLab/Matrix
# Command line: vivado.exe -gui_launcher_event rodinguilauncherevent13004 C:\github\FPGA_Research\Final_Matrix_Design\PRLab\Matrix\Matrix.xpr
# Log file: C:/github/FPGA_Research/Final_Matrix_Design/PRLab/Matrix/vivado.log
# Journal file: C:/github/FPGA_Research/Final_Matrix_Design/PRLab/Matrix\vivado.jou
#-----------------------------------------------------------
start_gui
open_project C:/github/FPGA_Research/Final_Matrix_Design/PRLab/Matrix/Matrix.xpr
INFO: [Project 1-313] Project file moved from '/home/mihir/PRLab/Matrix' since last save.
Scanning sources...
Finished scanning sources
WARNING: [filemgmt 56-2] IP Output Repository Path: Could not find the directory 'C:/github/FPGA_Research/Final_Matrix_Design/PRLab/Matrix/Matrix.cache/ip', nor could it be found using path 'C:/home/mihir/PRLab/Matrix/Matrix.cache/ip'.
INFO: [IP_Flow 19-234] Refreshing IP repositories
INFO: [IP_Flow 19-1700] Loaded user IP repository 'c:/github/FPGA_Research/Final_Matrix_Design/PRLab/Sources/ip_repo'.
INFO: [IP_Flow 19-2313] Loaded Vivado IP repository 'C:/Xilinx/Vivado/2016.3/data/ip'.
open_project: Time (s): cpu = 00:00:12 ; elapsed = 00:00:07 . Memory (MB): peak = 889.941 ; gain = 218.262
launch_sdk -workspace C:/github/FPGA_Research/Final_Matrix_Design/PRLab/Matrix/Matrix.sdk -hwspec C:/github/FPGA_Research/Final_Matrix_Design/PRLab/Matrix/Matrix.sdk/matrix_design_wrapper.hdf
INFO: [Vivado 12-393] Launching SDK...
INFO: [Vivado 12-417] Running xsdk -workspace C:/github/FPGA_Research/Final_Matrix_Design/PRLab/Matrix/Matrix.sdk -hwspec C:/github/FPGA_Research/Final_Matrix_Design/PRLab/Matrix/Matrix.sdk/matrix_design_wrapper.hdf
INFO: [Vivado 12-3157] SDK launch initiated. Please check console for any further messages.
open_bd_design {C:/github/FPGA_Research/Final_Matrix_Design/PRLab/Matrix/Matrix.srcs/sources_1/bd/matrix_design/matrix_design.bd}
Adding cell -- xilinx.com:ip:processing_system7:5.5 - processing_system7_0
Adding cell -- xilinx.com:user:matrix:1.0 - matrix_0
Adding cell -- xilinx.com:ip:proc_sys_reset:5.0 - rst_ps7_0_100M
Adding cell -- xilinx.com:ip:axi_protocol_converter:2.1 - auto_pc
Successfully read diagram <matrix_design> from BD file <C:/github/FPGA_Research/Final_Matrix_Design/PRLab/Matrix/Matrix.srcs/sources_1/bd/matrix_design/matrix_design.bd>
open_bd_design: Time (s): cpu = 00:00:08 ; elapsed = 00:00:10 . Memory (MB): peak = 896.813 ; gain = 6.871
launch_sdk -workspace C:/github/FPGA_Research/Final_Matrix_Design/PRLab/Matrix/Matrix.sdk -hwspec C:/github/FPGA_Research/Final_Matrix_Design/PRLab/Matrix/Matrix.sdk/matrix_design_wrapper.hdf
INFO: [Vivado 12-393] Launching SDK...
INFO: [Vivado 12-417] Running xsdk -workspace C:/github/FPGA_Research/Final_Matrix_Design/PRLab/Matrix/Matrix.sdk -hwspec C:/github/FPGA_Research/Final_Matrix_Design/PRLab/Matrix/Matrix.sdk/matrix_design_wrapper.hdf
INFO: [Vivado 12-3157] SDK launch initiated. Please check console for any further messages.
launch_sdk -workspace C:/github/FPGA_Research/Final_Matrix_Design/PRLab/Matrix/Matrix.sdk -hwspec C:/github/FPGA_Research/Final_Matrix_Design/PRLab/Matrix/Matrix.sdk/matrix_design_wrapper.hdf
INFO: [Vivado 12-393] Launching SDK...
INFO: [Vivado 12-417] Running xsdk -workspace C:/github/FPGA_Research/Final_Matrix_Design/PRLab/Matrix/Matrix.sdk -hwspec C:/github/FPGA_Research/Final_Matrix_Design/PRLab/Matrix/Matrix.sdk/matrix_design_wrapper.hdf
INFO: [Vivado 12-3157] SDK launch initiated. Please check console for any further messages.
launch_sdk -workspace C:/github/FPGA_Research/Final_Matrix_Design/PRLab/Matrix/Matrix.sdk -hwspec C:/github/FPGA_Research/Final_Matrix_Design/PRLab/Matrix/Matrix.sdk/matrix_design_wrapper.hdf
INFO: [Vivado 12-393] Launching SDK...
INFO: [Vivado 12-417] Running xsdk -workspace C:/github/FPGA_Research/Final_Matrix_Design/PRLab/Matrix/Matrix.sdk -hwspec C:/github/FPGA_Research/Final_Matrix_Design/PRLab/Matrix/Matrix.sdk/matrix_design_wrapper.hdf
INFO: [Vivado 12-3157] SDK launch initiated. Please check console for any further messages.
exit
INFO: [Common 17-206] Exiting Vivado at Thu Oct 19 21:51:53 2017...
