#-----------------------------------------------------------
# Vivado v2016.3 (64-bit)
# SW Build 1682563 on Mon Oct 10 19:07:27 MDT 2016
# IP Build 1681267 on Mon Oct 10 21:28:31 MDT 2016
# Start of session at: Mon Nov 20 23:06:46 2017
# Process ID: 14124
# Current directory: C:/JPEG_Thesis_2/BRAM_FPGA_Controller
# Command line: vivado.exe -gui_launcher_event rodinguilauncherevent2944 C:\JPEG_Thesis_2\BRAM_FPGA_Controller\BRAM_FPGA_Controller.xpr
# Log file: C:/JPEG_Thesis_2/BRAM_FPGA_Controller/vivado.log
# Journal file: C:/JPEG_Thesis_2/BRAM_FPGA_Controller\vivado.jou
#-----------------------------------------------------------
start_gui
open_project C:/JPEG_Thesis_2/BRAM_FPGA_Controller/BRAM_FPGA_Controller.xpr
Scanning sources...
Finished scanning sources
WARNING: [filemgmt 56-3] IP Output Repository Path: Could not find the directory 'C:/JPEG_Thesis_2/BRAM_FPGA_Controller/BRAM_FPGA_Controller.cache/ip'.
INFO: [IP_Flow 19-234] Refreshing IP repositories
INFO: [IP_Flow 19-1700] Loaded user IP repository 'c:/JPEG_Thesis_2/BRAM_FPGA_Controller/BRAM_FPGA_Controller.srcs/sources_1/imports/new'.
INFO: [IP_Flow 19-2313] Loaded Vivado IP repository 'C:/Xilinx/Vivado/2016.3/data/ip'.
exit
INFO: [Common 17-206] Exiting Vivado at Mon Nov 20 23:10:47 2017...
