00:31:16 INFO  : Registering command handlers for SDK TCF services
00:31:17 INFO  : Launching XSCT server: xsct.bat -interactive C:\JPEG_Thesis_2\BRAM_System_Final\BRAM_System_Final.sdk\temp_xsdb_launch_script.tcl
00:31:22 INFO  : XSCT server has started successfully.
00:31:31 INFO  : Successfully done setting XSCT server connection channel  
00:31:31 INFO  : Successfully done setting SDK workspace  
00:31:31 INFO  : Processing command line option -hwspec C:/JPEG_Thesis_2/BRAM_System_Final/BRAM_System_Final.sdk/bram_design_system_wrapper.hdf.
00:45:36 INFO  : 'targets -set -filter {jtag_cable_name =~ "Digilent Zed 210248782397" && level==0} -index 1' command is executed.
00:45:36 INFO  : 'fpga -state' command is executed.
00:45:36 INFO  : Connected to target on host '127.0.0.1' and port '3121'.
00:45:37 INFO  : Jtag cable 'Digilent Zed 210248782397' is selected.
00:45:37 INFO  : 'jtag frequency' command is executed.
00:45:37 INFO  : Sourcing of 'C:/JPEG_Thesis_2/BRAM_System_Final/BRAM_System_Final.sdk/bram_design_system_wrapper_hw_platform_0/ps7_init.tcl' is done.
00:45:37 INFO  : Context for 'APU' is selected.
00:45:38 INFO  : Hardware design information is loaded from 'C:/JPEG_Thesis_2/BRAM_System_Final/BRAM_System_Final.sdk/bram_design_system_wrapper_hw_platform_0/system.hdf'.
00:45:38 INFO  : Context for 'APU' is selected.
00:45:38 INFO  : 'stop' command is executed.
00:45:48 INFO  : 'ps7_init' command is executed.
00:45:48 INFO  : 'ps7_post_config' command is executed.
00:45:48 INFO  : Context for processor 'ps7_cortexa9_0' is selected.
00:45:49 INFO  : Processor reset is completed for 'ps7_cortexa9_0'.
00:45:49 INFO  : Context for processor 'ps7_cortexa9_0' is selected.
00:45:50 INFO  : The application 'C:/JPEG_Thesis_2/BRAM_System_Final/BRAM_System_Final.sdk/BRAM_MakeitWork/Debug/BRAM_MakeitWork.elf' is downloaded to processor 'ps7_cortexa9_0'.
00:45:50 INFO  : ----------------XSDB Script----------------
connect -url tcp:127.0.0.1:3121
source C:/JPEG_Thesis_2/BRAM_System_Final/BRAM_System_Final.sdk/bram_design_system_wrapper_hw_platform_0/ps7_init.tcl
targets -set -nocase -filter {name =~"APU*" && jtag_cable_name =~ "Digilent Zed 210248782397"} -index 0
loadhw C:/JPEG_Thesis_2/BRAM_System_Final/BRAM_System_Final.sdk/bram_design_system_wrapper_hw_platform_0/system.hdf
targets -set -nocase -filter {name =~"APU*" && jtag_cable_name =~ "Digilent Zed 210248782397"} -index 0
stop
ps7_init
ps7_post_config
targets -set -nocase -filter {name =~ "ARM*#0" && jtag_cable_name =~ "Digilent Zed 210248782397"} -index 0
rst -processor
targets -set -nocase -filter {name =~ "ARM*#0" && jtag_cable_name =~ "Digilent Zed 210248782397"} -index 0
dow C:/JPEG_Thesis_2/BRAM_System_Final/BRAM_System_Final.sdk/BRAM_MakeitWork/Debug/BRAM_MakeitWork.elf
----------------End of Script----------------

00:45:51 INFO  : Memory regions updated for context APU
00:45:51 INFO  : Context for processor 'ps7_cortexa9_0' is selected.
00:45:52 INFO  : 'con' command is executed.
00:45:52 INFO  : ----------------XSDB Script (After Launch)----------------
targets -set -nocase -filter {name =~ "ARM*#0" && jtag_cable_name =~ "Digilent Zed 210248782397"} -index 0
con
----------------End of Script----------------

00:45:52 INFO  : Launch script is exported to file 'C:\JPEG_Thesis_2\BRAM_System_Final\BRAM_System_Final.sdk\.sdk\launch_scripts\xilinx_c-c++_application_(system_debugger)\system_debugger_using_debug_bram_makeitwork.elf_on_local.tcl'
00:56:11 INFO  : Disconnected from the channel tcfchan#1.
00:56:13 INFO  : 'targets -set -filter {jtag_cable_name =~ "Digilent Zed 210248782397" && level==0} -index 1' command is executed.
00:56:13 INFO  : 'fpga -state' command is executed.
00:56:13 INFO  : Connected to target on host '127.0.0.1' and port '3121'.
00:56:14 INFO  : Jtag cable 'Digilent Zed 210248782397' is selected.
00:56:14 INFO  : 'jtag frequency' command is executed.
00:56:14 INFO  : Sourcing of 'C:/JPEG_Thesis_2/BRAM_System_Final/BRAM_System_Final.sdk/bram_design_system_wrapper_hw_platform_0/ps7_init.tcl' is done.
00:56:14 INFO  : Context for 'APU' is selected.
00:56:17 INFO  : Hardware design information is loaded from 'C:/JPEG_Thesis_2/BRAM_System_Final/BRAM_System_Final.sdk/bram_design_system_wrapper_hw_platform_0/system.hdf'.
00:56:17 INFO  : Context for 'APU' is selected.
00:56:18 INFO  : 'stop' command is executed.
00:56:25 INFO  : 'ps7_init' command is executed.
00:56:26 INFO  : 'ps7_post_config' command is executed.
00:56:26 INFO  : Context for processor 'ps7_cortexa9_0' is selected.
00:56:27 INFO  : Processor reset is completed for 'ps7_cortexa9_0'.
00:56:27 INFO  : Context for processor 'ps7_cortexa9_0' is selected.
00:56:28 INFO  : The application 'C:/JPEG_Thesis_2/BRAM_System_Final/BRAM_System_Final.sdk/BRAM_MakeitWork/Debug/BRAM_MakeitWork.elf' is downloaded to processor 'ps7_cortexa9_0'.
00:56:28 INFO  : ----------------XSDB Script----------------
connect -url tcp:127.0.0.1:3121
source C:/JPEG_Thesis_2/BRAM_System_Final/BRAM_System_Final.sdk/bram_design_system_wrapper_hw_platform_0/ps7_init.tcl
targets -set -nocase -filter {name =~"APU*" && jtag_cable_name =~ "Digilent Zed 210248782397"} -index 0
loadhw C:/JPEG_Thesis_2/BRAM_System_Final/BRAM_System_Final.sdk/bram_design_system_wrapper_hw_platform_0/system.hdf
targets -set -nocase -filter {name =~"APU*" && jtag_cable_name =~ "Digilent Zed 210248782397"} -index 0
stop
ps7_init
ps7_post_config
targets -set -nocase -filter {name =~ "ARM*#0" && jtag_cable_name =~ "Digilent Zed 210248782397"} -index 0
rst -processor
targets -set -nocase -filter {name =~ "ARM*#0" && jtag_cable_name =~ "Digilent Zed 210248782397"} -index 0
dow C:/JPEG_Thesis_2/BRAM_System_Final/BRAM_System_Final.sdk/BRAM_MakeitWork/Debug/BRAM_MakeitWork.elf
----------------End of Script----------------

00:56:29 INFO  : Memory regions updated for context APU
00:56:29 INFO  : Context for processor 'ps7_cortexa9_0' is selected.
00:56:29 INFO  : 'con' command is executed.
00:56:29 INFO  : ----------------XSDB Script (After Launch)----------------
targets -set -nocase -filter {name =~ "ARM*#0" && jtag_cable_name =~ "Digilent Zed 210248782397"} -index 0
con
----------------End of Script----------------

00:56:29 INFO  : Launch script is exported to file 'C:\JPEG_Thesis_2\BRAM_System_Final\BRAM_System_Final.sdk\.sdk\launch_scripts\xilinx_c-c++_application_(system_debugger)\system_debugger_using_debug_bram_makeitwork.elf_on_local.tcl'
00:58:13 INFO  : Disconnected from the channel tcfchan#2.
00:58:16 INFO  : 'targets -set -filter {jtag_cable_name =~ "Digilent Zed 210248782397" && level==0} -index 1' command is executed.
00:58:17 INFO  : 'fpga -state' command is executed.
00:58:17 INFO  : Connected to target on host '127.0.0.1' and port '3121'.
00:58:17 INFO  : Jtag cable 'Digilent Zed 210248782397' is selected.
00:58:17 INFO  : 'jtag frequency' command is executed.
00:58:17 INFO  : Sourcing of 'C:/JPEG_Thesis_2/BRAM_System_Final/BRAM_System_Final.sdk/bram_design_system_wrapper_hw_platform_0/ps7_init.tcl' is done.
00:58:17 INFO  : Context for 'APU' is selected.
00:58:20 INFO  : Hardware design information is loaded from 'C:/JPEG_Thesis_2/BRAM_System_Final/BRAM_System_Final.sdk/bram_design_system_wrapper_hw_platform_0/system.hdf'.
00:58:20 INFO  : Context for 'APU' is selected.
00:58:21 INFO  : 'stop' command is executed.
00:58:31 INFO  : 'ps7_init' command is executed.
00:58:32 INFO  : 'ps7_post_config' command is executed.
00:58:32 INFO  : Context for processor 'ps7_cortexa9_0' is selected.
00:58:32 INFO  : Processor reset is completed for 'ps7_cortexa9_0'.
00:58:32 INFO  : Context for processor 'ps7_cortexa9_0' is selected.
00:58:35 INFO  : The application 'C:/JPEG_Thesis_2/BRAM_System_Final/BRAM_System_Final.sdk/BRAM_MakeitWork/Debug/BRAM_MakeitWork.elf' is downloaded to processor 'ps7_cortexa9_0'.
00:58:35 INFO  : ----------------XSDB Script----------------
connect -url tcp:127.0.0.1:3121
source C:/JPEG_Thesis_2/BRAM_System_Final/BRAM_System_Final.sdk/bram_design_system_wrapper_hw_platform_0/ps7_init.tcl
targets -set -nocase -filter {name =~"APU*" && jtag_cable_name =~ "Digilent Zed 210248782397"} -index 0
loadhw C:/JPEG_Thesis_2/BRAM_System_Final/BRAM_System_Final.sdk/bram_design_system_wrapper_hw_platform_0/system.hdf
targets -set -nocase -filter {name =~"APU*" && jtag_cable_name =~ "Digilent Zed 210248782397"} -index 0
stop
ps7_init
ps7_post_config
targets -set -nocase -filter {name =~ "ARM*#0" && jtag_cable_name =~ "Digilent Zed 210248782397"} -index 0
rst -processor
targets -set -nocase -filter {name =~ "ARM*#0" && jtag_cable_name =~ "Digilent Zed 210248782397"} -index 0
dow C:/JPEG_Thesis_2/BRAM_System_Final/BRAM_System_Final.sdk/BRAM_MakeitWork/Debug/BRAM_MakeitWork.elf
----------------End of Script----------------

00:58:35 INFO  : Memory regions updated for context APU
00:58:35 INFO  : Context for processor 'ps7_cortexa9_0' is selected.
00:58:35 INFO  : 'con' command is executed.
00:58:35 INFO  : ----------------XSDB Script (After Launch)----------------
targets -set -nocase -filter {name =~ "ARM*#0" && jtag_cable_name =~ "Digilent Zed 210248782397"} -index 0
con
----------------End of Script----------------

00:58:35 INFO  : Launch script is exported to file 'C:\JPEG_Thesis_2\BRAM_System_Final\BRAM_System_Final.sdk\.sdk\launch_scripts\xilinx_c-c++_application_(system_debugger)\system_debugger_using_debug_bram_makeitwork.elf_on_local.tcl'
00:59:14 INFO  : Disconnected from the channel tcfchan#3.
00:59:16 INFO  : 'targets -set -filter {jtag_cable_name =~ "Digilent Zed 210248782397" && level==0} -index 1' command is executed.
00:59:16 INFO  : 'fpga -state' command is executed.
00:59:16 INFO  : Connected to target on host '127.0.0.1' and port '3121'.
00:59:16 INFO  : Jtag cable 'Digilent Zed 210248782397' is selected.
00:59:17 INFO  : 'jtag frequency' command is executed.
00:59:17 INFO  : Sourcing of 'C:/JPEG_Thesis_2/BRAM_System_Final/BRAM_System_Final.sdk/bram_design_system_wrapper_hw_platform_0/ps7_init.tcl' is done.
00:59:17 INFO  : Context for 'APU' is selected.
00:59:20 INFO  : Hardware design information is loaded from 'C:/JPEG_Thesis_2/BRAM_System_Final/BRAM_System_Final.sdk/bram_design_system_wrapper_hw_platform_0/system.hdf'.
00:59:20 INFO  : Context for 'APU' is selected.
00:59:21 INFO  : 'stop' command is executed.
00:59:34 INFO  : 'ps7_init' command is executed.
00:59:35 INFO  : 'ps7_post_config' command is executed.
00:59:35 INFO  : Context for processor 'ps7_cortexa9_0' is selected.
00:59:36 INFO  : Processor reset is completed for 'ps7_cortexa9_0'.
00:59:36 INFO  : Context for processor 'ps7_cortexa9_0' is selected.
00:59:37 INFO  : The application 'C:/JPEG_Thesis_2/BRAM_System_Final/BRAM_System_Final.sdk/BRAM_MakeitWork/Debug/BRAM_MakeitWork.elf' is downloaded to processor 'ps7_cortexa9_0'.
00:59:37 INFO  : ----------------XSDB Script----------------
connect -url tcp:127.0.0.1:3121
source C:/JPEG_Thesis_2/BRAM_System_Final/BRAM_System_Final.sdk/bram_design_system_wrapper_hw_platform_0/ps7_init.tcl
targets -set -nocase -filter {name =~"APU*" && jtag_cable_name =~ "Digilent Zed 210248782397"} -index 0
loadhw C:/JPEG_Thesis_2/BRAM_System_Final/BRAM_System_Final.sdk/bram_design_system_wrapper_hw_platform_0/system.hdf
targets -set -nocase -filter {name =~"APU*" && jtag_cable_name =~ "Digilent Zed 210248782397"} -index 0
stop
ps7_init
ps7_post_config
targets -set -nocase -filter {name =~ "ARM*#0" && jtag_cable_name =~ "Digilent Zed 210248782397"} -index 0
rst -processor
targets -set -nocase -filter {name =~ "ARM*#0" && jtag_cable_name =~ "Digilent Zed 210248782397"} -index 0
dow C:/JPEG_Thesis_2/BRAM_System_Final/BRAM_System_Final.sdk/BRAM_MakeitWork/Debug/BRAM_MakeitWork.elf
----------------End of Script----------------

00:59:37 INFO  : Memory regions updated for context APU
00:59:37 INFO  : Context for processor 'ps7_cortexa9_0' is selected.
00:59:38 INFO  : 'con' command is executed.
00:59:38 INFO  : ----------------XSDB Script (After Launch)----------------
targets -set -nocase -filter {name =~ "ARM*#0" && jtag_cable_name =~ "Digilent Zed 210248782397"} -index 0
con
----------------End of Script----------------

00:59:38 INFO  : Launch script is exported to file 'C:\JPEG_Thesis_2\BRAM_System_Final\BRAM_System_Final.sdk\.sdk\launch_scripts\xilinx_c-c++_application_(system_debugger)\system_debugger_using_debug_bram_makeitwork.elf_on_local.tcl'
01:01:49 INFO  : Disconnected from the channel tcfchan#4.
