
*** Running vivado
    with args -log design_1_Matrix_Multiply_0_bram_0_0.vds -m64 -product Vivado -mode batch -messageDb vivado.pb -notrace -source design_1_Matrix_Multiply_0_bram_0_0.tcl


****** Vivado v2016.3 (64-bit)
  **** SW Build 1682563 on Mon Oct 10 19:07:27 MDT 2016
  **** IP Build 1681267 on Mon Oct 10 21:28:31 MDT 2016
    ** Copyright 1986-2016 Xilinx, Inc. All Rights Reserved.

source design_1_Matrix_Multiply_0_bram_0_0.tcl -notrace
Starting RTL Elaboration : Time (s): cpu = 00:00:09 ; elapsed = 00:00:15 . Memory (MB): peak = 338.398 ; gain = 128.410
INFO: [Synth 8-638] synthesizing module 'design_1_Matrix_Multiply_0_bram_0_0' [c:/Proton/Proton_Vivado_Design/Proton/Proton.srcs/sources_1/bd/design_1/ip/design_1_Matrix_Multiply_0_bram_0_0/synth/design_1_Matrix_Multiply_0_bram_0_0.vhd:78]
INFO: [Synth 8-256] done synthesizing module 'design_1_Matrix_Multiply_0_bram_0_0' (9#1) [c:/Proton/Proton_Vivado_Design/Proton/Proton.srcs/sources_1/bd/design_1/ip/design_1_Matrix_Multiply_0_bram_0_0/synth/design_1_Matrix_Multiply_0_bram_0_0.vhd:78]
Finished RTL Elaboration : Time (s): cpu = 00:00:56 ; elapsed = 00:01:04 . Memory (MB): peak = 537.605 ; gain = 327.617
Finished RTL Optimization Phase 1 : Time (s): cpu = 00:00:57 ; elapsed = 00:01:04 . Memory (MB): peak = 537.605 ; gain = 327.617
INFO: [Device 21-403] Loading part xc7z020clg484-1
Constraint Validation Runtime : Time (s): cpu = 00:00:00 ; elapsed = 00:00:00.027 . Memory (MB): peak = 625.473 ; gain = 0.000
Finished Constraint Validation : Time (s): cpu = 00:01:06 ; elapsed = 00:01:14 . Memory (MB): peak = 625.473 ; gain = 415.484
Finished Loading Part and Timing Information : Time (s): cpu = 00:01:06 ; elapsed = 00:01:14 . Memory (MB): peak = 625.473 ; gain = 415.484
Finished applying 'set_property' XDC Constraints : Time (s): cpu = 00:01:06 ; elapsed = 00:01:14 . Memory (MB): peak = 625.473 ; gain = 415.484
Finished RTL Optimization Phase 2 : Time (s): cpu = 00:01:07 ; elapsed = 00:01:15 . Memory (MB): peak = 625.473 ; gain = 415.484
Finished Cross Boundary and Area Optimization : Time (s): cpu = 00:01:07 ; elapsed = 00:01:15 . Memory (MB): peak = 625.473 ; gain = 415.484
Finished Applying XDC Timing Constraints : Time (s): cpu = 00:01:17 ; elapsed = 00:01:26 . Memory (MB): peak = 644.211 ; gain = 434.223
Finished Timing Optimization : Time (s): cpu = 00:01:18 ; elapsed = 00:01:26 . Memory (MB): peak = 645.172 ; gain = 435.184
Finished Technology Mapping : Time (s): cpu = 00:01:18 ; elapsed = 00:01:26 . Memory (MB): peak = 654.844 ; gain = 444.855
Finished IO Insertion : Time (s): cpu = 00:01:18 ; elapsed = 00:01:26 . Memory (MB): peak = 654.844 ; gain = 444.855
Finished Renaming Generated Instances : Time (s): cpu = 00:01:18 ; elapsed = 00:01:26 . Memory (MB): peak = 654.844 ; gain = 444.855
Finished Rebuilding User Hierarchy : Time (s): cpu = 00:01:18 ; elapsed = 00:01:26 . Memory (MB): peak = 654.844 ; gain = 444.855
Finished Renaming Generated Ports : Time (s): cpu = 00:01:18 ; elapsed = 00:01:26 . Memory (MB): peak = 654.844 ; gain = 444.855
Finished Handling Custom Attributes : Time (s): cpu = 00:01:18 ; elapsed = 00:01:26 . Memory (MB): peak = 654.844 ; gain = 444.855
Finished Renaming Generated Nets : Time (s): cpu = 00:01:18 ; elapsed = 00:01:26 . Memory (MB): peak = 654.844 ; gain = 444.855

Report Cell Usage: 
+------+---------+------+
|      |Cell     |Count |
+------+---------+------+
|1     |RAMB36E1 |     2|
+------+---------+------+
Finished Writing Synthesis Report : Time (s): cpu = 00:01:18 ; elapsed = 00:01:26 . Memory (MB): peak = 654.844 ; gain = 444.855
synth_design: Time (s): cpu = 00:01:16 ; elapsed = 00:01:19 . Memory (MB): peak = 683.613 ; gain = 423.883
