Unable to capture context for thread 14292 in process 11216, can not generate back trace
Exception at PC 0x00007FFDE6BDBB93
Printing stacktrace...

Unable to capture context for thread 14292 in process 11216, can not generate back trace
Exception at PC 0x00007FFE3D7B9E08
Exception at PC 0x00007FFE3D7B9E08
Exception at PC 0x00007FFE3D7B9E08
Exception at PC 0x00007FFE3D7B9E08
Exception at PC 0x00007FFE3D7B9E08
Exception at PC 0x00007FFE3D7B9E08
Exception at PC 0x00007FFE3D7B9E08
Exception at PC 0x00007FFE3D7B9E08
Exception at PC 0x00007FFE3D7B9E08
Exception at PC 0x00007FFE3D7B9E08
Exception at PC 0x00007FFE3D7B9E08
Exception at PC 0x00007FFE3D7B9E08
Exception at PC 0x00007FFE3D7B9E08
Exception at PC 0x00007FFE3D7B9E08
Exception at PC 0x00007FFE3D7B9E08
Exception at PC 0x00007FFE3D7B9E08
Exception at PC 0x00007FFE3D7B9E08
[0]  [0x00007FFDE6BDBB93]
[1]  [0x00007FFDE6BDBB93]
[2]  [0x00007FFDE6BDB4A1]
[3]  [0x00007FFDE6BDB3EF]
[4]  [0x00007FFDE6BC19FE]
[5]  [0x00007FFDE6BC0ED1]
[6]  [0x00007FFDE6BC0D76]
[7]  [0x00007FFDE6B679F6]
[8]  [0x00007FFDE6B57AFB]
[9]  [0x00007FFDE6C7E90A]
[10]  [0x00007FFDE6C99F87]
[11]  [0x00007FFDE6C9A05F]
[12] (BaseThreadInitThunk+0x14) [0x00007FFE41032774]
[13] (RtlUserThreadStart+0x21) [0x00007FFE412A0D51]
Done
