#-----------------------------------------------------------
# xsim v2016.3 (64-bit)
# SW Build 1682563 on Mon Oct 10 19:07:27 MDT 2016
# IP Build 1681267 on Mon Oct 10 21:28:31 MDT 2016
# Start of session at: Sun Oct 15 19:54:50 2017
# Process ID: 9312
# Current directory: C:/FPGA_Research_Local/Nucleus/Nucleus/solution1/sim/verilog
# Command line: xsim.exe -mode tcl -source {xsim.dir/Matrix_Addition/xsim_script.tcl}
# Log file: C:/FPGA_Research_Local/Nucleus/Nucleus/solution1/sim/verilog/xsim.log
# Journal file: C:/FPGA_Research_Local/Nucleus/Nucleus/solution1/sim/verilog\xsim.jou
#-----------------------------------------------------------
source xsim.dir/Matrix_Addition/xsim_script.tcl
# xsim {Matrix_Addition} -autoloadwcfg -tclbatch {Matrix_Addition.tcl}
Vivado Simulator 2016.3
Time resolution is 1 ps
source Matrix_Addition.tcl
## run all
////////////////////////////////////////////////////////////////////////////////////
// Inter-Transaction Progress: Completed Transaction / Total Transaction
// Intra-Transaction Progress: Measured Latency / Latency Estimation * 100%
//
// RTL Simulation : "Inter-Transaction Progress" ["Intra-Transaction Progress"] @ "Simulation Time"
////////////////////////////////////////////////////////////////////////////////////
// RTL Simulation : 0 / 1 [0.00%] @ "125000"
// RTL Simulation : 1 / 1 [0.00%] @ "725000"
////////////////////////////////////////////////////////////////////////////////////
$finish called at time : 765 ns : File "C:/FPGA_Research_Local/Nucleus/Nucleus/solution1/sim/verilog/Matrix_Addition.autotb.v" Line 392
## quit
INFO: [Common 17-206] Exiting xsim at Sun Oct 15 19:54:56 2017...
