Copyright 1986-2016 Xilinx, Inc. All Rights Reserved.
-------------------------------------------------------------------------------------------------------
| Tool Version : Vivado v.2016.3 (win64) Build 1682563 Mon Oct 10 19:07:27 MDT 2016
| Date         : Sat Nov 18 00:28:06 2017
| Host         : LAPTOP-QUI0SV4S running 64-bit major release  (build 9200)
| Command      : report_control_sets -verbose -file bram_design_system_wrapper_control_sets_placed.rpt
| Design       : bram_design_system_wrapper
| Device       : xc7z020
-------------------------------------------------------------------------------------------------------

Control Set Information

Table of Contents
-----------------
1. Summary
2. Flip-Flop Distribution
3. Detailed Control Set Information

1. Summary
----------

+----------------------------------------------------------+-------+
|                          Status                          | Count |
+----------------------------------------------------------+-------+
| Number of unique control sets                            |    41 |
| Unused register locations in slices containing registers |    92 |
+----------------------------------------------------------+-------+


2. Flip-Flop Distribution
-------------------------

+--------------+-----------------------+------------------------+-----------------+--------------+
| Clock Enable | Synchronous Set/Reset | Asynchronous Set/Reset | Total Registers | Total Slices |
+--------------+-----------------------+------------------------+-----------------+--------------+
| No           | No                    | No                     |             113 |           45 |
| No           | No                    | Yes                    |               0 |            0 |
| No           | Yes                   | No                     |              79 |           30 |
| Yes          | No                    | No                     |             270 |           76 |
| Yes          | No                    | Yes                    |               0 |            0 |
| Yes          | Yes                   | No                     |             150 |           48 |
+--------------+-----------------------+------------------------+-----------------+--------------+


3. Detailed Control Set Information
-----------------------------------

+-----------------------------------------------------------+-------------------------------------------------------------------------------------------------------------------------------------------------------------------------+----------------------------------------------------------------------------------------------------------------------------------------------------+------------------+----------------+
|                        Clock Signal                       |                                                                              Enable Signal                                                                              |                                                                  Set/Reset Signal                                                                  | Slice Load Count | Bel Load Count |
+-----------------------------------------------------------+-------------------------------------------------------------------------------------------------------------------------------------------------------------------------+----------------------------------------------------------------------------------------------------------------------------------------------------+------------------+----------------+
|  bram_design_system_i/processing_system7_0/inst/FCLK_CLK0 | bram_design_system_i/ps7_0_axi_periph/s00_couplers/auto_pc/inst/gen_axilite.gen_b2s_conv.axilite_b2s/WR.b_channel_0/bid_fifo_0/bresp_push                               |                                                                                                                                                    |                1 |              2 |
|  bram_design_system_i/processing_system7_0/inst/FCLK_CLK0 | bram_design_system_i/ps7_0_axi_periph/s00_couplers/auto_pc/inst/gen_axilite.gen_b2s_conv.axilite_b2s/RD.ar_channel_0/ar_cmd_fsm_0/axaddr_incr_reg[0]                    |                                                                                                                                                    |                1 |              4 |
|  bram_design_system_i/processing_system7_0/inst/FCLK_CLK0 | bram_design_system_i/ps7_0_axi_periph/s00_couplers/auto_pc/inst/gen_axilite.gen_b2s_conv.axilite_b2s/RD.ar_channel_0/ar_cmd_fsm_0/axlen_cnt_reg[3][0]                   | bram_design_system_i/ps7_0_axi_periph/s00_couplers/auto_pc/inst/gen_axilite.gen_b2s_conv.axilite_b2s/RD.ar_channel_0/ar_cmd_fsm_0/axlen_cnt_reg[7] |                1 |              4 |
|  bram_design_system_i/processing_system7_0/inst/FCLK_CLK0 |                                                                                                                                                                         | bram_design_system_i/rst_ps7_0_100M/U0/EXT_LPF/lpf_int                                                                                             |                3 |              4 |
|  bram_design_system_i/processing_system7_0/inst/FCLK_CLK0 |                                                                                                                                                                         | bram_design_system_i/ps7_0_axi_periph/s00_couplers/auto_pc/inst/gen_axilite.gen_b2s_conv.axilite_b2s/SI_REG/ar_pipe/m_valid_i_reg_0                |                3 |              4 |
|  bram_design_system_i/processing_system7_0/inst/FCLK_CLK0 |                                                                                                                                                                         | bram_design_system_i/ps7_0_axi_periph/s00_couplers/auto_pc/inst/gen_axilite.gen_b2s_conv.axilite_b2s/SI_REG/aw_pipe/s_ready_i_reg_0                |                3 |              4 |
|  bram_design_system_i/processing_system7_0/inst/FCLK_CLK0 | bram_design_system_i/ps7_0_axi_periph/s00_couplers/auto_pc/inst/gen_axilite.gen_b2s_conv.axilite_b2s/RD.ar_channel_0/ar_cmd_fsm_0/E[0]                                  |                                                                                                                                                    |                1 |              4 |
|  bram_design_system_i/processing_system7_0/inst/FCLK_CLK0 | bram_design_system_i/ps7_0_axi_periph/s00_couplers/auto_pc/inst/gen_axilite.gen_b2s_conv.axilite_b2s/WR.aw_channel_0/cmd_translator_0/incr_cmd_0/axaddr_incr[0]_i_1_n_0 |                                                                                                                                                    |                1 |              4 |
|  bram_design_system_i/processing_system7_0/inst/FCLK_CLK0 | bram_design_system_i/ps7_0_axi_periph/s00_couplers/auto_pc/inst/gen_axilite.gen_b2s_conv.axilite_b2s/WR.aw_channel_0/aw_cmd_fsm_0/axaddr_wrap_reg[0]                    | bram_design_system_i/ps7_0_axi_periph/s00_couplers/auto_pc/inst/gen_axilite.gen_b2s_conv.axilite_b2s/WR.aw_channel_0/aw_cmd_fsm_0/axlen_cnt_reg[7] |                2 |              4 |
|  bram_design_system_i/processing_system7_0/inst/FCLK_CLK0 | bram_design_system_i/ps7_0_axi_periph/s00_couplers/auto_pc/inst/gen_axilite.gen_b2s_conv.axilite_b2s/WR.aw_channel_0/aw_cmd_fsm_0/wrap_boundary_axaddr_r_reg[11][0]     |                                                                                                                                                    |                2 |              4 |
|  bram_design_system_i/processing_system7_0/inst/FCLK_CLK0 | bram_design_system_i/rst_ps7_0_100M/U0/SEQ/seq_cnt_en                                                                                                                   | bram_design_system_i/rst_ps7_0_100M/U0/SEQ/SEQ_COUNTER/clear                                                                                       |                1 |              6 |
|  bram_design_system_i/processing_system7_0/inst/FCLK_CLK0 | bram_design_system_i/DARC_BRAM2_0/inst/DARC_BRAM2_v1_0_S00_AXI_inst/slv_reg1[15]_i_1_n_0                                                                                | bram_design_system_i/DARC_BRAM2_0/inst/DARC_BRAM2_v1_0_S00_AXI_inst/axi_awready_i_1_n_0                                                            |                1 |              8 |
|  bram_design_system_i/processing_system7_0/inst/FCLK_CLK0 | bram_design_system_i/DARC_BRAM2_0/inst/DARC_BRAM2_v1_0_S00_AXI_inst/slv_reg1[17]_i_1_n_0                                                                                | bram_design_system_i/DARC_BRAM2_0/inst/DARC_BRAM2_v1_0_S00_AXI_inst/axi_awready_i_1_n_0                                                            |                1 |              8 |
|  bram_design_system_i/processing_system7_0/inst/FCLK_CLK0 | bram_design_system_i/DARC_BRAM2_0/inst/DARC_BRAM2_v1_0_S00_AXI_inst/slv_reg1[31]_i_1_n_0                                                                                | bram_design_system_i/DARC_BRAM2_0/inst/DARC_BRAM2_v1_0_S00_AXI_inst/axi_awready_i_1_n_0                                                            |                3 |              8 |
|  bram_design_system_i/processing_system7_0/inst/FCLK_CLK0 | bram_design_system_i/DARC_BRAM2_0/inst/DARC_BRAM2_v1_0_S00_AXI_inst/slv_reg1[7]_i_1_n_0                                                                                 | bram_design_system_i/DARC_BRAM2_0/inst/DARC_BRAM2_v1_0_S00_AXI_inst/axi_awready_i_1_n_0                                                            |                1 |              8 |
|  bram_design_system_i/processing_system7_0/inst/FCLK_CLK0 | bram_design_system_i/DARC_BRAM2_0/inst/DARC_BRAM2_v1_0_S00_AXI_inst/p_1_in[31]                                                                                          | bram_design_system_i/DARC_BRAM2_0/inst/DARC_BRAM2_v1_0_S00_AXI_inst/axi_awready_i_1_n_0                                                            |                3 |              8 |
|  bram_design_system_i/processing_system7_0/inst/FCLK_CLK0 | bram_design_system_i/DARC_BRAM2_0/inst/DARC_BRAM2_v1_0_S00_AXI_inst/p_1_in[23]                                                                                          | bram_design_system_i/DARC_BRAM2_0/inst/DARC_BRAM2_v1_0_S00_AXI_inst/axi_awready_i_1_n_0                                                            |                1 |              8 |
|  bram_design_system_i/processing_system7_0/inst/FCLK_CLK0 | bram_design_system_i/DARC_BRAM2_0/inst/DARC_BRAM2_v1_0_S00_AXI_inst/p_1_in[7]                                                                                           | bram_design_system_i/DARC_BRAM2_0/inst/DARC_BRAM2_v1_0_S00_AXI_inst/axi_awready_i_1_n_0                                                            |                2 |              8 |
|  bram_design_system_i/processing_system7_0/inst/FCLK_CLK0 | bram_design_system_i/DARC_BRAM2_0/inst/DARC_BRAM2_v1_0_S00_AXI_inst/p_1_in[15]                                                                                          | bram_design_system_i/DARC_BRAM2_0/inst/DARC_BRAM2_v1_0_S00_AXI_inst/axi_awready_i_1_n_0                                                            |                6 |              8 |
|  bram_design_system_i/processing_system7_0/inst/FCLK_CLK0 | bram_design_system_i/DARC_BRAM2_0/inst/DARC_BRAM2_v1_0_S00_AXI_inst/slv_reg0[0]_i_1_n_0                                                                                 | bram_design_system_i/DARC_BRAM2_0/inst/DARC_BRAM2_v1_0_S00_AXI_inst/axi_awready_i_1_n_0                                                            |                2 |              8 |
|  bram_design_system_i/processing_system7_0/inst/FCLK_CLK0 | bram_design_system_i/DARC_BRAM2_0/inst/DARC_BRAM2_v1_0_S00_AXI_inst/slv_reg0[15]_i_1_n_0                                                                                | bram_design_system_i/DARC_BRAM2_0/inst/DARC_BRAM2_v1_0_S00_AXI_inst/axi_awready_i_1_n_0                                                            |                4 |              8 |
|  bram_design_system_i/processing_system7_0/inst/FCLK_CLK0 | bram_design_system_i/DARC_BRAM2_0/inst/DARC_BRAM2_v1_0_S00_AXI_inst/slv_reg0[23]_i_1_n_0                                                                                | bram_design_system_i/DARC_BRAM2_0/inst/DARC_BRAM2_v1_0_S00_AXI_inst/axi_awready_i_1_n_0                                                            |                1 |              8 |
|  bram_design_system_i/processing_system7_0/inst/FCLK_CLK0 | bram_design_system_i/DARC_BRAM2_0/inst/DARC_BRAM2_v1_0_S00_AXI_inst/slv_reg0[31]_i_1_n_0                                                                                | bram_design_system_i/DARC_BRAM2_0/inst/DARC_BRAM2_v1_0_S00_AXI_inst/axi_awready_i_1_n_0                                                            |                3 |              8 |
|  bram_design_system_i/processing_system7_0/inst/FCLK_CLK0 | bram_design_system_i/ps7_0_axi_periph/s00_couplers/auto_pc/inst/gen_axilite.gen_b2s_conv.axilite_b2s/WR.b_channel_0/mhandshake_r                                        | bram_design_system_i/ps7_0_axi_periph/s00_couplers/auto_pc/inst/gen_axilite.gen_b2s_conv.axilite_b2s/WR.b_channel_0/bid_fifo_0/SR[0]               |                2 |              8 |
|  bram_design_system_i/processing_system7_0/inst/FCLK_CLK0 |                                                                                                                                                                         | bram_design_system_i/DARC_BRAM2_0/inst/DARC_BRAM2_v1_0_S00_AXI_inst/axi_awready_i_1_n_0                                                            |                4 |              9 |
|  bram_design_system_i/processing_system7_0/inst/FCLK_CLK0 | bram_design_system_i/ps7_0_axi_periph/s00_couplers/auto_pc/inst/gen_axilite.gen_b2s_conv.axilite_b2s/WR.aw_channel_0/aw_cmd_fsm_0/axaddr_wrap_reg[0]                    |                                                                                                                                                    |                5 |             12 |
|  bram_design_system_i/processing_system7_0/inst/FCLK_CLK0 | bram_design_system_i/ps7_0_axi_periph/s00_couplers/auto_pc/inst/gen_axilite.gen_b2s_conv.axilite_b2s/RD.ar_channel_0/ar_cmd_fsm_0/axlen_cnt_reg[3][0]                   |                                                                                                                                                    |                6 |             12 |
|  bram_design_system_i/processing_system7_0/inst/FCLK_CLK0 | bram_design_system_i/ps7_0_axi_periph/s00_couplers/auto_pc/inst/gen_axilite.gen_b2s_conv.axilite_b2s/RD.r_channel_0/r_push_r                                            |                                                                                                                                                    |                4 |             13 |
|  bram_design_system_i/processing_system7_0/inst/FCLK_CLK0 | bram_design_system_i/ps7_0_axi_periph/s00_couplers/auto_pc/inst/gen_axilite.gen_b2s_conv.axilite_b2s/SI_REG/b_pipe/p_1_in                                               |                                                                                                                                                    |                3 |             14 |
|  bram_design_system_i/processing_system7_0/inst/FCLK_CLK0 | bram_design_system_i/ps7_0_axi_periph/s00_couplers/auto_pc/inst/gen_axilite.gen_b2s_conv.axilite_b2s/SI_REG/b_pipe/skid_buffer_reg[0]_0                                 |                                                                                                                                                    |                3 |             14 |
|  bram_design_system_i/processing_system7_0/inst/FCLK_CLK0 | bram_design_system_i/ps7_0_axi_periph/s00_couplers/auto_pc/inst/gen_axilite.gen_b2s_conv.axilite_b2s/WR.aw_channel_0/aw_cmd_fsm_0/b_push                                |                                                                                                                                                    |                5 |             20 |
|  bram_design_system_i/processing_system7_0/inst/FCLK_CLK0 | bram_design_system_i/ps7_0_axi_periph/s00_couplers/auto_pc/inst/gen_axilite.gen_b2s_conv.axilite_b2s/RD.ar_channel_0/ar_cmd_fsm_0/m_payload_i_reg[0]_1[0]               |                                                                                                                                                    |               11 |             27 |
|  bram_design_system_i/processing_system7_0/inst/FCLK_CLK0 | bram_design_system_i/ps7_0_axi_periph/s00_couplers/auto_pc/inst/gen_axilite.gen_b2s_conv.axilite_b2s/WR.aw_channel_0/aw_cmd_fsm_0/E[0]                                  |                                                                                                                                                    |                8 |             27 |
|  bram_design_system_i/processing_system7_0/inst/FCLK_CLK0 | bram_design_system_i/ps7_0_axi_periph/s00_couplers/auto_pc/inst/gen_axilite.gen_b2s_conv.axilite_b2s/SI_REG/ar_pipe/skid_buffer_reg[0]_0                                |                                                                                                                                                    |               12 |             27 |
|  bram_design_system_i/processing_system7_0/inst/FCLK_CLK0 | bram_design_system_i/ps7_0_axi_periph/s00_couplers/auto_pc/inst/gen_axilite.gen_b2s_conv.axilite_b2s/SI_REG/aw_pipe/skid_buffer_reg[0]_0                                |                                                                                                                                                    |                7 |             27 |
|  bram_design_system_i/processing_system7_0/inst/FCLK_CLK0 | bram_design_system_i/DARC_BRAM2_0/inst/DARC_BRAM2_v1_0_S00_AXI_inst/slv_reg_rden__0                                                                                     | bram_design_system_i/DARC_BRAM2_0/inst/DARC_BRAM2_v1_0_S00_AXI_inst/axi_awready_i_1_n_0                                                            |               14 |             32 |
|  bram_design_system_i/processing_system7_0/inst/FCLK_CLK0 | bram_design_system_i/ps7_0_axi_periph/s00_couplers/auto_pc/inst/gen_axilite.gen_b2s_conv.axilite_b2s/RD.r_channel_0/rd_data_fifo_0/wr_en0                               |                                                                                                                                                    |                9 |             34 |
|  bram_design_system_i/processing_system7_0/inst/FCLK_CLK0 | bram_design_system_i/ps7_0_axi_periph/s00_couplers/auto_pc/inst/gen_axilite.gen_b2s_conv.axilite_b2s/SI_REG/r_pipe/skid_buffer_reg[0]_0                                 |                                                                                                                                                    |                8 |             47 |
|  bram_design_system_i/processing_system7_0/inst/FCLK_CLK0 | bram_design_system_i/ps7_0_axi_periph/s00_couplers/auto_pc/inst/gen_axilite.gen_b2s_conv.axilite_b2s/SI_REG/r_pipe/p_1_in                                               |                                                                                                                                                    |                8 |             47 |
|  bram_design_system_i/processing_system7_0/inst/FCLK_CLK0 |                                                                                                                                                                         | bram_design_system_i/ps7_0_axi_periph/s00_couplers/auto_pc/inst/gen_axilite.gen_b2s_conv.axilite_b2s/areset_d1                                     |               17 |             58 |
|  bram_design_system_i/processing_system7_0/inst/FCLK_CLK0 |                                                                                                                                                                         |                                                                                                                                                    |               46 |            114 |
+-----------------------------------------------------------+-------------------------------------------------------------------------------------------------------------------------------------------------------------------------+----------------------------------------------------------------------------------------------------------------------------------------------------+------------------+----------------+


+--------+-----------------------+
| Fanout | Number of ControlSets |
+--------+-----------------------+
| 2      |                     1 |
| 4      |                     9 |
| 6      |                     1 |
| 8      |                    13 |
| 9      |                     1 |
| 12     |                     2 |
| 13     |                     1 |
| 14     |                     2 |
| 16+    |                    11 |
+--------+-----------------------+


