08:32:31 INFO  : Registering command handlers for SDK TCF services
08:32:31 INFO  : Launching XSCT server: xsct.bat -interactive C:\JPEG_Thesis_2\Final_PR\HUFFMAN_SYSTEM_SDK\HUFFMAN_SYSTEM_SDK.sdk\temp_xsdb_launch_script.tcl
08:32:35 INFO  : XSCT server has started successfully.
08:32:35 INFO  : Successfully done setting XSCT server connection channel  
08:32:38 INFO  : Successfully done setting SDK workspace  
08:32:38 INFO  : Processing command line option -hwspec C:/JPEG_Thesis_2/Final_PR/HUFFMAN_SYSTEM_SDK/HUFFMAN_SYSTEM_SDK.sdk/huffman_system_sdk_wrapper.hdf.
08:39:56 INFO  : 'targets -set -filter {jtag_cable_name =~ "Digilent Zed 210248782397" && level==0} -index 1' command is executed.
08:39:56 INFO  : 'fpga -state' command is executed.
08:39:56 INFO  : Connected to target on host '127.0.0.1' and port '3121'.
08:39:56 INFO  : Jtag cable 'Digilent Zed 210248782397' is selected.
08:39:56 INFO  : 'jtag frequency' command is executed.
08:39:56 INFO  : Sourcing of 'C:/JPEG_Thesis_2/Final_PR/HUFFMAN_SYSTEM_SDK/HUFFMAN_SYSTEM_SDK.sdk/huffman_system_sdk_wrapper_hw_platform_0/ps7_init.tcl' is done.
08:39:56 INFO  : Context for 'APU' is selected.
08:39:56 INFO  : Hardware design information is loaded from 'C:/JPEG_Thesis_2/Final_PR/HUFFMAN_SYSTEM_SDK/HUFFMAN_SYSTEM_SDK.sdk/huffman_system_sdk_wrapper_hw_platform_0/system.hdf'.
08:39:57 INFO  : Context for 'APU' is selected.
08:39:57 INFO  : 'stop' command is executed.
08:39:57 INFO  : 'ps7_init' command is executed.
08:39:57 INFO  : 'ps7_post_config' command is executed.
08:39:57 INFO  : Context for processor 'ps7_cortexa9_0' is selected.
08:39:57 INFO  : Processor reset is completed for 'ps7_cortexa9_0'.
08:39:58 INFO  : Context for processor 'ps7_cortexa9_0' is selected.
08:39:58 INFO  : The application 'C:/JPEG_Thesis_2/Final_PR/HUFFMAN_SYSTEM_SDK/HUFFMAN_SYSTEM_SDK.sdk/HUFFMAN_REV2_IP_TEST/Debug/HUFFMAN_REV2_IP_TEST.elf' is downloaded to processor 'ps7_cortexa9_0'.
08:39:58 INFO  : ----------------XSDB Script----------------
connect -url tcp:127.0.0.1:3121
source C:/JPEG_Thesis_2/Final_PR/HUFFMAN_SYSTEM_SDK/HUFFMAN_SYSTEM_SDK.sdk/huffman_system_sdk_wrapper_hw_platform_0/ps7_init.tcl
targets -set -nocase -filter {name =~"APU*" && jtag_cable_name =~ "Digilent Zed 210248782397"} -index 0
loadhw C:/JPEG_Thesis_2/Final_PR/HUFFMAN_SYSTEM_SDK/HUFFMAN_SYSTEM_SDK.sdk/huffman_system_sdk_wrapper_hw_platform_0/system.hdf
targets -set -nocase -filter {name =~"APU*" && jtag_cable_name =~ "Digilent Zed 210248782397"} -index 0
stop
ps7_init
ps7_post_config
targets -set -nocase -filter {name =~ "ARM*#0" && jtag_cable_name =~ "Digilent Zed 210248782397"} -index 0
rst -processor
targets -set -nocase -filter {name =~ "ARM*#0" && jtag_cable_name =~ "Digilent Zed 210248782397"} -index 0
dow C:/JPEG_Thesis_2/Final_PR/HUFFMAN_SYSTEM_SDK/HUFFMAN_SYSTEM_SDK.sdk/HUFFMAN_REV2_IP_TEST/Debug/HUFFMAN_REV2_IP_TEST.elf
----------------End of Script----------------

08:39:58 INFO  : Memory regions updated for context APU
08:39:58 INFO  : Context for processor 'ps7_cortexa9_0' is selected.
08:39:58 INFO  : 'con' command is executed.
08:39:58 INFO  : ----------------XSDB Script (After Launch)----------------
targets -set -nocase -filter {name =~ "ARM*#0" && jtag_cable_name =~ "Digilent Zed 210248782397"} -index 0
con
----------------End of Script----------------

08:39:58 INFO  : Launch script is exported to file 'C:\JPEG_Thesis_2\Final_PR\HUFFMAN_SYSTEM_SDK\HUFFMAN_SYSTEM_SDK.sdk\.sdk\launch_scripts\xilinx_c-c++_application_(system_debugger)\system_debugger_using_debug_huffman_rev2_ip_test.elf_on_local.tcl'
08:44:00 INFO  : Disconnected from the channel tcfchan#1.
08:44:01 INFO  : 'targets -set -filter {jtag_cable_name =~ "Digilent Zed 210248782397" && level==0} -index 1' command is executed.
08:44:01 INFO  : 'fpga -state' command is executed.
08:44:01 INFO  : Connected to target on host '127.0.0.1' and port '3121'.
08:44:01 INFO  : Jtag cable 'Digilent Zed 210248782397' is selected.
08:44:01 INFO  : 'jtag frequency' command is executed.
08:44:01 INFO  : Sourcing of 'C:/JPEG_Thesis_2/Final_PR/HUFFMAN_SYSTEM_SDK/HUFFMAN_SYSTEM_SDK.sdk/huffman_system_sdk_wrapper_hw_platform_0/ps7_init.tcl' is done.
08:44:02 INFO  : Context for 'APU' is selected.
08:44:04 INFO  : Hardware design information is loaded from 'C:/JPEG_Thesis_2/Final_PR/HUFFMAN_SYSTEM_SDK/HUFFMAN_SYSTEM_SDK.sdk/huffman_system_sdk_wrapper_hw_platform_0/system.hdf'.
08:44:04 INFO  : Context for 'APU' is selected.
08:44:04 INFO  : 'stop' command is executed.
08:44:05 INFO  : 'ps7_init' command is executed.
08:44:05 INFO  : 'ps7_post_config' command is executed.
08:44:05 INFO  : Context for processor 'ps7_cortexa9_0' is selected.
08:44:05 INFO  : Processor reset is completed for 'ps7_cortexa9_0'.
08:44:05 INFO  : Context for processor 'ps7_cortexa9_0' is selected.
08:44:05 INFO  : The application 'C:/JPEG_Thesis_2/Final_PR/HUFFMAN_SYSTEM_SDK/HUFFMAN_SYSTEM_SDK.sdk/HUFFMAN_REV2_IP_TEST/Debug/HUFFMAN_REV2_IP_TEST.elf' is downloaded to processor 'ps7_cortexa9_0'.
08:44:05 INFO  : ----------------XSDB Script----------------
connect -url tcp:127.0.0.1:3121
source C:/JPEG_Thesis_2/Final_PR/HUFFMAN_SYSTEM_SDK/HUFFMAN_SYSTEM_SDK.sdk/huffman_system_sdk_wrapper_hw_platform_0/ps7_init.tcl
targets -set -nocase -filter {name =~"APU*" && jtag_cable_name =~ "Digilent Zed 210248782397"} -index 0
loadhw C:/JPEG_Thesis_2/Final_PR/HUFFMAN_SYSTEM_SDK/HUFFMAN_SYSTEM_SDK.sdk/huffman_system_sdk_wrapper_hw_platform_0/system.hdf
targets -set -nocase -filter {name =~"APU*" && jtag_cable_name =~ "Digilent Zed 210248782397"} -index 0
stop
ps7_init
ps7_post_config
targets -set -nocase -filter {name =~ "ARM*#0" && jtag_cable_name =~ "Digilent Zed 210248782397"} -index 0
rst -processor
targets -set -nocase -filter {name =~ "ARM*#0" && jtag_cable_name =~ "Digilent Zed 210248782397"} -index 0
dow C:/JPEG_Thesis_2/Final_PR/HUFFMAN_SYSTEM_SDK/HUFFMAN_SYSTEM_SDK.sdk/HUFFMAN_REV2_IP_TEST/Debug/HUFFMAN_REV2_IP_TEST.elf
----------------End of Script----------------

08:44:06 INFO  : Memory regions updated for context APU
08:44:06 INFO  : Context for processor 'ps7_cortexa9_0' is selected.
08:44:06 INFO  : 'con' command is executed.
08:44:06 INFO  : ----------------XSDB Script (After Launch)----------------
targets -set -nocase -filter {name =~ "ARM*#0" && jtag_cable_name =~ "Digilent Zed 210248782397"} -index 0
con
----------------End of Script----------------

08:44:06 INFO  : Launch script is exported to file 'C:\JPEG_Thesis_2\Final_PR\HUFFMAN_SYSTEM_SDK\HUFFMAN_SYSTEM_SDK.sdk\.sdk\launch_scripts\xilinx_c-c++_application_(system_debugger)\system_debugger_using_debug_huffman_rev2_ip_test.elf_on_local.tcl'
08:51:59 INFO  : Disconnected from the channel tcfchan#2.
08:52:00 INFO  : 'targets -set -filter {jtag_cable_name =~ "Digilent Zed 210248782397" && level==0} -index 1' command is executed.
08:52:00 INFO  : 'fpga -state' command is executed.
08:52:00 INFO  : Connected to target on host '127.0.0.1' and port '3121'.
08:52:00 INFO  : Jtag cable 'Digilent Zed 210248782397' is selected.
08:52:00 INFO  : 'jtag frequency' command is executed.
08:52:00 INFO  : Sourcing of 'C:/JPEG_Thesis_2/Final_PR/HUFFMAN_SYSTEM_SDK/HUFFMAN_SYSTEM_SDK.sdk/huffman_system_sdk_wrapper_hw_platform_0/ps7_init.tcl' is done.
08:52:00 INFO  : Context for 'APU' is selected.
08:52:03 INFO  : Hardware design information is loaded from 'C:/JPEG_Thesis_2/Final_PR/HUFFMAN_SYSTEM_SDK/HUFFMAN_SYSTEM_SDK.sdk/huffman_system_sdk_wrapper_hw_platform_0/system.hdf'.
08:52:03 INFO  : Context for 'APU' is selected.
08:52:03 INFO  : 'stop' command is executed.
08:52:04 INFO  : 'ps7_init' command is executed.
08:52:04 INFO  : 'ps7_post_config' command is executed.
08:52:04 INFO  : Context for processor 'ps7_cortexa9_0' is selected.
08:52:04 INFO  : Processor reset is completed for 'ps7_cortexa9_0'.
08:52:04 INFO  : Context for processor 'ps7_cortexa9_0' is selected.
08:52:04 INFO  : The application 'C:/JPEG_Thesis_2/Final_PR/HUFFMAN_SYSTEM_SDK/HUFFMAN_SYSTEM_SDK.sdk/HUFFMAN_REV2_IP_TEST/Debug/HUFFMAN_REV2_IP_TEST.elf' is downloaded to processor 'ps7_cortexa9_0'.
08:52:04 INFO  : ----------------XSDB Script----------------
connect -url tcp:127.0.0.1:3121
source C:/JPEG_Thesis_2/Final_PR/HUFFMAN_SYSTEM_SDK/HUFFMAN_SYSTEM_SDK.sdk/huffman_system_sdk_wrapper_hw_platform_0/ps7_init.tcl
targets -set -nocase -filter {name =~"APU*" && jtag_cable_name =~ "Digilent Zed 210248782397"} -index 0
loadhw C:/JPEG_Thesis_2/Final_PR/HUFFMAN_SYSTEM_SDK/HUFFMAN_SYSTEM_SDK.sdk/huffman_system_sdk_wrapper_hw_platform_0/system.hdf
targets -set -nocase -filter {name =~"APU*" && jtag_cable_name =~ "Digilent Zed 210248782397"} -index 0
stop
ps7_init
ps7_post_config
targets -set -nocase -filter {name =~ "ARM*#0" && jtag_cable_name =~ "Digilent Zed 210248782397"} -index 0
rst -processor
targets -set -nocase -filter {name =~ "ARM*#0" && jtag_cable_name =~ "Digilent Zed 210248782397"} -index 0
dow C:/JPEG_Thesis_2/Final_PR/HUFFMAN_SYSTEM_SDK/HUFFMAN_SYSTEM_SDK.sdk/HUFFMAN_REV2_IP_TEST/Debug/HUFFMAN_REV2_IP_TEST.elf
----------------End of Script----------------

08:52:04 INFO  : Memory regions updated for context APU
08:52:04 INFO  : Context for processor 'ps7_cortexa9_0' is selected.
08:52:04 INFO  : 'con' command is executed.
08:52:04 INFO  : ----------------XSDB Script (After Launch)----------------
targets -set -nocase -filter {name =~ "ARM*#0" && jtag_cable_name =~ "Digilent Zed 210248782397"} -index 0
con
----------------End of Script----------------

08:52:04 INFO  : Launch script is exported to file 'C:\JPEG_Thesis_2\Final_PR\HUFFMAN_SYSTEM_SDK\HUFFMAN_SYSTEM_SDK.sdk\.sdk\launch_scripts\xilinx_c-c++_application_(system_debugger)\system_debugger_using_debug_huffman_rev2_ip_test.elf_on_local.tcl'
14:54:53 INFO  : 'targets -set -filter {jtag_cable_name =~ "Digilent Zed 210248782397" && level==0} -index 1' command is executed.
14:54:53 INFO  : 'fpga -state' command is executed.
14:54:53 INFO  : Connected to target on host '127.0.0.1' and port '3121'.
14:54:53 INFO  : Jtag cable 'Digilent Zed 210248782397' is selected.
14:54:53 INFO  : 'jtag frequency' command is executed.
14:54:53 INFO  : Sourcing of 'C:/JPEG_Thesis_2/Final_PR/HUFFMAN_SYSTEM_SDK/HUFFMAN_SYSTEM_SDK.sdk/huffman_system_sdk_wrapper_hw_platform_0/ps7_init.tcl' is done.
14:54:53 INFO  : Context for 'APU' is selected.
14:54:53 INFO  : Hardware design information is loaded from 'C:/JPEG_Thesis_2/Final_PR/HUFFMAN_SYSTEM_SDK/HUFFMAN_SYSTEM_SDK.sdk/huffman_system_sdk_wrapper_hw_platform_0/system.hdf'.
14:54:53 INFO  : Context for 'APU' is selected.
14:54:53 INFO  : 'stop' command is executed.
14:54:54 INFO  : 'ps7_init' command is executed.
14:54:54 INFO  : 'ps7_post_config' command is executed.
14:54:54 INFO  : Context for processor 'ps7_cortexa9_0' is selected.
14:54:54 INFO  : Processor reset is completed for 'ps7_cortexa9_0'.
14:54:54 INFO  : Context for processor 'ps7_cortexa9_0' is selected.
14:54:55 INFO  : The application 'C:/JPEG_Thesis_2/Final_PR/HUFFMAN_SYSTEM_SDK/HUFFMAN_SYSTEM_SDK.sdk/HUFFMAN_REV2_IP_TEST/Debug/HUFFMAN_REV2_IP_TEST.elf' is downloaded to processor 'ps7_cortexa9_0'.
14:54:55 INFO  : ----------------XSDB Script----------------
connect -url tcp:127.0.0.1:3121
source C:/JPEG_Thesis_2/Final_PR/HUFFMAN_SYSTEM_SDK/HUFFMAN_SYSTEM_SDK.sdk/huffman_system_sdk_wrapper_hw_platform_0/ps7_init.tcl
targets -set -nocase -filter {name =~"APU*" && jtag_cable_name =~ "Digilent Zed 210248782397"} -index 0
loadhw C:/JPEG_Thesis_2/Final_PR/HUFFMAN_SYSTEM_SDK/HUFFMAN_SYSTEM_SDK.sdk/huffman_system_sdk_wrapper_hw_platform_0/system.hdf
targets -set -nocase -filter {name =~"APU*" && jtag_cable_name =~ "Digilent Zed 210248782397"} -index 0
stop
ps7_init
ps7_post_config
targets -set -nocase -filter {name =~ "ARM*#0" && jtag_cable_name =~ "Digilent Zed 210248782397"} -index 0
rst -processor
targets -set -nocase -filter {name =~ "ARM*#0" && jtag_cable_name =~ "Digilent Zed 210248782397"} -index 0
dow C:/JPEG_Thesis_2/Final_PR/HUFFMAN_SYSTEM_SDK/HUFFMAN_SYSTEM_SDK.sdk/HUFFMAN_REV2_IP_TEST/Debug/HUFFMAN_REV2_IP_TEST.elf
----------------End of Script----------------

14:54:55 INFO  : Memory regions updated for context APU
14:54:55 INFO  : Context for processor 'ps7_cortexa9_0' is selected.
14:54:55 INFO  : 'con' command is executed.
14:54:55 INFO  : ----------------XSDB Script (After Launch)----------------
targets -set -nocase -filter {name =~ "ARM*#0" && jtag_cable_name =~ "Digilent Zed 210248782397"} -index 0
con
----------------End of Script----------------

14:54:55 INFO  : Launch script is exported to file 'C:\JPEG_Thesis_2\Final_PR\HUFFMAN_SYSTEM_SDK\HUFFMAN_SYSTEM_SDK.sdk\.sdk\launch_scripts\performance_analysis\performance_analysis_using_debug_huffman_rev2_ip_test.elf_on_local.tcl'
14:54:56 INFO  : Apm configuration has been updated and stored to 'C:\JPEG_Thesis_2\Final_PR\HUFFMAN_SYSTEM_SDK\HUFFMAN_SYSTEM_SDK.sdk\huffman_system_sdk_wrapper_hw_platform_0\apmconfigs\apm_default.json' for the project 'huffman_system_sdk_wrapper_hw_platform_0'
14:54:57 INFO  : Performance data for 'PS' will be exported to the file 'C:\JPEG_Thesis_2\Final_PR\HUFFMAN_SYSTEM_SDK\HUFFMAN_SYSTEM_SDK.sdk\huffman_system_sdk_wrapper_hw_platform_0_Traces\Traces\Run_Nov-21_14-54\PS_Trace_Nov-21_14-54\trace'
14:54:57 INFO  : Created tracing project 'huffman_system_sdk_wrapper_hw_platform_0_Traces'
14:54:57 INFO  : Added tracing folder 'C:\JPEG_Thesis_2\Final_PR\HUFFMAN_SYSTEM_SDK\HUFFMAN_SYSTEM_SDK.sdk\huffman_system_sdk_wrapper_hw_platform_0_Traces\Traces\Run_Nov-21_14-54\PS_Trace_Nov-21_14-54' into  'huffman_system_sdk_wrapper_hw_platform_0_Traces'
14:54:58 INFO  : Attempting to open tracing file 'PS_Trace_Nov-21_14-54'
14:57:37 INFO  : Disconnected from the channel tcfchan#3.
14:57:38 INFO  : 'targets -set -filter {jtag_cable_name =~ "Digilent Zed 210248782397" && level==0} -index 1' command is executed.
14:57:38 INFO  : 'fpga -state' command is executed.
14:57:39 INFO  : Connected to target on host '127.0.0.1' and port '3121'.
14:57:39 INFO  : Jtag cable 'Digilent Zed 210248782397' is selected.
14:57:39 INFO  : 'jtag frequency' command is executed.
14:57:39 INFO  : Sourcing of 'C:/JPEG_Thesis_2/Final_PR/HUFFMAN_SYSTEM_SDK/HUFFMAN_SYSTEM_SDK.sdk/huffman_system_sdk_wrapper_hw_platform_0/ps7_init.tcl' is done.
14:57:39 INFO  : Context for 'APU' is selected.
14:57:43 INFO  : Hardware design information is loaded from 'C:/JPEG_Thesis_2/Final_PR/HUFFMAN_SYSTEM_SDK/HUFFMAN_SYSTEM_SDK.sdk/huffman_system_sdk_wrapper_hw_platform_0/system.hdf'.
14:57:43 INFO  : Context for 'APU' is selected.
14:57:43 INFO  : 'stop' command is executed.
14:57:43 INFO  : 'ps7_init' command is executed.
14:57:43 INFO  : 'ps7_post_config' command is executed.
14:57:43 INFO  : Context for processor 'ps7_cortexa9_0' is selected.
14:57:43 INFO  : Processor reset is completed for 'ps7_cortexa9_0'.
14:57:44 INFO  : Context for processor 'ps7_cortexa9_0' is selected.
14:57:44 INFO  : The application 'C:/JPEG_Thesis_2/Final_PR/HUFFMAN_SYSTEM_SDK/HUFFMAN_SYSTEM_SDK.sdk/HUFFMAN_REV2_IP_TEST/Debug/HUFFMAN_REV2_IP_TEST.elf' is downloaded to processor 'ps7_cortexa9_0'.
14:57:44 INFO  : ----------------XSDB Script----------------
connect -url tcp:127.0.0.1:3121
source C:/JPEG_Thesis_2/Final_PR/HUFFMAN_SYSTEM_SDK/HUFFMAN_SYSTEM_SDK.sdk/huffman_system_sdk_wrapper_hw_platform_0/ps7_init.tcl
targets -set -nocase -filter {name =~"APU*" && jtag_cable_name =~ "Digilent Zed 210248782397"} -index 0
loadhw C:/JPEG_Thesis_2/Final_PR/HUFFMAN_SYSTEM_SDK/HUFFMAN_SYSTEM_SDK.sdk/huffman_system_sdk_wrapper_hw_platform_0/system.hdf
targets -set -nocase -filter {name =~"APU*" && jtag_cable_name =~ "Digilent Zed 210248782397"} -index 0
stop
ps7_init
ps7_post_config
targets -set -nocase -filter {name =~ "ARM*#0" && jtag_cable_name =~ "Digilent Zed 210248782397"} -index 0
rst -processor
targets -set -nocase -filter {name =~ "ARM*#0" && jtag_cable_name =~ "Digilent Zed 210248782397"} -index 0
dow C:/JPEG_Thesis_2/Final_PR/HUFFMAN_SYSTEM_SDK/HUFFMAN_SYSTEM_SDK.sdk/HUFFMAN_REV2_IP_TEST/Debug/HUFFMAN_REV2_IP_TEST.elf
----------------End of Script----------------

14:57:44 INFO  : Memory regions updated for context APU
14:57:44 INFO  : Context for processor 'ps7_cortexa9_0' is selected.
14:57:44 INFO  : 'con' command is executed.
14:57:44 INFO  : ----------------XSDB Script (After Launch)----------------
targets -set -nocase -filter {name =~ "ARM*#0" && jtag_cable_name =~ "Digilent Zed 210248782397"} -index 0
con
----------------End of Script----------------

14:57:44 INFO  : Launch script is exported to file 'C:\JPEG_Thesis_2\Final_PR\HUFFMAN_SYSTEM_SDK\HUFFMAN_SYSTEM_SDK.sdk\.sdk\launch_scripts\xilinx_c-c++_application_(system_debugger)\system_debugger_using_debug_huffman_rev2_ip_test.elf_on_local.tcl'
14:59:30 INFO  : Performance data for 'PS' has been exported to the file 'C:\JPEG_Thesis_2\Final_PR\HUFFMAN_SYSTEM_SDK\HUFFMAN_SYSTEM_SDK.sdk\huffman_system_sdk_wrapper_hw_platform_0_Traces\Traces\Run_Nov-21_14-54\PS_Trace_Nov-21_14-54\trace'
14:59:31 WARN  : channel "tcfchan#3" closed
14:59:31 INFO  : Disconnected from the channel tcfchan#4.
15:00:18 INFO  : Registering command handlers for SDK TCF services
15:00:18 INFO  : Launching XSCT server: xsct.bat -interactive C:\JPEG_Thesis_2\Final_PR\HUFFMAN_SYSTEM_SDK\HUFFMAN_SYSTEM_SDK.sdk\temp_xsdb_launch_script.tcl
15:00:21 INFO  : XSCT server has started successfully.
15:00:24 INFO  : Successfully done setting XSCT server connection channel  
15:00:24 INFO  : Processing command line option -hwspec C:/JPEG_Thesis_2/Final_PR/HUFFMAN_SYSTEM_SDK/HUFFMAN_SYSTEM_SDK.sdk/huffman_system_sdk_wrapper.hdf.
15:00:24 INFO  : Successfully done setting SDK workspace  
15:00:24 INFO  : Checking for hwspec changes in the project huffman_system_sdk_wrapper_hw_platform_0.
15:06:54 INFO  : 'targets -set -filter {jtag_cable_name =~ "Digilent Zed 210248782397" && level==0} -index 1' command is executed.
15:06:54 INFO  : 'fpga -state' command is executed.
15:06:54 INFO  : Connected to target on host '127.0.0.1' and port '3121'.
15:06:54 INFO  : Jtag cable 'Digilent Zed 210248782397' is selected.
15:06:54 INFO  : 'jtag frequency' command is executed.
15:06:54 INFO  : Sourcing of 'C:/JPEG_Thesis_2/Final_PR/HUFFMAN_SYSTEM_SDK/HUFFMAN_SYSTEM_SDK.sdk/huffman_system_sdk_wrapper_hw_platform_0/ps7_init.tcl' is done.
15:06:54 INFO  : Context for 'APU' is selected.
15:06:54 INFO  : Hardware design information is loaded from 'C:/JPEG_Thesis_2/Final_PR/HUFFMAN_SYSTEM_SDK/HUFFMAN_SYSTEM_SDK.sdk/huffman_system_sdk_wrapper_hw_platform_0/system.hdf'.
15:06:54 INFO  : Context for 'APU' is selected.
15:06:54 INFO  : 'stop' command is executed.
15:06:55 INFO  : 'ps7_init' command is executed.
15:06:55 INFO  : 'ps7_post_config' command is executed.
15:06:55 INFO  : Context for processor 'ps7_cortexa9_0' is selected.
15:06:55 INFO  : Processor reset is completed for 'ps7_cortexa9_0'.
15:06:55 INFO  : Context for processor 'ps7_cortexa9_0' is selected.
15:06:55 INFO  : The application 'C:/JPEG_Thesis_2/Final_PR/HUFFMAN_SYSTEM_SDK/HUFFMAN_SYSTEM_SDK.sdk/HUFFMAN_REV2_IP_TEST/Debug/HUFFMAN_REV2_IP_TEST.elf' is downloaded to processor 'ps7_cortexa9_0'.
15:06:55 INFO  : ----------------XSDB Script----------------
connect -url tcp:127.0.0.1:3121
source C:/JPEG_Thesis_2/Final_PR/HUFFMAN_SYSTEM_SDK/HUFFMAN_SYSTEM_SDK.sdk/huffman_system_sdk_wrapper_hw_platform_0/ps7_init.tcl
targets -set -nocase -filter {name =~"APU*" && jtag_cable_name =~ "Digilent Zed 210248782397"} -index 0
loadhw C:/JPEG_Thesis_2/Final_PR/HUFFMAN_SYSTEM_SDK/HUFFMAN_SYSTEM_SDK.sdk/huffman_system_sdk_wrapper_hw_platform_0/system.hdf
targets -set -nocase -filter {name =~"APU*" && jtag_cable_name =~ "Digilent Zed 210248782397"} -index 0
stop
ps7_init
ps7_post_config
targets -set -nocase -filter {name =~ "ARM*#0" && jtag_cable_name =~ "Digilent Zed 210248782397"} -index 0
rst -processor
targets -set -nocase -filter {name =~ "ARM*#0" && jtag_cable_name =~ "Digilent Zed 210248782397"} -index 0
dow C:/JPEG_Thesis_2/Final_PR/HUFFMAN_SYSTEM_SDK/HUFFMAN_SYSTEM_SDK.sdk/HUFFMAN_REV2_IP_TEST/Debug/HUFFMAN_REV2_IP_TEST.elf
----------------End of Script----------------

15:06:55 INFO  : Memory regions updated for context APU
15:06:55 INFO  : Context for processor 'ps7_cortexa9_0' is selected.
15:06:55 INFO  : 'con' command is executed.
15:06:55 INFO  : ----------------XSDB Script (After Launch)----------------
targets -set -nocase -filter {name =~ "ARM*#0" && jtag_cable_name =~ "Digilent Zed 210248782397"} -index 0
con
----------------End of Script----------------

15:06:55 INFO  : Launch script is exported to file 'C:\JPEG_Thesis_2\Final_PR\HUFFMAN_SYSTEM_SDK\HUFFMAN_SYSTEM_SDK.sdk\.sdk\launch_scripts\xilinx_c-c++_application_(system_debugger)\system_debugger_using_debug_huffman_rev2_ip_test.elf_on_local.tcl'
15:34:08 INFO  : Disconnected from the channel tcfchan#1.
15:34:09 INFO  : 'targets -set -filter {jtag_cable_name =~ "Digilent Zed 210248782397" && level==0} -index 1' command is executed.
15:34:09 INFO  : 'fpga -state' command is executed.
15:34:09 INFO  : Connected to target on host '127.0.0.1' and port '3121'.
15:34:10 INFO  : Jtag cable 'Digilent Zed 210248782397' is selected.
15:34:10 INFO  : 'jtag frequency' command is executed.
15:34:10 INFO  : Sourcing of 'C:/JPEG_Thesis_2/Final_PR/HUFFMAN_SYSTEM_SDK/HUFFMAN_SYSTEM_SDK.sdk/huffman_system_sdk_wrapper_hw_platform_0/ps7_init.tcl' is done.
15:34:10 INFO  : Context for 'APU' is selected.
15:34:13 INFO  : Hardware design information is loaded from 'C:/JPEG_Thesis_2/Final_PR/HUFFMAN_SYSTEM_SDK/HUFFMAN_SYSTEM_SDK.sdk/huffman_system_sdk_wrapper_hw_platform_0/system.hdf'.
15:34:13 INFO  : Context for 'APU' is selected.
15:34:13 INFO  : 'stop' command is executed.
15:34:14 INFO  : 'ps7_init' command is executed.
15:34:14 INFO  : 'ps7_post_config' command is executed.
15:34:14 INFO  : Context for processor 'ps7_cortexa9_0' is selected.
15:34:14 INFO  : Processor reset is completed for 'ps7_cortexa9_0'.
15:34:14 INFO  : Context for processor 'ps7_cortexa9_0' is selected.
15:34:15 INFO  : The application 'C:/JPEG_Thesis_2/Final_PR/HUFFMAN_SYSTEM_SDK/HUFFMAN_SYSTEM_SDK.sdk/HUFFMAN_REV2_IP_TEST/Debug/HUFFMAN_REV2_IP_TEST.elf' is downloaded to processor 'ps7_cortexa9_0'.
15:34:15 INFO  : ----------------XSDB Script----------------
connect -url tcp:127.0.0.1:3121
source C:/JPEG_Thesis_2/Final_PR/HUFFMAN_SYSTEM_SDK/HUFFMAN_SYSTEM_SDK.sdk/huffman_system_sdk_wrapper_hw_platform_0/ps7_init.tcl
targets -set -nocase -filter {name =~"APU*" && jtag_cable_name =~ "Digilent Zed 210248782397"} -index 0
loadhw C:/JPEG_Thesis_2/Final_PR/HUFFMAN_SYSTEM_SDK/HUFFMAN_SYSTEM_SDK.sdk/huffman_system_sdk_wrapper_hw_platform_0/system.hdf
targets -set -nocase -filter {name =~"APU*" && jtag_cable_name =~ "Digilent Zed 210248782397"} -index 0
stop
ps7_init
ps7_post_config
targets -set -nocase -filter {name =~ "ARM*#0" && jtag_cable_name =~ "Digilent Zed 210248782397"} -index 0
rst -processor
targets -set -nocase -filter {name =~ "ARM*#0" && jtag_cable_name =~ "Digilent Zed 210248782397"} -index 0
dow C:/JPEG_Thesis_2/Final_PR/HUFFMAN_SYSTEM_SDK/HUFFMAN_SYSTEM_SDK.sdk/HUFFMAN_REV2_IP_TEST/Debug/HUFFMAN_REV2_IP_TEST.elf
----------------End of Script----------------

15:34:15 INFO  : Memory regions updated for context APU
15:34:15 INFO  : Context for processor 'ps7_cortexa9_0' is selected.
15:34:15 INFO  : 'con' command is executed.
15:34:15 INFO  : ----------------XSDB Script (After Launch)----------------
targets -set -nocase -filter {name =~ "ARM*#0" && jtag_cable_name =~ "Digilent Zed 210248782397"} -index 0
con
----------------End of Script----------------

15:34:15 INFO  : Launch script is exported to file 'C:\JPEG_Thesis_2\Final_PR\HUFFMAN_SYSTEM_SDK\HUFFMAN_SYSTEM_SDK.sdk\.sdk\launch_scripts\xilinx_c-c++_application_(system_debugger)\system_debugger_using_debug_huffman_rev2_ip_test.elf_on_local.tcl'
15:36:57 INFO  : Disconnected from the channel tcfchan#2.
15:36:58 INFO  : 'targets -set -filter {jtag_cable_name =~ "Digilent Zed 210248782397" && level==0} -index 1' command is executed.
15:36:58 INFO  : 'fpga -state' command is executed.
15:36:58 INFO  : Connected to target on host '127.0.0.1' and port '3121'.
15:36:59 INFO  : Jtag cable 'Digilent Zed 210248782397' is selected.
15:36:59 INFO  : 'jtag frequency' command is executed.
15:36:59 INFO  : Sourcing of 'C:/JPEG_Thesis_2/Final_PR/HUFFMAN_SYSTEM_SDK/HUFFMAN_SYSTEM_SDK.sdk/huffman_system_sdk_wrapper_hw_platform_0/ps7_init.tcl' is done.
15:36:59 INFO  : Context for 'APU' is selected.
15:37:01 INFO  : Hardware design information is loaded from 'C:/JPEG_Thesis_2/Final_PR/HUFFMAN_SYSTEM_SDK/HUFFMAN_SYSTEM_SDK.sdk/huffman_system_sdk_wrapper_hw_platform_0/system.hdf'.
15:37:01 INFO  : Context for 'APU' is selected.
15:37:01 INFO  : 'stop' command is executed.
15:37:02 INFO  : 'ps7_init' command is executed.
15:37:02 INFO  : 'ps7_post_config' command is executed.
15:37:02 INFO  : Context for processor 'ps7_cortexa9_0' is selected.
15:37:02 INFO  : Processor reset is completed for 'ps7_cortexa9_0'.
15:37:02 INFO  : Context for processor 'ps7_cortexa9_0' is selected.
15:37:02 INFO  : The application 'C:/JPEG_Thesis_2/Final_PR/HUFFMAN_SYSTEM_SDK/HUFFMAN_SYSTEM_SDK.sdk/HUFFMAN_REV2_IP_TEST/Debug/HUFFMAN_REV2_IP_TEST.elf' is downloaded to processor 'ps7_cortexa9_0'.
15:37:02 INFO  : ----------------XSDB Script----------------
connect -url tcp:127.0.0.1:3121
source C:/JPEG_Thesis_2/Final_PR/HUFFMAN_SYSTEM_SDK/HUFFMAN_SYSTEM_SDK.sdk/huffman_system_sdk_wrapper_hw_platform_0/ps7_init.tcl
targets -set -nocase -filter {name =~"APU*" && jtag_cable_name =~ "Digilent Zed 210248782397"} -index 0
loadhw C:/JPEG_Thesis_2/Final_PR/HUFFMAN_SYSTEM_SDK/HUFFMAN_SYSTEM_SDK.sdk/huffman_system_sdk_wrapper_hw_platform_0/system.hdf
targets -set -nocase -filter {name =~"APU*" && jtag_cable_name =~ "Digilent Zed 210248782397"} -index 0
stop
ps7_init
ps7_post_config
targets -set -nocase -filter {name =~ "ARM*#0" && jtag_cable_name =~ "Digilent Zed 210248782397"} -index 0
rst -processor
targets -set -nocase -filter {name =~ "ARM*#0" && jtag_cable_name =~ "Digilent Zed 210248782397"} -index 0
dow C:/JPEG_Thesis_2/Final_PR/HUFFMAN_SYSTEM_SDK/HUFFMAN_SYSTEM_SDK.sdk/HUFFMAN_REV2_IP_TEST/Debug/HUFFMAN_REV2_IP_TEST.elf
----------------End of Script----------------

15:37:02 INFO  : Memory regions updated for context APU
15:37:02 INFO  : Context for processor 'ps7_cortexa9_0' is selected.
15:37:02 INFO  : 'con' command is executed.
15:37:02 INFO  : ----------------XSDB Script (After Launch)----------------
targets -set -nocase -filter {name =~ "ARM*#0" && jtag_cable_name =~ "Digilent Zed 210248782397"} -index 0
con
----------------End of Script----------------

15:37:02 INFO  : Launch script is exported to file 'C:\JPEG_Thesis_2\Final_PR\HUFFMAN_SYSTEM_SDK\HUFFMAN_SYSTEM_SDK.sdk\.sdk\launch_scripts\xilinx_c-c++_application_(system_debugger)\system_debugger_using_debug_huffman_rev2_ip_test.elf_on_local.tcl'
16:12:59 INFO  : Disconnected from the channel tcfchan#3.
16:13:00 INFO  : 'targets -set -filter {jtag_cable_name =~ "Digilent Zed 210248782397" && level==0} -index 1' command is executed.
16:13:00 INFO  : 'fpga -state' command is executed.
16:13:00 INFO  : Connected to target on host '127.0.0.1' and port '3121'.
16:13:00 INFO  : Jtag cable 'Digilent Zed 210248782397' is selected.
16:13:00 INFO  : 'jtag frequency' command is executed.
16:13:00 INFO  : Sourcing of 'C:/JPEG_Thesis_2/Final_PR/HUFFMAN_SYSTEM_SDK/HUFFMAN_SYSTEM_SDK.sdk/huffman_system_sdk_wrapper_hw_platform_0/ps7_init.tcl' is done.
16:13:00 INFO  : Context for 'APU' is selected.
16:13:03 INFO  : Hardware design information is loaded from 'C:/JPEG_Thesis_2/Final_PR/HUFFMAN_SYSTEM_SDK/HUFFMAN_SYSTEM_SDK.sdk/huffman_system_sdk_wrapper_hw_platform_0/system.hdf'.
16:13:03 INFO  : Context for 'APU' is selected.
16:13:03 INFO  : 'stop' command is executed.
16:13:04 INFO  : 'ps7_init' command is executed.
16:13:04 INFO  : 'ps7_post_config' command is executed.
16:13:04 INFO  : Context for processor 'ps7_cortexa9_0' is selected.
16:13:04 INFO  : Processor reset is completed for 'ps7_cortexa9_0'.
16:13:04 INFO  : Context for processor 'ps7_cortexa9_0' is selected.
16:13:05 INFO  : The application 'C:/JPEG_Thesis_2/Final_PR/HUFFMAN_SYSTEM_SDK/HUFFMAN_SYSTEM_SDK.sdk/HUFFMAN_REV2_IP_TEST/Debug/HUFFMAN_REV2_IP_TEST.elf' is downloaded to processor 'ps7_cortexa9_0'.
16:13:05 INFO  : ----------------XSDB Script----------------
connect -url tcp:127.0.0.1:3121
source C:/JPEG_Thesis_2/Final_PR/HUFFMAN_SYSTEM_SDK/HUFFMAN_SYSTEM_SDK.sdk/huffman_system_sdk_wrapper_hw_platform_0/ps7_init.tcl
targets -set -nocase -filter {name =~"APU*" && jtag_cable_name =~ "Digilent Zed 210248782397"} -index 0
loadhw C:/JPEG_Thesis_2/Final_PR/HUFFMAN_SYSTEM_SDK/HUFFMAN_SYSTEM_SDK.sdk/huffman_system_sdk_wrapper_hw_platform_0/system.hdf
targets -set -nocase -filter {name =~"APU*" && jtag_cable_name =~ "Digilent Zed 210248782397"} -index 0
stop
ps7_init
ps7_post_config
targets -set -nocase -filter {name =~ "ARM*#0" && jtag_cable_name =~ "Digilent Zed 210248782397"} -index 0
rst -processor
targets -set -nocase -filter {name =~ "ARM*#0" && jtag_cable_name =~ "Digilent Zed 210248782397"} -index 0
dow C:/JPEG_Thesis_2/Final_PR/HUFFMAN_SYSTEM_SDK/HUFFMAN_SYSTEM_SDK.sdk/HUFFMAN_REV2_IP_TEST/Debug/HUFFMAN_REV2_IP_TEST.elf
----------------End of Script----------------

16:13:05 INFO  : Memory regions updated for context APU
16:13:05 INFO  : Context for processor 'ps7_cortexa9_0' is selected.
16:13:05 INFO  : 'con' command is executed.
16:13:05 INFO  : ----------------XSDB Script (After Launch)----------------
targets -set -nocase -filter {name =~ "ARM*#0" && jtag_cable_name =~ "Digilent Zed 210248782397"} -index 0
con
----------------End of Script----------------

16:13:05 INFO  : Launch script is exported to file 'C:\JPEG_Thesis_2\Final_PR\HUFFMAN_SYSTEM_SDK\HUFFMAN_SYSTEM_SDK.sdk\.sdk\launch_scripts\xilinx_c-c++_application_(system_debugger)\system_debugger_using_debug_huffman_rev2_ip_test.elf_on_local.tcl'
16:37:00 INFO  : Disconnected from the channel tcfchan#4.
16:37:01 INFO  : 'targets -set -filter {jtag_cable_name =~ "Digilent Zed 210248782397" && level==0} -index 1' command is executed.
16:37:01 INFO  : 'fpga -state' command is executed.
16:37:01 INFO  : Connected to target on host '127.0.0.1' and port '3121'.
16:37:01 INFO  : Jtag cable 'Digilent Zed 210248782397' is selected.
16:37:01 INFO  : 'jtag frequency' command is executed.
16:37:01 INFO  : Sourcing of 'C:/JPEG_Thesis_2/Final_PR/HUFFMAN_SYSTEM_SDK/HUFFMAN_SYSTEM_SDK.sdk/huffman_system_sdk_wrapper_hw_platform_0/ps7_init.tcl' is done.
16:37:01 INFO  : Context for 'APU' is selected.
16:37:03 INFO  : Hardware design information is loaded from 'C:/JPEG_Thesis_2/Final_PR/HUFFMAN_SYSTEM_SDK/HUFFMAN_SYSTEM_SDK.sdk/huffman_system_sdk_wrapper_hw_platform_0/system.hdf'.
16:37:03 INFO  : Context for 'APU' is selected.
16:37:03 INFO  : 'stop' command is executed.
16:37:04 INFO  : 'ps7_init' command is executed.
16:37:04 INFO  : 'ps7_post_config' command is executed.
16:37:04 INFO  : Context for processor 'ps7_cortexa9_0' is selected.
16:37:04 INFO  : Processor reset is completed for 'ps7_cortexa9_0'.
16:37:04 INFO  : Context for processor 'ps7_cortexa9_0' is selected.
16:37:04 INFO  : The application 'C:/JPEG_Thesis_2/Final_PR/HUFFMAN_SYSTEM_SDK/HUFFMAN_SYSTEM_SDK.sdk/HUFFMAN_REV2_IP_TEST/Debug/HUFFMAN_REV2_IP_TEST.elf' is downloaded to processor 'ps7_cortexa9_0'.
16:37:04 INFO  : ----------------XSDB Script----------------
connect -url tcp:127.0.0.1:3121
source C:/JPEG_Thesis_2/Final_PR/HUFFMAN_SYSTEM_SDK/HUFFMAN_SYSTEM_SDK.sdk/huffman_system_sdk_wrapper_hw_platform_0/ps7_init.tcl
targets -set -nocase -filter {name =~"APU*" && jtag_cable_name =~ "Digilent Zed 210248782397"} -index 0
loadhw C:/JPEG_Thesis_2/Final_PR/HUFFMAN_SYSTEM_SDK/HUFFMAN_SYSTEM_SDK.sdk/huffman_system_sdk_wrapper_hw_platform_0/system.hdf
targets -set -nocase -filter {name =~"APU*" && jtag_cable_name =~ "Digilent Zed 210248782397"} -index 0
stop
ps7_init
ps7_post_config
targets -set -nocase -filter {name =~ "ARM*#0" && jtag_cable_name =~ "Digilent Zed 210248782397"} -index 0
rst -processor
targets -set -nocase -filter {name =~ "ARM*#0" && jtag_cable_name =~ "Digilent Zed 210248782397"} -index 0
dow C:/JPEG_Thesis_2/Final_PR/HUFFMAN_SYSTEM_SDK/HUFFMAN_SYSTEM_SDK.sdk/HUFFMAN_REV2_IP_TEST/Debug/HUFFMAN_REV2_IP_TEST.elf
----------------End of Script----------------

16:37:04 INFO  : Memory regions updated for context APU
16:37:04 INFO  : Context for processor 'ps7_cortexa9_0' is selected.
16:37:04 INFO  : 'con' command is executed.
16:37:04 INFO  : ----------------XSDB Script (After Launch)----------------
targets -set -nocase -filter {name =~ "ARM*#0" && jtag_cable_name =~ "Digilent Zed 210248782397"} -index 0
con
----------------End of Script----------------

16:37:04 INFO  : Launch script is exported to file 'C:\JPEG_Thesis_2\Final_PR\HUFFMAN_SYSTEM_SDK\HUFFMAN_SYSTEM_SDK.sdk\.sdk\launch_scripts\xilinx_c-c++_application_(system_debugger)\system_debugger_using_debug_huffman_rev2_ip_test.elf_on_local.tcl'
16:42:08 INFO  : Disconnected from the channel tcfchan#5.
16:42:09 INFO  : 'targets -set -filter {jtag_cable_name =~ "Digilent Zed 210248782397" && level==0} -index 1' command is executed.
16:42:09 INFO  : 'fpga -state' command is executed.
16:42:09 INFO  : Connected to target on host '127.0.0.1' and port '3121'.
16:42:10 INFO  : Jtag cable 'Digilent Zed 210248782397' is selected.
16:42:10 INFO  : 'jtag frequency' command is executed.
16:42:10 INFO  : Sourcing of 'C:/JPEG_Thesis_2/Final_PR/HUFFMAN_SYSTEM_SDK/HUFFMAN_SYSTEM_SDK.sdk/huffman_system_sdk_wrapper_hw_platform_0/ps7_init.tcl' is done.
16:42:10 INFO  : Context for 'APU' is selected.
16:42:12 INFO  : Hardware design information is loaded from 'C:/JPEG_Thesis_2/Final_PR/HUFFMAN_SYSTEM_SDK/HUFFMAN_SYSTEM_SDK.sdk/huffman_system_sdk_wrapper_hw_platform_0/system.hdf'.
16:42:12 INFO  : Context for 'APU' is selected.
16:42:12 INFO  : 'stop' command is executed.
16:42:14 INFO  : 'ps7_init' command is executed.
16:42:14 INFO  : 'ps7_post_config' command is executed.
16:42:14 INFO  : Context for processor 'ps7_cortexa9_0' is selected.
16:42:14 INFO  : Processor reset is completed for 'ps7_cortexa9_0'.
16:42:14 INFO  : Context for processor 'ps7_cortexa9_0' is selected.
16:42:14 INFO  : The application 'C:/JPEG_Thesis_2/Final_PR/HUFFMAN_SYSTEM_SDK/HUFFMAN_SYSTEM_SDK.sdk/HUFFMAN_REV2_IP_TEST/Debug/HUFFMAN_REV2_IP_TEST.elf' is downloaded to processor 'ps7_cortexa9_0'.
16:42:14 INFO  : ----------------XSDB Script----------------
connect -url tcp:127.0.0.1:3121
source C:/JPEG_Thesis_2/Final_PR/HUFFMAN_SYSTEM_SDK/HUFFMAN_SYSTEM_SDK.sdk/huffman_system_sdk_wrapper_hw_platform_0/ps7_init.tcl
targets -set -nocase -filter {name =~"APU*" && jtag_cable_name =~ "Digilent Zed 210248782397"} -index 0
loadhw C:/JPEG_Thesis_2/Final_PR/HUFFMAN_SYSTEM_SDK/HUFFMAN_SYSTEM_SDK.sdk/huffman_system_sdk_wrapper_hw_platform_0/system.hdf
targets -set -nocase -filter {name =~"APU*" && jtag_cable_name =~ "Digilent Zed 210248782397"} -index 0
stop
ps7_init
ps7_post_config
targets -set -nocase -filter {name =~ "ARM*#0" && jtag_cable_name =~ "Digilent Zed 210248782397"} -index 0
rst -processor
targets -set -nocase -filter {name =~ "ARM*#0" && jtag_cable_name =~ "Digilent Zed 210248782397"} -index 0
dow C:/JPEG_Thesis_2/Final_PR/HUFFMAN_SYSTEM_SDK/HUFFMAN_SYSTEM_SDK.sdk/HUFFMAN_REV2_IP_TEST/Debug/HUFFMAN_REV2_IP_TEST.elf
----------------End of Script----------------

16:42:14 INFO  : Memory regions updated for context APU
16:42:14 INFO  : Context for processor 'ps7_cortexa9_0' is selected.
16:42:14 INFO  : 'con' command is executed.
16:42:14 INFO  : ----------------XSDB Script (After Launch)----------------
targets -set -nocase -filter {name =~ "ARM*#0" && jtag_cable_name =~ "Digilent Zed 210248782397"} -index 0
con
----------------End of Script----------------

16:42:14 INFO  : Launch script is exported to file 'C:\JPEG_Thesis_2\Final_PR\HUFFMAN_SYSTEM_SDK\HUFFMAN_SYSTEM_SDK.sdk\.sdk\launch_scripts\xilinx_c-c++_application_(system_debugger)\system_debugger_using_debug_huffman_rev2_ip_test.elf_on_local.tcl'
16:53:37 INFO  : Disconnected from the channel tcfchan#6.
16:53:38 INFO  : 'targets -set -filter {jtag_cable_name =~ "Digilent Zed 210248782397" && level==0} -index 1' command is executed.
16:53:38 INFO  : 'fpga -state' command is executed.
16:53:38 INFO  : Connected to target on host '127.0.0.1' and port '3121'.
16:53:38 INFO  : Jtag cable 'Digilent Zed 210248782397' is selected.
16:53:38 INFO  : 'jtag frequency' command is executed.
16:53:38 INFO  : Sourcing of 'C:/JPEG_Thesis_2/Final_PR/HUFFMAN_SYSTEM_SDK/HUFFMAN_SYSTEM_SDK.sdk/huffman_system_sdk_wrapper_hw_platform_0/ps7_init.tcl' is done.
16:53:38 INFO  : Context for 'APU' is selected.
16:53:41 INFO  : Hardware design information is loaded from 'C:/JPEG_Thesis_2/Final_PR/HUFFMAN_SYSTEM_SDK/HUFFMAN_SYSTEM_SDK.sdk/huffman_system_sdk_wrapper_hw_platform_0/system.hdf'.
16:53:41 INFO  : Context for 'APU' is selected.
16:53:41 INFO  : 'stop' command is executed.
16:53:42 INFO  : 'ps7_init' command is executed.
16:53:42 INFO  : 'ps7_post_config' command is executed.
16:53:42 INFO  : Context for processor 'ps7_cortexa9_0' is selected.
16:53:42 INFO  : Processor reset is completed for 'ps7_cortexa9_0'.
16:53:42 INFO  : Context for processor 'ps7_cortexa9_0' is selected.
16:53:42 INFO  : The application 'C:/JPEG_Thesis_2/Final_PR/HUFFMAN_SYSTEM_SDK/HUFFMAN_SYSTEM_SDK.sdk/HUFFMAN_REV2_IP_TEST/Debug/HUFFMAN_REV2_IP_TEST.elf' is downloaded to processor 'ps7_cortexa9_0'.
16:53:42 INFO  : ----------------XSDB Script----------------
connect -url tcp:127.0.0.1:3121
source C:/JPEG_Thesis_2/Final_PR/HUFFMAN_SYSTEM_SDK/HUFFMAN_SYSTEM_SDK.sdk/huffman_system_sdk_wrapper_hw_platform_0/ps7_init.tcl
targets -set -nocase -filter {name =~"APU*" && jtag_cable_name =~ "Digilent Zed 210248782397"} -index 0
loadhw C:/JPEG_Thesis_2/Final_PR/HUFFMAN_SYSTEM_SDK/HUFFMAN_SYSTEM_SDK.sdk/huffman_system_sdk_wrapper_hw_platform_0/system.hdf
targets -set -nocase -filter {name =~"APU*" && jtag_cable_name =~ "Digilent Zed 210248782397"} -index 0
stop
ps7_init
ps7_post_config
targets -set -nocase -filter {name =~ "ARM*#0" && jtag_cable_name =~ "Digilent Zed 210248782397"} -index 0
rst -processor
targets -set -nocase -filter {name =~ "ARM*#0" && jtag_cable_name =~ "Digilent Zed 210248782397"} -index 0
dow C:/JPEG_Thesis_2/Final_PR/HUFFMAN_SYSTEM_SDK/HUFFMAN_SYSTEM_SDK.sdk/HUFFMAN_REV2_IP_TEST/Debug/HUFFMAN_REV2_IP_TEST.elf
----------------End of Script----------------

16:53:42 INFO  : Memory regions updated for context APU
16:53:42 INFO  : Context for processor 'ps7_cortexa9_0' is selected.
16:53:42 INFO  : 'con' command is executed.
16:53:42 INFO  : ----------------XSDB Script (After Launch)----------------
targets -set -nocase -filter {name =~ "ARM*#0" && jtag_cable_name =~ "Digilent Zed 210248782397"} -index 0
con
----------------End of Script----------------

16:53:42 INFO  : Launch script is exported to file 'C:\JPEG_Thesis_2\Final_PR\HUFFMAN_SYSTEM_SDK\HUFFMAN_SYSTEM_SDK.sdk\.sdk\launch_scripts\xilinx_c-c++_application_(system_debugger)\system_debugger_using_debug_huffman_rev2_ip_test.elf_on_local.tcl'
17:11:08 INFO  : Disconnected from the channel tcfchan#7.
17:11:09 INFO  : 'targets -set -filter {jtag_cable_name =~ "Digilent Zed 210248782397" && level==0} -index 1' command is executed.
17:11:09 INFO  : 'fpga -state' command is executed.
17:11:10 INFO  : Connected to target on host '127.0.0.1' and port '3121'.
17:11:10 INFO  : Jtag cable 'Digilent Zed 210248782397' is selected.
17:11:10 INFO  : 'jtag frequency' command is executed.
17:11:10 INFO  : Sourcing of 'C:/JPEG_Thesis_2/Final_PR/HUFFMAN_SYSTEM_SDK/HUFFMAN_SYSTEM_SDK.sdk/huffman_system_sdk_wrapper_hw_platform_0/ps7_init.tcl' is done.
17:11:10 INFO  : Context for 'APU' is selected.
17:11:13 INFO  : Hardware design information is loaded from 'C:/JPEG_Thesis_2/Final_PR/HUFFMAN_SYSTEM_SDK/HUFFMAN_SYSTEM_SDK.sdk/huffman_system_sdk_wrapper_hw_platform_0/system.hdf'.
17:11:13 INFO  : Context for 'APU' is selected.
17:11:13 INFO  : 'stop' command is executed.
17:11:13 INFO  : 'ps7_init' command is executed.
17:11:13 INFO  : 'ps7_post_config' command is executed.
17:11:13 INFO  : Context for processor 'ps7_cortexa9_0' is selected.
17:11:13 INFO  : Processor reset is completed for 'ps7_cortexa9_0'.
17:11:13 INFO  : Context for processor 'ps7_cortexa9_0' is selected.
17:11:14 INFO  : The application 'C:/JPEG_Thesis_2/Final_PR/HUFFMAN_SYSTEM_SDK/HUFFMAN_SYSTEM_SDK.sdk/HUFFMAN_REV2_IP_TEST/Debug/HUFFMAN_REV2_IP_TEST.elf' is downloaded to processor 'ps7_cortexa9_0'.
17:11:14 INFO  : ----------------XSDB Script----------------
connect -url tcp:127.0.0.1:3121
source C:/JPEG_Thesis_2/Final_PR/HUFFMAN_SYSTEM_SDK/HUFFMAN_SYSTEM_SDK.sdk/huffman_system_sdk_wrapper_hw_platform_0/ps7_init.tcl
targets -set -nocase -filter {name =~"APU*" && jtag_cable_name =~ "Digilent Zed 210248782397"} -index 0
loadhw C:/JPEG_Thesis_2/Final_PR/HUFFMAN_SYSTEM_SDK/HUFFMAN_SYSTEM_SDK.sdk/huffman_system_sdk_wrapper_hw_platform_0/system.hdf
targets -set -nocase -filter {name =~"APU*" && jtag_cable_name =~ "Digilent Zed 210248782397"} -index 0
stop
ps7_init
ps7_post_config
targets -set -nocase -filter {name =~ "ARM*#0" && jtag_cable_name =~ "Digilent Zed 210248782397"} -index 0
rst -processor
targets -set -nocase -filter {name =~ "ARM*#0" && jtag_cable_name =~ "Digilent Zed 210248782397"} -index 0
dow C:/JPEG_Thesis_2/Final_PR/HUFFMAN_SYSTEM_SDK/HUFFMAN_SYSTEM_SDK.sdk/HUFFMAN_REV2_IP_TEST/Debug/HUFFMAN_REV2_IP_TEST.elf
----------------End of Script----------------

17:11:14 INFO  : Memory regions updated for context APU
17:11:14 INFO  : Context for processor 'ps7_cortexa9_0' is selected.
17:11:14 INFO  : 'con' command is executed.
17:11:14 INFO  : ----------------XSDB Script (After Launch)----------------
targets -set -nocase -filter {name =~ "ARM*#0" && jtag_cable_name =~ "Digilent Zed 210248782397"} -index 0
con
----------------End of Script----------------

17:11:14 INFO  : Launch script is exported to file 'C:\JPEG_Thesis_2\Final_PR\HUFFMAN_SYSTEM_SDK\HUFFMAN_SYSTEM_SDK.sdk\.sdk\launch_scripts\xilinx_c-c++_application_(system_debugger)\system_debugger_using_debug_huffman_rev2_ip_test.elf_on_local.tcl'
01:09:48 INFO  : Disconnected from the channel tcfchan#8.
