
*** Running vivado
    with args -log jpeg.vds -m64 -product Vivado -mode batch -messageDb vivado.pb -notrace -source jpeg.tcl


****** Vivado v2016.3 (64-bit)
  **** SW Build 1682563 on Mon Oct 10 19:07:27 MDT 2016
  **** IP Build 1681267 on Mon Oct 10 21:28:31 MDT 2016
    ** Copyright 1986-2016 Xilinx, Inc. All Rights Reserved.

source jpeg.tcl -notrace
Command: synth_design -top jpeg -part xc7z020clg484-1
Starting synth_design
Attempting to get a license for feature 'Synthesis' and/or device 'xc7z020'
INFO: [Common 17-349] Got license for feature 'Synthesis' and/or device 'xc7z020'
INFO: Launching helper process for spawning children vivado processes
INFO: Helper process launched with PID 7416 
---------------------------------------------------------------------------------
Starting Synthesize : Time (s): cpu = 00:00:06 ; elapsed = 00:00:08 . Memory (MB): peak = 322.168 ; gain = 112.773
---------------------------------------------------------------------------------
INFO: [Synth 8-638] synthesizing module 'jpeg' [C:/JPEG_Thesis_2/Final_PR/Quantization/Quantization.srcs/sources_1/imports/Quantization/quantization_E.v:12]
INFO: [Synth 8-638] synthesizing module 'jpeg_fsm' [C:/JPEG_Thesis_2/Final_PR/Quantization/Quantization.srcs/sources_1/imports/Quantization/quantization_E.v:350]
	Parameter ST1_01 bound to: 2'b00 
	Parameter ST1_02 bound to: 2'b01 
	Parameter ST1_03 bound to: 2'b10 
INFO: [Synth 8-256] done synthesizing module 'jpeg_fsm' (1#1) [C:/JPEG_Thesis_2/Final_PR/Quantization/Quantization.srcs/sources_1/imports/Quantization/quantization_E.v:350]
INFO: [Synth 8-638] synthesizing module 'jpeg_dat' [C:/JPEG_Thesis_2/Final_PR/Quantization/Quantization.srcs/sources_1/imports/Quantization/quantization_E.v:382]
INFO: [Synth 8-638] synthesizing module 'jpeg_add12s_10' [C:/JPEG_Thesis_2/Final_PR/Quantization/Quantization.srcs/sources_1/imports/Quantization/quantization_E.v:3596]
INFO: [Synth 8-256] done synthesizing module 'jpeg_add12s_10' (2#1) [C:/JPEG_Thesis_2/Final_PR/Quantization/Quantization.srcs/sources_1/imports/Quantization/quantization_E.v:3596]
INFO: [Synth 8-638] synthesizing module 'jpeg_add8s' [C:/JPEG_Thesis_2/Final_PR/Quantization/Quantization.srcs/sources_1/imports/Quantization/quantization_E.v:3605]
INFO: [Synth 8-256] done synthesizing module 'jpeg_add8s' (3#1) [C:/JPEG_Thesis_2/Final_PR/Quantization/Quantization.srcs/sources_1/imports/Quantization/quantization_E.v:3605]
INFO: [Synth 8-256] done synthesizing module 'jpeg_dat' (4#1) [C:/JPEG_Thesis_2/Final_PR/Quantization/Quantization.srcs/sources_1/imports/Quantization/quantization_E.v:382]
INFO: [Synth 8-256] done synthesizing module 'jpeg' (5#1) [C:/JPEG_Thesis_2/Final_PR/Quantization/Quantization.srcs/sources_1/imports/Quantization/quantization_E.v:12]
WARNING: [Synth 8-3331] design jpeg_dat has unconnected port jpeg_in_a00[63]
WARNING: [Synth 8-3331] design jpeg_dat has unconnected port jpeg_in_a00[62]
WARNING: [Synth 8-3331] design jpeg_dat has unconnected port jpeg_in_a00[61]
WARNING: [Synth 8-3331] design jpeg_dat has unconnected port jpeg_in_a00[60]
WARNING: [Synth 8-3331] design jpeg_dat has unconnected port jpeg_in_a00[59]
WARNING: [Synth 8-3331] design jpeg_dat has unconnected port jpeg_in_a00[58]
WARNING: [Synth 8-3331] design jpeg_dat has unconnected port jpeg_in_a00[57]
WARNING: [Synth 8-3331] design jpeg_dat has unconnected port jpeg_in_a00[56]
WARNING: [Synth 8-3331] design jpeg_dat has unconnected port jpeg_in_a00[55]
WARNING: [Synth 8-3331] design jpeg_dat has unconnected port jpeg_in_a00[54]
WARNING: [Synth 8-3331] design jpeg_dat has unconnected port jpeg_in_a00[53]
WARNING: [Synth 8-3331] design jpeg_dat has unconnected port jpeg_in_a00[52]
WARNING: [Synth 8-3331] design jpeg_dat has unconnected port jpeg_in_a00[51]
WARNING: [Synth 8-3331] design jpeg_dat has unconnected port jpeg_in_a00[50]
WARNING: [Synth 8-3331] design jpeg_dat has unconnected port jpeg_in_a00[49]
WARNING: [Synth 8-3331] design jpeg_dat has unconnected port jpeg_in_a00[48]
WARNING: [Synth 8-3331] design jpeg_dat has unconnected port jpeg_in_a00[47]
WARNING: [Synth 8-3331] design jpeg_dat has unconnected port jpeg_in_a00[46]
WARNING: [Synth 8-3331] design jpeg_dat has unconnected port jpeg_in_a00[45]
WARNING: [Synth 8-3331] design jpeg_dat has unconnected port jpeg_in_a00[44]
WARNING: [Synth 8-3331] design jpeg_dat has unconnected port jpeg_in_a00[43]
WARNING: [Synth 8-3331] design jpeg_dat has unconnected port jpeg_in_a00[42]
WARNING: [Synth 8-3331] design jpeg_dat has unconnected port jpeg_in_a00[41]
WARNING: [Synth 8-3331] design jpeg_dat has unconnected port jpeg_in_a00[40]
WARNING: [Synth 8-3331] design jpeg_dat has unconnected port jpeg_in_a00[39]
WARNING: [Synth 8-3331] design jpeg_dat has unconnected port jpeg_in_a00[38]
WARNING: [Synth 8-3331] design jpeg_dat has unconnected port jpeg_in_a00[37]
WARNING: [Synth 8-3331] design jpeg_dat has unconnected port jpeg_in_a00[36]
WARNING: [Synth 8-3331] design jpeg_dat has unconnected port jpeg_in_a00[35]
WARNING: [Synth 8-3331] design jpeg_dat has unconnected port jpeg_in_a00[34]
WARNING: [Synth 8-3331] design jpeg_dat has unconnected port jpeg_in_a00[33]
WARNING: [Synth 8-3331] design jpeg_dat has unconnected port jpeg_in_a00[32]
WARNING: [Synth 8-3331] design jpeg_dat has unconnected port jpeg_in_a00[31]
WARNING: [Synth 8-3331] design jpeg_dat has unconnected port jpeg_in_a00[30]
WARNING: [Synth 8-3331] design jpeg_dat has unconnected port jpeg_in_a00[29]
WARNING: [Synth 8-3331] design jpeg_dat has unconnected port jpeg_in_a00[28]
WARNING: [Synth 8-3331] design jpeg_dat has unconnected port jpeg_in_a00[27]
WARNING: [Synth 8-3331] design jpeg_dat has unconnected port jpeg_in_a00[26]
WARNING: [Synth 8-3331] design jpeg_dat has unconnected port jpeg_in_a00[25]
WARNING: [Synth 8-3331] design jpeg_dat has unconnected port jpeg_in_a00[24]
WARNING: [Synth 8-3331] design jpeg_dat has unconnected port jpeg_in_a00[23]
WARNING: [Synth 8-3331] design jpeg_dat has unconnected port jpeg_in_a00[22]
WARNING: [Synth 8-3331] design jpeg_dat has unconnected port jpeg_in_a00[21]
WARNING: [Synth 8-3331] design jpeg_dat has unconnected port jpeg_in_a00[20]
WARNING: [Synth 8-3331] design jpeg_dat has unconnected port jpeg_in_a00[19]
WARNING: [Synth 8-3331] design jpeg_dat has unconnected port jpeg_in_a00[18]
WARNING: [Synth 8-3331] design jpeg_dat has unconnected port jpeg_in_a00[17]
WARNING: [Synth 8-3331] design jpeg_dat has unconnected port jpeg_in_a00[16]
WARNING: [Synth 8-3331] design jpeg_dat has unconnected port jpeg_in_a00[15]
WARNING: [Synth 8-3331] design jpeg_dat has unconnected port jpeg_in_a00[14]
WARNING: [Synth 8-3331] design jpeg_dat has unconnected port jpeg_in_a00[13]
WARNING: [Synth 8-3331] design jpeg_dat has unconnected port jpeg_in_a00[12]
WARNING: [Synth 8-3331] design jpeg_dat has unconnected port jpeg_in_a01[63]
WARNING: [Synth 8-3331] design jpeg_dat has unconnected port jpeg_in_a01[62]
WARNING: [Synth 8-3331] design jpeg_dat has unconnected port jpeg_in_a01[61]
WARNING: [Synth 8-3331] design jpeg_dat has unconnected port jpeg_in_a01[60]
WARNING: [Synth 8-3331] design jpeg_dat has unconnected port jpeg_in_a01[59]
WARNING: [Synth 8-3331] design jpeg_dat has unconnected port jpeg_in_a01[58]
WARNING: [Synth 8-3331] design jpeg_dat has unconnected port jpeg_in_a01[57]
WARNING: [Synth 8-3331] design jpeg_dat has unconnected port jpeg_in_a01[56]
WARNING: [Synth 8-3331] design jpeg_dat has unconnected port jpeg_in_a01[55]
WARNING: [Synth 8-3331] design jpeg_dat has unconnected port jpeg_in_a01[54]
WARNING: [Synth 8-3331] design jpeg_dat has unconnected port jpeg_in_a01[53]
WARNING: [Synth 8-3331] design jpeg_dat has unconnected port jpeg_in_a01[52]
WARNING: [Synth 8-3331] design jpeg_dat has unconnected port jpeg_in_a01[51]
WARNING: [Synth 8-3331] design jpeg_dat has unconnected port jpeg_in_a01[50]
WARNING: [Synth 8-3331] design jpeg_dat has unconnected port jpeg_in_a01[49]
WARNING: [Synth 8-3331] design jpeg_dat has unconnected port jpeg_in_a01[48]
WARNING: [Synth 8-3331] design jpeg_dat has unconnected port jpeg_in_a01[47]
WARNING: [Synth 8-3331] design jpeg_dat has unconnected port jpeg_in_a01[46]
WARNING: [Synth 8-3331] design jpeg_dat has unconnected port jpeg_in_a01[45]
WARNING: [Synth 8-3331] design jpeg_dat has unconnected port jpeg_in_a01[44]
WARNING: [Synth 8-3331] design jpeg_dat has unconnected port jpeg_in_a01[43]
WARNING: [Synth 8-3331] design jpeg_dat has unconnected port jpeg_in_a01[42]
WARNING: [Synth 8-3331] design jpeg_dat has unconnected port jpeg_in_a01[41]
WARNING: [Synth 8-3331] design jpeg_dat has unconnected port jpeg_in_a01[40]
WARNING: [Synth 8-3331] design jpeg_dat has unconnected port jpeg_in_a01[39]
WARNING: [Synth 8-3331] design jpeg_dat has unconnected port jpeg_in_a01[38]
WARNING: [Synth 8-3331] design jpeg_dat has unconnected port jpeg_in_a01[37]
WARNING: [Synth 8-3331] design jpeg_dat has unconnected port jpeg_in_a01[36]
WARNING: [Synth 8-3331] design jpeg_dat has unconnected port jpeg_in_a01[35]
WARNING: [Synth 8-3331] design jpeg_dat has unconnected port jpeg_in_a01[34]
WARNING: [Synth 8-3331] design jpeg_dat has unconnected port jpeg_in_a01[33]
WARNING: [Synth 8-3331] design jpeg_dat has unconnected port jpeg_in_a01[32]
WARNING: [Synth 8-3331] design jpeg_dat has unconnected port jpeg_in_a01[31]
WARNING: [Synth 8-3331] design jpeg_dat has unconnected port jpeg_in_a01[30]
WARNING: [Synth 8-3331] design jpeg_dat has unconnected port jpeg_in_a01[29]
WARNING: [Synth 8-3331] design jpeg_dat has unconnected port jpeg_in_a01[28]
WARNING: [Synth 8-3331] design jpeg_dat has unconnected port jpeg_in_a01[27]
WARNING: [Synth 8-3331] design jpeg_dat has unconnected port jpeg_in_a01[26]
WARNING: [Synth 8-3331] design jpeg_dat has unconnected port jpeg_in_a01[25]
WARNING: [Synth 8-3331] design jpeg_dat has unconnected port jpeg_in_a01[24]
WARNING: [Synth 8-3331] design jpeg_dat has unconnected port jpeg_in_a01[23]
WARNING: [Synth 8-3331] design jpeg_dat has unconnected port jpeg_in_a01[22]
WARNING: [Synth 8-3331] design jpeg_dat has unconnected port jpeg_in_a01[21]
WARNING: [Synth 8-3331] design jpeg_dat has unconnected port jpeg_in_a01[20]
WARNING: [Synth 8-3331] design jpeg_dat has unconnected port jpeg_in_a01[19]
WARNING: [Synth 8-3331] design jpeg_dat has unconnected port jpeg_in_a01[18]
WARNING: [Synth 8-3331] design jpeg_dat has unconnected port jpeg_in_a01[17]
WARNING: [Synth 8-3331] design jpeg_dat has unconnected port jpeg_in_a01[16]
INFO: [Common 17-14] Message 'Synth 8-3331' appears 100 times and further instances of the messages will be disabled. Use the Tcl command set_msg_config to change the current settings.
---------------------------------------------------------------------------------
Finished Synthesize : Time (s): cpu = 00:00:08 ; elapsed = 00:00:10 . Memory (MB): peak = 363.832 ; gain = 154.438
---------------------------------------------------------------------------------
---------------------------------------------------------------------------------
Finished Constraint Validation : Time (s): cpu = 00:00:08 ; elapsed = 00:00:10 . Memory (MB): peak = 363.832 ; gain = 154.438
---------------------------------------------------------------------------------
---------------------------------------------------------------------------------
Start Loading Part and Timing Information
---------------------------------------------------------------------------------
Loading part: xc7z020clg484-1
---------------------------------------------------------------------------------
Finished Loading Part and Timing Information : Time (s): cpu = 00:00:08 ; elapsed = 00:00:10 . Memory (MB): peak = 363.832 ; gain = 154.438
---------------------------------------------------------------------------------
INFO: [Device 21-403] Loading part xc7z020clg484-1
INFO: [Synth 8-5544] ROM "ST1_03d" won't be mapped to Block RAM because address size (2) smaller than threshold (5)
INFO: [Synth 8-5544] ROM "ST1_02d" won't be mapped to Block RAM because address size (2) smaller than threshold (5)
INFO: [Synth 8-5544] ROM "ST1_01d" won't be mapped to Block RAM because address size (2) smaller than threshold (5)
---------------------------------------------------------------------------------
Finished RTL Optimization Phase 2 : Time (s): cpu = 00:00:09 ; elapsed = 00:00:11 . Memory (MB): peak = 408.051 ; gain = 198.656
---------------------------------------------------------------------------------

Report RTL Partitions: 
+-+--------------+------------+----------+
| |RTL Partition |Replication |Instances |
+-+--------------+------------+----------+
+-+--------------+------------+----------+
No constraint files found.
---------------------------------------------------------------------------------
Start RTL Component Statistics 
---------------------------------------------------------------------------------
Detailed RTL Component Info : 
+---Adders : 
	   2 Input     10 Bit       Adders := 63    
	   2 Input      8 Bit       Adders := 1     
+---Registers : 
	               64 Bit    Registers := 32    
	               12 Bit    Registers := 33    
	               10 Bit    Registers := 32    
	                2 Bit    Registers := 1     
	                1 Bit    Registers := 1     
+---Muxes : 
	   4 Input      2 Bit        Muxes := 1     
	   2 Input      1 Bit        Muxes := 3     
---------------------------------------------------------------------------------
Finished RTL Component Statistics 
---------------------------------------------------------------------------------
---------------------------------------------------------------------------------
Start RTL Hierarchical Component Statistics 
---------------------------------------------------------------------------------
Hierarchical RTL Component report 
Module jpeg_fsm 
Detailed RTL Component Info : 
+---Registers : 
	                2 Bit    Registers := 1     
+---Muxes : 
	   4 Input      2 Bit        Muxes := 1     
	   2 Input      1 Bit        Muxes := 3     
Module jpeg_add12s_10 
Detailed RTL Component Info : 
+---Adders : 
	   2 Input     10 Bit       Adders := 1     
Module jpeg_add8s 
Detailed RTL Component Info : 
+---Adders : 
	   2 Input      8 Bit       Adders := 1     
Module jpeg_dat 
Detailed RTL Component Info : 
+---Registers : 
	               64 Bit    Registers := 32    
	               12 Bit    Registers := 33    
	               10 Bit    Registers := 32    
	                1 Bit    Registers := 1     
---------------------------------------------------------------------------------
Finished RTL Hierarchical Component Statistics
---------------------------------------------------------------------------------
---------------------------------------------------------------------------------
Start Part Resource Summary
---------------------------------------------------------------------------------
Part Resources:
DSPs: 220 (col length:60)
BRAMs: 280 (col length: RAMB18 60 RAMB36 30)
---------------------------------------------------------------------------------
Finished Part Resource Summary
---------------------------------------------------------------------------------
No constraint files found.
---------------------------------------------------------------------------------
Start Cross Boundary and Area Optimization
---------------------------------------------------------------------------------
INFO: [Synth 8-3886] merging instance 'INST_dat/jpeg_len_out_r_reg[0]' (FDRE) to 'INST_dat/jpeg_len_out_r_reg[1]'
INFO: [Synth 8-3886] merging instance 'INST_dat/jpeg_len_out_r_reg[1]' (FDRE) to 'INST_dat/jpeg_len_out_r_reg[2]'
INFO: [Synth 8-3886] merging instance 'INST_dat/jpeg_len_out_r_reg[2]' (FDRE) to 'INST_dat/jpeg_len_out_r_reg[3]'
INFO: [Synth 8-3886] merging instance 'INST_dat/jpeg_len_out_r_reg[3]' (FDRE) to 'INST_dat/jpeg_len_out_r_reg[4]'
INFO: [Synth 8-3886] merging instance 'INST_dat/jpeg_len_out_r_reg[4]' (FDRE) to 'INST_dat/jpeg_len_out_r_reg[5]'
INFO: [Synth 8-3886] merging instance 'INST_dat/jpeg_len_out_r_reg[5]' (FDRE) to 'INST_dat/jpeg_len_out_r_reg[6]'
INFO: [Synth 8-3886] merging instance 'INST_dat/jpeg_len_out_r_reg[6]' (FDRE) to 'INST_dat/jpeg_len_out_r_reg[7]'
INFO: [Synth 8-3886] merging instance 'INST_dat/jpeg_len_out_r_reg[7]' (FDRE) to 'INST_dat/jpeg_len_out_r_reg[8]'
INFO: [Synth 8-3886] merging instance 'INST_dat/jpeg_len_out_r_reg[8]' (FDRE) to 'INST_dat/jpeg_len_out_r_reg[9]'
INFO: [Synth 8-3886] merging instance 'INST_dat/jpeg_len_out_r_reg[9]' (FDRE) to 'INST_dat/jpeg_len_out_r_reg[10]'
INFO: [Synth 8-3886] merging instance 'INST_dat/jpeg_len_out_r_reg[10]' (FDRE) to 'INST_dat/jpeg_len_out_r_reg[11]'
INFO: [Synth 8-3333] propagating constant 0 across sequential element (INST_dat/\jpeg_len_out_r_reg[11] )
INFO: [Synth 8-3886] merging instance 'INST_dat/jpeg_out_a63_r_reg[7]' (FDE) to 'INST_dat/jpeg_out_a63_r_reg[8]'
INFO: [Synth 8-3886] merging instance 'INST_dat/jpeg_out_a63_r_reg[8]' (FDE) to 'INST_dat/jpeg_out_a63_r_reg[9]'
INFO: [Synth 8-3886] merging instance 'INST_dat/jpeg_out_a63_r_reg[9]' (FDE) to 'INST_dat/jpeg_out_a63_r_reg[10]'
INFO: [Synth 8-3886] merging instance 'INST_dat/jpeg_out_a63_r_reg[10]' (FDE) to 'INST_dat/jpeg_out_a63_r_reg[11]'
INFO: [Synth 8-3886] merging instance 'INST_dat/jpeg_out_a63_r_reg[11]' (FDE) to 'INST_dat/jpeg_out_a63_r_reg[12]'
INFO: [Synth 8-3886] merging instance 'INST_dat/jpeg_out_a63_r_reg[12]' (FDE) to 'INST_dat/jpeg_out_a63_r_reg[13]'
INFO: [Synth 8-3886] merging instance 'INST_dat/jpeg_out_a63_r_reg[13]' (FDE) to 'INST_dat/jpeg_out_a63_r_reg[14]'
INFO: [Synth 8-3886] merging instance 'INST_dat/jpeg_out_a63_r_reg[14]' (FDE) to 'INST_dat/jpeg_out_a63_r_reg[15]'
INFO: [Synth 8-3886] merging instance 'INST_dat/jpeg_out_a63_r_reg[15]' (FDE) to 'INST_dat/jpeg_out_a63_r_reg[16]'
INFO: [Synth 8-3886] merging instance 'INST_dat/jpeg_out_a63_r_reg[16]' (FDE) to 'INST_dat/jpeg_out_a63_r_reg[17]'
INFO: [Synth 8-3886] merging instance 'INST_dat/jpeg_out_a63_r_reg[17]' (FDE) to 'INST_dat/jpeg_out_a63_r_reg[18]'
INFO: [Synth 8-3886] merging instance 'INST_dat/jpeg_out_a63_r_reg[18]' (FDE) to 'INST_dat/jpeg_out_a63_r_reg[19]'
INFO: [Synth 8-3886] merging instance 'INST_dat/jpeg_out_a63_r_reg[19]' (FDE) to 'INST_dat/jpeg_out_a63_r_reg[20]'
INFO: [Synth 8-3886] merging instance 'INST_dat/jpeg_out_a63_r_reg[20]' (FDE) to 'INST_dat/jpeg_out_a63_r_reg[21]'
INFO: [Synth 8-3886] merging instance 'INST_dat/jpeg_out_a63_r_reg[21]' (FDE) to 'INST_dat/jpeg_out_a63_r_reg[22]'
INFO: [Synth 8-3886] merging instance 'INST_dat/jpeg_out_a63_r_reg[22]' (FDE) to 'INST_dat/jpeg_out_a63_r_reg[23]'
INFO: [Synth 8-3886] merging instance 'INST_dat/jpeg_out_a63_r_reg[23]' (FDE) to 'INST_dat/jpeg_out_a63_r_reg[24]'
INFO: [Synth 8-3886] merging instance 'INST_dat/jpeg_out_a63_r_reg[24]' (FDE) to 'INST_dat/jpeg_out_a63_r_reg[25]'
INFO: [Synth 8-3886] merging instance 'INST_dat/jpeg_out_a63_r_reg[25]' (FDE) to 'INST_dat/jpeg_out_a63_r_reg[26]'
INFO: [Synth 8-3886] merging instance 'INST_dat/jpeg_out_a63_r_reg[26]' (FDE) to 'INST_dat/jpeg_out_a63_r_reg[27]'
INFO: [Synth 8-3886] merging instance 'INST_dat/jpeg_out_a63_r_reg[27]' (FDE) to 'INST_dat/jpeg_out_a63_r_reg[28]'
INFO: [Synth 8-3886] merging instance 'INST_dat/jpeg_out_a63_r_reg[28]' (FDE) to 'INST_dat/jpeg_out_a63_r_reg[29]'
INFO: [Synth 8-3886] merging instance 'INST_dat/jpeg_out_a63_r_reg[29]' (FDE) to 'INST_dat/jpeg_out_a63_r_reg[30]'
INFO: [Synth 8-3886] merging instance 'INST_dat/jpeg_out_a63_r_reg[30]' (FDE) to 'INST_dat/jpeg_out_a63_r_reg[31]'
INFO: [Synth 8-3886] merging instance 'INST_dat/jpeg_out_a63_r_reg[31]' (FDE) to 'INST_dat/jpeg_out_a63_r_reg[32]'
INFO: [Synth 8-3886] merging instance 'INST_dat/jpeg_out_a63_r_reg[32]' (FDE) to 'INST_dat/jpeg_out_a63_r_reg[33]'
INFO: [Synth 8-3886] merging instance 'INST_dat/jpeg_out_a63_r_reg[33]' (FDE) to 'INST_dat/jpeg_out_a63_r_reg[34]'
INFO: [Synth 8-3886] merging instance 'INST_dat/jpeg_out_a63_r_reg[34]' (FDE) to 'INST_dat/jpeg_out_a63_r_reg[35]'
INFO: [Synth 8-3886] merging instance 'INST_dat/jpeg_out_a63_r_reg[35]' (FDE) to 'INST_dat/jpeg_out_a63_r_reg[36]'
INFO: [Synth 8-3886] merging instance 'INST_dat/jpeg_out_a63_r_reg[36]' (FDE) to 'INST_dat/jpeg_out_a63_r_reg[37]'
INFO: [Synth 8-3886] merging instance 'INST_dat/jpeg_out_a63_r_reg[37]' (FDE) to 'INST_dat/jpeg_out_a63_r_reg[38]'
INFO: [Synth 8-3886] merging instance 'INST_dat/jpeg_out_a63_r_reg[38]' (FDE) to 'INST_dat/jpeg_out_a63_r_reg[39]'
INFO: [Synth 8-3886] merging instance 'INST_dat/jpeg_out_a63_r_reg[39]' (FDE) to 'INST_dat/jpeg_out_a63_r_reg[40]'
INFO: [Synth 8-3886] merging instance 'INST_dat/jpeg_out_a63_r_reg[40]' (FDE) to 'INST_dat/jpeg_out_a63_r_reg[41]'
INFO: [Synth 8-3886] merging instance 'INST_dat/jpeg_out_a63_r_reg[41]' (FDE) to 'INST_dat/jpeg_out_a63_r_reg[42]'
INFO: [Synth 8-3886] merging instance 'INST_dat/jpeg_out_a63_r_reg[42]' (FDE) to 'INST_dat/jpeg_out_a63_r_reg[43]'
INFO: [Synth 8-3886] merging instance 'INST_dat/jpeg_out_a63_r_reg[43]' (FDE) to 'INST_dat/jpeg_out_a63_r_reg[44]'
INFO: [Synth 8-3886] merging instance 'INST_dat/jpeg_out_a63_r_reg[44]' (FDE) to 'INST_dat/jpeg_out_a63_r_reg[45]'
INFO: [Synth 8-3886] merging instance 'INST_dat/jpeg_out_a63_r_reg[45]' (FDE) to 'INST_dat/jpeg_out_a63_r_reg[46]'
INFO: [Synth 8-3886] merging instance 'INST_dat/jpeg_out_a63_r_reg[46]' (FDE) to 'INST_dat/jpeg_out_a63_r_reg[47]'
INFO: [Synth 8-3886] merging instance 'INST_dat/jpeg_out_a63_r_reg[47]' (FDE) to 'INST_dat/jpeg_out_a63_r_reg[48]'
INFO: [Synth 8-3886] merging instance 'INST_dat/jpeg_out_a63_r_reg[48]' (FDE) to 'INST_dat/jpeg_out_a63_r_reg[49]'
INFO: [Synth 8-3886] merging instance 'INST_dat/jpeg_out_a63_r_reg[49]' (FDE) to 'INST_dat/jpeg_out_a63_r_reg[50]'
INFO: [Synth 8-3886] merging instance 'INST_dat/jpeg_out_a63_r_reg[50]' (FDE) to 'INST_dat/jpeg_out_a63_r_reg[51]'
INFO: [Synth 8-3886] merging instance 'INST_dat/jpeg_out_a63_r_reg[51]' (FDE) to 'INST_dat/jpeg_out_a63_r_reg[52]'
INFO: [Synth 8-3886] merging instance 'INST_dat/jpeg_out_a63_r_reg[52]' (FDE) to 'INST_dat/jpeg_out_a63_r_reg[53]'
INFO: [Synth 8-3886] merging instance 'INST_dat/jpeg_out_a63_r_reg[53]' (FDE) to 'INST_dat/jpeg_out_a63_r_reg[54]'
INFO: [Synth 8-3886] merging instance 'INST_dat/jpeg_out_a63_r_reg[54]' (FDE) to 'INST_dat/jpeg_out_a63_r_reg[55]'
INFO: [Synth 8-3886] merging instance 'INST_dat/jpeg_out_a63_r_reg[55]' (FDE) to 'INST_dat/jpeg_out_a63_r_reg[56]'
INFO: [Synth 8-3886] merging instance 'INST_dat/jpeg_out_a63_r_reg[56]' (FDE) to 'INST_dat/jpeg_out_a63_r_reg[57]'
INFO: [Synth 8-3886] merging instance 'INST_dat/jpeg_out_a63_r_reg[57]' (FDE) to 'INST_dat/jpeg_out_a63_r_reg[58]'
INFO: [Synth 8-3886] merging instance 'INST_dat/jpeg_out_a63_r_reg[58]' (FDE) to 'INST_dat/jpeg_out_a63_r_reg[59]'
INFO: [Synth 8-3886] merging instance 'INST_dat/jpeg_out_a63_r_reg[59]' (FDE) to 'INST_dat/jpeg_out_a63_r_reg[60]'
INFO: [Synth 8-3886] merging instance 'INST_dat/jpeg_out_a63_r_reg[60]' (FDE) to 'INST_dat/jpeg_out_a63_r_reg[61]'
INFO: [Synth 8-3886] merging instance 'INST_dat/jpeg_out_a63_r_reg[61]' (FDE) to 'INST_dat/jpeg_out_a63_r_reg[62]'
INFO: [Synth 8-3886] merging instance 'INST_dat/jpeg_out_a63_r_reg[62]' (FDE) to 'INST_dat/jpeg_out_a63_r_reg[63]'
INFO: [Synth 8-3886] merging instance 'INST_dat/jpeg_out_a62_r_reg[9]' (FDE) to 'INST_dat/jpeg_out_a62_r_reg[10]'
INFO: [Synth 8-3886] merging instance 'INST_dat/jpeg_out_a62_r_reg[10]' (FDE) to 'INST_dat/jpeg_out_a62_r_reg[11]'
INFO: [Synth 8-3886] merging instance 'INST_dat/jpeg_out_a62_r_reg[11]' (FDE) to 'INST_dat/jpeg_out_a62_r_reg[12]'
INFO: [Synth 8-3886] merging instance 'INST_dat/jpeg_out_a62_r_reg[12]' (FDE) to 'INST_dat/jpeg_out_a62_r_reg[13]'
INFO: [Synth 8-3886] merging instance 'INST_dat/jpeg_out_a62_r_reg[13]' (FDE) to 'INST_dat/jpeg_out_a62_r_reg[14]'
INFO: [Synth 8-3886] merging instance 'INST_dat/jpeg_out_a62_r_reg[14]' (FDE) to 'INST_dat/jpeg_out_a62_r_reg[15]'
INFO: [Synth 8-3886] merging instance 'INST_dat/jpeg_out_a62_r_reg[15]' (FDE) to 'INST_dat/jpeg_out_a62_r_reg[16]'
INFO: [Synth 8-3886] merging instance 'INST_dat/jpeg_out_a62_r_reg[16]' (FDE) to 'INST_dat/jpeg_out_a62_r_reg[17]'
INFO: [Synth 8-3886] merging instance 'INST_dat/jpeg_out_a62_r_reg[17]' (FDE) to 'INST_dat/jpeg_out_a62_r_reg[18]'
INFO: [Synth 8-3886] merging instance 'INST_dat/jpeg_out_a62_r_reg[18]' (FDE) to 'INST_dat/jpeg_out_a62_r_reg[19]'
INFO: [Synth 8-3886] merging instance 'INST_dat/jpeg_out_a62_r_reg[19]' (FDE) to 'INST_dat/jpeg_out_a62_r_reg[20]'
INFO: [Synth 8-3886] merging instance 'INST_dat/jpeg_out_a62_r_reg[20]' (FDE) to 'INST_dat/jpeg_out_a62_r_reg[21]'
INFO: [Synth 8-3886] merging instance 'INST_dat/jpeg_out_a62_r_reg[21]' (FDE) to 'INST_dat/jpeg_out_a62_r_reg[22]'
INFO: [Synth 8-3886] merging instance 'INST_dat/jpeg_out_a62_r_reg[22]' (FDE) to 'INST_dat/jpeg_out_a62_r_reg[23]'
INFO: [Synth 8-3886] merging instance 'INST_dat/jpeg_out_a62_r_reg[23]' (FDE) to 'INST_dat/jpeg_out_a62_r_reg[24]'
INFO: [Synth 8-3886] merging instance 'INST_dat/jpeg_out_a62_r_reg[24]' (FDE) to 'INST_dat/jpeg_out_a62_r_reg[25]'
INFO: [Synth 8-3886] merging instance 'INST_dat/jpeg_out_a62_r_reg[25]' (FDE) to 'INST_dat/jpeg_out_a62_r_reg[26]'
INFO: [Synth 8-3886] merging instance 'INST_dat/jpeg_out_a62_r_reg[26]' (FDE) to 'INST_dat/jpeg_out_a62_r_reg[27]'
INFO: [Synth 8-3886] merging instance 'INST_dat/jpeg_out_a62_r_reg[27]' (FDE) to 'INST_dat/jpeg_out_a62_r_reg[28]'
INFO: [Synth 8-3886] merging instance 'INST_dat/jpeg_out_a62_r_reg[28]' (FDE) to 'INST_dat/jpeg_out_a62_r_reg[29]'
INFO: [Synth 8-3886] merging instance 'INST_dat/jpeg_out_a62_r_reg[29]' (FDE) to 'INST_dat/jpeg_out_a62_r_reg[30]'
INFO: [Synth 8-3886] merging instance 'INST_dat/jpeg_out_a62_r_reg[30]' (FDE) to 'INST_dat/jpeg_out_a62_r_reg[31]'
INFO: [Synth 8-3886] merging instance 'INST_dat/jpeg_out_a62_r_reg[31]' (FDE) to 'INST_dat/jpeg_out_a62_r_reg[32]'
INFO: [Synth 8-3886] merging instance 'INST_dat/jpeg_out_a62_r_reg[32]' (FDE) to 'INST_dat/jpeg_out_a62_r_reg[33]'
INFO: [Synth 8-3886] merging instance 'INST_dat/jpeg_out_a62_r_reg[33]' (FDE) to 'INST_dat/jpeg_out_a62_r_reg[34]'
INFO: [Synth 8-3886] merging instance 'INST_dat/jpeg_out_a62_r_reg[34]' (FDE) to 'INST_dat/jpeg_out_a62_r_reg[35]'
INFO: [Synth 8-3886] merging instance 'INST_dat/jpeg_out_a62_r_reg[35]' (FDE) to 'INST_dat/jpeg_out_a62_r_reg[36]'
INFO: [Synth 8-3886] merging instance 'INST_dat/jpeg_out_a62_r_reg[36]' (FDE) to 'INST_dat/jpeg_out_a62_r_reg[37]'
INFO: [Synth 8-3886] merging instance 'INST_dat/jpeg_out_a62_r_reg[37]' (FDE) to 'INST_dat/jpeg_out_a62_r_reg[38]'
INFO: [Synth 8-3886] merging instance 'INST_dat/jpeg_out_a62_r_reg[38]' (FDE) to 'INST_dat/jpeg_out_a62_r_reg[39]'
INFO: [Synth 8-3886] merging instance 'INST_dat/jpeg_out_a62_r_reg[39]' (FDE) to 'INST_dat/jpeg_out_a62_r_reg[40]'
INFO: [Synth 8-3886] merging instance 'INST_dat/jpeg_out_a62_r_reg[40]' (FDE) to 'INST_dat/jpeg_out_a62_r_reg[41]'
INFO: [Synth 8-3886] merging instance 'INST_dat/jpeg_out_a62_r_reg[41]' (FDE) to 'INST_dat/jpeg_out_a62_r_reg[42]'
INFO: [Common 17-14] Message 'Synth 8-3886' appears 100 times and further instances of the messages will be disabled. Use the Tcl command set_msg_config to change the current settings.
WARNING: [Synth 8-3332] Sequential element (jpeg_len_out_r_reg[11]) is unused and will be removed from module jpeg_dat.
---------------------------------------------------------------------------------
Finished Cross Boundary and Area Optimization : Time (s): cpu = 00:00:16 ; elapsed = 00:00:18 . Memory (MB): peak = 556.004 ; gain = 346.609
---------------------------------------------------------------------------------

Report RTL Partitions: 
+-+--------------+------------+----------+
| |RTL Partition |Replication |Instances |
+-+--------------+------------+----------+
+-+--------------+------------+----------+
---------------------------------------------------------------------------------
Start Timing Optimization
---------------------------------------------------------------------------------
No constraint files found.
---------------------------------------------------------------------------------
Finished Timing Optimization : Time (s): cpu = 00:00:16 ; elapsed = 00:00:18 . Memory (MB): peak = 556.004 ; gain = 346.609
---------------------------------------------------------------------------------

Report RTL Partitions: 
+-+--------------+------------+----------+
| |RTL Partition |Replication |Instances |
+-+--------------+------------+----------+
+-+--------------+------------+----------+
---------------------------------------------------------------------------------
Start Technology Mapping
---------------------------------------------------------------------------------
---------------------------------------------------------------------------------
Finished Technology Mapping : Time (s): cpu = 00:00:17 ; elapsed = 00:00:18 . Memory (MB): peak = 556.004 ; gain = 346.609
---------------------------------------------------------------------------------

Report RTL Partitions: 
+-+--------------+------------+----------+
| |RTL Partition |Replication |Instances |
+-+--------------+------------+----------+
+-+--------------+------------+----------+
---------------------------------------------------------------------------------
Start IO Insertion
---------------------------------------------------------------------------------
---------------------------------------------------------------------------------
Start Flattening Before IO Insertion
---------------------------------------------------------------------------------
---------------------------------------------------------------------------------
Finished Flattening Before IO Insertion
---------------------------------------------------------------------------------
---------------------------------------------------------------------------------
Start Final Netlist Cleanup
---------------------------------------------------------------------------------
---------------------------------------------------------------------------------
Finished Final Netlist Cleanup
---------------------------------------------------------------------------------
---------------------------------------------------------------------------------
Finished IO Insertion : Time (s): cpu = 00:00:17 ; elapsed = 00:00:19 . Memory (MB): peak = 556.004 ; gain = 346.609
---------------------------------------------------------------------------------

Report Check Netlist: 
+------+------------------+-------+---------+-------+------------------+
|      |Item              |Errors |Warnings |Status |Description       |
+------+------------------+-------+---------+-------+------------------+
|1     |multi_driven_nets |      0|        0|Passed |Multi driven nets |
+------+------------------+-------+---------+-------+------------------+
---------------------------------------------------------------------------------
Start Renaming Generated Instances
---------------------------------------------------------------------------------
---------------------------------------------------------------------------------
Finished Renaming Generated Instances : Time (s): cpu = 00:00:17 ; elapsed = 00:00:19 . Memory (MB): peak = 556.004 ; gain = 346.609
---------------------------------------------------------------------------------

Report RTL Partitions: 
+-+--------------+------------+----------+
| |RTL Partition |Replication |Instances |
+-+--------------+------------+----------+
+-+--------------+------------+----------+
---------------------------------------------------------------------------------
Start Rebuilding User Hierarchy
---------------------------------------------------------------------------------
---------------------------------------------------------------------------------
Finished Rebuilding User Hierarchy : Time (s): cpu = 00:00:18 ; elapsed = 00:00:19 . Memory (MB): peak = 556.004 ; gain = 346.609
---------------------------------------------------------------------------------
---------------------------------------------------------------------------------
Start Renaming Generated Ports
---------------------------------------------------------------------------------
---------------------------------------------------------------------------------
Finished Renaming Generated Ports : Time (s): cpu = 00:00:18 ; elapsed = 00:00:20 . Memory (MB): peak = 556.004 ; gain = 346.609
---------------------------------------------------------------------------------
---------------------------------------------------------------------------------
Start Handling Custom Attributes
---------------------------------------------------------------------------------
---------------------------------------------------------------------------------
Finished Handling Custom Attributes : Time (s): cpu = 00:00:18 ; elapsed = 00:00:20 . Memory (MB): peak = 556.004 ; gain = 346.609
---------------------------------------------------------------------------------
---------------------------------------------------------------------------------
Start Renaming Generated Nets
---------------------------------------------------------------------------------
---------------------------------------------------------------------------------
Finished Renaming Generated Nets : Time (s): cpu = 00:00:18 ; elapsed = 00:00:20 . Memory (MB): peak = 556.004 ; gain = 346.609
---------------------------------------------------------------------------------
---------------------------------------------------------------------------------
Start Writing Synthesis Report
---------------------------------------------------------------------------------

Report BlackBoxes: 
+-+--------------+----------+
| |BlackBox name |Instances |
+-+--------------+----------+
+-+--------------+----------+

Report Cell Usage: 
+------+-----+------+
|      |Cell |Count |
+------+-----+------+
|1     |BUFG |     1|
|2     |LUT2 |    83|
|3     |LUT3 |   160|
|4     |LUT4 |   419|
|5     |LUT5 |   326|
|6     |LUT6 |   591|
|7     |FDRE |  1025|
|8     |IBUF |   770|
|9     |OBUF |  8205|
+------+-----+------+

Report Instance Areas: 
+------+-----------+---------+------+
|      |Instance   |Module   |Cells |
+------+-----------+---------+------+
|1     |top        |         | 11580|
|2     |  INST_dat |jpeg_dat |  1471|
|3     |  INST_fsm |jpeg_fsm |  1133|
+------+-----------+---------+------+
---------------------------------------------------------------------------------
Finished Writing Synthesis Report : Time (s): cpu = 00:00:18 ; elapsed = 00:00:20 . Memory (MB): peak = 556.004 ; gain = 346.609
---------------------------------------------------------------------------------
Synthesis finished with 0 errors, 0 critical warnings and 14873 warnings.
Synthesis Optimization Runtime : Time (s): cpu = 00:00:15 ; elapsed = 00:00:15 . Memory (MB): peak = 556.004 ; gain = 309.895
Synthesis Optimization Complete : Time (s): cpu = 00:00:18 ; elapsed = 00:00:20 . Memory (MB): peak = 556.004 ; gain = 346.609
INFO: [Project 1-571] Translating synthesized netlist
INFO: [Netlist 29-17] Analyzing 770 Unisim elements for replacement
INFO: [Netlist 29-28] Unisim Transformation completed in 0 CPU seconds
INFO: [Project 1-570] Preparing netlist for logic optimization
INFO: [Opt 31-138] Pushed 0 inverter(s) to 0 load pin(s).
INFO: [Project 1-111] Unisim Transformation Summary:
No Unisim elements were transformed.

INFO: [Common 17-83] Releasing license: Synthesis
126 Infos, 101 Warnings, 0 Critical Warnings and 0 Errors encountered.
synth_design completed successfully
synth_design: Time (s): cpu = 00:00:19 ; elapsed = 00:00:19 . Memory (MB): peak = 641.285 ; gain = 404.348
INFO: [Common 17-1381] The checkpoint 'C:/JPEG_Thesis_2/Final_PR/Quantization/Quantization.runs/synth_2/jpeg.dcp' has been generated.
report_utilization: Time (s): cpu = 00:00:04 ; elapsed = 00:00:04 . Memory (MB): peak = 641.285 ; gain = 0.000
INFO: [Common 17-206] Exiting Vivado at Tue Nov 21 05:23:24 2017...
