
*** Running vivado
    with args -log design_1_axi_bram_ctrl_0_0.vds -m64 -product Vivado -mode batch -messageDb vivado.pb -notrace -source design_1_axi_bram_ctrl_0_0.tcl


****** Vivado v2016.3 (64-bit)
  **** SW Build 1682563 on Mon Oct 10 19:07:27 MDT 2016
  **** IP Build 1681267 on Mon Oct 10 21:28:31 MDT 2016
    ** Copyright 1986-2016 Xilinx, Inc. All Rights Reserved.

source design_1_axi_bram_ctrl_0_0.tcl -notrace
Starting RTL Elaboration : Time (s): cpu = 00:00:09 ; elapsed = 00:00:15 . Memory (MB): peak = 338.152 ; gain = 127.957
INFO: [Synth 8-638] synthesizing module 'design_1_axi_bram_ctrl_0_0' [c:/Proton/Proton_Vivado_Design/Proton/Proton.srcs/sources_1/bd/design_1/ip/design_1_axi_bram_ctrl_0_0/synth/design_1_axi_bram_ctrl_0_0.vhd:108]
INFO: [Synth 8-638] synthesizing module 'axi_bram_ctrl' [c:/Proton/Proton_Vivado_Design/Proton/Proton.srcs/sources_1/bd/design_1/ipshared/d95a/hdl/axi_bram_ctrl_v4_0_rfs.vhd:23897]
INFO: [Synth 8-638] synthesizing module 'axi_bram_ctrl_top' [c:/Proton/Proton_Vivado_Design/Proton/Proton.srcs/sources_1/bd/design_1/ipshared/d95a/hdl/axi_bram_ctrl_v4_0_rfs.vhd:22901]
INFO: [Synth 8-638] synthesizing module 'full_axi' [c:/Proton/Proton_Vivado_Design/Proton/Proton.srcs/sources_1/bd/design_1/ipshared/d95a/hdl/axi_bram_ctrl_v4_0_rfs.vhd:21844]
INFO: [Synth 8-638] synthesizing module 'sng_port_arb' [c:/Proton/Proton_Vivado_Design/Proton/Proton.srcs/sources_1/bd/design_1/ipshared/d95a/hdl/axi_bram_ctrl_v4_0_rfs.vhd:9216]
INFO: [Synth 8-256] done synthesizing module 'sng_port_arb' (1#1) [c:/Proton/Proton_Vivado_Design/Proton/Proton.srcs/sources_1/bd/design_1/ipshared/d95a/hdl/axi_bram_ctrl_v4_0_rfs.vhd:9216]
INFO: [Synth 8-638] synthesizing module 'wr_chnl' [c:/Proton/Proton_Vivado_Design/Proton/Proton.srcs/sources_1/bd/design_1/ipshared/d95a/hdl/axi_bram_ctrl_v4_0_rfs.vhd:17009]
INFO: [Synth 8-638] synthesizing module 'wrap_brst' [c:/Proton/Proton_Vivado_Design/Proton/Proton.srcs/sources_1/bd/design_1/ipshared/d95a/hdl/axi_bram_ctrl_v4_0_rfs.vhd:10215]
INFO: [Synth 8-256] done synthesizing module 'wrap_brst' (2#1) [c:/Proton/Proton_Vivado_Design/Proton/Proton.srcs/sources_1/bd/design_1/ipshared/d95a/hdl/axi_bram_ctrl_v4_0_rfs.vhd:10215]
INFO: [Synth 8-638] synthesizing module 'SRL_FIFO' [c:/Proton/Proton_Vivado_Design/Proton/Proton.srcs/sources_1/bd/design_1/ipshared/d95a/hdl/axi_bram_ctrl_v4_0_rfs.vhd:133]
INFO: [Synth 8-638] synthesizing module 'FDR' [C:/Xilinx/Vivado/2016.3/scripts/rt/data/unisim_comp.v:3951]
INFO: [Synth 8-256] done synthesizing module 'FDR' (3#1) [C:/Xilinx/Vivado/2016.3/scripts/rt/data/unisim_comp.v:3951]
INFO: [Synth 8-638] synthesizing module 'MUXCY_L' [C:/Xilinx/Vivado/2016.3/scripts/rt/data/unisim_comp.v:21293]
INFO: [Synth 8-256] done synthesizing module 'MUXCY_L' (4#1) [C:/Xilinx/Vivado/2016.3/scripts/rt/data/unisim_comp.v:21293]
INFO: [Synth 8-638] synthesizing module 'XORCY' [C:/Xilinx/Vivado/2016.3/scripts/rt/data/unisim_comp.v:45340]
INFO: [Synth 8-256] done synthesizing module 'XORCY' (5#1) [C:/Xilinx/Vivado/2016.3/scripts/rt/data/unisim_comp.v:45340]
INFO: [Synth 8-638] synthesizing module 'FDRE' [C:/Xilinx/Vivado/2016.3/scripts/rt/data/unisim_comp.v:3964]
INFO: [Synth 8-256] done synthesizing module 'FDRE' (6#1) [C:/Xilinx/Vivado/2016.3/scripts/rt/data/unisim_comp.v:3964]
INFO: [Synth 8-638] synthesizing module 'SRL16E' [C:/Xilinx/Vivado/2016.3/scripts/rt/data/unisim_comp.v:43328]
INFO: [Synth 8-256] done synthesizing module 'SRL16E' (7#1) [C:/Xilinx/Vivado/2016.3/scripts/rt/data/unisim_comp.v:43328]
INFO: [Synth 8-256] done synthesizing module 'SRL_FIFO' (8#1) [c:/Proton/Proton_Vivado_Design/Proton/Proton.srcs/sources_1/bd/design_1/ipshared/d95a/hdl/axi_bram_ctrl_v4_0_rfs.vhd:133]
INFO: [Synth 8-256] done synthesizing module 'wr_chnl' (9#1) [c:/Proton/Proton_Vivado_Design/Proton/Proton.srcs/sources_1/bd/design_1/ipshared/d95a/hdl/axi_bram_ctrl_v4_0_rfs.vhd:17009]
INFO: [Synth 8-638] synthesizing module 'rd_chnl' [c:/Proton/Proton_Vivado_Design/Proton/Proton.srcs/sources_1/bd/design_1/ipshared/d95a/hdl/axi_bram_ctrl_v4_0_rfs.vhd:11495]
INFO: [Synth 8-256] done synthesizing module 'rd_chnl' (10#1) [c:/Proton/Proton_Vivado_Design/Proton/Proton.srcs/sources_1/bd/design_1/ipshared/d95a/hdl/axi_bram_ctrl_v4_0_rfs.vhd:11495]
INFO: [Synth 8-256] done synthesizing module 'full_axi' (11#1) [c:/Proton/Proton_Vivado_Design/Proton/Proton.srcs/sources_1/bd/design_1/ipshared/d95a/hdl/axi_bram_ctrl_v4_0_rfs.vhd:21844]
INFO: [Synth 8-256] done synthesizing module 'axi_bram_ctrl_top' (12#1) [c:/Proton/Proton_Vivado_Design/Proton/Proton.srcs/sources_1/bd/design_1/ipshared/d95a/hdl/axi_bram_ctrl_v4_0_rfs.vhd:22901]
INFO: [Synth 8-256] done synthesizing module 'axi_bram_ctrl' (13#1) [c:/Proton/Proton_Vivado_Design/Proton/Proton.srcs/sources_1/bd/design_1/ipshared/d95a/hdl/axi_bram_ctrl_v4_0_rfs.vhd:23897]
INFO: [Synth 8-256] done synthesizing module 'design_1_axi_bram_ctrl_0_0' (14#1) [c:/Proton/Proton_Vivado_Design/Proton/Proton.srcs/sources_1/bd/design_1/ip/design_1_axi_bram_ctrl_0_0/synth/design_1_axi_bram_ctrl_0_0.vhd:108]
Finished RTL Elaboration : Time (s): cpu = 00:00:14 ; elapsed = 00:00:20 . Memory (MB): peak = 448.957 ; gain = 238.762
Finished RTL Optimization Phase 1 : Time (s): cpu = 00:00:15 ; elapsed = 00:00:21 . Memory (MB): peak = 448.957 ; gain = 238.762
INFO: [Device 21-403] Loading part xc7z020clg484-1
Constraint Validation Runtime : Time (s): cpu = 00:00:00 ; elapsed = 00:00:00.203 . Memory (MB): peak = 702.023 ; gain = 0.000
Finished Constraint Validation : Time (s): cpu = 00:00:24 ; elapsed = 00:00:31 . Memory (MB): peak = 702.023 ; gain = 491.828
Finished Loading Part and Timing Information : Time (s): cpu = 00:00:24 ; elapsed = 00:00:31 . Memory (MB): peak = 702.023 ; gain = 491.828
Finished applying 'set_property' XDC Constraints : Time (s): cpu = 00:00:24 ; elapsed = 00:00:31 . Memory (MB): peak = 702.023 ; gain = 491.828
Finished RTL Optimization Phase 2 : Time (s): cpu = 00:00:25 ; elapsed = 00:00:32 . Memory (MB): peak = 702.023 ; gain = 491.828
Finished Cross Boundary and Area Optimization : Time (s): cpu = 00:00:27 ; elapsed = 00:00:34 . Memory (MB): peak = 702.023 ; gain = 491.828
Finished Applying XDC Timing Constraints : Time (s): cpu = 00:00:38 ; elapsed = 00:00:45 . Memory (MB): peak = 702.023 ; gain = 491.828
Finished Timing Optimization : Time (s): cpu = 00:00:39 ; elapsed = 00:00:46 . Memory (MB): peak = 702.023 ; gain = 491.828
Finished Technology Mapping : Time (s): cpu = 00:00:39 ; elapsed = 00:00:46 . Memory (MB): peak = 703.563 ; gain = 493.367
Finished IO Insertion : Time (s): cpu = 00:00:40 ; elapsed = 00:00:47 . Memory (MB): peak = 703.563 ; gain = 493.367
Finished Renaming Generated Instances : Time (s): cpu = 00:00:40 ; elapsed = 00:00:47 . Memory (MB): peak = 703.563 ; gain = 493.367
Finished Rebuilding User Hierarchy : Time (s): cpu = 00:00:40 ; elapsed = 00:00:47 . Memory (MB): peak = 703.563 ; gain = 493.367
Finished Renaming Generated Ports : Time (s): cpu = 00:00:40 ; elapsed = 00:00:47 . Memory (MB): peak = 703.563 ; gain = 493.367
Finished Handling Custom Attributes : Time (s): cpu = 00:00:40 ; elapsed = 00:00:47 . Memory (MB): peak = 703.563 ; gain = 493.367
Finished Renaming Generated Nets : Time (s): cpu = 00:00:40 ; elapsed = 00:00:47 . Memory (MB): peak = 703.563 ; gain = 493.367

Report Cell Usage: 
+------+--------+------+
|      |Cell    |Count |
+------+--------+------+
|1     |LUT1    |     2|
|2     |LUT2    |    22|
|3     |LUT3    |    53|
|4     |LUT4    |    44|
|5     |LUT5    |    34|
|6     |LUT6    |   122|
|7     |MUXCY_L |     3|
|8     |SRL16E  |    12|
|9     |XORCY   |     4|
|10    |FDR     |     1|
|11    |FDRE    |   237|
+------+--------+------+
Finished Writing Synthesis Report : Time (s): cpu = 00:00:40 ; elapsed = 00:00:47 . Memory (MB): peak = 703.563 ; gain = 493.367
synth_design: Time (s): cpu = 00:00:38 ; elapsed = 00:00:40 . Memory (MB): peak = 713.434 ; gain = 453.457
