
*** Running vivado
    with args -log design_1_Matrix_Multiply_0_0.vds -m64 -product Vivado -mode batch -messageDb vivado.pb -notrace -source design_1_Matrix_Multiply_0_0.tcl


****** Vivado v2016.3 (64-bit)
  **** SW Build 1682563 on Mon Oct 10 19:07:27 MDT 2016
  **** IP Build 1681267 on Mon Oct 10 21:28:31 MDT 2016
    ** Copyright 1986-2016 Xilinx, Inc. All Rights Reserved.

source design_1_Matrix_Multiply_0_0.tcl -notrace
Command: synth_design -top design_1_Matrix_Multiply_0_0 -part xc7z020clg484-1 -mode out_of_context
Starting synth_design
Attempting to get a license for feature 'Synthesis' and/or device 'xc7z020'
INFO: [Common 17-349] Got license for feature 'Synthesis' and/or device 'xc7z020'
INFO: Launching helper process for spawning children vivado processes
INFO: Helper process launched with PID 8724 
---------------------------------------------------------------------------------
Starting RTL Elaboration : Time (s): cpu = 00:00:09 ; elapsed = 00:00:15 . Memory (MB): peak = 337.566 ; gain = 127.402
---------------------------------------------------------------------------------
INFO: [Synth 8-638] synthesizing module 'design_1_Matrix_Multiply_0_0' [c:/Proton/Proton_Vivado_Design/Proton/Proton.srcs/sources_1/bd/design_1/ip/design_1_Matrix_Multiply_0_0/synth/design_1_Matrix_Multiply_0_0.v:57]
INFO: [Synth 8-638] synthesizing module 'Matrix_Multiply' [c:/Proton/Proton_Vivado_Design/Proton/Proton.srcs/sources_1/bd/design_1/ipshared/1fd8/hdl/verilog/Matrix_Multiply.v:12]
	Parameter ap_ST_fsm_state1 bound to: 21'b000000000000000000001 
	Parameter ap_ST_fsm_state2 bound to: 21'b000000000000000000010 
	Parameter ap_ST_fsm_state3 bound to: 21'b000000000000000000100 
	Parameter ap_ST_fsm_state4 bound to: 21'b000000000000000001000 
	Parameter ap_ST_fsm_state5 bound to: 21'b000000000000000010000 
	Parameter ap_ST_fsm_state6 bound to: 21'b000000000000000100000 
	Parameter ap_ST_fsm_state7 bound to: 21'b000000000000001000000 
	Parameter ap_ST_fsm_state8 bound to: 21'b000000000000010000000 
	Parameter ap_ST_fsm_state9 bound to: 21'b000000000000100000000 
	Parameter ap_ST_fsm_state10 bound to: 21'b000000000001000000000 
	Parameter ap_ST_fsm_state11 bound to: 21'b000000000010000000000 
	Parameter ap_ST_fsm_state12 bound to: 21'b000000000100000000000 
	Parameter ap_ST_fsm_state13 bound to: 21'b000000001000000000000 
	Parameter ap_ST_fsm_state14 bound to: 21'b000000010000000000000 
	Parameter ap_ST_fsm_state15 bound to: 21'b000000100000000000000 
	Parameter ap_ST_fsm_state16 bound to: 21'b000001000000000000000 
	Parameter ap_ST_fsm_state17 bound to: 21'b000010000000000000000 
	Parameter ap_ST_fsm_state18 bound to: 21'b000100000000000000000 
	Parameter ap_ST_fsm_state19 bound to: 21'b001000000000000000000 
	Parameter ap_ST_fsm_state20 bound to: 21'b010000000000000000000 
	Parameter ap_ST_fsm_state21 bound to: 21'b100000000000000000000 
	Parameter ap_const_lv32_0 bound to: 0 - type: integer 
	Parameter C_S_AXI_CRTL_BUS_DATA_WIDTH bound to: 32 - type: integer 
	Parameter ap_const_int64_8 bound to: 8 - type: integer 
	Parameter C_S_AXI_CRTL_BUS_ADDR_WIDTH bound to: 4 - type: integer 
	Parameter C_S_AXI_DATA_WIDTH bound to: 32 - type: integer 
	Parameter ap_const_lv32_1 bound to: 1 - type: integer 
	Parameter ap_const_lv32_2 bound to: 2 - type: integer 
	Parameter ap_const_lv32_3 bound to: 3 - type: integer 
	Parameter ap_const_lv32_4 bound to: 4 - type: integer 
	Parameter ap_const_lv32_6 bound to: 6 - type: integer 
	Parameter ap_const_lv32_7 bound to: 7 - type: integer 
	Parameter ap_const_lv32_9 bound to: 9 - type: integer 
	Parameter ap_const_lv32_A bound to: 10 - type: integer 
	Parameter ap_const_lv32_B bound to: 11 - type: integer 
	Parameter ap_const_lv32_11 bound to: 17 - type: integer 
	Parameter ap_const_lv32_13 bound to: 19 - type: integer 
	Parameter ap_const_lv32_14 bound to: 20 - type: integer 
	Parameter ap_const_lv2_0 bound to: 2'b00 
	Parameter ap_const_lv3_0 bound to: 3'b000 
	Parameter ap_const_lv32_5 bound to: 5 - type: integer 
	Parameter ap_const_lv4_4 bound to: 4'b0100 
	Parameter ap_const_lv32_8 bound to: 8 - type: integer 
	Parameter ap_const_lv32_12 bound to: 18 - type: integer 
	Parameter ap_const_lv3_2 bound to: 3'b010 
	Parameter ap_const_lv4_0 bound to: 4'b0000 
	Parameter ap_const_lv4_F bound to: 4'b1111 
	Parameter ap_const_lv2_2 bound to: 2'b10 
	Parameter ap_const_lv2_1 bound to: 2'b01 
	Parameter ap_const_lv3_1 bound to: 3'b001 
	Parameter ap_const_lv4_2 bound to: 4'b0010 
	Parameter ap_const_lv4_1 bound to: 4'b0001 
	Parameter ap_const_lv32_C bound to: 12 - type: integer 
	Parameter C_S_AXI_CRTL_BUS_WSTRB_WIDTH bound to: 4 - type: integer 
	Parameter C_S_AXI_WSTRB_WIDTH bound to: 4 - type: integer 
INFO: [Synth 8-5534] Detected attribute (* fsm_encoding = "none" *) [c:/Proton/Proton_Vivado_Design/Proton/Proton.srcs/sources_1/bd/design_1/ipshared/1fd8/hdl/verilog/Matrix_Multiply.v:149]
INFO: [Synth 8-638] synthesizing module 'Matrix_Multiply_CRTL_BUS_s_axi' [c:/Proton/Proton_Vivado_Design/Proton/Proton.srcs/sources_1/bd/design_1/ipshared/1fd8/hdl/verilog/Matrix_Multiply_CRTL_BUS_s_axi.v:9]
	Parameter C_S_AXI_ADDR_WIDTH bound to: 4 - type: integer 
	Parameter C_S_AXI_DATA_WIDTH bound to: 32 - type: integer 
	Parameter ADDR_AP_CTRL bound to: 4'b0000 
	Parameter ADDR_GIE bound to: 4'b0100 
	Parameter ADDR_IER bound to: 4'b1000 
	Parameter ADDR_ISR bound to: 4'b1100 
	Parameter WRIDLE bound to: 2'b00 
	Parameter WRDATA bound to: 2'b01 
	Parameter WRRESP bound to: 2'b10 
	Parameter RDIDLE bound to: 2'b00 
	Parameter RDDATA bound to: 2'b01 
	Parameter ADDR_BITS bound to: 4 - type: integer 
INFO: [Synth 8-155] case statement is not full and has no default [c:/Proton/Proton_Vivado_Design/Proton/Proton.srcs/sources_1/bd/design_1/ipshared/1fd8/hdl/verilog/Matrix_Multiply_CRTL_BUS_s_axi.v:187]
INFO: [Synth 8-256] done synthesizing module 'Matrix_Multiply_CRTL_BUS_s_axi' (1#1) [c:/Proton/Proton_Vivado_Design/Proton/Proton.srcs/sources_1/bd/design_1/ipshared/1fd8/hdl/verilog/Matrix_Multiply_CRTL_BUS_s_axi.v:9]
INFO: [Synth 8-638] synthesizing module 'Matrix_Multiply_mbkb' [c:/Proton/Proton_Vivado_Design/Proton/Proton.srcs/sources_1/bd/design_1/ipshared/1fd8/hdl/verilog/Matrix_Multiply_mbkb.v:41]
	Parameter ID bound to: 1 - type: integer 
	Parameter NUM_STAGE bound to: 6 - type: integer 
	Parameter din0_WIDTH bound to: 32 - type: integer 
	Parameter din1_WIDTH bound to: 32 - type: integer 
	Parameter dout_WIDTH bound to: 32 - type: integer 
INFO: [Synth 8-638] synthesizing module 'Matrix_Multiply_mbkb_MulnS_0' [c:/Proton/Proton_Vivado_Design/Proton/Proton.srcs/sources_1/bd/design_1/ipshared/1fd8/hdl/verilog/Matrix_Multiply_mbkb.v:11]
INFO: [Synth 8-256] done synthesizing module 'Matrix_Multiply_mbkb_MulnS_0' (2#1) [c:/Proton/Proton_Vivado_Design/Proton/Proton.srcs/sources_1/bd/design_1/ipshared/1fd8/hdl/verilog/Matrix_Multiply_mbkb.v:11]
INFO: [Synth 8-256] done synthesizing module 'Matrix_Multiply_mbkb' (3#1) [c:/Proton/Proton_Vivado_Design/Proton/Proton.srcs/sources_1/bd/design_1/ipshared/1fd8/hdl/verilog/Matrix_Multiply_mbkb.v:41]
WARNING: [Synth 8-589] replacing case/wildcard equality operator === with logical equality operator == [c:/Proton/Proton_Vivado_Design/Proton/Proton.srcs/sources_1/bd/design_1/ipshared/1fd8/hdl/verilog/Matrix_Multiply.v:889]
WARNING: [Synth 8-589] replacing case/wildcard equality operator === with logical equality operator == [c:/Proton/Proton_Vivado_Design/Proton/Proton.srcs/sources_1/bd/design_1/ipshared/1fd8/hdl/verilog/Matrix_Multiply.v:891]
WARNING: [Synth 8-589] replacing case/wildcard equality operator === with logical equality operator == [c:/Proton/Proton_Vivado_Design/Proton/Proton.srcs/sources_1/bd/design_1/ipshared/1fd8/hdl/verilog/Matrix_Multiply.v:893]
WARNING: [Synth 8-589] replacing case/wildcard equality operator === with logical equality operator == [c:/Proton/Proton_Vivado_Design/Proton/Proton.srcs/sources_1/bd/design_1/ipshared/1fd8/hdl/verilog/Matrix_Multiply.v:895]
WARNING: [Synth 8-589] replacing case/wildcard equality operator === with logical equality operator == [c:/Proton/Proton_Vivado_Design/Proton/Proton.srcs/sources_1/bd/design_1/ipshared/1fd8/hdl/verilog/Matrix_Multiply.v:897]
WARNING: [Synth 8-589] replacing case/wildcard equality operator === with logical equality operator == [c:/Proton/Proton_Vivado_Design/Proton/Proton.srcs/sources_1/bd/design_1/ipshared/1fd8/hdl/verilog/Matrix_Multiply.v:899]
WARNING: [Synth 8-589] replacing case/wildcard equality operator === with logical equality operator == [c:/Proton/Proton_Vivado_Design/Proton/Proton.srcs/sources_1/bd/design_1/ipshared/1fd8/hdl/verilog/Matrix_Multiply.v:901]
WARNING: [Synth 8-589] replacing case/wildcard equality operator === with logical equality operator == [c:/Proton/Proton_Vivado_Design/Proton/Proton.srcs/sources_1/bd/design_1/ipshared/1fd8/hdl/verilog/Matrix_Multiply.v:903]
WARNING: [Synth 8-589] replacing case/wildcard equality operator === with logical equality operator == [c:/Proton/Proton_Vivado_Design/Proton/Proton.srcs/sources_1/bd/design_1/ipshared/1fd8/hdl/verilog/Matrix_Multiply.v:905]
WARNING: [Synth 8-589] replacing case/wildcard equality operator === with logical equality operator == [c:/Proton/Proton_Vivado_Design/Proton/Proton.srcs/sources_1/bd/design_1/ipshared/1fd8/hdl/verilog/Matrix_Multiply.v:907]
WARNING: [Synth 8-589] replacing case/wildcard equality operator === with logical equality operator == [c:/Proton/Proton_Vivado_Design/Proton/Proton.srcs/sources_1/bd/design_1/ipshared/1fd8/hdl/verilog/Matrix_Multiply.v:909]
WARNING: [Synth 8-589] replacing case/wildcard equality operator === with logical equality operator == [c:/Proton/Proton_Vivado_Design/Proton/Proton.srcs/sources_1/bd/design_1/ipshared/1fd8/hdl/verilog/Matrix_Multiply.v:921]
WARNING: [Synth 8-589] replacing case/wildcard equality operator === with logical equality operator == [c:/Proton/Proton_Vivado_Design/Proton/Proton.srcs/sources_1/bd/design_1/ipshared/1fd8/hdl/verilog/Matrix_Multiply.v:923]
WARNING: [Synth 8-589] replacing case/wildcard equality operator === with logical equality operator == [c:/Proton/Proton_Vivado_Design/Proton/Proton.srcs/sources_1/bd/design_1/ipshared/1fd8/hdl/verilog/Matrix_Multiply.v:925]
WARNING: [Synth 8-589] replacing case/wildcard equality operator === with logical equality operator == [c:/Proton/Proton_Vivado_Design/Proton/Proton.srcs/sources_1/bd/design_1/ipshared/1fd8/hdl/verilog/Matrix_Multiply.v:927]
WARNING: [Synth 8-589] replacing case/wildcard equality operator === with logical equality operator == [c:/Proton/Proton_Vivado_Design/Proton/Proton.srcs/sources_1/bd/design_1/ipshared/1fd8/hdl/verilog/Matrix_Multiply.v:929]
WARNING: [Synth 8-589] replacing case/wildcard equality operator === with logical equality operator == [c:/Proton/Proton_Vivado_Design/Proton/Proton.srcs/sources_1/bd/design_1/ipshared/1fd8/hdl/verilog/Matrix_Multiply.v:931]
WARNING: [Synth 8-589] replacing case/wildcard equality operator === with logical equality operator == [c:/Proton/Proton_Vivado_Design/Proton/Proton.srcs/sources_1/bd/design_1/ipshared/1fd8/hdl/verilog/Matrix_Multiply.v:933]
WARNING: [Synth 8-589] replacing case/wildcard equality operator === with logical equality operator == [c:/Proton/Proton_Vivado_Design/Proton/Proton.srcs/sources_1/bd/design_1/ipshared/1fd8/hdl/verilog/Matrix_Multiply.v:935]
WARNING: [Synth 8-589] replacing case/wildcard equality operator === with logical equality operator == [c:/Proton/Proton_Vivado_Design/Proton/Proton.srcs/sources_1/bd/design_1/ipshared/1fd8/hdl/verilog/Matrix_Multiply.v:937]
WARNING: [Synth 8-589] replacing case/wildcard equality operator === with logical equality operator == [c:/Proton/Proton_Vivado_Design/Proton/Proton.srcs/sources_1/bd/design_1/ipshared/1fd8/hdl/verilog/Matrix_Multiply.v:939]
WARNING: [Synth 8-589] replacing case/wildcard equality operator === with logical equality operator == [c:/Proton/Proton_Vivado_Design/Proton/Proton.srcs/sources_1/bd/design_1/ipshared/1fd8/hdl/verilog/Matrix_Multiply.v:941]
WARNING: [Synth 8-589] replacing case/wildcard equality operator === with logical equality operator == [c:/Proton/Proton_Vivado_Design/Proton/Proton.srcs/sources_1/bd/design_1/ipshared/1fd8/hdl/verilog/Matrix_Multiply.v:943]
WARNING: [Synth 8-589] replacing case/wildcard equality operator === with logical equality operator == [c:/Proton/Proton_Vivado_Design/Proton/Proton.srcs/sources_1/bd/design_1/ipshared/1fd8/hdl/verilog/Matrix_Multiply.v:945]
WARNING: [Synth 8-589] replacing case/wildcard equality operator === with logical equality operator == [c:/Proton/Proton_Vivado_Design/Proton/Proton.srcs/sources_1/bd/design_1/ipshared/1fd8/hdl/verilog/Matrix_Multiply.v:947]
WARNING: [Synth 8-589] replacing case/wildcard equality operator === with logical equality operator == [c:/Proton/Proton_Vivado_Design/Proton/Proton.srcs/sources_1/bd/design_1/ipshared/1fd8/hdl/verilog/Matrix_Multiply.v:949]
WARNING: [Synth 8-589] replacing case/wildcard equality operator === with logical equality operator == [c:/Proton/Proton_Vivado_Design/Proton/Proton.srcs/sources_1/bd/design_1/ipshared/1fd8/hdl/verilog/Matrix_Multiply.v:951]
WARNING: [Synth 8-589] replacing case/wildcard equality operator === with logical equality operator == [c:/Proton/Proton_Vivado_Design/Proton/Proton.srcs/sources_1/bd/design_1/ipshared/1fd8/hdl/verilog/Matrix_Multiply.v:953]
WARNING: [Synth 8-589] replacing case/wildcard equality operator === with logical equality operator == [c:/Proton/Proton_Vivado_Design/Proton/Proton.srcs/sources_1/bd/design_1/ipshared/1fd8/hdl/verilog/Matrix_Multiply.v:957]
WARNING: [Synth 8-589] replacing case/wildcard equality operator === with logical equality operator == [c:/Proton/Proton_Vivado_Design/Proton/Proton.srcs/sources_1/bd/design_1/ipshared/1fd8/hdl/verilog/Matrix_Multiply.v:959]
WARNING: [Synth 8-589] replacing case/wildcard equality operator === with logical equality operator == [c:/Proton/Proton_Vivado_Design/Proton/Proton.srcs/sources_1/bd/design_1/ipshared/1fd8/hdl/verilog/Matrix_Multiply.v:961]
WARNING: [Synth 8-589] replacing case/wildcard equality operator === with logical equality operator == [c:/Proton/Proton_Vivado_Design/Proton/Proton.srcs/sources_1/bd/design_1/ipshared/1fd8/hdl/verilog/Matrix_Multiply.v:963]
WARNING: [Synth 8-589] replacing case/wildcard equality operator === with logical equality operator == [c:/Proton/Proton_Vivado_Design/Proton/Proton.srcs/sources_1/bd/design_1/ipshared/1fd8/hdl/verilog/Matrix_Multiply.v:965]
WARNING: [Synth 8-589] replacing case/wildcard equality operator === with logical equality operator == [c:/Proton/Proton_Vivado_Design/Proton/Proton.srcs/sources_1/bd/design_1/ipshared/1fd8/hdl/verilog/Matrix_Multiply.v:967]
WARNING: [Synth 8-589] replacing case/wildcard equality operator === with logical equality operator == [c:/Proton/Proton_Vivado_Design/Proton/Proton.srcs/sources_1/bd/design_1/ipshared/1fd8/hdl/verilog/Matrix_Multiply.v:969]
WARNING: [Synth 8-589] replacing case/wildcard equality operator === with logical equality operator == [c:/Proton/Proton_Vivado_Design/Proton/Proton.srcs/sources_1/bd/design_1/ipshared/1fd8/hdl/verilog/Matrix_Multiply.v:971]
WARNING: [Synth 8-589] replacing case/wildcard equality operator === with logical equality operator == [c:/Proton/Proton_Vivado_Design/Proton/Proton.srcs/sources_1/bd/design_1/ipshared/1fd8/hdl/verilog/Matrix_Multiply.v:973]
WARNING: [Synth 8-589] replacing case/wildcard equality operator === with logical equality operator == [c:/Proton/Proton_Vivado_Design/Proton/Proton.srcs/sources_1/bd/design_1/ipshared/1fd8/hdl/verilog/Matrix_Multiply.v:975]
WARNING: [Synth 8-589] replacing case/wildcard equality operator === with logical equality operator == [c:/Proton/Proton_Vivado_Design/Proton/Proton.srcs/sources_1/bd/design_1/ipshared/1fd8/hdl/verilog/Matrix_Multiply.v:977]
WARNING: [Synth 8-589] replacing case/wildcard equality operator === with logical equality operator == [c:/Proton/Proton_Vivado_Design/Proton/Proton.srcs/sources_1/bd/design_1/ipshared/1fd8/hdl/verilog/Matrix_Multiply.v:979]
WARNING: [Synth 8-589] replacing case/wildcard equality operator === with logical equality operator == [c:/Proton/Proton_Vivado_Design/Proton/Proton.srcs/sources_1/bd/design_1/ipshared/1fd8/hdl/verilog/Matrix_Multiply.v:981]
WARNING: [Synth 8-589] replacing case/wildcard equality operator === with logical equality operator == [c:/Proton/Proton_Vivado_Design/Proton/Proton.srcs/sources_1/bd/design_1/ipshared/1fd8/hdl/verilog/Matrix_Multiply.v:983]
WARNING: [Synth 8-589] replacing case/wildcard equality operator === with logical equality operator == [c:/Proton/Proton_Vivado_Design/Proton/Proton.srcs/sources_1/bd/design_1/ipshared/1fd8/hdl/verilog/Matrix_Multiply.v:985]
WARNING: [Synth 8-589] replacing case/wildcard equality operator === with logical equality operator == [c:/Proton/Proton_Vivado_Design/Proton/Proton.srcs/sources_1/bd/design_1/ipshared/1fd8/hdl/verilog/Matrix_Multiply.v:991]
INFO: [Synth 8-256] done synthesizing module 'Matrix_Multiply' (4#1) [c:/Proton/Proton_Vivado_Design/Proton/Proton.srcs/sources_1/bd/design_1/ipshared/1fd8/hdl/verilog/Matrix_Multiply.v:12]
INFO: [Synth 8-256] done synthesizing module 'design_1_Matrix_Multiply_0_0' (5#1) [c:/Proton/Proton_Vivado_Design/Proton/Proton.srcs/sources_1/bd/design_1/ip/design_1_Matrix_Multiply_0_0/synth/design_1_Matrix_Multiply_0_0.v:57]
WARNING: [Synth 8-3331] design Matrix_Multiply_mbkb has unconnected port reset
WARNING: [Synth 8-3331] design Matrix_Multiply_CRTL_BUS_s_axi has unconnected port WDATA[31]
WARNING: [Synth 8-3331] design Matrix_Multiply_CRTL_BUS_s_axi has unconnected port WDATA[30]
WARNING: [Synth 8-3331] design Matrix_Multiply_CRTL_BUS_s_axi has unconnected port WDATA[29]
WARNING: [Synth 8-3331] design Matrix_Multiply_CRTL_BUS_s_axi has unconnected port WDATA[28]
WARNING: [Synth 8-3331] design Matrix_Multiply_CRTL_BUS_s_axi has unconnected port WDATA[27]
WARNING: [Synth 8-3331] design Matrix_Multiply_CRTL_BUS_s_axi has unconnected port WDATA[26]
WARNING: [Synth 8-3331] design Matrix_Multiply_CRTL_BUS_s_axi has unconnected port WDATA[25]
WARNING: [Synth 8-3331] design Matrix_Multiply_CRTL_BUS_s_axi has unconnected port WDATA[24]
WARNING: [Synth 8-3331] design Matrix_Multiply_CRTL_BUS_s_axi has unconnected port WDATA[23]
WARNING: [Synth 8-3331] design Matrix_Multiply_CRTL_BUS_s_axi has unconnected port WDATA[22]
WARNING: [Synth 8-3331] design Matrix_Multiply_CRTL_BUS_s_axi has unconnected port WDATA[21]
WARNING: [Synth 8-3331] design Matrix_Multiply_CRTL_BUS_s_axi has unconnected port WDATA[20]
WARNING: [Synth 8-3331] design Matrix_Multiply_CRTL_BUS_s_axi has unconnected port WDATA[19]
WARNING: [Synth 8-3331] design Matrix_Multiply_CRTL_BUS_s_axi has unconnected port WDATA[18]
WARNING: [Synth 8-3331] design Matrix_Multiply_CRTL_BUS_s_axi has unconnected port WDATA[17]
WARNING: [Synth 8-3331] design Matrix_Multiply_CRTL_BUS_s_axi has unconnected port WDATA[16]
WARNING: [Synth 8-3331] design Matrix_Multiply_CRTL_BUS_s_axi has unconnected port WDATA[15]
WARNING: [Synth 8-3331] design Matrix_Multiply_CRTL_BUS_s_axi has unconnected port WDATA[14]
WARNING: [Synth 8-3331] design Matrix_Multiply_CRTL_BUS_s_axi has unconnected port WDATA[13]
WARNING: [Synth 8-3331] design Matrix_Multiply_CRTL_BUS_s_axi has unconnected port WDATA[12]
WARNING: [Synth 8-3331] design Matrix_Multiply_CRTL_BUS_s_axi has unconnected port WDATA[11]
WARNING: [Synth 8-3331] design Matrix_Multiply_CRTL_BUS_s_axi has unconnected port WDATA[10]
WARNING: [Synth 8-3331] design Matrix_Multiply_CRTL_BUS_s_axi has unconnected port WDATA[9]
WARNING: [Synth 8-3331] design Matrix_Multiply_CRTL_BUS_s_axi has unconnected port WDATA[8]
WARNING: [Synth 8-3331] design Matrix_Multiply_CRTL_BUS_s_axi has unconnected port WDATA[6]
WARNING: [Synth 8-3331] design Matrix_Multiply_CRTL_BUS_s_axi has unconnected port WDATA[5]
WARNING: [Synth 8-3331] design Matrix_Multiply_CRTL_BUS_s_axi has unconnected port WDATA[4]
WARNING: [Synth 8-3331] design Matrix_Multiply_CRTL_BUS_s_axi has unconnected port WDATA[3]
WARNING: [Synth 8-3331] design Matrix_Multiply_CRTL_BUS_s_axi has unconnected port WDATA[2]
WARNING: [Synth 8-3331] design Matrix_Multiply_CRTL_BUS_s_axi has unconnected port WSTRB[3]
WARNING: [Synth 8-3331] design Matrix_Multiply_CRTL_BUS_s_axi has unconnected port WSTRB[2]
WARNING: [Synth 8-3331] design Matrix_Multiply_CRTL_BUS_s_axi has unconnected port WSTRB[1]
WARNING: [Synth 8-3331] design Matrix_Multiply has unconnected port C_Dout_A[31]
WARNING: [Synth 8-3331] design Matrix_Multiply has unconnected port C_Dout_A[30]
WARNING: [Synth 8-3331] design Matrix_Multiply has unconnected port C_Dout_A[29]
WARNING: [Synth 8-3331] design Matrix_Multiply has unconnected port C_Dout_A[28]
WARNING: [Synth 8-3331] design Matrix_Multiply has unconnected port C_Dout_A[27]
WARNING: [Synth 8-3331] design Matrix_Multiply has unconnected port C_Dout_A[26]
WARNING: [Synth 8-3331] design Matrix_Multiply has unconnected port C_Dout_A[25]
WARNING: [Synth 8-3331] design Matrix_Multiply has unconnected port C_Dout_A[24]
WARNING: [Synth 8-3331] design Matrix_Multiply has unconnected port C_Dout_A[23]
WARNING: [Synth 8-3331] design Matrix_Multiply has unconnected port C_Dout_A[22]
WARNING: [Synth 8-3331] design Matrix_Multiply has unconnected port C_Dout_A[21]
WARNING: [Synth 8-3331] design Matrix_Multiply has unconnected port C_Dout_A[20]
WARNING: [Synth 8-3331] design Matrix_Multiply has unconnected port C_Dout_A[19]
WARNING: [Synth 8-3331] design Matrix_Multiply has unconnected port C_Dout_A[18]
WARNING: [Synth 8-3331] design Matrix_Multiply has unconnected port C_Dout_A[17]
WARNING: [Synth 8-3331] design Matrix_Multiply has unconnected port C_Dout_A[16]
WARNING: [Synth 8-3331] design Matrix_Multiply has unconnected port C_Dout_A[15]
WARNING: [Synth 8-3331] design Matrix_Multiply has unconnected port C_Dout_A[14]
WARNING: [Synth 8-3331] design Matrix_Multiply has unconnected port C_Dout_A[13]
WARNING: [Synth 8-3331] design Matrix_Multiply has unconnected port C_Dout_A[12]
WARNING: [Synth 8-3331] design Matrix_Multiply has unconnected port C_Dout_A[11]
WARNING: [Synth 8-3331] design Matrix_Multiply has unconnected port C_Dout_A[10]
WARNING: [Synth 8-3331] design Matrix_Multiply has unconnected port C_Dout_A[9]
WARNING: [Synth 8-3331] design Matrix_Multiply has unconnected port C_Dout_A[8]
WARNING: [Synth 8-3331] design Matrix_Multiply has unconnected port C_Dout_A[7]
WARNING: [Synth 8-3331] design Matrix_Multiply has unconnected port C_Dout_A[6]
WARNING: [Synth 8-3331] design Matrix_Multiply has unconnected port C_Dout_A[5]
WARNING: [Synth 8-3331] design Matrix_Multiply has unconnected port C_Dout_A[4]
WARNING: [Synth 8-3331] design Matrix_Multiply has unconnected port C_Dout_A[3]
WARNING: [Synth 8-3331] design Matrix_Multiply has unconnected port C_Dout_A[2]
WARNING: [Synth 8-3331] design Matrix_Multiply has unconnected port C_Dout_A[1]
WARNING: [Synth 8-3331] design Matrix_Multiply has unconnected port C_Dout_A[0]
---------------------------------------------------------------------------------
Finished RTL Elaboration : Time (s): cpu = 00:00:10 ; elapsed = 00:00:17 . Memory (MB): peak = 374.879 ; gain = 164.715
---------------------------------------------------------------------------------

Report Check Netlist: 
+------+------------------+-------+---------+-------+------------------+
|      |Item              |Errors |Warnings |Status |Description       |
+------+------------------+-------+---------+-------+------------------+
|1     |multi_driven_nets |      0|        0|Passed |Multi driven nets |
+------+------------------+-------+---------+-------+------------------+
---------------------------------------------------------------------------------
Finished RTL Optimization Phase 1 : Time (s): cpu = 00:00:11 ; elapsed = 00:00:18 . Memory (MB): peak = 374.879 ; gain = 164.715
---------------------------------------------------------------------------------
INFO: [Device 21-403] Loading part xc7z020clg484-1
INFO: [Project 1-570] Preparing netlist for logic optimization

Processing XDC Constraints
Initializing timing engine
Parsing XDC File [c:/Proton/Proton_Vivado_Design/Proton/Proton.srcs/sources_1/bd/design_1/ip/design_1_Matrix_Multiply_0_0/constraints/Matrix_Multiply_ooc.xdc] for cell 'inst'
Finished Parsing XDC File [c:/Proton/Proton_Vivado_Design/Proton/Proton.srcs/sources_1/bd/design_1/ip/design_1_Matrix_Multiply_0_0/constraints/Matrix_Multiply_ooc.xdc] for cell 'inst'
Parsing XDC File [C:/Proton/Proton_Vivado_Design/Proton/Proton.runs/design_1_Matrix_Multiply_0_0_synth_1/dont_touch.xdc]
Finished Parsing XDC File [C:/Proton/Proton_Vivado_Design/Proton/Proton.runs/design_1_Matrix_Multiply_0_0_synth_1/dont_touch.xdc]
Completed Processing XDC Constraints

INFO: [Project 1-111] Unisim Transformation Summary:
No Unisim elements were transformed.

Constraint Validation Runtime : Time (s): cpu = 00:00:00 ; elapsed = 00:00:01 . Memory (MB): peak = 700.535 ; gain = 0.020
---------------------------------------------------------------------------------
Finished Constraint Validation : Time (s): cpu = 00:00:23 ; elapsed = 00:00:40 . Memory (MB): peak = 700.535 ; gain = 490.371
---------------------------------------------------------------------------------
---------------------------------------------------------------------------------
Start Loading Part and Timing Information
---------------------------------------------------------------------------------
Loading part: xc7z020clg484-1
---------------------------------------------------------------------------------
Finished Loading Part and Timing Information : Time (s): cpu = 00:00:23 ; elapsed = 00:00:40 . Memory (MB): peak = 700.535 ; gain = 490.371
---------------------------------------------------------------------------------
---------------------------------------------------------------------------------
Start Applying 'set_property' XDC Constraints
---------------------------------------------------------------------------------
Applied set_property DONT_TOUCH = true for inst. (constraint file  auto generated constraint, line ).
---------------------------------------------------------------------------------
Finished applying 'set_property' XDC Constraints : Time (s): cpu = 00:00:23 ; elapsed = 00:00:40 . Memory (MB): peak = 700.535 ; gain = 490.371
---------------------------------------------------------------------------------
INFO: [Synth 8-4490] FSM extraction disabled for register 'ap_CS_fsm_reg' through user attribute
INFO: [Synth 8-5544] ROM "exitcond1_fu_966_p2" won't be mapped to Block RAM because address size (2) smaller than threshold (5)
INFO: [Synth 8-5544] ROM "exitcond10_fu_389_p2" won't be mapped to Block RAM because address size (2) smaller than threshold (5)
INFO: [Synth 8-5544] ROM "exitcond9_fu_405_p2" won't be mapped to Block RAM because address size (2) smaller than threshold (5)
INFO: [Synth 8-5544] ROM "exitcond8_fu_501_p2" won't be mapped to Block RAM because address size (2) smaller than threshold (5)
INFO: [Synth 8-5544] ROM "exitcond7_fu_523_p2" won't be mapped to Block RAM because address size (2) smaller than threshold (5)
INFO: [Synth 8-5544] ROM "exitcond6_fu_626_p2" won't be mapped to Block RAM because address size (2) smaller than threshold (5)
INFO: [Synth 8-5544] ROM "exitcond5_fu_664_p2" won't be mapped to Block RAM because address size (2) smaller than threshold (5)
INFO: [Synth 8-5544] ROM "exitcond4_fu_767_p2" won't be mapped to Block RAM because address size (2) smaller than threshold (5)
INFO: [Synth 8-5544] ROM "exitcond3_fu_783_p2" won't be mapped to Block RAM because address size (2) smaller than threshold (5)
INFO: [Synth 8-5544] ROM "exitcond2_fu_815_p2" won't be mapped to Block RAM because address size (2) smaller than threshold (5)
---------------------------------------------------------------------------------
Finished RTL Optimization Phase 2 : Time (s): cpu = 00:00:24 ; elapsed = 00:00:41 . Memory (MB): peak = 700.535 ; gain = 490.371
---------------------------------------------------------------------------------

Report RTL Partitions: 
+-+--------------+------------+----------+
| |RTL Partition |Replication |Instances |
+-+--------------+------------+----------+
+-+--------------+------------+----------+
---------------------------------------------------------------------------------
Start RTL Component Statistics 
---------------------------------------------------------------------------------
Detailed RTL Component Info : 
+---Adders : 
	   2 Input      4 Bit       Adders := 2     
	   2 Input      3 Bit       Adders := 5     
	   2 Input      2 Bit       Adders := 11    
+---XORs : 
	   2 Input      1 Bit         XORs := 2     
+---Registers : 
	               32 Bit    Registers := 32    
	               21 Bit    Registers := 1     
	                4 Bit    Registers := 5     
	                3 Bit    Registers := 8     
	                2 Bit    Registers := 22    
	                1 Bit    Registers := 15    
+---Multipliers : 
	                32x32  Multipliers := 1     
+---Muxes : 
	   5 Input     32 Bit        Muxes := 1     
	   2 Input     32 Bit        Muxes := 12    
	   2 Input     21 Bit        Muxes := 2     
	   2 Input     20 Bit        Muxes := 1     
	   2 Input     13 Bit        Muxes := 1     
	   2 Input     12 Bit        Muxes := 1     
	   2 Input     10 Bit        Muxes := 1     
	   2 Input      9 Bit        Muxes := 1     
	   2 Input      7 Bit        Muxes := 1     
	   2 Input      6 Bit        Muxes := 1     
	   2 Input      4 Bit        Muxes := 3     
	   2 Input      3 Bit        Muxes := 3     
	   6 Input      2 Bit        Muxes := 1     
	   2 Input      2 Bit        Muxes := 1     
	   2 Input      1 Bit        Muxes := 19    
	   5 Input      1 Bit        Muxes := 1     
---------------------------------------------------------------------------------
Finished RTL Component Statistics 
---------------------------------------------------------------------------------
---------------------------------------------------------------------------------
Start RTL Hierarchical Component Statistics 
---------------------------------------------------------------------------------
Hierarchical RTL Component report 
Module Matrix_Multiply_CRTL_BUS_s_axi 
Detailed RTL Component Info : 
+---XORs : 
	   2 Input      1 Bit         XORs := 2     
+---Registers : 
	               32 Bit    Registers := 1     
	                4 Bit    Registers := 1     
	                2 Bit    Registers := 2     
	                1 Bit    Registers := 7     
+---Muxes : 
	   5 Input     32 Bit        Muxes := 1     
	   6 Input      2 Bit        Muxes := 1     
	   2 Input      1 Bit        Muxes := 2     
	   5 Input      1 Bit        Muxes := 1     
Module Matrix_Multiply_mbkb_MulnS_0 
Detailed RTL Component Info : 
+---Registers : 
	               32 Bit    Registers := 6     
+---Multipliers : 
	                32x32  Multipliers := 1     
Module Matrix_Multiply 
Detailed RTL Component Info : 
+---Adders : 
	   2 Input      4 Bit       Adders := 2     
	   2 Input      3 Bit       Adders := 5     
	   2 Input      2 Bit       Adders := 11    
+---Registers : 
	               32 Bit    Registers := 25    
	               21 Bit    Registers := 1     
	                4 Bit    Registers := 4     
	                3 Bit    Registers := 8     
	                2 Bit    Registers := 20    
	                1 Bit    Registers := 8     
+---Muxes : 
	   2 Input     32 Bit        Muxes := 12    
	   2 Input     21 Bit        Muxes := 2     
	   2 Input     20 Bit        Muxes := 1     
	   2 Input     13 Bit        Muxes := 1     
	   2 Input     12 Bit        Muxes := 1     
	   2 Input     10 Bit        Muxes := 1     
	   2 Input      9 Bit        Muxes := 1     
	   2 Input      7 Bit        Muxes := 1     
	   2 Input      6 Bit        Muxes := 1     
	   2 Input      4 Bit        Muxes := 3     
	   2 Input      3 Bit        Muxes := 3     
	   2 Input      2 Bit        Muxes := 1     
	   2 Input      1 Bit        Muxes := 17    
---------------------------------------------------------------------------------
Finished RTL Hierarchical Component Statistics
---------------------------------------------------------------------------------
---------------------------------------------------------------------------------
Start Part Resource Summary
---------------------------------------------------------------------------------
Part Resources:
DSPs: 220 (col length:60)
BRAMs: 280 (col length: RAMB18 60 RAMB36 30)
---------------------------------------------------------------------------------
Finished Part Resource Summary
---------------------------------------------------------------------------------
---------------------------------------------------------------------------------
Start Cross Boundary and Area Optimization
---------------------------------------------------------------------------------
DSP Report: Generating DSP Matrix_Multiply_mbkb_U0/Matrix_Multiply_mbkb_MulnS_0_U/buff0_reg, operation Mode is: (A2*B2)'.
DSP Report: register B is absorbed into DSP Matrix_Multiply_mbkb_U0/Matrix_Multiply_mbkb_MulnS_0_U/buff0_reg.
DSP Report: register A is absorbed into DSP Matrix_Multiply_mbkb_U0/Matrix_Multiply_mbkb_MulnS_0_U/buff0_reg.
DSP Report: register Matrix_Multiply_mbkb_U0/Matrix_Multiply_mbkb_MulnS_0_U/buff0_reg is absorbed into DSP Matrix_Multiply_mbkb_U0/Matrix_Multiply_mbkb_MulnS_0_U/buff0_reg.
DSP Report: operator Matrix_Multiply_mbkb_U0/Matrix_Multiply_mbkb_MulnS_0_U/tmp_product is absorbed into DSP Matrix_Multiply_mbkb_U0/Matrix_Multiply_mbkb_MulnS_0_U/buff0_reg.
DSP Report: operator Matrix_Multiply_mbkb_U0/Matrix_Multiply_mbkb_MulnS_0_U/tmp_product is absorbed into DSP Matrix_Multiply_mbkb_U0/Matrix_Multiply_mbkb_MulnS_0_U/buff0_reg.
DSP Report: Generating DSP Matrix_Multiply_mbkb_U0/Matrix_Multiply_mbkb_MulnS_0_U/buff1_reg, operation Mode is: (PCIN>>17)+(A2*B)'.
DSP Report: register A is absorbed into DSP Matrix_Multiply_mbkb_U0/Matrix_Multiply_mbkb_MulnS_0_U/buff1_reg.
DSP Report: register Matrix_Multiply_mbkb_U0/Matrix_Multiply_mbkb_MulnS_0_U/buff1_reg is absorbed into DSP Matrix_Multiply_mbkb_U0/Matrix_Multiply_mbkb_MulnS_0_U/buff1_reg.
DSP Report: register Matrix_Multiply_mbkb_U0/Matrix_Multiply_mbkb_MulnS_0_U/buff0_reg is absorbed into DSP Matrix_Multiply_mbkb_U0/Matrix_Multiply_mbkb_MulnS_0_U/buff1_reg.
DSP Report: operator Matrix_Multiply_mbkb_U0/Matrix_Multiply_mbkb_MulnS_0_U/tmp_product is absorbed into DSP Matrix_Multiply_mbkb_U0/Matrix_Multiply_mbkb_MulnS_0_U/buff1_reg.
DSP Report: operator Matrix_Multiply_mbkb_U0/Matrix_Multiply_mbkb_MulnS_0_U/tmp_product is absorbed into DSP Matrix_Multiply_mbkb_U0/Matrix_Multiply_mbkb_MulnS_0_U/buff1_reg.
DSP Report: Generating DSP Matrix_Multiply_mbkb_U0/Matrix_Multiply_mbkb_MulnS_0_U/buff2_reg, operation Mode is: (PCIN+(A''*B2)')'.
DSP Report: register Matrix_Multiply_mbkb_U0/Matrix_Multiply_mbkb_MulnS_0_U/buff0_reg is absorbed into DSP Matrix_Multiply_mbkb_U0/Matrix_Multiply_mbkb_MulnS_0_U/buff2_reg.
DSP Report: register A is absorbed into DSP Matrix_Multiply_mbkb_U0/Matrix_Multiply_mbkb_MulnS_0_U/buff2_reg.
DSP Report: register Matrix_Multiply_mbkb_U0/Matrix_Multiply_mbkb_MulnS_0_U/buff0_reg is absorbed into DSP Matrix_Multiply_mbkb_U0/Matrix_Multiply_mbkb_MulnS_0_U/buff2_reg.
DSP Report: register Matrix_Multiply_mbkb_U0/Matrix_Multiply_mbkb_MulnS_0_U/buff2_reg is absorbed into DSP Matrix_Multiply_mbkb_U0/Matrix_Multiply_mbkb_MulnS_0_U/buff2_reg.
DSP Report: register Matrix_Multiply_mbkb_U0/Matrix_Multiply_mbkb_MulnS_0_U/buff1_reg is absorbed into DSP Matrix_Multiply_mbkb_U0/Matrix_Multiply_mbkb_MulnS_0_U/buff2_reg.
DSP Report: operator Matrix_Multiply_mbkb_U0/Matrix_Multiply_mbkb_MulnS_0_U/tmp_product is absorbed into DSP Matrix_Multiply_mbkb_U0/Matrix_Multiply_mbkb_MulnS_0_U/buff2_reg.
DSP Report: operator Matrix_Multiply_mbkb_U0/Matrix_Multiply_mbkb_MulnS_0_U/tmp_product is absorbed into DSP Matrix_Multiply_mbkb_U0/Matrix_Multiply_mbkb_MulnS_0_U/buff2_reg.
WARNING: [Synth 8-3331] design Matrix_Multiply has unconnected port C_Dout_A[31]
WARNING: [Synth 8-3331] design Matrix_Multiply has unconnected port C_Dout_A[30]
WARNING: [Synth 8-3331] design Matrix_Multiply has unconnected port C_Dout_A[29]
WARNING: [Synth 8-3331] design Matrix_Multiply has unconnected port C_Dout_A[28]
WARNING: [Synth 8-3331] design Matrix_Multiply has unconnected port C_Dout_A[27]
WARNING: [Synth 8-3331] design Matrix_Multiply has unconnected port C_Dout_A[26]
WARNING: [Synth 8-3331] design Matrix_Multiply has unconnected port C_Dout_A[25]
WARNING: [Synth 8-3331] design Matrix_Multiply has unconnected port C_Dout_A[24]
WARNING: [Synth 8-3331] design Matrix_Multiply has unconnected port C_Dout_A[23]
WARNING: [Synth 8-3331] design Matrix_Multiply has unconnected port C_Dout_A[22]
WARNING: [Synth 8-3331] design Matrix_Multiply has unconnected port C_Dout_A[21]
WARNING: [Synth 8-3331] design Matrix_Multiply has unconnected port C_Dout_A[20]
WARNING: [Synth 8-3331] design Matrix_Multiply has unconnected port C_Dout_A[19]
WARNING: [Synth 8-3331] design Matrix_Multiply has unconnected port C_Dout_A[18]
WARNING: [Synth 8-3331] design Matrix_Multiply has unconnected port C_Dout_A[17]
WARNING: [Synth 8-3331] design Matrix_Multiply has unconnected port C_Dout_A[16]
WARNING: [Synth 8-3331] design Matrix_Multiply has unconnected port C_Dout_A[15]
WARNING: [Synth 8-3331] design Matrix_Multiply has unconnected port C_Dout_A[14]
WARNING: [Synth 8-3331] design Matrix_Multiply has unconnected port C_Dout_A[13]
WARNING: [Synth 8-3331] design Matrix_Multiply has unconnected port C_Dout_A[12]
WARNING: [Synth 8-3331] design Matrix_Multiply has unconnected port C_Dout_A[11]
WARNING: [Synth 8-3331] design Matrix_Multiply has unconnected port C_Dout_A[10]
WARNING: [Synth 8-3331] design Matrix_Multiply has unconnected port C_Dout_A[9]
WARNING: [Synth 8-3331] design Matrix_Multiply has unconnected port C_Dout_A[8]
WARNING: [Synth 8-3331] design Matrix_Multiply has unconnected port C_Dout_A[7]
WARNING: [Synth 8-3331] design Matrix_Multiply has unconnected port C_Dout_A[6]
WARNING: [Synth 8-3331] design Matrix_Multiply has unconnected port C_Dout_A[5]
WARNING: [Synth 8-3331] design Matrix_Multiply has unconnected port C_Dout_A[4]
WARNING: [Synth 8-3331] design Matrix_Multiply has unconnected port C_Dout_A[3]
WARNING: [Synth 8-3331] design Matrix_Multiply has unconnected port C_Dout_A[2]
WARNING: [Synth 8-3331] design Matrix_Multiply has unconnected port C_Dout_A[1]
WARNING: [Synth 8-3331] design Matrix_Multiply has unconnected port C_Dout_A[0]
WARNING: [Synth 8-3331] design Matrix_Multiply has unconnected port s_axi_CRTL_BUS_WDATA[31]
WARNING: [Synth 8-3331] design Matrix_Multiply has unconnected port s_axi_CRTL_BUS_WDATA[30]
WARNING: [Synth 8-3331] design Matrix_Multiply has unconnected port s_axi_CRTL_BUS_WDATA[29]
INFO: [Common 17-14] Message 'Synth 8-3331' appears 100 times and further instances of the messages will be disabled. Use the Tcl command set_msg_config to change the current settings.
INFO: [Synth 8-3886] merging instance 'inst/C1_1_1_fu_58_reg[0]' (FDRE) to 'inst/C1_1_1_fu_58_reg[1]'
INFO: [Synth 8-3886] merging instance 'inst/C1_1_1_fu_58_reg[1]' (FDRE) to 'inst/C1_1_1_fu_58_reg[2]'
INFO: [Synth 8-3886] merging instance 'inst/C1_1_1_fu_58_reg[2]' (FDRE) to 'inst/C1_1_1_fu_58_reg[3]'
INFO: [Synth 8-3886] merging instance 'inst/C1_1_1_fu_58_reg[3]' (FDRE) to 'inst/C1_1_1_fu_58_reg[4]'
INFO: [Synth 8-3886] merging instance 'inst/C1_1_1_fu_58_reg[4]' (FDRE) to 'inst/C1_1_1_fu_58_reg[5]'
INFO: [Synth 8-3886] merging instance 'inst/C1_1_1_fu_58_reg[5]' (FDRE) to 'inst/C1_1_1_fu_58_reg[6]'
INFO: [Synth 8-3886] merging instance 'inst/C1_1_1_fu_58_reg[6]' (FDRE) to 'inst/C1_1_1_fu_58_reg[7]'
INFO: [Synth 8-3886] merging instance 'inst/C1_1_1_fu_58_reg[7]' (FDRE) to 'inst/C1_1_1_fu_58_reg[8]'
INFO: [Synth 8-3886] merging instance 'inst/C1_1_1_fu_58_reg[8]' (FDRE) to 'inst/C1_1_1_fu_58_reg[9]'
INFO: [Synth 8-3886] merging instance 'inst/C1_1_1_fu_58_reg[9]' (FDRE) to 'inst/C1_1_1_fu_58_reg[10]'
INFO: [Synth 8-3886] merging instance 'inst/C1_1_1_fu_58_reg[10]' (FDRE) to 'inst/C1_1_1_fu_58_reg[11]'
INFO: [Synth 8-3886] merging instance 'inst/C1_1_1_fu_58_reg[11]' (FDRE) to 'inst/C1_1_1_fu_58_reg[12]'
INFO: [Synth 8-3886] merging instance 'inst/C1_1_1_fu_58_reg[12]' (FDRE) to 'inst/C1_1_1_fu_58_reg[13]'
INFO: [Synth 8-3886] merging instance 'inst/C1_1_1_fu_58_reg[13]' (FDRE) to 'inst/C1_1_1_fu_58_reg[14]'
INFO: [Synth 8-3886] merging instance 'inst/C1_1_1_fu_58_reg[14]' (FDRE) to 'inst/C1_1_1_fu_58_reg[15]'
INFO: [Synth 8-3886] merging instance 'inst/C1_1_1_fu_58_reg[15]' (FDRE) to 'inst/C1_1_1_fu_58_reg[16]'
INFO: [Synth 8-3886] merging instance 'inst/C1_1_1_fu_58_reg[16]' (FDRE) to 'inst/C1_1_1_fu_58_reg[17]'
INFO: [Synth 8-3886] merging instance 'inst/C1_1_1_fu_58_reg[17]' (FDRE) to 'inst/C1_1_1_fu_58_reg[18]'
INFO: [Synth 8-3886] merging instance 'inst/C1_1_1_fu_58_reg[18]' (FDRE) to 'inst/C1_1_1_fu_58_reg[19]'
INFO: [Synth 8-3886] merging instance 'inst/C1_1_1_fu_58_reg[19]' (FDRE) to 'inst/C1_1_1_fu_58_reg[20]'
INFO: [Synth 8-3886] merging instance 'inst/C1_1_1_fu_58_reg[20]' (FDRE) to 'inst/C1_1_1_fu_58_reg[21]'
INFO: [Synth 8-3886] merging instance 'inst/C1_1_1_fu_58_reg[21]' (FDRE) to 'inst/C1_1_1_fu_58_reg[22]'
INFO: [Synth 8-3886] merging instance 'inst/C1_1_1_fu_58_reg[22]' (FDRE) to 'inst/C1_1_1_fu_58_reg[23]'
INFO: [Synth 8-3886] merging instance 'inst/C1_1_1_fu_58_reg[23]' (FDRE) to 'inst/C1_1_1_fu_58_reg[24]'
INFO: [Synth 8-3886] merging instance 'inst/C1_1_1_fu_58_reg[24]' (FDRE) to 'inst/C1_1_1_fu_58_reg[25]'
INFO: [Synth 8-3886] merging instance 'inst/C1_1_1_fu_58_reg[25]' (FDRE) to 'inst/C1_1_1_fu_58_reg[26]'
INFO: [Synth 8-3886] merging instance 'inst/C1_1_1_fu_58_reg[26]' (FDRE) to 'inst/C1_1_1_fu_58_reg[27]'
INFO: [Synth 8-3886] merging instance 'inst/C1_1_1_fu_58_reg[27]' (FDRE) to 'inst/C1_1_1_fu_58_reg[28]'
INFO: [Synth 8-3886] merging instance 'inst/C1_1_1_fu_58_reg[28]' (FDRE) to 'inst/C1_1_1_fu_58_reg[29]'
INFO: [Synth 8-3886] merging instance 'inst/C1_1_1_fu_58_reg[29]' (FDRE) to 'inst/C1_1_1_fu_58_reg[30]'
INFO: [Synth 8-3886] merging instance 'inst/C1_1_1_fu_58_reg[30]' (FDRE) to 'inst/C1_1_1_fu_58_reg[31]'
INFO: [Synth 8-3333] propagating constant 0 across sequential element (inst/\C1_1_1_fu_58_reg[31] )
INFO: [Synth 8-3886] merging instance 'inst/C1_1_fu_54_reg[0]' (FDRE) to 'inst/C1_1_fu_54_reg[1]'
INFO: [Synth 8-3886] merging instance 'inst/C1_1_fu_54_reg[1]' (FDRE) to 'inst/C1_1_fu_54_reg[2]'
INFO: [Synth 8-3886] merging instance 'inst/C1_1_fu_54_reg[2]' (FDRE) to 'inst/C1_1_fu_54_reg[3]'
INFO: [Synth 8-3886] merging instance 'inst/C1_1_fu_54_reg[3]' (FDRE) to 'inst/C1_1_fu_54_reg[4]'
INFO: [Synth 8-3886] merging instance 'inst/C1_1_fu_54_reg[4]' (FDRE) to 'inst/C1_1_fu_54_reg[5]'
INFO: [Synth 8-3886] merging instance 'inst/C1_1_fu_54_reg[5]' (FDRE) to 'inst/C1_1_fu_54_reg[6]'
INFO: [Synth 8-3886] merging instance 'inst/C1_1_fu_54_reg[6]' (FDRE) to 'inst/C1_1_fu_54_reg[7]'
INFO: [Synth 8-3886] merging instance 'inst/C1_1_fu_54_reg[7]' (FDRE) to 'inst/C1_1_fu_54_reg[8]'
INFO: [Synth 8-3886] merging instance 'inst/C1_1_fu_54_reg[8]' (FDRE) to 'inst/C1_1_fu_54_reg[9]'
INFO: [Synth 8-3886] merging instance 'inst/C1_1_fu_54_reg[9]' (FDRE) to 'inst/C1_1_fu_54_reg[10]'
INFO: [Synth 8-3886] merging instance 'inst/C1_1_fu_54_reg[10]' (FDRE) to 'inst/C1_1_fu_54_reg[11]'
INFO: [Synth 8-3886] merging instance 'inst/C1_1_fu_54_reg[11]' (FDRE) to 'inst/C1_1_fu_54_reg[12]'
INFO: [Synth 8-3886] merging instance 'inst/C1_1_fu_54_reg[12]' (FDRE) to 'inst/C1_1_fu_54_reg[13]'
INFO: [Synth 8-3886] merging instance 'inst/C1_1_fu_54_reg[13]' (FDRE) to 'inst/C1_1_fu_54_reg[14]'
INFO: [Synth 8-3886] merging instance 'inst/C1_1_fu_54_reg[14]' (FDRE) to 'inst/C1_1_fu_54_reg[15]'
INFO: [Synth 8-3886] merging instance 'inst/C1_1_fu_54_reg[15]' (FDRE) to 'inst/C1_1_fu_54_reg[16]'
INFO: [Synth 8-3886] merging instance 'inst/C1_1_fu_54_reg[16]' (FDRE) to 'inst/C1_1_fu_54_reg[17]'
INFO: [Synth 8-3886] merging instance 'inst/C1_1_fu_54_reg[17]' (FDRE) to 'inst/C1_1_fu_54_reg[18]'
INFO: [Synth 8-3886] merging instance 'inst/C1_1_fu_54_reg[18]' (FDRE) to 'inst/C1_1_fu_54_reg[19]'
INFO: [Synth 8-3886] merging instance 'inst/C1_1_fu_54_reg[19]' (FDRE) to 'inst/C1_1_fu_54_reg[20]'
INFO: [Synth 8-3886] merging instance 'inst/C1_1_fu_54_reg[20]' (FDRE) to 'inst/C1_1_fu_54_reg[21]'
INFO: [Synth 8-3886] merging instance 'inst/C1_1_fu_54_reg[21]' (FDRE) to 'inst/C1_1_fu_54_reg[22]'
INFO: [Synth 8-3886] merging instance 'inst/C1_1_fu_54_reg[22]' (FDRE) to 'inst/C1_1_fu_54_reg[23]'
INFO: [Synth 8-3886] merging instance 'inst/C1_1_fu_54_reg[23]' (FDRE) to 'inst/C1_1_fu_54_reg[24]'
INFO: [Synth 8-3886] merging instance 'inst/C1_1_fu_54_reg[24]' (FDRE) to 'inst/C1_1_fu_54_reg[25]'
INFO: [Synth 8-3886] merging instance 'inst/C1_1_fu_54_reg[25]' (FDRE) to 'inst/C1_1_fu_54_reg[26]'
INFO: [Synth 8-3886] merging instance 'inst/C1_1_fu_54_reg[26]' (FDRE) to 'inst/C1_1_fu_54_reg[27]'
INFO: [Synth 8-3886] merging instance 'inst/C1_1_fu_54_reg[27]' (FDRE) to 'inst/C1_1_fu_54_reg[28]'
INFO: [Synth 8-3886] merging instance 'inst/C1_1_fu_54_reg[28]' (FDRE) to 'inst/C1_1_fu_54_reg[29]'
INFO: [Synth 8-3886] merging instance 'inst/C1_1_fu_54_reg[29]' (FDRE) to 'inst/C1_1_fu_54_reg[30]'
INFO: [Synth 8-3886] merging instance 'inst/C1_1_fu_54_reg[30]' (FDRE) to 'inst/C1_1_fu_54_reg[31]'
INFO: [Synth 8-3333] propagating constant 0 across sequential element (inst/\C1_1_fu_54_reg[31] )
INFO: [Synth 8-3886] merging instance 'inst/C1_0_1_fu_50_reg[0]' (FDRE) to 'inst/C1_0_1_fu_50_reg[1]'
INFO: [Synth 8-3886] merging instance 'inst/C1_0_1_fu_50_reg[1]' (FDRE) to 'inst/C1_0_1_fu_50_reg[2]'
INFO: [Synth 8-3886] merging instance 'inst/C1_0_1_fu_50_reg[2]' (FDRE) to 'inst/C1_0_1_fu_50_reg[3]'
INFO: [Synth 8-3886] merging instance 'inst/C1_0_1_fu_50_reg[3]' (FDRE) to 'inst/C1_0_1_fu_50_reg[4]'
INFO: [Synth 8-3886] merging instance 'inst/C1_0_1_fu_50_reg[4]' (FDRE) to 'inst/C1_0_1_fu_50_reg[5]'
INFO: [Synth 8-3886] merging instance 'inst/C1_0_1_fu_50_reg[5]' (FDRE) to 'inst/C1_0_1_fu_50_reg[6]'
INFO: [Synth 8-3886] merging instance 'inst/C1_0_1_fu_50_reg[6]' (FDRE) to 'inst/C1_0_1_fu_50_reg[7]'
INFO: [Synth 8-3886] merging instance 'inst/C1_0_1_fu_50_reg[7]' (FDRE) to 'inst/C1_0_1_fu_50_reg[8]'
INFO: [Synth 8-3886] merging instance 'inst/C1_0_1_fu_50_reg[8]' (FDRE) to 'inst/C1_0_1_fu_50_reg[9]'
INFO: [Synth 8-3886] merging instance 'inst/C1_0_1_fu_50_reg[9]' (FDRE) to 'inst/C1_0_1_fu_50_reg[10]'
INFO: [Synth 8-3886] merging instance 'inst/C1_0_1_fu_50_reg[10]' (FDRE) to 'inst/C1_0_1_fu_50_reg[11]'
INFO: [Synth 8-3886] merging instance 'inst/C1_0_1_fu_50_reg[11]' (FDRE) to 'inst/C1_0_1_fu_50_reg[12]'
INFO: [Synth 8-3886] merging instance 'inst/C1_0_1_fu_50_reg[12]' (FDRE) to 'inst/C1_0_1_fu_50_reg[13]'
INFO: [Synth 8-3886] merging instance 'inst/C1_0_1_fu_50_reg[13]' (FDRE) to 'inst/C1_0_1_fu_50_reg[14]'
INFO: [Synth 8-3886] merging instance 'inst/C1_0_1_fu_50_reg[14]' (FDRE) to 'inst/C1_0_1_fu_50_reg[15]'
INFO: [Synth 8-3886] merging instance 'inst/C1_0_1_fu_50_reg[15]' (FDRE) to 'inst/C1_0_1_fu_50_reg[16]'
INFO: [Synth 8-3886] merging instance 'inst/C1_0_1_fu_50_reg[16]' (FDRE) to 'inst/C1_0_1_fu_50_reg[17]'
INFO: [Synth 8-3886] merging instance 'inst/C1_0_1_fu_50_reg[17]' (FDRE) to 'inst/C1_0_1_fu_50_reg[18]'
INFO: [Synth 8-3886] merging instance 'inst/C1_0_1_fu_50_reg[18]' (FDRE) to 'inst/C1_0_1_fu_50_reg[19]'
INFO: [Synth 8-3886] merging instance 'inst/C1_0_1_fu_50_reg[19]' (FDRE) to 'inst/C1_0_1_fu_50_reg[20]'
INFO: [Synth 8-3886] merging instance 'inst/C1_0_1_fu_50_reg[20]' (FDRE) to 'inst/C1_0_1_fu_50_reg[21]'
INFO: [Synth 8-3886] merging instance 'inst/C1_0_1_fu_50_reg[21]' (FDRE) to 'inst/C1_0_1_fu_50_reg[22]'
INFO: [Synth 8-3886] merging instance 'inst/C1_0_1_fu_50_reg[22]' (FDRE) to 'inst/C1_0_1_fu_50_reg[23]'
INFO: [Synth 8-3886] merging instance 'inst/C1_0_1_fu_50_reg[23]' (FDRE) to 'inst/C1_0_1_fu_50_reg[24]'
INFO: [Synth 8-3886] merging instance 'inst/C1_0_1_fu_50_reg[24]' (FDRE) to 'inst/C1_0_1_fu_50_reg[25]'
INFO: [Synth 8-3886] merging instance 'inst/C1_0_1_fu_50_reg[25]' (FDRE) to 'inst/C1_0_1_fu_50_reg[26]'
INFO: [Synth 8-3886] merging instance 'inst/C1_0_1_fu_50_reg[26]' (FDRE) to 'inst/C1_0_1_fu_50_reg[27]'
INFO: [Synth 8-3886] merging instance 'inst/C1_0_1_fu_50_reg[27]' (FDRE) to 'inst/C1_0_1_fu_50_reg[28]'
INFO: [Synth 8-3886] merging instance 'inst/C1_0_1_fu_50_reg[28]' (FDRE) to 'inst/C1_0_1_fu_50_reg[29]'
INFO: [Synth 8-3886] merging instance 'inst/C1_0_1_fu_50_reg[29]' (FDRE) to 'inst/C1_0_1_fu_50_reg[30]'
INFO: [Synth 8-3886] merging instance 'inst/C1_0_1_fu_50_reg[30]' (FDRE) to 'inst/C1_0_1_fu_50_reg[31]'
INFO: [Synth 8-3333] propagating constant 0 across sequential element (inst/\C1_0_1_fu_50_reg[31] )
INFO: [Synth 8-3886] merging instance 'inst/C1_fu_46_reg[0]' (FDRE) to 'inst/C1_fu_46_reg[1]'
INFO: [Synth 8-3886] merging instance 'inst/C1_fu_46_reg[1]' (FDRE) to 'inst/C1_fu_46_reg[2]'
INFO: [Synth 8-3886] merging instance 'inst/C1_fu_46_reg[2]' (FDRE) to 'inst/C1_fu_46_reg[3]'
INFO: [Synth 8-3886] merging instance 'inst/C1_fu_46_reg[3]' (FDRE) to 'inst/C1_fu_46_reg[4]'
INFO: [Synth 8-3886] merging instance 'inst/C1_fu_46_reg[4]' (FDRE) to 'inst/C1_fu_46_reg[5]'
INFO: [Synth 8-3886] merging instance 'inst/C1_fu_46_reg[5]' (FDRE) to 'inst/C1_fu_46_reg[6]'
INFO: [Synth 8-3886] merging instance 'inst/C1_fu_46_reg[6]' (FDRE) to 'inst/C1_fu_46_reg[7]'
INFO: [Common 17-14] Message 'Synth 8-3886' appears 100 times and further instances of the messages will be disabled. Use the Tcl command set_msg_config to change the current settings.
INFO: [Synth 8-3333] propagating constant 0 across sequential element (inst/\C1_fu_46_reg[31] )
INFO: [Synth 8-3333] propagating constant 0 across sequential element (inst/\Matrix_Multiply_CRTL_BUS_s_axi_U/rdata_reg[31] )
INFO: [Synth 8-3333] propagating constant 0 across sequential element (inst/\indvars_iv_reg_285_reg[0] )
INFO: [Synth 8-3333] propagating constant 0 across sequential element (inst/\C1_load_reg_1069_reg[31] )
WARNING: [Synth 8-3332] Sequential element (Matrix_Multiply_CRTL_BUS_s_axi_U/rdata_reg[31]) is unused and will be removed from module Matrix_Multiply.
WARNING: [Synth 8-3332] Sequential element (indvars_iv_reg_285_reg[0]) is unused and will be removed from module Matrix_Multiply.
WARNING: [Synth 8-3332] Sequential element (tmp_2_reg_1097_reg[0]) is unused and will be removed from module Matrix_Multiply.
WARNING: [Synth 8-3332] Sequential element (C1_fu_46_reg[31]) is unused and will be removed from module Matrix_Multiply.
WARNING: [Synth 8-3332] Sequential element (Matrix_Multiply_mbkb_U0/Matrix_Multiply_mbkb_MulnS_0_U/buff1_reg[47]) is unused and will be removed from module Matrix_Multiply.
WARNING: [Synth 8-3332] Sequential element (Matrix_Multiply_mbkb_U0/Matrix_Multiply_mbkb_MulnS_0_U/buff1_reg[46]) is unused and will be removed from module Matrix_Multiply.
WARNING: [Synth 8-3332] Sequential element (Matrix_Multiply_mbkb_U0/Matrix_Multiply_mbkb_MulnS_0_U/buff1_reg[45]) is unused and will be removed from module Matrix_Multiply.
WARNING: [Synth 8-3332] Sequential element (Matrix_Multiply_mbkb_U0/Matrix_Multiply_mbkb_MulnS_0_U/buff1_reg[44]) is unused and will be removed from module Matrix_Multiply.
WARNING: [Synth 8-3332] Sequential element (Matrix_Multiply_mbkb_U0/Matrix_Multiply_mbkb_MulnS_0_U/buff1_reg[43]) is unused and will be removed from module Matrix_Multiply.
WARNING: [Synth 8-3332] Sequential element (Matrix_Multiply_mbkb_U0/Matrix_Multiply_mbkb_MulnS_0_U/buff1_reg[42]) is unused and will be removed from module Matrix_Multiply.
WARNING: [Synth 8-3332] Sequential element (Matrix_Multiply_mbkb_U0/Matrix_Multiply_mbkb_MulnS_0_U/buff1_reg[41]) is unused and will be removed from module Matrix_Multiply.
WARNING: [Synth 8-3332] Sequential element (Matrix_Multiply_mbkb_U0/Matrix_Multiply_mbkb_MulnS_0_U/buff1_reg[40]) is unused and will be removed from module Matrix_Multiply.
WARNING: [Synth 8-3332] Sequential element (Matrix_Multiply_mbkb_U0/Matrix_Multiply_mbkb_MulnS_0_U/buff1_reg[39]) is unused and will be removed from module Matrix_Multiply.
WARNING: [Synth 8-3332] Sequential element (Matrix_Multiply_mbkb_U0/Matrix_Multiply_mbkb_MulnS_0_U/buff1_reg[38]) is unused and will be removed from module Matrix_Multiply.
WARNING: [Synth 8-3332] Sequential element (Matrix_Multiply_mbkb_U0/Matrix_Multiply_mbkb_MulnS_0_U/buff1_reg[37]) is unused and will be removed from module Matrix_Multiply.
WARNING: [Synth 8-3332] Sequential element (Matrix_Multiply_mbkb_U0/Matrix_Multiply_mbkb_MulnS_0_U/buff1_reg[36]) is unused and will be removed from module Matrix_Multiply.
WARNING: [Synth 8-3332] Sequential element (Matrix_Multiply_mbkb_U0/Matrix_Multiply_mbkb_MulnS_0_U/buff1_reg[35]) is unused and will be removed from module Matrix_Multiply.
WARNING: [Synth 8-3332] Sequential element (Matrix_Multiply_mbkb_U0/Matrix_Multiply_mbkb_MulnS_0_U/buff1_reg[34]) is unused and will be removed from module Matrix_Multiply.
WARNING: [Synth 8-3332] Sequential element (Matrix_Multiply_mbkb_U0/Matrix_Multiply_mbkb_MulnS_0_U/buff1_reg[33]) is unused and will be removed from module Matrix_Multiply.
WARNING: [Synth 8-3332] Sequential element (Matrix_Multiply_mbkb_U0/Matrix_Multiply_mbkb_MulnS_0_U/buff1_reg[32]) is unused and will be removed from module Matrix_Multiply.
WARNING: [Synth 8-3332] Sequential element (Matrix_Multiply_mbkb_U0/Matrix_Multiply_mbkb_MulnS_0_U/buff1_reg[31]) is unused and will be removed from module Matrix_Multiply.
WARNING: [Synth 8-3332] Sequential element (Matrix_Multiply_mbkb_U0/Matrix_Multiply_mbkb_MulnS_0_U/buff1_reg[30]) is unused and will be removed from module Matrix_Multiply.
WARNING: [Synth 8-3332] Sequential element (Matrix_Multiply_mbkb_U0/Matrix_Multiply_mbkb_MulnS_0_U/buff1_reg[29]) is unused and will be removed from module Matrix_Multiply.
WARNING: [Synth 8-3332] Sequential element (Matrix_Multiply_mbkb_U0/Matrix_Multiply_mbkb_MulnS_0_U/buff1_reg[28]) is unused and will be removed from module Matrix_Multiply.
WARNING: [Synth 8-3332] Sequential element (Matrix_Multiply_mbkb_U0/Matrix_Multiply_mbkb_MulnS_0_U/buff1_reg[27]) is unused and will be removed from module Matrix_Multiply.
WARNING: [Synth 8-3332] Sequential element (Matrix_Multiply_mbkb_U0/Matrix_Multiply_mbkb_MulnS_0_U/buff1_reg[26]) is unused and will be removed from module Matrix_Multiply.
WARNING: [Synth 8-3332] Sequential element (Matrix_Multiply_mbkb_U0/Matrix_Multiply_mbkb_MulnS_0_U/buff1_reg[25]) is unused and will be removed from module Matrix_Multiply.
WARNING: [Synth 8-3332] Sequential element (Matrix_Multiply_mbkb_U0/Matrix_Multiply_mbkb_MulnS_0_U/buff1_reg[24]) is unused and will be removed from module Matrix_Multiply.
WARNING: [Synth 8-3332] Sequential element (Matrix_Multiply_mbkb_U0/Matrix_Multiply_mbkb_MulnS_0_U/buff1_reg[23]) is unused and will be removed from module Matrix_Multiply.
WARNING: [Synth 8-3332] Sequential element (Matrix_Multiply_mbkb_U0/Matrix_Multiply_mbkb_MulnS_0_U/buff1_reg[22]) is unused and will be removed from module Matrix_Multiply.
WARNING: [Synth 8-3332] Sequential element (Matrix_Multiply_mbkb_U0/Matrix_Multiply_mbkb_MulnS_0_U/buff1_reg[21]) is unused and will be removed from module Matrix_Multiply.
WARNING: [Synth 8-3332] Sequential element (Matrix_Multiply_mbkb_U0/Matrix_Multiply_mbkb_MulnS_0_U/buff1_reg[20]) is unused and will be removed from module Matrix_Multiply.
WARNING: [Synth 8-3332] Sequential element (Matrix_Multiply_mbkb_U0/Matrix_Multiply_mbkb_MulnS_0_U/buff1_reg[19]) is unused and will be removed from module Matrix_Multiply.
WARNING: [Synth 8-3332] Sequential element (Matrix_Multiply_mbkb_U0/Matrix_Multiply_mbkb_MulnS_0_U/buff1_reg[18]) is unused and will be removed from module Matrix_Multiply.
WARNING: [Synth 8-3332] Sequential element (Matrix_Multiply_mbkb_U0/Matrix_Multiply_mbkb_MulnS_0_U/buff1_reg[17]) is unused and will be removed from module Matrix_Multiply.
WARNING: [Synth 8-3332] Sequential element (Matrix_Multiply_mbkb_U0/Matrix_Multiply_mbkb_MulnS_0_U/buff2_reg[47]) is unused and will be removed from module Matrix_Multiply.
WARNING: [Synth 8-3332] Sequential element (Matrix_Multiply_mbkb_U0/Matrix_Multiply_mbkb_MulnS_0_U/buff2_reg[46]) is unused and will be removed from module Matrix_Multiply.
WARNING: [Synth 8-3332] Sequential element (Matrix_Multiply_mbkb_U0/Matrix_Multiply_mbkb_MulnS_0_U/buff2_reg[45]) is unused and will be removed from module Matrix_Multiply.
WARNING: [Synth 8-3332] Sequential element (Matrix_Multiply_mbkb_U0/Matrix_Multiply_mbkb_MulnS_0_U/buff2_reg[44]) is unused and will be removed from module Matrix_Multiply.
WARNING: [Synth 8-3332] Sequential element (Matrix_Multiply_mbkb_U0/Matrix_Multiply_mbkb_MulnS_0_U/buff2_reg[43]) is unused and will be removed from module Matrix_Multiply.
WARNING: [Synth 8-3332] Sequential element (Matrix_Multiply_mbkb_U0/Matrix_Multiply_mbkb_MulnS_0_U/buff2_reg[42]) is unused and will be removed from module Matrix_Multiply.
WARNING: [Synth 8-3332] Sequential element (Matrix_Multiply_mbkb_U0/Matrix_Multiply_mbkb_MulnS_0_U/buff2_reg[41]) is unused and will be removed from module Matrix_Multiply.
WARNING: [Synth 8-3332] Sequential element (Matrix_Multiply_mbkb_U0/Matrix_Multiply_mbkb_MulnS_0_U/buff2_reg[40]) is unused and will be removed from module Matrix_Multiply.
WARNING: [Synth 8-3332] Sequential element (Matrix_Multiply_mbkb_U0/Matrix_Multiply_mbkb_MulnS_0_U/buff2_reg[39]) is unused and will be removed from module Matrix_Multiply.
WARNING: [Synth 8-3332] Sequential element (Matrix_Multiply_mbkb_U0/Matrix_Multiply_mbkb_MulnS_0_U/buff2_reg[38]) is unused and will be removed from module Matrix_Multiply.
WARNING: [Synth 8-3332] Sequential element (Matrix_Multiply_mbkb_U0/Matrix_Multiply_mbkb_MulnS_0_U/buff2_reg[37]) is unused and will be removed from module Matrix_Multiply.
WARNING: [Synth 8-3332] Sequential element (Matrix_Multiply_mbkb_U0/Matrix_Multiply_mbkb_MulnS_0_U/buff2_reg[36]) is unused and will be removed from module Matrix_Multiply.
WARNING: [Synth 8-3332] Sequential element (Matrix_Multiply_mbkb_U0/Matrix_Multiply_mbkb_MulnS_0_U/buff2_reg[35]) is unused and will be removed from module Matrix_Multiply.
WARNING: [Synth 8-3332] Sequential element (Matrix_Multiply_mbkb_U0/Matrix_Multiply_mbkb_MulnS_0_U/buff2_reg[34]) is unused and will be removed from module Matrix_Multiply.
WARNING: [Synth 8-3332] Sequential element (Matrix_Multiply_mbkb_U0/Matrix_Multiply_mbkb_MulnS_0_U/buff2_reg[33]) is unused and will be removed from module Matrix_Multiply.
WARNING: [Synth 8-3332] Sequential element (Matrix_Multiply_mbkb_U0/Matrix_Multiply_mbkb_MulnS_0_U/buff2_reg[32]) is unused and will be removed from module Matrix_Multiply.
WARNING: [Synth 8-3332] Sequential element (Matrix_Multiply_mbkb_U0/Matrix_Multiply_mbkb_MulnS_0_U/buff2_reg[31]) is unused and will be removed from module Matrix_Multiply.
WARNING: [Synth 8-3332] Sequential element (Matrix_Multiply_mbkb_U0/Matrix_Multiply_mbkb_MulnS_0_U/buff2_reg[30]) is unused and will be removed from module Matrix_Multiply.
WARNING: [Synth 8-3332] Sequential element (Matrix_Multiply_mbkb_U0/Matrix_Multiply_mbkb_MulnS_0_U/buff2_reg[29]) is unused and will be removed from module Matrix_Multiply.
WARNING: [Synth 8-3332] Sequential element (Matrix_Multiply_mbkb_U0/Matrix_Multiply_mbkb_MulnS_0_U/buff2_reg[28]) is unused and will be removed from module Matrix_Multiply.
WARNING: [Synth 8-3332] Sequential element (Matrix_Multiply_mbkb_U0/Matrix_Multiply_mbkb_MulnS_0_U/buff2_reg[27]) is unused and will be removed from module Matrix_Multiply.
WARNING: [Synth 8-3332] Sequential element (Matrix_Multiply_mbkb_U0/Matrix_Multiply_mbkb_MulnS_0_U/buff2_reg[26]) is unused and will be removed from module Matrix_Multiply.
WARNING: [Synth 8-3332] Sequential element (Matrix_Multiply_mbkb_U0/Matrix_Multiply_mbkb_MulnS_0_U/buff2_reg[25]) is unused and will be removed from module Matrix_Multiply.
WARNING: [Synth 8-3332] Sequential element (Matrix_Multiply_mbkb_U0/Matrix_Multiply_mbkb_MulnS_0_U/buff2_reg[24]) is unused and will be removed from module Matrix_Multiply.
WARNING: [Synth 8-3332] Sequential element (Matrix_Multiply_mbkb_U0/Matrix_Multiply_mbkb_MulnS_0_U/buff2_reg[23]) is unused and will be removed from module Matrix_Multiply.
WARNING: [Synth 8-3332] Sequential element (Matrix_Multiply_mbkb_U0/Matrix_Multiply_mbkb_MulnS_0_U/buff2_reg[22]) is unused and will be removed from module Matrix_Multiply.
WARNING: [Synth 8-3332] Sequential element (Matrix_Multiply_mbkb_U0/Matrix_Multiply_mbkb_MulnS_0_U/buff2_reg[21]) is unused and will be removed from module Matrix_Multiply.
WARNING: [Synth 8-3332] Sequential element (Matrix_Multiply_mbkb_U0/Matrix_Multiply_mbkb_MulnS_0_U/buff2_reg[20]) is unused and will be removed from module Matrix_Multiply.
WARNING: [Synth 8-3332] Sequential element (Matrix_Multiply_mbkb_U0/Matrix_Multiply_mbkb_MulnS_0_U/buff2_reg[19]) is unused and will be removed from module Matrix_Multiply.
WARNING: [Synth 8-3332] Sequential element (Matrix_Multiply_mbkb_U0/Matrix_Multiply_mbkb_MulnS_0_U/buff2_reg[18]) is unused and will be removed from module Matrix_Multiply.
WARNING: [Synth 8-3332] Sequential element (Matrix_Multiply_mbkb_U0/Matrix_Multiply_mbkb_MulnS_0_U/buff2_reg[17]) is unused and will be removed from module Matrix_Multiply.
WARNING: [Synth 8-3332] Sequential element (Matrix_Multiply_mbkb_U0/Matrix_Multiply_mbkb_MulnS_0_U/buff3_reg[47]) is unused and will be removed from module Matrix_Multiply.
WARNING: [Synth 8-3332] Sequential element (Matrix_Multiply_mbkb_U0/Matrix_Multiply_mbkb_MulnS_0_U/buff3_reg[46]) is unused and will be removed from module Matrix_Multiply.
WARNING: [Synth 8-3332] Sequential element (Matrix_Multiply_mbkb_U0/Matrix_Multiply_mbkb_MulnS_0_U/buff3_reg[45]) is unused and will be removed from module Matrix_Multiply.
WARNING: [Synth 8-3332] Sequential element (Matrix_Multiply_mbkb_U0/Matrix_Multiply_mbkb_MulnS_0_U/buff3_reg[44]) is unused and will be removed from module Matrix_Multiply.
WARNING: [Synth 8-3332] Sequential element (Matrix_Multiply_mbkb_U0/Matrix_Multiply_mbkb_MulnS_0_U/buff3_reg[43]) is unused and will be removed from module Matrix_Multiply.
WARNING: [Synth 8-3332] Sequential element (Matrix_Multiply_mbkb_U0/Matrix_Multiply_mbkb_MulnS_0_U/buff3_reg[42]) is unused and will be removed from module Matrix_Multiply.
WARNING: [Synth 8-3332] Sequential element (Matrix_Multiply_mbkb_U0/Matrix_Multiply_mbkb_MulnS_0_U/buff3_reg[41]) is unused and will be removed from module Matrix_Multiply.
WARNING: [Synth 8-3332] Sequential element (Matrix_Multiply_mbkb_U0/Matrix_Multiply_mbkb_MulnS_0_U/buff3_reg[40]) is unused and will be removed from module Matrix_Multiply.
WARNING: [Synth 8-3332] Sequential element (Matrix_Multiply_mbkb_U0/Matrix_Multiply_mbkb_MulnS_0_U/buff3_reg[39]) is unused and will be removed from module Matrix_Multiply.
WARNING: [Synth 8-3332] Sequential element (Matrix_Multiply_mbkb_U0/Matrix_Multiply_mbkb_MulnS_0_U/buff3_reg[38]) is unused and will be removed from module Matrix_Multiply.
WARNING: [Synth 8-3332] Sequential element (Matrix_Multiply_mbkb_U0/Matrix_Multiply_mbkb_MulnS_0_U/buff3_reg[37]) is unused and will be removed from module Matrix_Multiply.
WARNING: [Synth 8-3332] Sequential element (Matrix_Multiply_mbkb_U0/Matrix_Multiply_mbkb_MulnS_0_U/buff3_reg[36]) is unused and will be removed from module Matrix_Multiply.
WARNING: [Synth 8-3332] Sequential element (Matrix_Multiply_mbkb_U0/Matrix_Multiply_mbkb_MulnS_0_U/buff3_reg[35]) is unused and will be removed from module Matrix_Multiply.
WARNING: [Synth 8-3332] Sequential element (Matrix_Multiply_mbkb_U0/Matrix_Multiply_mbkb_MulnS_0_U/buff3_reg[34]) is unused and will be removed from module Matrix_Multiply.
WARNING: [Synth 8-3332] Sequential element (Matrix_Multiply_mbkb_U0/Matrix_Multiply_mbkb_MulnS_0_U/buff3_reg[33]) is unused and will be removed from module Matrix_Multiply.
WARNING: [Synth 8-3332] Sequential element (Matrix_Multiply_mbkb_U0/Matrix_Multiply_mbkb_MulnS_0_U/buff3_reg[32]) is unused and will be removed from module Matrix_Multiply.
WARNING: [Synth 8-3332] Sequential element (Matrix_Multiply_mbkb_U0/Matrix_Multiply_mbkb_MulnS_0_U/buff3_reg[31]) is unused and will be removed from module Matrix_Multiply.
WARNING: [Synth 8-3332] Sequential element (Matrix_Multiply_mbkb_U0/Matrix_Multiply_mbkb_MulnS_0_U/buff3_reg[30]) is unused and will be removed from module Matrix_Multiply.
WARNING: [Synth 8-3332] Sequential element (Matrix_Multiply_mbkb_U0/Matrix_Multiply_mbkb_MulnS_0_U/buff3_reg[29]) is unused and will be removed from module Matrix_Multiply.
WARNING: [Synth 8-3332] Sequential element (Matrix_Multiply_mbkb_U0/Matrix_Multiply_mbkb_MulnS_0_U/buff3_reg[28]) is unused and will be removed from module Matrix_Multiply.
WARNING: [Synth 8-3332] Sequential element (Matrix_Multiply_mbkb_U0/Matrix_Multiply_mbkb_MulnS_0_U/buff3_reg[27]) is unused and will be removed from module Matrix_Multiply.
WARNING: [Synth 8-3332] Sequential element (Matrix_Multiply_mbkb_U0/Matrix_Multiply_mbkb_MulnS_0_U/buff3_reg[26]) is unused and will be removed from module Matrix_Multiply.
WARNING: [Synth 8-3332] Sequential element (Matrix_Multiply_mbkb_U0/Matrix_Multiply_mbkb_MulnS_0_U/buff3_reg[25]) is unused and will be removed from module Matrix_Multiply.
WARNING: [Synth 8-3332] Sequential element (Matrix_Multiply_mbkb_U0/Matrix_Multiply_mbkb_MulnS_0_U/buff3_reg[24]) is unused and will be removed from module Matrix_Multiply.
WARNING: [Synth 8-3332] Sequential element (Matrix_Multiply_mbkb_U0/Matrix_Multiply_mbkb_MulnS_0_U/buff3_reg[23]) is unused and will be removed from module Matrix_Multiply.
WARNING: [Synth 8-3332] Sequential element (Matrix_Multiply_mbkb_U0/Matrix_Multiply_mbkb_MulnS_0_U/buff3_reg[22]) is unused and will be removed from module Matrix_Multiply.
WARNING: [Synth 8-3332] Sequential element (Matrix_Multiply_mbkb_U0/Matrix_Multiply_mbkb_MulnS_0_U/buff3_reg[21]) is unused and will be removed from module Matrix_Multiply.
WARNING: [Synth 8-3332] Sequential element (Matrix_Multiply_mbkb_U0/Matrix_Multiply_mbkb_MulnS_0_U/buff3_reg[20]) is unused and will be removed from module Matrix_Multiply.
WARNING: [Synth 8-3332] Sequential element (Matrix_Multiply_mbkb_U0/Matrix_Multiply_mbkb_MulnS_0_U/buff3_reg[19]) is unused and will be removed from module Matrix_Multiply.
WARNING: [Synth 8-3332] Sequential element (Matrix_Multiply_mbkb_U0/Matrix_Multiply_mbkb_MulnS_0_U/buff3_reg[18]) is unused and will be removed from module Matrix_Multiply.
WARNING: [Synth 8-3332] Sequential element (Matrix_Multiply_mbkb_U0/Matrix_Multiply_mbkb_MulnS_0_U/buff3_reg[17]) is unused and will be removed from module Matrix_Multiply.
WARNING: [Synth 8-3332] Sequential element (Matrix_Multiply_mbkb_U0/Matrix_Multiply_mbkb_MulnS_0_U/b_reg0_reg[16]) is unused and will be removed from module Matrix_Multiply.
WARNING: [Synth 8-3332] Sequential element (Matrix_Multiply_mbkb_U0/Matrix_Multiply_mbkb_MulnS_0_U/b_reg0_reg[15]) is unused and will be removed from module Matrix_Multiply.
WARNING: [Synth 8-3332] Sequential element (Matrix_Multiply_mbkb_U0/Matrix_Multiply_mbkb_MulnS_0_U/b_reg0_reg[14]) is unused and will be removed from module Matrix_Multiply.
INFO: [Common 17-14] Message 'Synth 8-3332' appears 100 times and further instances of the messages will be disabled. Use the Tcl command set_msg_config to change the current settings.
---------------------------------------------------------------------------------
Finished Cross Boundary and Area Optimization : Time (s): cpu = 00:00:28 ; elapsed = 00:00:45 . Memory (MB): peak = 700.535 ; gain = 490.371
---------------------------------------------------------------------------------
---------------------------------------------------------------------------------
Start ROM, RAM, DSP and Shift Register Reporting
---------------------------------------------------------------------------------

DSP: Preliminary Mapping  Report (see note below)
+----------------+--------------------+--------+--------+--------+--------+--------+------+------+------+------+-------+------+------+
|Module Name     | DSP Mapping        | A Size | B Size | C Size | D Size | P Size | AREG | BREG | CREG | DREG | ADREG | MREG | PREG | 
+----------------+--------------------+--------+--------+--------+--------+--------+------+------+------+------+-------+------+------+
|Matrix_Multiply | (A2*B2)'           | 18     | 18     | -      | -      | 48     | 1    | 1    | -    | -    | -     | 1    | 0    | 
|Matrix_Multiply | (PCIN>>17)+(A2*B)' | 18     | 15     | -      | -      | 48     | 1    | 0    | -    | -    | -     | 1    | 1    | 
|Matrix_Multiply | (PCIN+(A''*B2)')'  | 18     | 15     | -      | -      | 48     | 2    | 1    | -    | -    | -     | 1    | 1    | 
+----------------+--------------------+--------+--------+--------+--------+--------+------+------+------+------+-------+------+------+

Note: The table above is a preliminary report that shows the DSPs inferred at the current stage of the synthesis flow. Some DSP may be reimplemented as non DSP primitives later in the synthesis flow. Multiple instantiated DSPs are reported only once.
---------------------------------------------------------------------------------
Finished ROM, RAM, DSP and Shift Register Reporting
---------------------------------------------------------------------------------

Report RTL Partitions: 
+-+--------------+------------+----------+
| |RTL Partition |Replication |Instances |
+-+--------------+------------+----------+
+-+--------------+------------+----------+
---------------------------------------------------------------------------------
Start Timing Optimization
---------------------------------------------------------------------------------
---------------------------------------------------------------------------------
Start Applying XDC Timing Constraints
---------------------------------------------------------------------------------
---------------------------------------------------------------------------------
Finished Applying XDC Timing Constraints : Time (s): cpu = 00:00:43 ; elapsed = 00:01:00 . Memory (MB): peak = 706.035 ; gain = 495.871
---------------------------------------------------------------------------------
---------------------------------------------------------------------------------
Finished Timing Optimization : Time (s): cpu = 00:00:43 ; elapsed = 00:01:00 . Memory (MB): peak = 708.027 ; gain = 497.863
---------------------------------------------------------------------------------

Report RTL Partitions: 
+-+--------------+------------+----------+
| |RTL Partition |Replication |Instances |
+-+--------------+------------+----------+
+-+--------------+------------+----------+
---------------------------------------------------------------------------------
Start Technology Mapping
---------------------------------------------------------------------------------
---------------------------------------------------------------------------------
Finished Technology Mapping : Time (s): cpu = 00:00:44 ; elapsed = 00:01:01 . Memory (MB): peak = 730.379 ; gain = 520.215
---------------------------------------------------------------------------------

Report RTL Partitions: 
+-+--------------+------------+----------+
| |RTL Partition |Replication |Instances |
+-+--------------+------------+----------+
+-+--------------+------------+----------+
---------------------------------------------------------------------------------
Start IO Insertion
---------------------------------------------------------------------------------
---------------------------------------------------------------------------------
Start Flattening Before IO Insertion
---------------------------------------------------------------------------------
---------------------------------------------------------------------------------
Finished Flattening Before IO Insertion
---------------------------------------------------------------------------------
---------------------------------------------------------------------------------
Start Final Netlist Cleanup
---------------------------------------------------------------------------------
---------------------------------------------------------------------------------
Finished Final Netlist Cleanup
---------------------------------------------------------------------------------
---------------------------------------------------------------------------------
Finished IO Insertion : Time (s): cpu = 00:00:44 ; elapsed = 00:01:02 . Memory (MB): peak = 730.379 ; gain = 520.215
---------------------------------------------------------------------------------

Report Check Netlist: 
+------+------------------+-------+---------+-------+------------------+
|      |Item              |Errors |Warnings |Status |Description       |
+------+------------------+-------+---------+-------+------------------+
|1     |multi_driven_nets |      0|        0|Passed |Multi driven nets |
+------+------------------+-------+---------+-------+------------------+
---------------------------------------------------------------------------------
Start Renaming Generated Instances
---------------------------------------------------------------------------------
---------------------------------------------------------------------------------
Finished Renaming Generated Instances : Time (s): cpu = 00:00:44 ; elapsed = 00:01:02 . Memory (MB): peak = 730.379 ; gain = 520.215
---------------------------------------------------------------------------------

Report RTL Partitions: 
+-+--------------+------------+----------+
| |RTL Partition |Replication |Instances |
+-+--------------+------------+----------+
+-+--------------+------------+----------+
---------------------------------------------------------------------------------
Start Rebuilding User Hierarchy
---------------------------------------------------------------------------------
---------------------------------------------------------------------------------
Finished Rebuilding User Hierarchy : Time (s): cpu = 00:00:44 ; elapsed = 00:01:02 . Memory (MB): peak = 730.379 ; gain = 520.215
---------------------------------------------------------------------------------
---------------------------------------------------------------------------------
Start Renaming Generated Ports
---------------------------------------------------------------------------------
---------------------------------------------------------------------------------
Finished Renaming Generated Ports : Time (s): cpu = 00:00:44 ; elapsed = 00:01:02 . Memory (MB): peak = 730.379 ; gain = 520.215
---------------------------------------------------------------------------------
---------------------------------------------------------------------------------
Start Handling Custom Attributes
---------------------------------------------------------------------------------
---------------------------------------------------------------------------------
Finished Handling Custom Attributes : Time (s): cpu = 00:00:44 ; elapsed = 00:01:02 . Memory (MB): peak = 730.379 ; gain = 520.215
---------------------------------------------------------------------------------
---------------------------------------------------------------------------------
Start Renaming Generated Nets
---------------------------------------------------------------------------------
---------------------------------------------------------------------------------
Finished Renaming Generated Nets : Time (s): cpu = 00:00:44 ; elapsed = 00:01:02 . Memory (MB): peak = 730.379 ; gain = 520.215
---------------------------------------------------------------------------------
---------------------------------------------------------------------------------
Start ROM, RAM, DSP and Shift Register Reporting
---------------------------------------------------------------------------------

Static Shift Register Report:
+----------------+----------------------------------------------------------------------+--------+-------+--------------+--------------------+-------------------+--------+---------+
|Module Name     | RTL Name                                                             | Length | Width | Reset Signal | Pull out first Reg | Pull out last Reg | SRL16E | SRLC32E | 
+----------------+----------------------------------------------------------------------+--------+-------+--------------+--------------------+-------------------+--------+---------+
|Matrix_Multiply | Matrix_Multiply_mbkb_U0/Matrix_Multiply_mbkb_MulnS_0_U/buff3_reg[16] | 3      | 17    | NO           | NO                 | NO                | 17     | 0       | 
|Matrix_Multiply | ap_CS_fsm_reg[17]                                                    | 6      | 1     | YES          | NO                 | YES               | 1      | 0       | 
+----------------+----------------------------------------------------------------------+--------+-------+--------------+--------------------+-------------------+--------+---------+

---------------------------------------------------------------------------------
Finished ROM, RAM, DSP and Shift Register Reporting
---------------------------------------------------------------------------------
---------------------------------------------------------------------------------
Start Writing Synthesis Report
---------------------------------------------------------------------------------

Report BlackBoxes: 
+-+--------------+----------+
| |BlackBox name |Instances |
+-+--------------+----------+
+-+--------------+----------+

Report Cell Usage: 
+------+----------+------+
|      |Cell      |Count |
+------+----------+------+
|1     |CARRY4    |    32|
|2     |DSP48E1   |     1|
|3     |DSP48E1_2 |     1|
|4     |DSP48E1_3 |     1|
|5     |LUT1      |     5|
|6     |LUT2      |   136|
|7     |LUT3      |   270|
|8     |LUT4      |    23|
|9     |LUT5      |    21|
|10    |LUT6      |   132|
|11    |SRL16E    |    18|
|12    |FDRE      |   695|
|13    |FDSE      |     3|
+------+----------+------+

Report Instance Areas: 
+------+-------------------------------------+-------------------------------+------+
|      |Instance                             |Module                         |Cells |
+------+-------------------------------------+-------------------------------+------+
|1     |top                                  |                               |  1338|
|2     |  inst                               |Matrix_Multiply                |  1338|
|3     |    Matrix_Multiply_CRTL_BUS_s_axi_U |Matrix_Multiply_CRTL_BUS_s_axi |    56|
|4     |    Matrix_Multiply_mbkb_U0          |Matrix_Multiply_mbkb           |    50|
|5     |      Matrix_Multiply_mbkb_MulnS_0_U |Matrix_Multiply_mbkb_MulnS_0   |    50|
+------+-------------------------------------+-------------------------------+------+
---------------------------------------------------------------------------------
Finished Writing Synthesis Report : Time (s): cpu = 00:00:44 ; elapsed = 00:01:02 . Memory (MB): peak = 730.379 ; gain = 520.215
---------------------------------------------------------------------------------
Synthesis finished with 0 errors, 0 critical warnings and 239 warnings.
Synthesis Optimization Runtime : Time (s): cpu = 00:00:26 ; elapsed = 00:00:34 . Memory (MB): peak = 730.379 ; gain = 144.883
Synthesis Optimization Complete : Time (s): cpu = 00:00:45 ; elapsed = 00:01:02 . Memory (MB): peak = 730.379 ; gain = 520.215
INFO: [Project 1-571] Translating synthesized netlist
INFO: [Netlist 29-17] Analyzing 35 Unisim elements for replacement
INFO: [Netlist 29-28] Unisim Transformation completed in 0 CPU seconds
WARNING: [Netlist 29-101] Netlist 'design_1_Matrix_Multiply_0_0' is not ideal for floorplanning, since the cellview 'Matrix_Multiply' contains a large number of primitives.  Please consider enabling hierarchy in synthesis if you want to do floorplanning.
INFO: [Project 1-570] Preparing netlist for logic optimization
Parsing XDC File [c:/Proton/Proton_Vivado_Design/Proton/Proton.srcs/sources_1/bd/design_1/ip/design_1_Matrix_Multiply_0_0/constraints/Matrix_Multiply_ooc.xdc] for cell 'inst'
INFO: [Vivado 12-4761] HD.CLK_SRC property is set on port ap_clk. The net connecting to the port drives either clock PIN or hierarchical black box. Use the create_clock constraint to create a clock on this port prior to setting HD.CLK_SRC.  [c:/Proton/Proton_Vivado_Design/Proton/Proton.srcs/sources_1/bd/design_1/ip/design_1_Matrix_Multiply_0_0/constraints/Matrix_Multiply_ooc.xdc:6]
Finished Parsing XDC File [c:/Proton/Proton_Vivado_Design/Proton/Proton.srcs/sources_1/bd/design_1/ip/design_1_Matrix_Multiply_0_0/constraints/Matrix_Multiply_ooc.xdc] for cell 'inst'
INFO: [Opt 31-138] Pushed 0 inverter(s) to 0 load pin(s).
INFO: [Project 1-111] Unisim Transformation Summary:
No Unisim elements were transformed.

INFO: [Common 17-83] Releasing license: Synthesis
145 Infos, 245 Warnings, 0 Critical Warnings and 0 Errors encountered.
synth_design completed successfully
synth_design: Time (s): cpu = 00:00:42 ; elapsed = 00:00:56 . Memory (MB): peak = 730.379 ; gain = 470.539
INFO: [Common 17-1381] The checkpoint 'C:/Proton/Proton_Vivado_Design/Proton/Proton.runs/design_1_Matrix_Multiply_0_0_synth_1/design_1_Matrix_Multiply_0_0.dcp' has been generated.
